[0.106s] DEBUG:colcon:Command line arguments: ['/usr/bin/colcon', 'build']
[0.106s] DEBUG:colcon:Parsed command line arguments: Namespace(log_base=None, log_level=None, verb_name='build', build_base='build', install_base='install', merge_install=False, symlink_install=False, test_result_base=None, continue_on_error=False, executor='parallel', parallel_workers=24, event_handlers=None, ignore_user_meta=False, metas=['./colcon.meta'], base_paths=['.'], packages_ignore=None, packages_ignore_regex=None, paths=None, packages_up_to=None, packages_up_to_regex=None, packages_above=None, packages_above_and_dependencies=None, packages_above_depth=None, packages_select_by_dep=None, packages_skip_by_dep=None, packages_skip_up_to=None, packages_select_build_failed=False, packages_skip_build_finished=False, packages_select_test_failures=False, packages_skip_test_passed=False, packages_select=None, packages_skip=None, packages_select_regex=None, packages_skip_regex=None, packages_start=None, packages_end=None, allow_overriding=[], cmake_args=None, cmake_target=None, cmake_target_skip_unavailable=False, cmake_clean_cache=False, cmake_clean_first=False, cmake_force_configure=False, ament_cmake_args=None, catkin_cmake_args=None, catkin_skip_building_tests=False, mixin_files=None, mixin=None, verb_parser=<colcon_mixin.mixin.mixin_argument.MixinArgumentDecorator object at 0x76a9c6d76f50>, verb_extension=<colcon_core.verb.build.BuildVerb object at 0x76a9c6609d50>, main=<bound method BuildVerb.main of <colcon_core.verb.build.BuildVerb object at 0x76a9c6609d50>>, mixin_verb=('build',))
[0.208s] Level 1:colcon.colcon_core.package_discovery:discover_packages(colcon_meta) check parameters
[0.208s] Level 1:colcon.colcon_core.package_discovery:discover_packages(recursive) check parameters
[0.208s] Level 1:colcon.colcon_core.package_discovery:discover_packages(ignore) check parameters
[0.208s] Level 1:colcon.colcon_core.package_discovery:discover_packages(path) check parameters
[0.208s] Level 1:colcon.colcon_core.package_discovery:discover_packages(colcon_meta) discover
[0.208s] Level 1:colcon.colcon_core.package_discovery:discover_packages(recursive) discover
[0.208s] INFO:colcon.colcon_core.package_discovery:Crawling recursively for packages in '/home/loaf/Pinocchio_ws'
[0.208s] Level 1:colcon.colcon_core.package_identification:_identify(.) by extensions ['ignore', 'ignore_ament_install']
[0.208s] Level 1:colcon.colcon_core.package_identification:_identify(.) by extension 'ignore'
[0.208s] Level 1:colcon.colcon_core.package_identification:_identify(.) by extension 'ignore_ament_install'
[0.208s] Level 1:colcon.colcon_core.package_identification:_identify(.) by extensions ['colcon_pkg']
[0.208s] Level 1:colcon.colcon_core.package_identification:_identify(.) by extension 'colcon_pkg'
[0.208s] Level 1:colcon.colcon_core.package_identification:_identify(.) by extensions ['colcon_meta']
[0.208s] Level 1:colcon.colcon_core.package_identification:_identify(.) by extension 'colcon_meta'
[0.208s] Level 1:colcon.colcon_core.package_identification:_identify(.) by extensions ['ros']
[0.208s] Level 1:colcon.colcon_core.package_identification:_identify(.) by extension 'ros'
[0.219s] Level 1:colcon.colcon_core.package_identification:_identify(.) by extensions ['cmake', 'python']
[0.219s] Level 1:colcon.colcon_core.package_identification:_identify(.) by extension 'cmake'
[0.219s] Level 1:colcon.colcon_core.package_identification:_identify(.) by extension 'python'
[0.219s] Level 1:colcon.colcon_core.package_identification:_identify(.) by extensions ['python_setup_py']
[0.219s] Level 1:colcon.colcon_core.package_identification:_identify(.) by extension 'python_setup_py'
[0.219s] Level 1:colcon.colcon_core.package_identification:_identify(build) by extensions ['ignore', 'ignore_ament_install']
[0.219s] Level 1:colcon.colcon_core.package_identification:_identify(build) by extension 'ignore'
[0.219s] Level 1:colcon.colcon_core.package_identification:_identify(build) ignored
[0.219s] Level 1:colcon.colcon_core.package_identification:_identify(install) by extensions ['ignore', 'ignore_ament_install']
[0.219s] Level 1:colcon.colcon_core.package_identification:_identify(install) by extension 'ignore'
[0.219s] Level 1:colcon.colcon_core.package_identification:_identify(install) ignored
[0.219s] Level 1:colcon.colcon_core.package_identification:_identify(log) by extensions ['ignore', 'ignore_ament_install']
[0.219s] Level 1:colcon.colcon_core.package_identification:_identify(log) by extension 'ignore'
[0.219s] Level 1:colcon.colcon_core.package_identification:_identify(log) ignored
[0.219s] Level 1:colcon.colcon_core.package_identification:_identify(src) by extensions ['ignore', 'ignore_ament_install']
[0.219s] Level 1:colcon.colcon_core.package_identification:_identify(src) by extension 'ignore'
[0.219s] Level 1:colcon.colcon_core.package_identification:_identify(src) by extension 'ignore_ament_install'
[0.219s] Level 1:colcon.colcon_core.package_identification:_identify(src) by extensions ['colcon_pkg']
[0.219s] Level 1:colcon.colcon_core.package_identification:_identify(src) by extension 'colcon_pkg'
[0.219s] Level 1:colcon.colcon_core.package_identification:_identify(src) by extensions ['colcon_meta']
[0.219s] Level 1:colcon.colcon_core.package_identification:_identify(src) by extension 'colcon_meta'
[0.219s] Level 1:colcon.colcon_core.package_identification:_identify(src) by extensions ['ros']
[0.219s] Level 1:colcon.colcon_core.package_identification:_identify(src) by extension 'ros'
[0.219s] Level 1:colcon.colcon_core.package_identification:_identify(src) by extensions ['cmake', 'python']
[0.219s] Level 1:colcon.colcon_core.package_identification:_identify(src) by extension 'cmake'
[0.219s] Level 1:colcon.colcon_core.package_identification:_identify(src) by extension 'python'
[0.219s] Level 1:colcon.colcon_core.package_identification:_identify(src) by extensions ['python_setup_py']
[0.220s] Level 1:colcon.colcon_core.package_identification:_identify(src) by extension 'python_setup_py'
[0.220s] Level 1:colcon.colcon_core.package_identification:_identify(src/control_pkg) by extensions ['ignore', 'ignore_ament_install']
[0.220s] Level 1:colcon.colcon_core.package_identification:_identify(src/control_pkg) by extension 'ignore'
[0.220s] Level 1:colcon.colcon_core.package_identification:_identify(src/control_pkg) by extension 'ignore_ament_install'
[0.220s] Level 1:colcon.colcon_core.package_identification:_identify(src/control_pkg) by extensions ['colcon_pkg']
[0.220s] Level 1:colcon.colcon_core.package_identification:_identify(src/control_pkg) by extension 'colcon_pkg'
[0.220s] Level 1:colcon.colcon_core.package_identification:_identify(src/control_pkg) by extensions ['colcon_meta']
[0.220s] Level 1:colcon.colcon_core.package_identification:_identify(src/control_pkg) by extension 'colcon_meta'
[0.220s] Level 1:colcon.colcon_core.package_identification:_identify(src/control_pkg) by extensions ['ros']
[0.220s] Level 1:colcon.colcon_core.package_identification:_identify(src/control_pkg) by extension 'ros'
[0.222s] DEBUG:colcon.colcon_core.package_identification:Package 'src/control_pkg' with type 'ros.ament_cmake' and name 'control_pkg'
[0.222s] Level 1:colcon.colcon_core.package_identification:_identify(src/descrip_pino) by extensions ['ignore', 'ignore_ament_install']
[0.222s] Level 1:colcon.colcon_core.package_identification:_identify(src/descrip_pino) by extension 'ignore'
[0.222s] Level 1:colcon.colcon_core.package_identification:_identify(src/descrip_pino) by extension 'ignore_ament_install'
[0.222s] Level 1:colcon.colcon_core.package_identification:_identify(src/descrip_pino) by extensions ['colcon_pkg']
[0.222s] Level 1:colcon.colcon_core.package_identification:_identify(src/descrip_pino) by extension 'colcon_pkg'
[0.222s] Level 1:colcon.colcon_core.package_identification:_identify(src/descrip_pino) by extensions ['colcon_meta']
[0.222s] Level 1:colcon.colcon_core.package_identification:_identify(src/descrip_pino) by extension 'colcon_meta'
[0.222s] Level 1:colcon.colcon_core.package_identification:_identify(src/descrip_pino) by extensions ['ros']
[0.222s] Level 1:colcon.colcon_core.package_identification:_identify(src/descrip_pino) by extension 'ros'
[0.223s] DEBUG:colcon.colcon_core.package_identification:Package 'src/descrip_pino' with type 'ros.ament_cmake' and name 'descrip_pino'
[0.223s] Level 1:colcon.colcon_core.package_identification:_identify(src/mit_controllers) by extensions ['ignore', 'ignore_ament_install']
[0.223s] Level 1:colcon.colcon_core.package_identification:_identify(src/mit_controllers) by extension 'ignore'
[0.223s] Level 1:colcon.colcon_core.package_identification:_identify(src/mit_controllers) by extension 'ignore_ament_install'
[0.223s] Level 1:colcon.colcon_core.package_identification:_identify(src/mit_controllers) by extensions ['colcon_pkg']
[0.223s] Level 1:colcon.colcon_core.package_identification:_identify(src/mit_controllers) by extension 'colcon_pkg'
[0.223s] Level 1:colcon.colcon_core.package_identification:_identify(src/mit_controllers) by extensions ['colcon_meta']
[0.223s] Level 1:colcon.colcon_core.package_identification:_identify(src/mit_controllers) by extension 'colcon_meta'
[0.223s] Level 1:colcon.colcon_core.package_identification:_identify(src/mit_controllers) by extensions ['ros']
[0.223s] Level 1:colcon.colcon_core.package_identification:_identify(src/mit_controllers) by extension 'ros'
[0.223s] DEBUG:colcon.colcon_core.package_identification:Package 'src/mit_controllers' with type 'ros.ament_cmake' and name 'mit_controllers'
[0.223s] Level 1:colcon.colcon_core.package_identification:_identify(src/motor_control_msgs) by extensions ['ignore', 'ignore_ament_install']
[0.224s] Level 1:colcon.colcon_core.package_identification:_identify(src/motor_control_msgs) by extension 'ignore'
[0.224s] Level 1:colcon.colcon_core.package_identification:_identify(src/motor_control_msgs) by extension 'ignore_ament_install'
[0.224s] Level 1:colcon.colcon_core.package_identification:_identify(src/motor_control_msgs) by extensions ['colcon_pkg']
[0.224s] Level 1:colcon.colcon_core.package_identification:_identify(src/motor_control_msgs) by extension 'colcon_pkg'
[0.224s] Level 1:colcon.colcon_core.package_identification:_identify(src/motor_control_msgs) by extensions ['colcon_meta']
[0.224s] Level 1:colcon.colcon_core.package_identification:_identify(src/motor_control_msgs) by extension 'colcon_meta'
[0.224s] Level 1:colcon.colcon_core.package_identification:_identify(src/motor_control_msgs) by extensions ['ros']
[0.224s] Level 1:colcon.colcon_core.package_identification:_identify(src/motor_control_msgs) by extension 'ros'
[0.224s] DEBUG:colcon.colcon_core.package_identification:Package 'src/motor_control_msgs' with type 'ros.ament_cmake' and name 'motor_control_msgs'
[0.224s] Level 1:colcon.colcon_core.package_identification:_identify(src/mujoco_pkg) by extensions ['ignore', 'ignore_ament_install']
[0.224s] Level 1:colcon.colcon_core.package_identification:_identify(src/mujoco_pkg) by extension 'ignore'
[0.224s] Level 1:colcon.colcon_core.package_identification:_identify(src/mujoco_pkg) by extension 'ignore_ament_install'
[0.224s] Level 1:colcon.colcon_core.package_identification:_identify(src/mujoco_pkg) by extensions ['colcon_pkg']
[0.224s] Level 1:colcon.colcon_core.package_identification:_identify(src/mujoco_pkg) by extension 'colcon_pkg'
[0.224s] Level 1:colcon.colcon_core.package_identification:_identify(src/mujoco_pkg) by extensions ['colcon_meta']
[0.224s] Level 1:colcon.colcon_core.package_identification:_identify(src/mujoco_pkg) by extension 'colcon_meta'
[0.224s] Level 1:colcon.colcon_core.package_identification:_identify(src/mujoco_pkg) by extensions ['ros']
[0.224s] Level 1:colcon.colcon_core.package_identification:_identify(src/mujoco_pkg) by extension 'ros'
[0.225s] DEBUG:colcon.colcon_core.package_identification:Package 'src/mujoco_pkg' with type 'ros.ament_cmake' and name 'mujoco_pkg'
[0.225s] Level 1:colcon.colcon_core.package_discovery:discover_packages(recursive) using defaults
[0.225s] Level 1:colcon.colcon_core.package_discovery:discover_packages(ignore) discover
[0.225s] Level 1:colcon.colcon_core.package_discovery:discover_packages(ignore) using defaults
[0.225s] Level 1:colcon.colcon_core.package_discovery:discover_packages(path) discover
[0.225s] Level 1:colcon.colcon_core.package_discovery:discover_packages(path) using defaults
[0.247s] Level 1:colcon.colcon_core.package_discovery:discover_packages(prefix_path) check parameters
[0.247s] Level 1:colcon.colcon_core.package_discovery:discover_packages(prefix_path) discover
[0.249s] DEBUG:colcon.colcon_installed_package_information.package_discovery:Found 5 installed packages in /home/loaf/Pinocchio_ws/install
[0.250s] DEBUG:colcon.colcon_installed_package_information.package_discovery:Found 422 installed packages in /opt/ros/humble
[0.251s] Level 1:colcon.colcon_core.package_discovery:discover_packages(prefix_path) using defaults
[0.280s] Level 5:colcon.colcon_core.verb:set package 'descrip_pino' build argument 'cmake_args' from command line to 'None'
[0.280s] Level 5:colcon.colcon_core.verb:set package 'descrip_pino' build argument 'cmake_target' from command line to 'None'
[0.280s] Level 5:colcon.colcon_core.verb:set package 'descrip_pino' build argument 'cmake_target_skip_unavailable' from command line to 'False'
[0.280s] Level 5:colcon.colcon_core.verb:set package 'descrip_pino' build argument 'cmake_clean_cache' from command line to 'False'
[0.280s] Level 5:colcon.colcon_core.verb:set package 'descrip_pino' build argument 'cmake_clean_first' from command line to 'False'
[0.280s] Level 5:colcon.colcon_core.verb:set package 'descrip_pino' build argument 'cmake_force_configure' from command line to 'False'
[0.280s] Level 5:colcon.colcon_core.verb:set package 'descrip_pino' build argument 'ament_cmake_args' from command line to 'None'
[0.280s] Level 5:colcon.colcon_core.verb:set package 'descrip_pino' build argument 'catkin_cmake_args' from command line to 'None'
[0.280s] Level 5:colcon.colcon_core.verb:set package 'descrip_pino' build argument 'catkin_skip_building_tests' from command line to 'False'
[0.280s] DEBUG:colcon.colcon_core.verb:Building package 'descrip_pino' with the following arguments: {'ament_cmake_args': None, 'build_base': '/home/loaf/Pinocchio_ws/build/descrip_pino', 'catkin_cmake_args': None, 'catkin_skip_building_tests': False, 'cmake_args': None, 'cmake_clean_cache': False, 'cmake_clean_first': False, 'cmake_force_configure': False, 'cmake_target': None, 'cmake_target_skip_unavailable': False, 'install_base': '/home/loaf/Pinocchio_ws/install/descrip_pino', 'merge_install': False, 'path': '/home/loaf/Pinocchio_ws/src/descrip_pino', 'symlink_install': False, 'test_result_base': None}
[0.280s] Level 5:colcon.colcon_core.verb:set package 'motor_control_msgs' build argument 'cmake_args' from command line to 'None'
[0.280s] Level 5:colcon.colcon_core.verb:set package 'motor_control_msgs' build argument 'cmake_target' from command line to 'None'
[0.280s] Level 5:colcon.colcon_core.verb:set package 'motor_control_msgs' build argument 'cmake_target_skip_unavailable' from command line to 'False'
[0.280s] Level 5:colcon.colcon_core.verb:set package 'motor_control_msgs' build argument 'cmake_clean_cache' from command line to 'False'
[0.280s] Level 5:colcon.colcon_core.verb:set package 'motor_control_msgs' build argument 'cmake_clean_first' from command line to 'False'
[0.280s] Level 5:colcon.colcon_core.verb:set package 'motor_control_msgs' build argument 'cmake_force_configure' from command line to 'False'
[0.280s] Level 5:colcon.colcon_core.verb:set package 'motor_control_msgs' build argument 'ament_cmake_args' from command line to 'None'
[0.280s] Level 5:colcon.colcon_core.verb:set package 'motor_control_msgs' build argument 'catkin_cmake_args' from command line to 'None'
[0.281s] Level 5:colcon.colcon_core.verb:set package 'motor_control_msgs' build argument 'catkin_skip_building_tests' from command line to 'False'
[0.281s] DEBUG:colcon.colcon_core.verb:Building package 'motor_control_msgs' with the following arguments: {'ament_cmake_args': None, 'build_base': '/home/loaf/Pinocchio_ws/build/motor_control_msgs', 'catkin_cmake_args': None, 'catkin_skip_building_tests': False, 'cmake_args': None, 'cmake_clean_cache': False, 'cmake_clean_first': False, 'cmake_force_configure': False, 'cmake_target': None, 'cmake_target_skip_unavailable': False, 'install_base': '/home/loaf/Pinocchio_ws/install/motor_control_msgs', 'merge_install': False, 'path': '/home/loaf/Pinocchio_ws/src/motor_control_msgs', 'symlink_install': False, 'test_result_base': None}
[0.281s] Level 5:colcon.colcon_core.verb:set package 'mujoco_pkg' build argument 'cmake_args' from command line to 'None'
[0.281s] Level 5:colcon.colcon_core.verb:set package 'mujoco_pkg' build argument 'cmake_target' from command line to 'None'
[0.281s] Level 5:colcon.colcon_core.verb:set package 'mujoco_pkg' build argument 'cmake_target_skip_unavailable' from command line to 'False'
[0.281s] Level 5:colcon.colcon_core.verb:set package 'mujoco_pkg' build argument 'cmake_clean_cache' from command line to 'False'
[0.281s] Level 5:colcon.colcon_core.verb:set package 'mujoco_pkg' build argument 'cmake_clean_first' from command line to 'False'
[0.281s] Level 5:colcon.colcon_core.verb:set package 'mujoco_pkg' build argument 'cmake_force_configure' from command line to 'False'
[0.281s] Level 5:colcon.colcon_core.verb:set package 'mujoco_pkg' build argument 'ament_cmake_args' from command line to 'None'
[0.281s] Level 5:colcon.colcon_core.verb:set package 'mujoco_pkg' build argument 'catkin_cmake_args' from command line to 'None'
[0.281s] Level 5:colcon.colcon_core.verb:set package 'mujoco_pkg' build argument 'catkin_skip_building_tests' from command line to 'False'
[0.281s] DEBUG:colcon.colcon_core.verb:Building package 'mujoco_pkg' with the following arguments: {'ament_cmake_args': None, 'build_base': '/home/loaf/Pinocchio_ws/build/mujoco_pkg', 'catkin_cmake_args': None, 'catkin_skip_building_tests': False, 'cmake_args': None, 'cmake_clean_cache': False, 'cmake_clean_first': False, 'cmake_force_configure': False, 'cmake_target': None, 'cmake_target_skip_unavailable': False, 'install_base': '/home/loaf/Pinocchio_ws/install/mujoco_pkg', 'merge_install': False, 'path': '/home/loaf/Pinocchio_ws/src/mujoco_pkg', 'symlink_install': False, 'test_result_base': None}
[0.281s] Level 5:colcon.colcon_core.verb:set package 'control_pkg' build argument 'cmake_args' from command line to 'None'
[0.281s] Level 5:colcon.colcon_core.verb:set package 'control_pkg' build argument 'cmake_target' from command line to 'None'
[0.281s] Level 5:colcon.colcon_core.verb:set package 'control_pkg' build argument 'cmake_target_skip_unavailable' from command line to 'False'
[0.281s] Level 5:colcon.colcon_core.verb:set package 'control_pkg' build argument 'cmake_clean_cache' from command line to 'False'
[0.281s] Level 5:colcon.colcon_core.verb:set package 'control_pkg' build argument 'cmake_clean_first' from command line to 'False'
[0.281s] Level 5:colcon.colcon_core.verb:set package 'control_pkg' build argument 'cmake_force_configure' from command line to 'False'
[0.281s] Level 5:colcon.colcon_core.verb:set package 'control_pkg' build argument 'ament_cmake_args' from command line to 'None'
[0.281s] Level 5:colcon.colcon_core.verb:set package 'control_pkg' build argument 'catkin_cmake_args' from command line to 'None'
[0.281s] Level 5:colcon.colcon_core.verb:set package 'control_pkg' build argument 'catkin_skip_building_tests' from command line to 'False'
[0.281s] DEBUG:colcon.colcon_core.verb:Building package 'control_pkg' with the following arguments: {'ament_cmake_args': None, 'build_base': '/home/loaf/Pinocchio_ws/build/control_pkg', 'catkin_cmake_args': None, 'catkin_skip_building_tests': False, 'cmake_args': None, 'cmake_clean_cache': False, 'cmake_clean_first': False, 'cmake_force_configure': False, 'cmake_target': None, 'cmake_target_skip_unavailable': False, 'install_base': '/home/loaf/Pinocchio_ws/install/control_pkg', 'merge_install': False, 'path': '/home/loaf/Pinocchio_ws/src/control_pkg', 'symlink_install': False, 'test_result_base': None}
[0.281s] Level 5:colcon.colcon_core.verb:set package 'mit_controllers' build argument 'cmake_args' from command line to 'None'
[0.281s] Level 5:colcon.colcon_core.verb:set package 'mit_controllers' build argument 'cmake_target' from command line to 'None'
[0.281s] Level 5:colcon.colcon_core.verb:set package 'mit_controllers' build argument 'cmake_target_skip_unavailable' from command line to 'False'
[0.281s] Level 5:colcon.colcon_core.verb:set package 'mit_controllers' build argument 'cmake_clean_cache' from command line to 'False'
[0.281s] Level 5:colcon.colcon_core.verb:set package 'mit_controllers' build argument 'cmake_clean_first' from command line to 'False'
[0.281s] Level 5:colcon.colcon_core.verb:set package 'mit_controllers' build argument 'cmake_force_configure' from command line to 'False'
[0.281s] Level 5:colcon.colcon_core.verb:set package 'mit_controllers' build argument 'ament_cmake_args' from command line to 'None'
[0.281s] Level 5:colcon.colcon_core.verb:set package 'mit_controllers' build argument 'catkin_cmake_args' from command line to 'None'
[0.281s] Level 5:colcon.colcon_core.verb:set package 'mit_controllers' build argument 'catkin_skip_building_tests' from command line to 'False'
[0.281s] DEBUG:colcon.colcon_core.verb:Building package 'mit_controllers' with the following arguments: {'ament_cmake_args': None, 'build_base': '/home/loaf/Pinocchio_ws/build/mit_controllers', 'catkin_cmake_args': None, 'catkin_skip_building_tests': False, 'cmake_args': None, 'cmake_clean_cache': False, 'cmake_clean_first': False, 'cmake_force_configure': False, 'cmake_target': None, 'cmake_target_skip_unavailable': False, 'install_base': '/home/loaf/Pinocchio_ws/install/mit_controllers', 'merge_install': False, 'path': '/home/loaf/Pinocchio_ws/src/mit_controllers', 'symlink_install': False, 'test_result_base': None}
[0.282s] INFO:colcon.colcon_core.executor:Executing jobs using 'parallel' executor
[0.282s] DEBUG:colcon.colcon_parallel_executor.executor.parallel:run_until_complete
[0.282s] INFO:colcon.colcon_ros.task.ament_cmake.build:Building ROS package in '/home/loaf/Pinocchio_ws/src/motor_control_msgs' with build type 'ament_cmake'
[0.283s] INFO:colcon.colcon_cmake.task.cmake.build:Building CMake package in '/home/loaf/Pinocchio_ws/src/motor_control_msgs'
[0.286s] INFO:colcon.colcon_core.plugin_system:Skipping extension 'colcon_core.shell.bat': Not used on non-Windows systems
[0.286s] INFO:colcon.colcon_core.shell:Skip shell extension 'powershell' for command environment: Not usable outside of PowerShell
[0.286s] DEBUG:colcon.colcon_core.shell:Skip shell extension 'dsv' for command environment
[0.288s] INFO:colcon.colcon_ros.task.ament_cmake.build:Building ROS package in '/home/loaf/Pinocchio_ws/src/descrip_pino' with build type 'ament_cmake'
[0.289s] INFO:colcon.colcon_cmake.task.cmake.build:Building CMake package in '/home/loaf/Pinocchio_ws/src/descrip_pino'
[0.289s] INFO:colcon.colcon_core.shell:Skip shell extension 'powershell' for command environment: Not usable outside of PowerShell
[0.289s] DEBUG:colcon.colcon_core.shell:Skip shell extension 'dsv' for command environment
[0.291s] INFO:colcon.colcon_ros.task.ament_cmake.build:Building ROS package in '/home/loaf/Pinocchio_ws/src/mujoco_pkg' with build type 'ament_cmake'
[0.291s] INFO:colcon.colcon_cmake.task.cmake.build:Building CMake package in '/home/loaf/Pinocchio_ws/src/mujoco_pkg'
[0.291s] INFO:colcon.colcon_core.shell:Skip shell extension 'powershell' for command environment: Not usable outside of PowerShell
[0.292s] DEBUG:colcon.colcon_core.shell:Skip shell extension 'dsv' for command environment
[0.297s] DEBUG:colcon.colcon_core.event_handler.log_command:Invoking command in '/home/loaf/Pinocchio_ws/build/motor_control_msgs': CMAKE_PREFIX_PATH=${CMAKE_PREFIX_PATH}:/opt/ros/humble /usr/bin/cmake --build /home/loaf/Pinocchio_ws/build/motor_control_msgs -- -j24 -l24
[0.300s] DEBUG:colcon.colcon_core.event_handler.log_command:Invoking command in '/home/loaf/Pinocchio_ws/build/descrip_pino': CMAKE_PREFIX_PATH=${CMAKE_PREFIX_PATH}:/opt/ros/humble /usr/bin/cmake --build /home/loaf/Pinocchio_ws/build/descrip_pino -- -j24 -l24
[0.302s] DEBUG:colcon.colcon_core.event_handler.log_command:Invoking command in '/home/loaf/Pinocchio_ws/build/mujoco_pkg': CMAKE_PREFIX_PATH=${CMAKE_PREFIX_PATH}:/opt/ros/humble /usr/bin/cmake --build /home/loaf/Pinocchio_ws/build/mujoco_pkg -- -j24 -l24
[0.330s] DEBUG:colcon.colcon_core.event_handler.log_command:Invoked command in '/home/loaf/Pinocchio_ws/build/descrip_pino' returned '0': CMAKE_PREFIX_PATH=${CMAKE_PREFIX_PATH}:/opt/ros/humble /usr/bin/cmake --build /home/loaf/Pinocchio_ws/build/descrip_pino -- -j24 -l24
[0.337s] DEBUG:colcon.colcon_core.event_handler.log_command:Invoking command in '/home/loaf/Pinocchio_ws/build/descrip_pino': CMAKE_PREFIX_PATH=${CMAKE_PREFIX_PATH}:/opt/ros/humble /usr/bin/cmake --install /home/loaf/Pinocchio_ws/build/descrip_pino
[0.346s] Level 1:colcon.colcon_core.environment:create_environment_scripts_only(descrip_pino)
[0.348s] DEBUG:colcon.colcon_core.event_handler.log_command:Invoked command in '/home/loaf/Pinocchio_ws/build/descrip_pino' returned '0': CMAKE_PREFIX_PATH=${CMAKE_PREFIX_PATH}:/opt/ros/humble /usr/bin/cmake --install /home/loaf/Pinocchio_ws/build/descrip_pino
[0.355s] Level 1:colcon.colcon_core.environment:checking '/home/loaf/Pinocchio_ws/install/descrip_pino' for CMake module files
[0.355s] Level 1:colcon.colcon_core.environment:checking '/home/loaf/Pinocchio_ws/install/descrip_pino' for CMake config files
[0.356s] Level 1:colcon.colcon_core.shell:create_environment_hook('descrip_pino', 'cmake_prefix_path')
[0.356s] INFO:colcon.colcon_core.shell:Creating environment hook '/home/loaf/Pinocchio_ws/install/descrip_pino/share/descrip_pino/hook/cmake_prefix_path.ps1'
[0.356s] INFO:colcon.colcon_core.shell:Creating environment descriptor '/home/loaf/Pinocchio_ws/install/descrip_pino/share/descrip_pino/hook/cmake_prefix_path.dsv'
[0.357s] INFO:colcon.colcon_core.shell:Creating environment hook '/home/loaf/Pinocchio_ws/install/descrip_pino/share/descrip_pino/hook/cmake_prefix_path.sh'
[0.357s] Level 1:colcon.colcon_core.environment:checking '/home/loaf/Pinocchio_ws/install/descrip_pino/bin'
[0.357s] Level 1:colcon.colcon_core.environment:checking '/home/loaf/Pinocchio_ws/install/descrip_pino/lib/pkgconfig/descrip_pino.pc'
[0.358s] Level 1:colcon.colcon_core.environment:checking '/home/loaf/Pinocchio_ws/install/descrip_pino/lib/python3.10/site-packages'
[0.358s] Level 1:colcon.colcon_core.environment:checking '/home/loaf/Pinocchio_ws/install/descrip_pino/bin'
[0.358s] INFO:colcon.colcon_core.shell:Creating package script '/home/loaf/Pinocchio_ws/install/descrip_pino/share/descrip_pino/package.ps1'
[0.359s] INFO:colcon.colcon_core.shell:Creating package descriptor '/home/loaf/Pinocchio_ws/install/descrip_pino/share/descrip_pino/package.dsv'
[0.359s] INFO:colcon.colcon_core.shell:Creating package script '/home/loaf/Pinocchio_ws/install/descrip_pino/share/descrip_pino/package.sh'
[0.359s] INFO:colcon.colcon_core.shell:Creating package script '/home/loaf/Pinocchio_ws/install/descrip_pino/share/descrip_pino/package.bash'
[0.360s] INFO:colcon.colcon_core.shell:Creating package script '/home/loaf/Pinocchio_ws/install/descrip_pino/share/descrip_pino/package.zsh'
[0.360s] Level 1:colcon.colcon_core.environment:create_file_with_runtime_dependencies(/home/loaf/Pinocchio_ws/install/descrip_pino/share/colcon-core/packages/descrip_pino)
[0.360s] Level 1:colcon.colcon_core.environment:create_environment_scripts_only(descrip_pino)
[0.361s] Level 1:colcon.colcon_core.environment:checking '/home/loaf/Pinocchio_ws/install/descrip_pino' for CMake module files
[0.361s] Level 1:colcon.colcon_core.environment:checking '/home/loaf/Pinocchio_ws/install/descrip_pino' for CMake config files
[0.361s] Level 1:colcon.colcon_core.shell:create_environment_hook('descrip_pino', 'cmake_prefix_path')
[0.361s] INFO:colcon.colcon_core.shell:Creating environment hook '/home/loaf/Pinocchio_ws/install/descrip_pino/share/descrip_pino/hook/cmake_prefix_path.ps1'
[0.361s] INFO:colcon.colcon_core.shell:Creating environment descriptor '/home/loaf/Pinocchio_ws/install/descrip_pino/share/descrip_pino/hook/cmake_prefix_path.dsv'
[0.361s] INFO:colcon.colcon_core.shell:Creating environment hook '/home/loaf/Pinocchio_ws/install/descrip_pino/share/descrip_pino/hook/cmake_prefix_path.sh'
[0.362s] Level 1:colcon.colcon_core.environment:checking '/home/loaf/Pinocchio_ws/install/descrip_pino/bin'
[0.362s] Level 1:colcon.colcon_core.environment:checking '/home/loaf/Pinocchio_ws/install/descrip_pino/lib/pkgconfig/descrip_pino.pc'
[0.362s] Level 1:colcon.colcon_core.environment:checking '/home/loaf/Pinocchio_ws/install/descrip_pino/lib/python3.10/site-packages'
[0.362s] Level 1:colcon.colcon_core.environment:checking '/home/loaf/Pinocchio_ws/install/descrip_pino/bin'
[0.363s] INFO:colcon.colcon_core.shell:Creating package script '/home/loaf/Pinocchio_ws/install/descrip_pino/share/descrip_pino/package.ps1'
[0.363s] INFO:colcon.colcon_core.shell:Creating package descriptor '/home/loaf/Pinocchio_ws/install/descrip_pino/share/descrip_pino/package.dsv'
[0.363s] INFO:colcon.colcon_core.shell:Creating package script '/home/loaf/Pinocchio_ws/install/descrip_pino/share/descrip_pino/package.sh'
[0.363s] INFO:colcon.colcon_core.shell:Creating package script '/home/loaf/Pinocchio_ws/install/descrip_pino/share/descrip_pino/package.bash'
[0.364s] INFO:colcon.colcon_core.shell:Creating package script '/home/loaf/Pinocchio_ws/install/descrip_pino/share/descrip_pino/package.zsh'
[0.364s] Level 1:colcon.colcon_core.environment:create_file_with_runtime_dependencies(/home/loaf/Pinocchio_ws/install/descrip_pino/share/colcon-core/packages/descrip_pino)
[0.365s] DEBUG:colcon.colcon_core.event_handler.log_command:Invoked command in '/home/loaf/Pinocchio_ws/build/mujoco_pkg' returned '0': CMAKE_PREFIX_PATH=${CMAKE_PREFIX_PATH}:/opt/ros/humble /usr/bin/cmake --build /home/loaf/Pinocchio_ws/build/mujoco_pkg -- -j24 -l24
[0.366s] DEBUG:colcon.colcon_core.event_handler.log_command:Invoking command in '/home/loaf/Pinocchio_ws/build/mujoco_pkg': CMAKE_PREFIX_PATH=${CMAKE_PREFIX_PATH}:/opt/ros/humble /usr/bin/cmake --install /home/loaf/Pinocchio_ws/build/mujoco_pkg
[0.374s] Level 1:colcon.colcon_core.environment:create_environment_scripts_only(mujoco_pkg)
[0.374s] Level 1:colcon.colcon_core.environment:checking '/home/loaf/Pinocchio_ws/install/mujoco_pkg' for CMake module files
[0.375s] DEBUG:colcon.colcon_core.event_handler.log_command:Invoked command in '/home/loaf/Pinocchio_ws/build/mujoco_pkg' returned '0': CMAKE_PREFIX_PATH=${CMAKE_PREFIX_PATH}:/opt/ros/humble /usr/bin/cmake --install /home/loaf/Pinocchio_ws/build/mujoco_pkg
[0.375s] Level 1:colcon.colcon_core.environment:checking '/home/loaf/Pinocchio_ws/install/mujoco_pkg' for CMake config files
[0.375s] Level 1:colcon.colcon_core.shell:create_environment_hook('mujoco_pkg', 'cmake_prefix_path')
[0.376s] INFO:colcon.colcon_core.shell:Creating environment hook '/home/loaf/Pinocchio_ws/install/mujoco_pkg/share/mujoco_pkg/hook/cmake_prefix_path.ps1'
[0.376s] INFO:colcon.colcon_core.shell:Creating environment descriptor '/home/loaf/Pinocchio_ws/install/mujoco_pkg/share/mujoco_pkg/hook/cmake_prefix_path.dsv'
[0.377s] INFO:colcon.colcon_core.shell:Creating environment hook '/home/loaf/Pinocchio_ws/install/mujoco_pkg/share/mujoco_pkg/hook/cmake_prefix_path.sh'
[0.377s] Level 1:colcon.colcon_core.environment:checking '/home/loaf/Pinocchio_ws/install/mujoco_pkg/lib'
[0.377s] Level 1:colcon.colcon_core.environment:checking '/home/loaf/Pinocchio_ws/install/mujoco_pkg/bin'
[0.377s] Level 1:colcon.colcon_core.environment:checking '/home/loaf/Pinocchio_ws/install/mujoco_pkg/lib/pkgconfig/mujoco_pkg.pc'
[0.378s] Level 1:colcon.colcon_core.environment:checking '/home/loaf/Pinocchio_ws/install/mujoco_pkg/lib/python3.10/site-packages'
[0.378s] Level 1:colcon.colcon_core.environment:checking '/home/loaf/Pinocchio_ws/install/mujoco_pkg/bin'
[0.378s] INFO:colcon.colcon_core.shell:Creating package script '/home/loaf/Pinocchio_ws/install/mujoco_pkg/share/mujoco_pkg/package.ps1'
[0.379s] INFO:colcon.colcon_core.shell:Creating package descriptor '/home/loaf/Pinocchio_ws/install/mujoco_pkg/share/mujoco_pkg/package.dsv'
[0.379s] INFO:colcon.colcon_core.shell:Creating package script '/home/loaf/Pinocchio_ws/install/mujoco_pkg/share/mujoco_pkg/package.sh'
[0.380s] INFO:colcon.colcon_core.shell:Creating package script '/home/loaf/Pinocchio_ws/install/mujoco_pkg/share/mujoco_pkg/package.bash'
[0.380s] INFO:colcon.colcon_core.shell:Creating package script '/home/loaf/Pinocchio_ws/install/mujoco_pkg/share/mujoco_pkg/package.zsh'
[0.380s] Level 1:colcon.colcon_core.environment:create_file_with_runtime_dependencies(/home/loaf/Pinocchio_ws/install/mujoco_pkg/share/colcon-core/packages/mujoco_pkg)
[0.381s] Level 1:colcon.colcon_core.environment:create_environment_scripts_only(mujoco_pkg)
[0.381s] Level 1:colcon.colcon_core.environment:checking '/home/loaf/Pinocchio_ws/install/mujoco_pkg' for CMake module files
[0.381s] Level 1:colcon.colcon_core.environment:checking '/home/loaf/Pinocchio_ws/install/mujoco_pkg' for CMake config files
[0.382s] Level 1:colcon.colcon_core.shell:create_environment_hook('mujoco_pkg', 'cmake_prefix_path')
[0.382s] INFO:colcon.colcon_core.shell:Creating environment hook '/home/loaf/Pinocchio_ws/install/mujoco_pkg/share/mujoco_pkg/hook/cmake_prefix_path.ps1'
[0.382s] INFO:colcon.colcon_core.shell:Creating environment descriptor '/home/loaf/Pinocchio_ws/install/mujoco_pkg/share/mujoco_pkg/hook/cmake_prefix_path.dsv'
[0.383s] INFO:colcon.colcon_core.shell:Creating environment hook '/home/loaf/Pinocchio_ws/install/mujoco_pkg/share/mujoco_pkg/hook/cmake_prefix_path.sh'
[0.383s] Level 1:colcon.colcon_core.environment:checking '/home/loaf/Pinocchio_ws/install/mujoco_pkg/lib'
[0.383s] Level 1:colcon.colcon_core.environment:checking '/home/loaf/Pinocchio_ws/install/mujoco_pkg/bin'
[0.383s] Level 1:colcon.colcon_core.environment:checking '/home/loaf/Pinocchio_ws/install/mujoco_pkg/lib/pkgconfig/mujoco_pkg.pc'
[0.383s] Level 1:colcon.colcon_core.environment:checking '/home/loaf/Pinocchio_ws/install/mujoco_pkg/lib/python3.10/site-packages'
[0.384s] Level 1:colcon.colcon_core.environment:checking '/home/loaf/Pinocchio_ws/install/mujoco_pkg/bin'
[0.384s] INFO:colcon.colcon_core.shell:Creating package script '/home/loaf/Pinocchio_ws/install/mujoco_pkg/share/mujoco_pkg/package.ps1'
[0.384s] INFO:colcon.colcon_core.shell:Creating package descriptor '/home/loaf/Pinocchio_ws/install/mujoco_pkg/share/mujoco_pkg/package.dsv'
[0.385s] INFO:colcon.colcon_core.shell:Creating package script '/home/loaf/Pinocchio_ws/install/mujoco_pkg/share/mujoco_pkg/package.sh'
[0.385s] INFO:colcon.colcon_core.shell:Creating package script '/home/loaf/Pinocchio_ws/install/mujoco_pkg/share/mujoco_pkg/package.bash'
[0.385s] INFO:colcon.colcon_core.shell:Creating package script '/home/loaf/Pinocchio_ws/install/mujoco_pkg/share/mujoco_pkg/package.zsh'
[0.386s] Level 1:colcon.colcon_core.environment:create_file_with_runtime_dependencies(/home/loaf/Pinocchio_ws/install/mujoco_pkg/share/colcon-core/packages/mujoco_pkg)
[0.543s] DEBUG:colcon.colcon_core.event_handler.log_command:Invoked command in '/home/loaf/Pinocchio_ws/build/motor_control_msgs' returned '0': CMAKE_PREFIX_PATH=${CMAKE_PREFIX_PATH}:/opt/ros/humble /usr/bin/cmake --build /home/loaf/Pinocchio_ws/build/motor_control_msgs -- -j24 -l24
[0.544s] DEBUG:colcon.colcon_core.event_handler.log_command:Invoking command in '/home/loaf/Pinocchio_ws/build/motor_control_msgs': CMAKE_PREFIX_PATH=${CMAKE_PREFIX_PATH}:/opt/ros/humble /usr/bin/cmake --install /home/loaf/Pinocchio_ws/build/motor_control_msgs
[0.579s] Level 1:colcon.colcon_core.environment:create_environment_scripts_only(motor_control_msgs)
[0.579s] Level 1:colcon.colcon_core.environment:checking '/home/loaf/Pinocchio_ws/install/motor_control_msgs' for CMake module files
[0.579s] DEBUG:colcon.colcon_core.event_handler.log_command:Invoked command in '/home/loaf/Pinocchio_ws/build/motor_control_msgs' returned '0': CMAKE_PREFIX_PATH=${CMAKE_PREFIX_PATH}:/opt/ros/humble /usr/bin/cmake --install /home/loaf/Pinocchio_ws/build/motor_control_msgs
[0.580s] Level 1:colcon.colcon_core.environment:checking '/home/loaf/Pinocchio_ws/install/motor_control_msgs' for CMake config files
[0.580s] Level 1:colcon.colcon_core.shell:create_environment_hook('motor_control_msgs', 'cmake_prefix_path')
[0.580s] INFO:colcon.colcon_core.shell:Creating environment hook '/home/loaf/Pinocchio_ws/install/motor_control_msgs/share/motor_control_msgs/hook/cmake_prefix_path.ps1'
[0.580s] INFO:colcon.colcon_core.shell:Creating environment descriptor '/home/loaf/Pinocchio_ws/install/motor_control_msgs/share/motor_control_msgs/hook/cmake_prefix_path.dsv'
[0.581s] INFO:colcon.colcon_core.shell:Creating environment hook '/home/loaf/Pinocchio_ws/install/motor_control_msgs/share/motor_control_msgs/hook/cmake_prefix_path.sh'
[0.581s] Level 1:colcon.colcon_core.environment:checking '/home/loaf/Pinocchio_ws/install/motor_control_msgs/lib'
[0.581s] Level 1:colcon.colcon_core.shell:create_environment_hook('motor_control_msgs', 'ld_library_path_lib')
[0.582s] INFO:colcon.colcon_core.shell:Creating environment hook '/home/loaf/Pinocchio_ws/install/motor_control_msgs/share/motor_control_msgs/hook/ld_library_path_lib.ps1'
[0.582s] INFO:colcon.colcon_core.shell:Creating environment descriptor '/home/loaf/Pinocchio_ws/install/motor_control_msgs/share/motor_control_msgs/hook/ld_library_path_lib.dsv'
[0.583s] INFO:colcon.colcon_core.shell:Creating environment hook '/home/loaf/Pinocchio_ws/install/motor_control_msgs/share/motor_control_msgs/hook/ld_library_path_lib.sh'
[0.583s] Level 1:colcon.colcon_core.environment:checking '/home/loaf/Pinocchio_ws/install/motor_control_msgs/bin'
[0.583s] Level 1:colcon.colcon_core.environment:checking '/home/loaf/Pinocchio_ws/install/motor_control_msgs/lib/pkgconfig/motor_control_msgs.pc'
[0.583s] Level 1:colcon.colcon_core.environment:checking '/home/loaf/Pinocchio_ws/install/motor_control_msgs/lib/python3.10/site-packages'
[0.584s] Level 1:colcon.colcon_core.environment:checking '/home/loaf/Pinocchio_ws/install/motor_control_msgs/bin'
[0.584s] INFO:colcon.colcon_core.shell:Creating package script '/home/loaf/Pinocchio_ws/install/motor_control_msgs/share/motor_control_msgs/package.ps1'
[0.585s] INFO:colcon.colcon_core.shell:Creating package descriptor '/home/loaf/Pinocchio_ws/install/motor_control_msgs/share/motor_control_msgs/package.dsv'
[0.585s] INFO:colcon.colcon_core.shell:Creating package script '/home/loaf/Pinocchio_ws/install/motor_control_msgs/share/motor_control_msgs/package.sh'
[0.586s] INFO:colcon.colcon_core.shell:Creating package script '/home/loaf/Pinocchio_ws/install/motor_control_msgs/share/motor_control_msgs/package.bash'
[0.586s] INFO:colcon.colcon_core.shell:Creating package script '/home/loaf/Pinocchio_ws/install/motor_control_msgs/share/motor_control_msgs/package.zsh'
[0.587s] Level 1:colcon.colcon_core.environment:create_file_with_runtime_dependencies(/home/loaf/Pinocchio_ws/install/motor_control_msgs/share/colcon-core/packages/motor_control_msgs)
[0.588s] Level 1:colcon.colcon_core.environment:create_environment_scripts_only(motor_control_msgs)
[0.588s] Level 1:colcon.colcon_core.environment:checking '/home/loaf/Pinocchio_ws/install/motor_control_msgs' for CMake module files
[0.588s] Level 1:colcon.colcon_core.environment:checking '/home/loaf/Pinocchio_ws/install/motor_control_msgs' for CMake config files
[0.589s] Level 1:colcon.colcon_core.shell:create_environment_hook('motor_control_msgs', 'cmake_prefix_path')
[0.589s] INFO:colcon.colcon_core.shell:Creating environment hook '/home/loaf/Pinocchio_ws/install/motor_control_msgs/share/motor_control_msgs/hook/cmake_prefix_path.ps1'
[0.589s] INFO:colcon.colcon_core.shell:Creating environment descriptor '/home/loaf/Pinocchio_ws/install/motor_control_msgs/share/motor_control_msgs/hook/cmake_prefix_path.dsv'
[0.590s] INFO:colcon.colcon_core.shell:Creating environment hook '/home/loaf/Pinocchio_ws/install/motor_control_msgs/share/motor_control_msgs/hook/cmake_prefix_path.sh'
[0.590s] Level 1:colcon.colcon_core.environment:checking '/home/loaf/Pinocchio_ws/install/motor_control_msgs/lib'
[0.591s] Level 1:colcon.colcon_core.shell:create_environment_hook('motor_control_msgs', 'ld_library_path_lib')
[0.591s] INFO:colcon.colcon_core.shell:Creating environment hook '/home/loaf/Pinocchio_ws/install/motor_control_msgs/share/motor_control_msgs/hook/ld_library_path_lib.ps1'
[0.591s] INFO:colcon.colcon_core.shell:Creating environment descriptor '/home/loaf/Pinocchio_ws/install/motor_control_msgs/share/motor_control_msgs/hook/ld_library_path_lib.dsv'
[0.592s] INFO:colcon.colcon_core.shell:Creating environment hook '/home/loaf/Pinocchio_ws/install/motor_control_msgs/share/motor_control_msgs/hook/ld_library_path_lib.sh'
[0.592s] Level 1:colcon.colcon_core.environment:checking '/home/loaf/Pinocchio_ws/install/motor_control_msgs/bin'
[0.592s] Level 1:colcon.colcon_core.environment:checking '/home/loaf/Pinocchio_ws/install/motor_control_msgs/lib/pkgconfig/motor_control_msgs.pc'
[0.592s] Level 1:colcon.colcon_core.environment:checking '/home/loaf/Pinocchio_ws/install/motor_control_msgs/lib/python3.10/site-packages'
[0.593s] Level 1:colcon.colcon_core.environment:checking '/home/loaf/Pinocchio_ws/install/motor_control_msgs/bin'
[0.593s] INFO:colcon.colcon_core.shell:Creating package script '/home/loaf/Pinocchio_ws/install/motor_control_msgs/share/motor_control_msgs/package.ps1'
[0.594s] INFO:colcon.colcon_core.shell:Creating package descriptor '/home/loaf/Pinocchio_ws/install/motor_control_msgs/share/motor_control_msgs/package.dsv'
[0.594s] INFO:colcon.colcon_core.shell:Creating package script '/home/loaf/Pinocchio_ws/install/motor_control_msgs/share/motor_control_msgs/package.sh'
[0.595s] INFO:colcon.colcon_core.shell:Creating package script '/home/loaf/Pinocchio_ws/install/motor_control_msgs/share/motor_control_msgs/package.bash'
[0.596s] INFO:colcon.colcon_core.shell:Creating package script '/home/loaf/Pinocchio_ws/install/motor_control_msgs/share/motor_control_msgs/package.zsh'
[0.596s] Level 1:colcon.colcon_core.environment:create_file_with_runtime_dependencies(/home/loaf/Pinocchio_ws/install/motor_control_msgs/share/colcon-core/packages/motor_control_msgs)
[0.597s] INFO:colcon.colcon_ros.task.ament_cmake.build:Building ROS package in '/home/loaf/Pinocchio_ws/src/control_pkg' with build type 'ament_cmake'
[0.597s] INFO:colcon.colcon_cmake.task.cmake.build:Building CMake package in '/home/loaf/Pinocchio_ws/src/control_pkg'
[0.597s] INFO:colcon.colcon_core.shell:Skip shell extension 'powershell' for command environment: Not usable outside of PowerShell
[0.597s] DEBUG:colcon.colcon_core.shell:Skip shell extension 'dsv' for command environment
[0.601s] INFO:colcon.colcon_ros.task.ament_cmake.build:Building ROS package in '/home/loaf/Pinocchio_ws/src/mit_controllers' with build type 'ament_cmake'
[0.601s] INFO:colcon.colcon_cmake.task.cmake.build:Building CMake package in '/home/loaf/Pinocchio_ws/src/mit_controllers'
[0.601s] INFO:colcon.colcon_core.shell:Skip shell extension 'powershell' for command environment: Not usable outside of PowerShell
[0.601s] DEBUG:colcon.colcon_core.shell:Skip shell extension 'dsv' for command environment
[0.607s] DEBUG:colcon.colcon_core.event_handler.log_command:Invoking command in '/home/loaf/Pinocchio_ws/build/control_pkg': CMAKE_PREFIX_PATH=/home/loaf/Pinocchio_ws/install/motor_control_msgs:/home/loaf/Pinocchio_ws/install/mujoco_pkg:/home/loaf/Pinocchio_ws/install/mit_controllers:/home/loaf/Pinocchio_ws/install/control_pkg:/home/loaf/Pinocchio_ws/install/descrip_pino:/opt/ros/humble LD_LIBRARY_PATH=/home/loaf/Pinocchio_ws/install/motor_control_msgs/lib:/home/loaf/Pinocchio_ws/install/mit_controllers/lib:/usr/lib/x86_64-linux-gnu/gazebo-11/plugins:/opt/ros/humble/opt/rviz_ogre_vendor/lib:/opt/ros/humble/lib/x86_64-linux-gnu:/opt/ros/humble/lib /usr/bin/cmake --build /home/loaf/Pinocchio_ws/build/control_pkg -- -j24 -l24
[0.609s] DEBUG:colcon.colcon_core.event_handler.log_command:Invoking command in '/home/loaf/Pinocchio_ws/build/mit_controllers': CMAKE_PREFIX_PATH=/home/loaf/Pinocchio_ws/install/motor_control_msgs:/home/loaf/Pinocchio_ws/install/mujoco_pkg:/home/loaf/Pinocchio_ws/install/mit_controllers:/home/loaf/Pinocchio_ws/install/control_pkg:/home/loaf/Pinocchio_ws/install/descrip_pino:/opt/ros/humble LD_LIBRARY_PATH=/home/loaf/Pinocchio_ws/install/motor_control_msgs/lib:/home/loaf/Pinocchio_ws/install/mit_controllers/lib:/usr/lib/x86_64-linux-gnu/gazebo-11/plugins:/opt/ros/humble/opt/rviz_ogre_vendor/lib:/opt/ros/humble/lib/x86_64-linux-gnu:/opt/ros/humble/lib /usr/bin/cmake --build /home/loaf/Pinocchio_ws/build/mit_controllers -- -j24 -l24
[0.666s] DEBUG:colcon.colcon_core.event_handler.log_command:Invoked command in '/home/loaf/Pinocchio_ws/build/mit_controllers' returned '0': CMAKE_PREFIX_PATH=/home/loaf/Pinocchio_ws/install/motor_control_msgs:/home/loaf/Pinocchio_ws/install/mujoco_pkg:/home/loaf/Pinocchio_ws/install/mit_controllers:/home/loaf/Pinocchio_ws/install/control_pkg:/home/loaf/Pinocchio_ws/install/descrip_pino:/opt/ros/humble LD_LIBRARY_PATH=/home/loaf/Pinocchio_ws/install/motor_control_msgs/lib:/home/loaf/Pinocchio_ws/install/mit_controllers/lib:/usr/lib/x86_64-linux-gnu/gazebo-11/plugins:/opt/ros/humble/opt/rviz_ogre_vendor/lib:/opt/ros/humble/lib/x86_64-linux-gnu:/opt/ros/humble/lib /usr/bin/cmake --build /home/loaf/Pinocchio_ws/build/mit_controllers -- -j24 -l24
[0.668s] DEBUG:colcon.colcon_core.event_handler.log_command:Invoking command in '/home/loaf/Pinocchio_ws/build/mit_controllers': CMAKE_PREFIX_PATH=/home/loaf/Pinocchio_ws/install/motor_control_msgs:/home/loaf/Pinocchio_ws/install/mujoco_pkg:/home/loaf/Pinocchio_ws/install/mit_controllers:/home/loaf/Pinocchio_ws/install/control_pkg:/home/loaf/Pinocchio_ws/install/descrip_pino:/opt/ros/humble LD_LIBRARY_PATH=/home/loaf/Pinocchio_ws/install/motor_control_msgs/lib:/home/loaf/Pinocchio_ws/install/mit_controllers/lib:/usr/lib/x86_64-linux-gnu/gazebo-11/plugins:/opt/ros/humble/opt/rviz_ogre_vendor/lib:/opt/ros/humble/lib/x86_64-linux-gnu:/opt/ros/humble/lib /usr/bin/cmake --install /home/loaf/Pinocchio_ws/build/mit_controllers
[0.675s] Level 1:colcon.colcon_core.environment:create_environment_scripts_only(mit_controllers)
[0.675s] Level 1:colcon.colcon_core.environment:checking '/home/loaf/Pinocchio_ws/install/mit_controllers' for CMake module files
[0.675s] DEBUG:colcon.colcon_core.event_handler.log_command:Invoked command in '/home/loaf/Pinocchio_ws/build/mit_controllers' returned '0': CMAKE_PREFIX_PATH=/home/loaf/Pinocchio_ws/install/motor_control_msgs:/home/loaf/Pinocchio_ws/install/mujoco_pkg:/home/loaf/Pinocchio_ws/install/mit_controllers:/home/loaf/Pinocchio_ws/install/control_pkg:/home/loaf/Pinocchio_ws/install/descrip_pino:/opt/ros/humble LD_LIBRARY_PATH=/home/loaf/Pinocchio_ws/install/motor_control_msgs/lib:/home/loaf/Pinocchio_ws/install/mit_controllers/lib:/usr/lib/x86_64-linux-gnu/gazebo-11/plugins:/opt/ros/humble/opt/rviz_ogre_vendor/lib:/opt/ros/humble/lib/x86_64-linux-gnu:/opt/ros/humble/lib /usr/bin/cmake --install /home/loaf/Pinocchio_ws/build/mit_controllers
[0.676s] Level 1:colcon.colcon_core.environment:checking '/home/loaf/Pinocchio_ws/install/mit_controllers' for CMake config files
[0.676s] Level 1:colcon.colcon_core.shell:create_environment_hook('mit_controllers', 'cmake_prefix_path')
[0.676s] INFO:colcon.colcon_core.shell:Creating environment hook '/home/loaf/Pinocchio_ws/install/mit_controllers/share/mit_controllers/hook/cmake_prefix_path.ps1'
[0.676s] INFO:colcon.colcon_core.shell:Creating environment descriptor '/home/loaf/Pinocchio_ws/install/mit_controllers/share/mit_controllers/hook/cmake_prefix_path.dsv'
[0.676s] INFO:colcon.colcon_core.shell:Creating environment hook '/home/loaf/Pinocchio_ws/install/mit_controllers/share/mit_controllers/hook/cmake_prefix_path.sh'
[0.677s] Level 1:colcon.colcon_core.environment:checking '/home/loaf/Pinocchio_ws/install/mit_controllers/lib'
[0.677s] Level 1:colcon.colcon_core.shell:create_environment_hook('mit_controllers', 'ld_library_path_lib')
[0.677s] INFO:colcon.colcon_core.shell:Creating environment hook '/home/loaf/Pinocchio_ws/install/mit_controllers/share/mit_controllers/hook/ld_library_path_lib.ps1'
[0.677s] INFO:colcon.colcon_core.shell:Creating environment descriptor '/home/loaf/Pinocchio_ws/install/mit_controllers/share/mit_controllers/hook/ld_library_path_lib.dsv'
[0.678s] INFO:colcon.colcon_core.shell:Creating environment hook '/home/loaf/Pinocchio_ws/install/mit_controllers/share/mit_controllers/hook/ld_library_path_lib.sh'
[0.678s] Level 1:colcon.colcon_core.environment:checking '/home/loaf/Pinocchio_ws/install/mit_controllers/bin'
[0.678s] Level 1:colcon.colcon_core.environment:checking '/home/loaf/Pinocchio_ws/install/mit_controllers/lib/pkgconfig/mit_controllers.pc'
[0.678s] Level 1:colcon.colcon_core.environment:checking '/home/loaf/Pinocchio_ws/install/mit_controllers/lib/python3.10/site-packages'
[0.679s] Level 1:colcon.colcon_core.environment:checking '/home/loaf/Pinocchio_ws/install/mit_controllers/bin'
[0.679s] INFO:colcon.colcon_core.shell:Creating package script '/home/loaf/Pinocchio_ws/install/mit_controllers/share/mit_controllers/package.ps1'
[0.679s] INFO:colcon.colcon_core.shell:Creating package descriptor '/home/loaf/Pinocchio_ws/install/mit_controllers/share/mit_controllers/package.dsv'
[0.680s] INFO:colcon.colcon_core.shell:Creating package script '/home/loaf/Pinocchio_ws/install/mit_controllers/share/mit_controllers/package.sh'
[0.680s] INFO:colcon.colcon_core.shell:Creating package script '/home/loaf/Pinocchio_ws/install/mit_controllers/share/mit_controllers/package.bash'
[0.680s] INFO:colcon.colcon_core.shell:Creating package script '/home/loaf/Pinocchio_ws/install/mit_controllers/share/mit_controllers/package.zsh'
[0.681s] Level 1:colcon.colcon_core.environment:create_file_with_runtime_dependencies(/home/loaf/Pinocchio_ws/install/mit_controllers/share/colcon-core/packages/mit_controllers)
[0.681s] Level 1:colcon.colcon_core.environment:create_environment_scripts_only(mit_controllers)
[0.681s] Level 1:colcon.colcon_core.environment:checking '/home/loaf/Pinocchio_ws/install/mit_controllers' for CMake module files
[0.682s] Level 1:colcon.colcon_core.environment:checking '/home/loaf/Pinocchio_ws/install/mit_controllers' for CMake config files
[0.682s] Level 1:colcon.colcon_core.shell:create_environment_hook('mit_controllers', 'cmake_prefix_path')
[0.682s] INFO:colcon.colcon_core.shell:Creating environment hook '/home/loaf/Pinocchio_ws/install/mit_controllers/share/mit_controllers/hook/cmake_prefix_path.ps1'
[0.682s] INFO:colcon.colcon_core.shell:Creating environment descriptor '/home/loaf/Pinocchio_ws/install/mit_controllers/share/mit_controllers/hook/cmake_prefix_path.dsv'
[0.683s] INFO:colcon.colcon_core.shell:Creating environment hook '/home/loaf/Pinocchio_ws/install/mit_controllers/share/mit_controllers/hook/cmake_prefix_path.sh'
[0.683s] Level 1:colcon.colcon_core.environment:checking '/home/loaf/Pinocchio_ws/install/mit_controllers/lib'
[0.683s] Level 1:colcon.colcon_core.shell:create_environment_hook('mit_controllers', 'ld_library_path_lib')
[0.683s] INFO:colcon.colcon_core.shell:Creating environment hook '/home/loaf/Pinocchio_ws/install/mit_controllers/share/mit_controllers/hook/ld_library_path_lib.ps1'
[0.683s] INFO:colcon.colcon_core.shell:Creating environment descriptor '/home/loaf/Pinocchio_ws/install/mit_controllers/share/mit_controllers/hook/ld_library_path_lib.dsv'
[0.684s] INFO:colcon.colcon_core.shell:Creating environment hook '/home/loaf/Pinocchio_ws/install/mit_controllers/share/mit_controllers/hook/ld_library_path_lib.sh'
[0.684s] Level 1:colcon.colcon_core.environment:checking '/home/loaf/Pinocchio_ws/install/mit_controllers/bin'
[0.684s] Level 1:colcon.colcon_core.environment:checking '/home/loaf/Pinocchio_ws/install/mit_controllers/lib/pkgconfig/mit_controllers.pc'
[0.685s] Level 1:colcon.colcon_core.environment:checking '/home/loaf/Pinocchio_ws/install/mit_controllers/lib/python3.10/site-packages'
[0.685s] Level 1:colcon.colcon_core.environment:checking '/home/loaf/Pinocchio_ws/install/mit_controllers/bin'
[0.685s] INFO:colcon.colcon_core.shell:Creating package script '/home/loaf/Pinocchio_ws/install/mit_controllers/share/mit_controllers/package.ps1'
[0.685s] INFO:colcon.colcon_core.shell:Creating package descriptor '/home/loaf/Pinocchio_ws/install/mit_controllers/share/mit_controllers/package.dsv'
[0.686s] INFO:colcon.colcon_core.shell:Creating package script '/home/loaf/Pinocchio_ws/install/mit_controllers/share/mit_controllers/package.sh'
[0.686s] INFO:colcon.colcon_core.shell:Creating package script '/home/loaf/Pinocchio_ws/install/mit_controllers/share/mit_controllers/package.bash'
[0.686s] INFO:colcon.colcon_core.shell:Creating package script '/home/loaf/Pinocchio_ws/install/mit_controllers/share/mit_controllers/package.zsh'
[0.687s] Level 1:colcon.colcon_core.environment:create_file_with_runtime_dependencies(/home/loaf/Pinocchio_ws/install/mit_controllers/share/colcon-core/packages/mit_controllers)
[4.626s] DEBUG:colcon.colcon_core.event_handler.log_command:Invoked command in '/home/loaf/Pinocchio_ws/build/control_pkg' returned '0': CMAKE_PREFIX_PATH=/home/loaf/Pinocchio_ws/install/motor_control_msgs:/home/loaf/Pinocchio_ws/install/mujoco_pkg:/home/loaf/Pinocchio_ws/install/mit_controllers:/home/loaf/Pinocchio_ws/install/control_pkg:/home/loaf/Pinocchio_ws/install/descrip_pino:/opt/ros/humble LD_LIBRARY_PATH=/home/loaf/Pinocchio_ws/install/motor_control_msgs/lib:/home/loaf/Pinocchio_ws/install/mit_controllers/lib:/usr/lib/x86_64-linux-gnu/gazebo-11/plugins:/opt/ros/humble/opt/rviz_ogre_vendor/lib:/opt/ros/humble/lib/x86_64-linux-gnu:/opt/ros/humble/lib /usr/bin/cmake --build /home/loaf/Pinocchio_ws/build/control_pkg -- -j24 -l24
[4.627s] DEBUG:colcon.colcon_core.event_handler.log_command:Invoking command in '/home/loaf/Pinocchio_ws/build/control_pkg': CMAKE_PREFIX_PATH=/home/loaf/Pinocchio_ws/install/motor_control_msgs:/home/loaf/Pinocchio_ws/install/mujoco_pkg:/home/loaf/Pinocchio_ws/install/mit_controllers:/home/loaf/Pinocchio_ws/install/control_pkg:/home/loaf/Pinocchio_ws/install/descrip_pino:/opt/ros/humble LD_LIBRARY_PATH=/home/loaf/Pinocchio_ws/install/motor_control_msgs/lib:/home/loaf/Pinocchio_ws/install/mit_controllers/lib:/usr/lib/x86_64-linux-gnu/gazebo-11/plugins:/opt/ros/humble/opt/rviz_ogre_vendor/lib:/opt/ros/humble/lib/x86_64-linux-gnu:/opt/ros/humble/lib /usr/bin/cmake --install /home/loaf/Pinocchio_ws/build/control_pkg
[4.643s] Level 1:colcon.colcon_core.environment:create_environment_scripts_only(control_pkg)
[4.643s] Level 1:colcon.colcon_core.environment:checking '/home/loaf/Pinocchio_ws/install/control_pkg' for CMake module files
[4.644s] DEBUG:colcon.colcon_core.event_handler.log_command:Invoked command in '/home/loaf/Pinocchio_ws/build/control_pkg' returned '0': CMAKE_PREFIX_PATH=/home/loaf/Pinocchio_ws/install/motor_control_msgs:/home/loaf/Pinocchio_ws/install/mujoco_pkg:/home/loaf/Pinocchio_ws/install/mit_controllers:/home/loaf/Pinocchio_ws/install/control_pkg:/home/loaf/Pinocchio_ws/install/descrip_pino:/opt/ros/humble LD_LIBRARY_PATH=/home/loaf/Pinocchio_ws/install/motor_control_msgs/lib:/home/loaf/Pinocchio_ws/install/mit_controllers/lib:/usr/lib/x86_64-linux-gnu/gazebo-11/plugins:/opt/ros/humble/opt/rviz_ogre_vendor/lib:/opt/ros/humble/lib/x86_64-linux-gnu:/opt/ros/humble/lib /usr/bin/cmake --install /home/loaf/Pinocchio_ws/build/control_pkg
[4.644s] Level 1:colcon.colcon_core.environment:checking '/home/loaf/Pinocchio_ws/install/control_pkg' for CMake config files
[4.644s] Level 1:colcon.colcon_core.shell:create_environment_hook('control_pkg', 'cmake_prefix_path')
[4.645s] INFO:colcon.colcon_core.shell:Creating environment hook '/home/loaf/Pinocchio_ws/install/control_pkg/share/control_pkg/hook/cmake_prefix_path.ps1'
[4.645s] INFO:colcon.colcon_core.shell:Creating environment descriptor '/home/loaf/Pinocchio_ws/install/control_pkg/share/control_pkg/hook/cmake_prefix_path.dsv'
[4.646s] INFO:colcon.colcon_core.shell:Creating environment hook '/home/loaf/Pinocchio_ws/install/control_pkg/share/control_pkg/hook/cmake_prefix_path.sh'
[4.646s] Level 1:colcon.colcon_core.environment:checking '/home/loaf/Pinocchio_ws/install/control_pkg/lib'
[4.646s] Level 1:colcon.colcon_core.environment:checking '/home/loaf/Pinocchio_ws/install/control_pkg/bin'
[4.646s] Level 1:colcon.colcon_core.environment:checking '/home/loaf/Pinocchio_ws/install/control_pkg/lib/pkgconfig/control_pkg.pc'
[4.646s] Level 1:colcon.colcon_core.environment:checking '/home/loaf/Pinocchio_ws/install/control_pkg/lib/python3.10/site-packages'
[4.646s] Level 1:colcon.colcon_core.environment:checking '/home/loaf/Pinocchio_ws/install/control_pkg/bin'
[4.647s] INFO:colcon.colcon_core.shell:Creating package script '/home/loaf/Pinocchio_ws/install/control_pkg/share/control_pkg/package.ps1'
[4.647s] INFO:colcon.colcon_core.shell:Creating package descriptor '/home/loaf/Pinocchio_ws/install/control_pkg/share/control_pkg/package.dsv'
[4.647s] INFO:colcon.colcon_core.shell:Creating package script '/home/loaf/Pinocchio_ws/install/control_pkg/share/control_pkg/package.sh'
[4.647s] INFO:colcon.colcon_core.shell:Creating package script '/home/loaf/Pinocchio_ws/install/control_pkg/share/control_pkg/package.bash'
[4.648s] INFO:colcon.colcon_core.shell:Creating package script '/home/loaf/Pinocchio_ws/install/control_pkg/share/control_pkg/package.zsh'
[4.648s] Level 1:colcon.colcon_core.environment:create_file_with_runtime_dependencies(/home/loaf/Pinocchio_ws/install/control_pkg/share/colcon-core/packages/control_pkg)
[4.648s] Level 1:colcon.colcon_core.environment:create_environment_scripts_only(control_pkg)
[4.648s] Level 1:colcon.colcon_core.environment:checking '/home/loaf/Pinocchio_ws/install/control_pkg' for CMake module files
[4.648s] Level 1:colcon.colcon_core.environment:checking '/home/loaf/Pinocchio_ws/install/control_pkg' for CMake config files
[4.648s] Level 1:colcon.colcon_core.shell:create_environment_hook('control_pkg', 'cmake_prefix_path')
[4.649s] INFO:colcon.colcon_core.shell:Creating environment hook '/home/loaf/Pinocchio_ws/install/control_pkg/share/control_pkg/hook/cmake_prefix_path.ps1'
[4.649s] INFO:colcon.colcon_core.shell:Creating environment descriptor '/home/loaf/Pinocchio_ws/install/control_pkg/share/control_pkg/hook/cmake_prefix_path.dsv'
[4.649s] INFO:colcon.colcon_core.shell:Creating environment hook '/home/loaf/Pinocchio_ws/install/control_pkg/share/control_pkg/hook/cmake_prefix_path.sh'
[4.649s] Level 1:colcon.colcon_core.environment:checking '/home/loaf/Pinocchio_ws/install/control_pkg/lib'
[4.649s] Level 1:colcon.colcon_core.environment:checking '/home/loaf/Pinocchio_ws/install/control_pkg/bin'
[4.649s] Level 1:colcon.colcon_core.environment:checking '/home/loaf/Pinocchio_ws/install/control_pkg/lib/pkgconfig/control_pkg.pc'
[4.649s] Level 1:colcon.colcon_core.environment:checking '/home/loaf/Pinocchio_ws/install/control_pkg/lib/python3.10/site-packages'
[4.650s] Level 1:colcon.colcon_core.environment:checking '/home/loaf/Pinocchio_ws/install/control_pkg/bin'
[4.650s] INFO:colcon.colcon_core.shell:Creating package script '/home/loaf/Pinocchio_ws/install/control_pkg/share/control_pkg/package.ps1'
[4.650s] INFO:colcon.colcon_core.shell:Creating package descriptor '/home/loaf/Pinocchio_ws/install/control_pkg/share/control_pkg/package.dsv'
[4.650s] INFO:colcon.colcon_core.shell:Creating package script '/home/loaf/Pinocchio_ws/install/control_pkg/share/control_pkg/package.sh'
[4.651s] INFO:colcon.colcon_core.shell:Creating package script '/home/loaf/Pinocchio_ws/install/control_pkg/share/control_pkg/package.bash'
[4.651s] INFO:colcon.colcon_core.shell:Creating package script '/home/loaf/Pinocchio_ws/install/control_pkg/share/control_pkg/package.zsh'
[4.651s] Level 1:colcon.colcon_core.environment:create_file_with_runtime_dependencies(/home/loaf/Pinocchio_ws/install/control_pkg/share/colcon-core/packages/control_pkg)
[4.651s] DEBUG:colcon.colcon_parallel_executor.executor.parallel:closing loop
[4.651s] DEBUG:colcon.colcon_parallel_executor.executor.parallel:loop closed
[4.652s] DEBUG:colcon.colcon_parallel_executor.executor.parallel:run_until_complete finished with '0'
[4.652s] DEBUG:colcon.colcon_core.event_reactor:joining thread
[4.657s] INFO:colcon.colcon_core.plugin_system:Skipping extension 'colcon_notification.desktop_notification.terminal_notifier': Not used on non-Darwin systems
[4.658s] INFO:colcon.colcon_core.plugin_system:Skipping extension 'colcon_notification.desktop_notification.win32': Not used on non-Windows systems
[4.658s] INFO:colcon.colcon_notification.desktop_notification:Sending desktop notification using 'notify2'
[4.665s] DEBUG:colcon.colcon_core.event_reactor:joined thread
[4.665s] INFO:colcon.colcon_core.shell:Creating prefix script '/home/loaf/Pinocchio_ws/install/local_setup.ps1'
[4.666s] INFO:colcon.colcon_core.shell:Creating prefix util module '/home/loaf/Pinocchio_ws/install/_local_setup_util_ps1.py'
[4.667s] INFO:colcon.colcon_core.shell:Creating prefix chain script '/home/loaf/Pinocchio_ws/install/setup.ps1'
[4.668s] INFO:colcon.colcon_core.shell:Creating prefix script '/home/loaf/Pinocchio_ws/install/local_setup.sh'
[4.668s] INFO:colcon.colcon_core.shell:Creating prefix util module '/home/loaf/Pinocchio_ws/install/_local_setup_util_sh.py'
[4.668s] INFO:colcon.colcon_core.shell:Creating prefix chain script '/home/loaf/Pinocchio_ws/install/setup.sh'
[4.669s] INFO:colcon.colcon_core.shell:Creating prefix script '/home/loaf/Pinocchio_ws/install/local_setup.bash'
[4.669s] INFO:colcon.colcon_core.shell:Creating prefix chain script '/home/loaf/Pinocchio_ws/install/setup.bash'
[4.670s] INFO:colcon.colcon_core.shell:Creating prefix script '/home/loaf/Pinocchio_ws/install/local_setup.zsh'
[4.670s] INFO:colcon.colcon_core.shell:Creating prefix chain script '/home/loaf/Pinocchio_ws/install/setup.zsh'
