[35m[1mConsolidate compiler generated dependencies of target start[0m
[100%] Built target start
-- Install configuration: ""
-- Installing: /home/loaf/Pinocchio_ws/install/control_pkg/share/control_pkg/launch
-- Installing: /home/loaf/Pinocchio_ws/install/control_pkg/share/control_pkg/launch/bringup.launch.py
-- Installing: /home/loaf/Pinocchio_ws/install/control_pkg/share/control_pkg/controller_config
-- Installing: /home/loaf/Pinocchio_ws/install/control_pkg/share/control_pkg/controller_config/config.yaml
-- Installing: /home/loaf/Pinocchio_ws/install/control_pkg/share/control_pkg/ros2_control_config
-- Installing: /home/loaf/Pinocchio_ws/install/control_pkg/share/control_pkg/ros2_control_config/control.ros2_control.xacro
-- Installing: /home/loaf/Pinocchio_ws/install/control_pkg/share/control_pkg/rviz_config
-- Installing: /home/loaf/Pinocchio_ws/install/control_pkg/share/control_pkg/rviz_config/rviz.rviz
-- Installing: /home/loaf/Pinocchio_ws/install/control_pkg/lib/control_pkg/start
-- Set runtime path of "/home/loaf/Pinocchio_ws/install/control_pkg/lib/control_pkg/start" to ""
-- Installing: /home/loaf/Pinocchio_ws/install/control_pkg/share/ament_index/resource_index/package_run_dependencies/control_pkg
-- Installing: /home/loaf/Pinocchio_ws/install/control_pkg/share/ament_index/resource_index/parent_prefix_path/control_pkg
-- Installing: /home/loaf/Pinocchio_ws/install/control_pkg/share/control_pkg/environment/ament_prefix_path.sh
-- Installing: /home/loaf/Pinocchio_ws/install/control_pkg/share/control_pkg/environment/ament_prefix_path.dsv
-- Installing: /home/loaf/Pinocchio_ws/install/control_pkg/share/control_pkg/environment/path.sh
-- Installing: /home/loaf/Pinocchio_ws/install/control_pkg/share/control_pkg/environment/path.dsv
-- Installing: /home/loaf/Pinocchio_ws/install/control_pkg/share/control_pkg/local_setup.bash
-- Installing: /home/loaf/Pinocchio_ws/install/control_pkg/share/control_pkg/local_setup.sh
-- Installing: /home/loaf/Pinocchio_ws/install/control_pkg/share/control_pkg/local_setup.zsh
-- Installing: /home/loaf/Pinocchio_ws/install/control_pkg/share/control_pkg/local_setup.dsv
-- Installing: /home/loaf/Pinocchio_ws/install/control_pkg/share/control_pkg/package.dsv
-- Installing: /home/loaf/Pinocchio_ws/install/control_pkg/share/ament_index/resource_index/packages/control_pkg
-- Installing: /home/loaf/Pinocchio_ws/install/control_pkg/share/control_pkg/cmake/control_pkgConfig.cmake
-- Installing: /home/loaf/Pinocchio_ws/install/control_pkg/share/control_pkg/cmake/control_pkgConfig-version.cmake
-- Installing: /home/loaf/Pinocchio_ws/install/control_pkg/share/control_pkg/package.xml
