[ 15%] Built target motor_control_msgs__cpp
[ 15%] Built target motor_control_msgs__rosidl_generator_c
[ 15%] Built target motor_control_msgs__rs
[ 15%] Built target ament_cmake_python_copy_motor_control_msgs
[ 40%] Built target motor_control_msgs__rosidl_typesupport_fastrtps_c
[ 40%] Built target motor_control_msgs__rosidl_typesupport_c
[ 43%] Built target motor_control_msgs__rosidl_typesupport_introspection_cpp
[ 53%] Built target motor_control_msgs__rosidl_typesupport_introspection_c
[ 62%] Built target motor_control_msgs__rosidl_typesupport_fastrtps_cpp
[ 71%] Built target motor_control_msgs__rosidl_typesupport_cpp
[ 71%] Built target motor_control_msgs
[ 75%] Built target motor_control_msgs__py
[ 81%] Built target motor_control_msgs__rosidl_generator_py
[ 87%] Built target motor_control_msgs__rosidl_typesupport_introspection_c__pyext
[ 93%] Built target motor_control_msgs__rosidl_typesupport_fastrtps_c__pyext
[100%] Built target motor_control_msgs__rosidl_typesupport_c__pyext
running egg_info
writing motor_control_msgs.egg-info/PKG-INFO
writing dependency_links to motor_control_msgs.egg-info/dependency_links.txt
writing top-level names to motor_control_msgs.egg-info/top_level.txt
reading manifest file 'motor_control_msgs.egg-info/SOURCES.txt'
writing manifest file 'motor_control_msgs.egg-info/SOURCES.txt'
[100%] Built target ament_cmake_python_build_motor_control_msgs_egg
-- Install configuration: ""
-- Up-to-date: /home/loaf/Pinocchio_ws/install/motor_control_msgs/share/ament_index/resource_index/rosidl_interfaces/motor_control_msgs
-- Up-to-date: /home/loaf/Pinocchio_ws/install/motor_control_msgs/include/motor_control_msgs/motor_control_msgs
-- Up-to-date: /home/loaf/Pinocchio_ws/install/motor_control_msgs/include/motor_control_msgs/motor_control_msgs/msg
-- Up-to-date: /home/loaf/Pinocchio_ws/install/motor_control_msgs/include/motor_control_msgs/motor_control_msgs/msg/detail
-- Up-to-date: /home/loaf/Pinocchio_ws/install/motor_control_msgs/include/motor_control_msgs/motor_control_msgs/msg/detail/dm_interface__type_support.h
-- Up-to-date: /home/loaf/Pinocchio_ws/install/motor_control_msgs/include/motor_control_msgs/motor_control_msgs/msg/detail/dm_interface__struct.h
-- Up-to-date: /home/loaf/Pinocchio_ws/install/motor_control_msgs/include/motor_control_msgs/motor_control_msgs/msg/detail/dm_interface__functions.h
-- Up-to-date: /home/loaf/Pinocchio_ws/install/motor_control_msgs/include/motor_control_msgs/motor_control_msgs/msg/detail/dm_interface__functions.c
-- Up-to-date: /home/loaf/Pinocchio_ws/install/motor_control_msgs/include/motor_control_msgs/motor_control_msgs/msg/dm_interface.h
-- Up-to-date: /home/loaf/Pinocchio_ws/install/motor_control_msgs/include/motor_control_msgs/motor_control_msgs/msg/rosidl_generator_c__visibility_control.h
-- Up-to-date: /home/loaf/Pinocchio_ws/install/motor_control_msgs/share/motor_control_msgs/environment/library_path.sh
-- Up-to-date: /home/loaf/Pinocchio_ws/install/motor_control_msgs/share/motor_control_msgs/environment/library_path.dsv
-- Up-to-date: /home/loaf/Pinocchio_ws/install/motor_control_msgs/lib/libmotor_control_msgs__rosidl_generator_c.so
-- Up-to-date: /home/loaf/Pinocchio_ws/install/motor_control_msgs/include/motor_control_msgs/motor_control_msgs
-- Up-to-date: /home/loaf/Pinocchio_ws/install/motor_control_msgs/include/motor_control_msgs/motor_control_msgs/msg
-- Up-to-date: /home/loaf/Pinocchio_ws/install/motor_control_msgs/include/motor_control_msgs/motor_control_msgs/msg/detail
-- Up-to-date: /home/loaf/Pinocchio_ws/install/motor_control_msgs/include/motor_control_msgs/motor_control_msgs/msg/detail/dm_interface__rosidl_typesupport_fastrtps_c.h
-- Up-to-date: /home/loaf/Pinocchio_ws/install/motor_control_msgs/include/motor_control_msgs/motor_control_msgs/msg/rosidl_typesupport_fastrtps_c__visibility_control.h
-- Up-to-date: /home/loaf/Pinocchio_ws/install/motor_control_msgs/lib/libmotor_control_msgs__rosidl_typesupport_fastrtps_c.so
-- Up-to-date: /home/loaf/Pinocchio_ws/install/motor_control_msgs/include/motor_control_msgs/motor_control_msgs
-- Up-to-date: /home/loaf/Pinocchio_ws/install/motor_control_msgs/include/motor_control_msgs/motor_control_msgs/msg
-- Up-to-date: /home/loaf/Pinocchio_ws/install/motor_control_msgs/include/motor_control_msgs/motor_control_msgs/msg/detail
-- Up-to-date: /home/loaf/Pinocchio_ws/install/motor_control_msgs/include/motor_control_msgs/motor_control_msgs/msg/detail/dm_interface__type_support.c
-- Up-to-date: /home/loaf/Pinocchio_ws/install/motor_control_msgs/include/motor_control_msgs/motor_control_msgs/msg/detail/dm_interface__rosidl_typesupport_introspection_c.h
-- Up-to-date: /home/loaf/Pinocchio_ws/install/motor_control_msgs/include/motor_control_msgs/motor_control_msgs/msg/rosidl_typesupport_introspection_c__visibility_control.h
-- Up-to-date: /home/loaf/Pinocchio_ws/install/motor_control_msgs/lib/libmotor_control_msgs__rosidl_typesupport_introspection_c.so
-- Up-to-date: /home/loaf/Pinocchio_ws/install/motor_control_msgs/lib/libmotor_control_msgs__rosidl_typesupport_c.so
-- Up-to-date: /home/loaf/Pinocchio_ws/install/motor_control_msgs/include/motor_control_msgs/motor_control_msgs
-- Up-to-date: /home/loaf/Pinocchio_ws/install/motor_control_msgs/include/motor_control_msgs/motor_control_msgs/msg
-- Up-to-date: /home/loaf/Pinocchio_ws/install/motor_control_msgs/include/motor_control_msgs/motor_control_msgs/msg/dm_interface.hpp
-- Up-to-date: /home/loaf/Pinocchio_ws/install/motor_control_msgs/include/motor_control_msgs/motor_control_msgs/msg/detail
-- Up-to-date: /home/loaf/Pinocchio_ws/install/motor_control_msgs/include/motor_control_msgs/motor_control_msgs/msg/detail/dm_interface__struct.hpp
-- Up-to-date: /home/loaf/Pinocchio_ws/install/motor_control_msgs/include/motor_control_msgs/motor_control_msgs/msg/detail/dm_interface__builder.hpp
-- Up-to-date: /home/loaf/Pinocchio_ws/install/motor_control_msgs/include/motor_control_msgs/motor_control_msgs/msg/detail/dm_interface__traits.hpp
-- Up-to-date: /home/loaf/Pinocchio_ws/install/motor_control_msgs/include/motor_control_msgs/motor_control_msgs/msg/detail/dm_interface__type_support.hpp
-- Up-to-date: /home/loaf/Pinocchio_ws/install/motor_control_msgs/include/motor_control_msgs/motor_control_msgs/msg/rosidl_generator_cpp__visibility_control.hpp
-- Up-to-date: /home/loaf/Pinocchio_ws/install/motor_control_msgs/include/motor_control_msgs/motor_control_msgs
-- Up-to-date: /home/loaf/Pinocchio_ws/install/motor_control_msgs/include/motor_control_msgs/motor_control_msgs/msg
-- Up-to-date: /home/loaf/Pinocchio_ws/install/motor_control_msgs/include/motor_control_msgs/motor_control_msgs/msg/detail
-- Up-to-date: /home/loaf/Pinocchio_ws/install/motor_control_msgs/include/motor_control_msgs/motor_control_msgs/msg/detail/dm_interface__rosidl_typesupport_fastrtps_cpp.hpp
-- Up-to-date: /home/loaf/Pinocchio_ws/install/motor_control_msgs/include/motor_control_msgs/motor_control_msgs/msg/detail/dds_fastrtps
-- Up-to-date: /home/loaf/Pinocchio_ws/install/motor_control_msgs/include/motor_control_msgs/motor_control_msgs/msg/rosidl_typesupport_fastrtps_cpp__visibility_control.h
-- Up-to-date: /home/loaf/Pinocchio_ws/install/motor_control_msgs/lib/libmotor_control_msgs__rosidl_typesupport_fastrtps_cpp.so
-- Up-to-date: /home/loaf/Pinocchio_ws/install/motor_control_msgs/include/motor_control_msgs/motor_control_msgs
-- Up-to-date: /home/loaf/Pinocchio_ws/install/motor_control_msgs/include/motor_control_msgs/motor_control_msgs/msg
-- Up-to-date: /home/loaf/Pinocchio_ws/install/motor_control_msgs/include/motor_control_msgs/motor_control_msgs/msg/detail
-- Up-to-date: /home/loaf/Pinocchio_ws/install/motor_control_msgs/include/motor_control_msgs/motor_control_msgs/msg/detail/dm_interface__rosidl_typesupport_introspection_cpp.hpp
-- Up-to-date: /home/loaf/Pinocchio_ws/install/motor_control_msgs/include/motor_control_msgs/motor_control_msgs/msg/detail/dm_interface__type_support.cpp
-- Up-to-date: /home/loaf/Pinocchio_ws/install/motor_control_msgs/lib/libmotor_control_msgs__rosidl_typesupport_introspection_cpp.so
-- Up-to-date: /home/loaf/Pinocchio_ws/install/motor_control_msgs/lib/libmotor_control_msgs__rosidl_typesupport_cpp.so
-- Up-to-date: /home/loaf/Pinocchio_ws/install/motor_control_msgs/share/motor_control_msgs/environment/pythonpath.sh
-- Up-to-date: /home/loaf/Pinocchio_ws/install/motor_control_msgs/share/motor_control_msgs/environment/pythonpath.dsv
-- Up-to-date: /home/loaf/Pinocchio_ws/install/motor_control_msgs/local/lib/python3.10/dist-packages/motor_control_msgs-0.0.0-py3.10.egg-info
-- Installing: /home/loaf/Pinocchio_ws/install/motor_control_msgs/local/lib/python3.10/dist-packages/motor_control_msgs-0.0.0-py3.10.egg-info/PKG-INFO
-- Installing: /home/loaf/Pinocchio_ws/install/motor_control_msgs/local/lib/python3.10/dist-packages/motor_control_msgs-0.0.0-py3.10.egg-info/SOURCES.txt
-- Installing: /home/loaf/Pinocchio_ws/install/motor_control_msgs/local/lib/python3.10/dist-packages/motor_control_msgs-0.0.0-py3.10.egg-info/top_level.txt
-- Installing: /home/loaf/Pinocchio_ws/install/motor_control_msgs/local/lib/python3.10/dist-packages/motor_control_msgs-0.0.0-py3.10.egg-info/dependency_links.txt
-- Up-to-date: /home/loaf/Pinocchio_ws/install/motor_control_msgs/local/lib/python3.10/dist-packages/motor_control_msgs
-- Up-to-date: /home/loaf/Pinocchio_ws/install/motor_control_msgs/local/lib/python3.10/dist-packages/motor_control_msgs/motor_control_msgs_s__rosidl_typesupport_introspection_c.cpython-310-x86_64-linux-gnu.so
-- Up-to-date: /home/loaf/Pinocchio_ws/install/motor_control_msgs/local/lib/python3.10/dist-packages/motor_control_msgs/_motor_control_msgs_s.ep.rosidl_typesupport_c.c
-- Up-to-date: /home/loaf/Pinocchio_ws/install/motor_control_msgs/local/lib/python3.10/dist-packages/motor_control_msgs/_motor_control_msgs_s.ep.rosidl_typesupport_fastrtps_c.c
-- Up-to-date: /home/loaf/Pinocchio_ws/install/motor_control_msgs/local/lib/python3.10/dist-packages/motor_control_msgs/libmotor_control_msgs__rosidl_generator_py.so
-- Up-to-date: /home/loaf/Pinocchio_ws/install/motor_control_msgs/local/lib/python3.10/dist-packages/motor_control_msgs/_motor_control_msgs_s.ep.rosidl_typesupport_introspection_c.c
-- Up-to-date: /home/loaf/Pinocchio_ws/install/motor_control_msgs/local/lib/python3.10/dist-packages/motor_control_msgs/motor_control_msgs_s__rosidl_typesupport_c.cpython-310-x86_64-linux-gnu.so
-- Up-to-date: /home/loaf/Pinocchio_ws/install/motor_control_msgs/local/lib/python3.10/dist-packages/motor_control_msgs/msg
-- Up-to-date: /home/loaf/Pinocchio_ws/install/motor_control_msgs/local/lib/python3.10/dist-packages/motor_control_msgs/msg/_dm_interface.py
-- Up-to-date: /home/loaf/Pinocchio_ws/install/motor_control_msgs/local/lib/python3.10/dist-packages/motor_control_msgs/msg/__init__.py
-- Up-to-date: /home/loaf/Pinocchio_ws/install/motor_control_msgs/local/lib/python3.10/dist-packages/motor_control_msgs/msg/_dm_interface_s.c
-- Up-to-date: /home/loaf/Pinocchio_ws/install/motor_control_msgs/local/lib/python3.10/dist-packages/motor_control_msgs/__init__.py
-- Up-to-date: /home/loaf/Pinocchio_ws/install/motor_control_msgs/local/lib/python3.10/dist-packages/motor_control_msgs/motor_control_msgs_s__rosidl_typesupport_fastrtps_c.cpython-310-x86_64-linux-gnu.so
Listing '/home/loaf/Pinocchio_ws/install/motor_control_msgs/local/lib/python3.10/dist-packages/motor_control_msgs'...
Listing '/home/loaf/Pinocchio_ws/install/motor_control_msgs/local/lib/python3.10/dist-packages/motor_control_msgs/msg'...
-- Up-to-date: /home/loaf/Pinocchio_ws/install/motor_control_msgs/local/lib/python3.10/dist-packages/motor_control_msgs/motor_control_msgs_s__rosidl_typesupport_fastrtps_c.cpython-310-x86_64-linux-gnu.so
-- Up-to-date: /home/loaf/Pinocchio_ws/install/motor_control_msgs/local/lib/python3.10/dist-packages/motor_control_msgs/motor_control_msgs_s__rosidl_typesupport_introspection_c.cpython-310-x86_64-linux-gnu.so
-- Up-to-date: /home/loaf/Pinocchio_ws/install/motor_control_msgs/local/lib/python3.10/dist-packages/motor_control_msgs/motor_control_msgs_s__rosidl_typesupport_c.cpython-310-x86_64-linux-gnu.so
-- Up-to-date: /home/loaf/Pinocchio_ws/install/motor_control_msgs/lib/libmotor_control_msgs__rosidl_generator_py.so
-- Up-to-date: /home/loaf/Pinocchio_ws/install/motor_control_msgs/share/ament_index/resource_index/rust_packages/motor_control_msgs
-- Up-to-date: /home/loaf/Pinocchio_ws/install/motor_control_msgs/share/motor_control_msgs/rust
-- Up-to-date: /home/loaf/Pinocchio_ws/install/motor_control_msgs/share/motor_control_msgs/rust/build.rs
-- Up-to-date: /home/loaf/Pinocchio_ws/install/motor_control_msgs/share/motor_control_msgs/rust/Cargo.toml
-- Up-to-date: /home/loaf/Pinocchio_ws/install/motor_control_msgs/share/motor_control_msgs/rust/src
-- Up-to-date: /home/loaf/Pinocchio_ws/install/motor_control_msgs/share/motor_control_msgs/rust/src/msg.rs
-- Up-to-date: /home/loaf/Pinocchio_ws/install/motor_control_msgs/share/motor_control_msgs/rust/src/msg
-- Up-to-date: /home/loaf/Pinocchio_ws/install/motor_control_msgs/share/motor_control_msgs/rust/src/msg/rmw.rs
-- Up-to-date: /home/loaf/Pinocchio_ws/install/motor_control_msgs/share/motor_control_msgs/rust/src/lib.rs
-- Up-to-date: /home/loaf/Pinocchio_ws/install/motor_control_msgs/share/motor_control_msgs/msg/DmInterface.idl
-- Up-to-date: /home/loaf/Pinocchio_ws/install/motor_control_msgs/share/motor_control_msgs/msg/DmInterface.msg
-- Up-to-date: /home/loaf/Pinocchio_ws/install/motor_control_msgs/share/ament_index/resource_index/package_run_dependencies/motor_control_msgs
-- Up-to-date: /home/loaf/Pinocchio_ws/install/motor_control_msgs/share/ament_index/resource_index/parent_prefix_path/motor_control_msgs
-- Up-to-date: /home/loaf/Pinocchio_ws/install/motor_control_msgs/share/motor_control_msgs/environment/ament_prefix_path.sh
-- Up-to-date: /home/loaf/Pinocchio_ws/install/motor_control_msgs/share/motor_control_msgs/environment/ament_prefix_path.dsv
-- Up-to-date: /home/loaf/Pinocchio_ws/install/motor_control_msgs/share/motor_control_msgs/environment/path.sh
-- Up-to-date: /home/loaf/Pinocchio_ws/install/motor_control_msgs/share/motor_control_msgs/environment/path.dsv
-- Up-to-date: /home/loaf/Pinocchio_ws/install/motor_control_msgs/share/motor_control_msgs/local_setup.bash
-- Up-to-date: /home/loaf/Pinocchio_ws/install/motor_control_msgs/share/motor_control_msgs/local_setup.sh
-- Up-to-date: /home/loaf/Pinocchio_ws/install/motor_control_msgs/share/motor_control_msgs/local_setup.zsh
-- Up-to-date: /home/loaf/Pinocchio_ws/install/motor_control_msgs/share/motor_control_msgs/local_setup.dsv
-- Installing: /home/loaf/Pinocchio_ws/install/motor_control_msgs/share/motor_control_msgs/package.dsv
-- Up-to-date: /home/loaf/Pinocchio_ws/install/motor_control_msgs/share/ament_index/resource_index/packages/motor_control_msgs
-- Up-to-date: /home/loaf/Pinocchio_ws/install/motor_control_msgs/share/motor_control_msgs/cmake/export_motor_control_msgs__rosidl_generator_cExport.cmake
-- Up-to-date: /home/loaf/Pinocchio_ws/install/motor_control_msgs/share/motor_control_msgs/cmake/export_motor_control_msgs__rosidl_generator_cExport-noconfig.cmake
-- Up-to-date: /home/loaf/Pinocchio_ws/install/motor_control_msgs/share/motor_control_msgs/cmake/export_motor_control_msgs__rosidl_typesupport_fastrtps_cExport.cmake
-- Up-to-date: /home/loaf/Pinocchio_ws/install/motor_control_msgs/share/motor_control_msgs/cmake/export_motor_control_msgs__rosidl_typesupport_fastrtps_cExport-noconfig.cmake
-- Up-to-date: /home/loaf/Pinocchio_ws/install/motor_control_msgs/share/motor_control_msgs/cmake/motor_control_msgs__rosidl_typesupport_introspection_cExport.cmake
-- Up-to-date: /home/loaf/Pinocchio_ws/install/motor_control_msgs/share/motor_control_msgs/cmake/motor_control_msgs__rosidl_typesupport_introspection_cExport-noconfig.cmake
-- Up-to-date: /home/loaf/Pinocchio_ws/install/motor_control_msgs/share/motor_control_msgs/cmake/motor_control_msgs__rosidl_typesupport_cExport.cmake
-- Up-to-date: /home/loaf/Pinocchio_ws/install/motor_control_msgs/share/motor_control_msgs/cmake/motor_control_msgs__rosidl_typesupport_cExport-noconfig.cmake
-- Up-to-date: /home/loaf/Pinocchio_ws/install/motor_control_msgs/share/motor_control_msgs/cmake/export_motor_control_msgs__rosidl_generator_cppExport.cmake
-- Up-to-date: /home/loaf/Pinocchio_ws/install/motor_control_msgs/share/motor_control_msgs/cmake/export_motor_control_msgs__rosidl_typesupport_fastrtps_cppExport.cmake
-- Up-to-date: /home/loaf/Pinocchio_ws/install/motor_control_msgs/share/motor_control_msgs/cmake/export_motor_control_msgs__rosidl_typesupport_fastrtps_cppExport-noconfig.cmake
-- Up-to-date: /home/loaf/Pinocchio_ws/install/motor_control_msgs/share/motor_control_msgs/cmake/motor_control_msgs__rosidl_typesupport_introspection_cppExport.cmake
-- Up-to-date: /home/loaf/Pinocchio_ws/install/motor_control_msgs/share/motor_control_msgs/cmake/motor_control_msgs__rosidl_typesupport_introspection_cppExport-noconfig.cmake
-- Up-to-date: /home/loaf/Pinocchio_ws/install/motor_control_msgs/share/motor_control_msgs/cmake/motor_control_msgs__rosidl_typesupport_cppExport.cmake
-- Up-to-date: /home/loaf/Pinocchio_ws/install/motor_control_msgs/share/motor_control_msgs/cmake/motor_control_msgs__rosidl_typesupport_cppExport-noconfig.cmake
-- Up-to-date: /home/loaf/Pinocchio_ws/install/motor_control_msgs/share/motor_control_msgs/cmake/export_motor_control_msgs__rosidl_generator_pyExport.cmake
-- Up-to-date: /home/loaf/Pinocchio_ws/install/motor_control_msgs/share/motor_control_msgs/cmake/export_motor_control_msgs__rosidl_generator_pyExport-noconfig.cmake
-- Up-to-date: /home/loaf/Pinocchio_ws/install/motor_control_msgs/share/motor_control_msgs/cmake/rosidl_cmake-extras.cmake
-- Up-to-date: /home/loaf/Pinocchio_ws/install/motor_control_msgs/share/motor_control_msgs/cmake/ament_cmake_export_dependencies-extras.cmake
-- Up-to-date: /home/loaf/Pinocchio_ws/install/motor_control_msgs/share/motor_control_msgs/cmake/ament_cmake_export_include_directories-extras.cmake
-- Up-to-date: /home/loaf/Pinocchio_ws/install/motor_control_msgs/share/motor_control_msgs/cmake/ament_cmake_export_libraries-extras.cmake
-- Up-to-date: /home/loaf/Pinocchio_ws/install/motor_control_msgs/share/motor_control_msgs/cmake/ament_cmake_export_targets-extras.cmake
-- Up-to-date: /home/loaf/Pinocchio_ws/install/motor_control_msgs/share/motor_control_msgs/cmake/rosidl_cmake_export_typesupport_targets-extras.cmake
-- Up-to-date: /home/loaf/Pinocchio_ws/install/motor_control_msgs/share/motor_control_msgs/cmake/rosidl_cmake_export_typesupport_libraries-extras.cmake
-- Up-to-date: /home/loaf/Pinocchio_ws/install/motor_control_msgs/share/motor_control_msgs/cmake/motor_control_msgsConfig.cmake
-- Up-to-date: /home/loaf/Pinocchio_ws/install/motor_control_msgs/share/motor_control_msgs/cmake/motor_control_msgsConfig-version.cmake
-- Up-to-date: /home/loaf/Pinocchio_ws/install/motor_control_msgs/share/motor_control_msgs/package.xml
