In file included from [01m[K/usr/include/eigen3/Eigen/Core:253[m[K,
                 from [01m[K/usr/include/eigen3/Eigen/Dense:1[m[K,
                 from [01m[K/home/loaf/Pinocchio_ws/src/control_pkg/include/Imu.h:7[m[K,
                 from [01m[K/home/loaf/Pinocchio_ws/src/control_pkg/include/LowState.h:7[m[K,
                 from [01m[K/home/loaf/Pinocchio_ws/src/control_pkg/include/Estimator.h:4[m[K,
                 from [01m[K/home/loaf/Pinocchio_ws/src/control_pkg/include/FSM/ControlComponent.h:5[m[K,
                 from [01m[K/home/loaf/Pinocchio_ws/src/control_pkg/include/FSM/Trotting_State.h:4[m[K,
                 from [01m[K/home/loaf/Pinocchio_ws/src/control_pkg/src/FSM/Trotting_State.cpp:1[m[K:
/usr/include/eigen3/Eigen/src/Core/functors/BinaryFunctors.h: In instantiation of ‘[01m[Kstruct Eigen::internal::scalar_difference_op<double, float>[m[K’:
[01m[K/usr/include/c++/11/type_traits:2530:26:[m[K   required by substitution of ‘[01m[Ktemplate<class _Fn, class ... _Args> static std::__result_of_success<decltype (declval<_Fn>()((declval<_Args>)()...)), std::__invoke_other> std::__result_of_other_impl::_S_test(int) [with _Fn = Eigen::internal::scalar_difference_op<double, float>; _Args = {const double&, const float&}][m[K’
[01m[K/usr/include/c++/11/type_traits:2541:55:[m[K   required from ‘[01m[Kstruct std::__result_of_impl<false, false, Eigen::internal::scalar_difference_op<double, float>, const double&, const float&>[m[K’
[01m[K/usr/include/c++/11/type_traits:2546:12:[m[K   required from ‘[01m[Kstruct std::__invoke_result<Eigen::internal::scalar_difference_op<double, float>, const double&, const float&>[m[K’
[01m[K/usr/include/c++/11/type_traits:3004:12:[m[K   required from ‘[01m[Kstruct std::invoke_result<Eigen::internal::scalar_difference_op<double, float>, const double&, const float&>[m[K’
[01m[K/usr/include/eigen3/Eigen/src/Core/util/Meta.h:504:61:[m[K   required from ‘[01m[Kstruct Eigen::internal::result_of<Eigen::internal::scalar_difference_op<double, float>(const double&, const float&)>[m[K’
[01m[K/usr/include/eigen3/Eigen/src/Core/CwiseBinaryOp.h:38:28:[m[K   required from ‘[01m[Kstruct Eigen::internal::traits<Eigen::CwiseBinaryOp<Eigen::internal::scalar_difference_op<double, float>, const Eigen::Matrix<double, 3, 1>, const Eigen::Matrix<float, 3, 1> > >[m[K’
[01m[K/usr/include/eigen3/Eigen/src/Core/CwiseBinaryOp.h:148:7:[m[K   required from ‘[01m[Kclass Eigen::CwiseBinaryOpImpl<Eigen::internal::scalar_difference_op<double, float>, const Eigen::Matrix<double, 3, 1>, const Eigen::Matrix<float, 3, 1>, Eigen::Dense>[m[K’
[01m[K/usr/include/eigen3/Eigen/src/Core/CwiseBinaryOp.h:77:7:[m[K   required from ‘[01m[Kclass Eigen::CwiseBinaryOp<Eigen::internal::scalar_difference_op<double, float>, const Eigen::Matrix<double, 3, 1>, const Eigen::Matrix<float, 3, 1> >[m[K’
[01m[K/home/loaf/Pinocchio_ws/src/control_pkg/src/FSM/Trotting_State.cpp:183:102:[m[K   required from here
[01m[K/usr/include/eigen3/Eigen/src/Core/functors/BinaryFunctors.h:351:95:[m[K [01;31m[Kerror: [m[Kno type named ‘[01m[KReturnType[m[K’ in ‘[01m[Kstruct Eigen::ScalarBinaryOpTraits<double, float, Eigen::internal::scalar_difference_op<double, float> >[m[K’
  351 |   typedef typename ScalarBinaryOpTraits<LhsScalar,RhsScalar,scalar_difference_op>::ReturnType [01;31m[Kresult_type[m[K;
      |                                                                                               [01;31m[K^~~~~~~~~~~[m[K
In file included from [01m[K/usr/include/eigen3/Eigen/Core:162[m[K,
                 from [01m[K/usr/include/eigen3/Eigen/Dense:1[m[K,
                 from [01m[K/home/loaf/Pinocchio_ws/src/control_pkg/include/Imu.h:7[m[K,
                 from [01m[K/home/loaf/Pinocchio_ws/src/control_pkg/include/LowState.h:7[m[K,
                 from [01m[K/home/loaf/Pinocchio_ws/src/control_pkg/include/Estimator.h:4[m[K,
                 from [01m[K/home/loaf/Pinocchio_ws/src/control_pkg/include/FSM/ControlComponent.h:5[m[K,
                 from [01m[K/home/loaf/Pinocchio_ws/src/control_pkg/include/FSM/Trotting_State.h:4[m[K,
                 from [01m[K/home/loaf/Pinocchio_ws/src/control_pkg/src/FSM/Trotting_State.cpp:1[m[K:
/usr/include/eigen3/Eigen/src/Core/util/Meta.h: In instantiation of ‘[01m[Kstruct Eigen::internal::result_of<Eigen::internal::scalar_difference_op<double, float>(const double&, const float&)>[m[K’:
[01m[K/usr/include/eigen3/Eigen/src/Core/CwiseBinaryOp.h:38:28:[m[K   required from ‘[01m[Kstruct Eigen::internal::traits<Eigen::CwiseBinaryOp<Eigen::internal::scalar_difference_op<double, float>, const Eigen::Matrix<double, 3, 1>, const Eigen::Matrix<float, 3, 1> > >[m[K’
[01m[K/usr/include/eigen3/Eigen/src/Core/CwiseBinaryOp.h:148:7:[m[K   required from ‘[01m[Kclass Eigen::CwiseBinaryOpImpl<Eigen::internal::scalar_difference_op<double, float>, const Eigen::Matrix<double, 3, 1>, const Eigen::Matrix<float, 3, 1>, Eigen::Dense>[m[K’
[01m[K/usr/include/eigen3/Eigen/src/Core/CwiseBinaryOp.h:77:7:[m[K   required from ‘[01m[Kclass Eigen::CwiseBinaryOp<Eigen::internal::scalar_difference_op<double, float>, const Eigen::Matrix<double, 3, 1>, const Eigen::Matrix<float, 3, 1> >[m[K’
[01m[K/home/loaf/Pinocchio_ws/src/control_pkg/src/FSM/Trotting_State.cpp:183:102:[m[K   required from here
[01m[K/usr/include/eigen3/Eigen/src/Core/util/Meta.h:504:61:[m[K [01;31m[Kerror: [m[Kno type named ‘[01m[Ktype[m[K’ in ‘[01m[Kstruct std::invoke_result<Eigen::internal::scalar_difference_op<double, float>, const double&, const float&>[m[K’
  504 |   typedef typename std::invoke_result<F, ArgTypes...>::type [01;31m[Ktype1[m[K;
      |                                                             [01;31m[K^~~~~[m[K
[01m[K/usr/include/eigen3/Eigen/src/Core/util/Meta.h:505:44:[m[K [01;31m[Kerror: [m[Kno type named ‘[01m[Ktype[m[K’ in ‘[01m[Kstruct std::invoke_result<Eigen::internal::scalar_difference_op<double, float>, const double&, const float&>[m[K’
  505 |   typedef typename remove_all<type1>::type [01;31m[Ktype[m[K;
      |                                            [01;31m[K^~~~[m[K
In file included from [01m[K/usr/include/eigen3/Eigen/Core:272[m[K,
                 from [01m[K/usr/include/eigen3/Eigen/Dense:1[m[K,
                 from [01m[K/home/loaf/Pinocchio_ws/src/control_pkg/include/Imu.h:7[m[K,
                 from [01m[K/home/loaf/Pinocchio_ws/src/control_pkg/include/LowState.h:7[m[K,
                 from [01m[K/home/loaf/Pinocchio_ws/src/control_pkg/include/Estimator.h:4[m[K,
                 from [01m[K/home/loaf/Pinocchio_ws/src/control_pkg/include/FSM/ControlComponent.h:5[m[K,
                 from [01m[K/home/loaf/Pinocchio_ws/src/control_pkg/include/FSM/Trotting_State.h:4[m[K,
                 from [01m[K/home/loaf/Pinocchio_ws/src/control_pkg/src/FSM/Trotting_State.cpp:1[m[K:
/usr/include/eigen3/Eigen/src/Core/DenseBase.h: In instantiation of ‘[01m[Kclass Eigen::DenseBase<Eigen::CwiseBinaryOp<Eigen::internal::scalar_difference_op<double, float>, const Eigen::Matrix<double, 3, 1>, const Eigen::Matrix<float, 3, 1> > >[m[K’:
[01m[K/usr/include/eigen3/Eigen/src/Core/MatrixBase.h:48:34:[m[K   required from ‘[01m[Kclass Eigen::MatrixBase<Eigen::CwiseBinaryOp<Eigen::internal::scalar_difference_op<double, float>, const Eigen::Matrix<double, 3, 1>, const Eigen::Matrix<float, 3, 1> > >[m[K’
[01m[K/usr/include/eigen3/Eigen/src/Core/CwiseBinaryOp.h:148:7:[m[K   required from ‘[01m[Kclass Eigen::CwiseBinaryOpImpl<Eigen::internal::scalar_difference_op<double, float>, const Eigen::Matrix<double, 3, 1>, const Eigen::Matrix<float, 3, 1>, Eigen::Dense>[m[K’
[01m[K/usr/include/eigen3/Eigen/src/Core/CwiseBinaryOp.h:77:7:[m[K   required from ‘[01m[Kclass Eigen::CwiseBinaryOp<Eigen::internal::scalar_difference_op<double, float>, const Eigen::Matrix<double, 3, 1>, const Eigen::Matrix<float, 3, 1> >[m[K’
[01m[K/home/loaf/Pinocchio_ws/src/control_pkg/src/FSM/Trotting_State.cpp:183:102:[m[K   required from here
[01m[K/usr/include/eigen3/Eigen/src/Core/DenseBase.h:83:17:[m[K [01;31m[Kerror: [m[K‘[01m[Kcoeff[m[K’ has not been declared in ‘[01m[KEigen::DenseBase<Eigen::CwiseBinaryOp<Eigen::internal::scalar_difference_op<double, float>, const Eigen::Matrix<double, 3, 1>, const Eigen::Matrix<float, 3, 1> > >::Base[m[K’
   83 |     using Base::[01;31m[Kcoeff[m[K;
      |                 [01;31m[K^~~~~[m[K
[01m[K/usr/include/eigen3/Eigen/src/Core/DenseBase.h:84:17:[m[K [01;31m[Kerror: [m[K‘[01m[KcoeffByOuterInner[m[K’ has not been declared in ‘[01m[KEigen::DenseBase<Eigen::CwiseBinaryOp<Eigen::internal::scalar_difference_op<double, float>, const Eigen::Matrix<double, 3, 1>, const Eigen::Matrix<float, 3, 1> > >::Base[m[K’
   84 |     using Base::[01;31m[KcoeffByOuterInner[m[K;
      |                 [01;31m[K^~~~~~~~~~~~~~~~~[m[K
[01m[K/usr/include/eigen3/Eigen/src/Core/DenseBase.h:85:26:[m[K [01;31m[Kerror: [m[K‘[01m[Koperator()[m[K’ has not been declared in ‘[01m[KEigen::DenseBase<Eigen::CwiseBinaryOp<Eigen::internal::scalar_difference_op<double, float>, const Eigen::Matrix<double, 3, 1>, const Eigen::Matrix<float, 3, 1> > >::Base[m[K’
   85 |     using Base::operator([01;31m[K)[m[K;
      |                          [01;31m[K^[m[K
[01m[K/usr/include/eigen3/Eigen/src/Core/DenseBase.h:86:26:[m[K [01;31m[Kerror: [m[K‘[01m[Koperator[][m[K’ has not been declared in ‘[01m[KEigen::DenseBase<Eigen::CwiseBinaryOp<Eigen::internal::scalar_difference_op<double, float>, const Eigen::Matrix<double, 3, 1>, const Eigen::Matrix<float, 3, 1> > >::Base[m[K’
   86 |     using Base::operator[[01;31m[K][m[K;
      |                          [01;31m[K^[m[K
[01m[K/usr/include/eigen3/Eigen/src/Core/DenseBase.h:87:17:[m[K [01;31m[Kerror: [m[K‘[01m[Kx[m[K’ has not been declared in ‘[01m[KEigen::DenseBase<Eigen::CwiseBinaryOp<Eigen::internal::scalar_difference_op<double, float>, const Eigen::Matrix<double, 3, 1>, const Eigen::Matrix<float, 3, 1> > >::Base[m[K’
   87 |     using Base::[01;31m[Kx[m[K;
      |                 [01;31m[K^[m[K
[01m[K/usr/include/eigen3/Eigen/src/Core/DenseBase.h:88:17:[m[K [01;31m[Kerror: [m[K‘[01m[Ky[m[K’ has not been declared in ‘[01m[KEigen::DenseBase<Eigen::CwiseBinaryOp<Eigen::internal::scalar_difference_op<double, float>, const Eigen::Matrix<double, 3, 1>, const Eigen::Matrix<float, 3, 1> > >::Base[m[K’
   88 |     using Base::[01;31m[Ky[m[K;
      |                 [01;31m[K^[m[K
[01m[K/usr/include/eigen3/Eigen/src/Core/DenseBase.h:89:17:[m[K [01;31m[Kerror: [m[K‘[01m[Kz[m[K’ has not been declared in ‘[01m[KEigen::DenseBase<Eigen::CwiseBinaryOp<Eigen::internal::scalar_difference_op<double, float>, const Eigen::Matrix<double, 3, 1>, const Eigen::Matrix<float, 3, 1> > >::Base[m[K’
   89 |     using Base::[01;31m[Kz[m[K;
      |                 [01;31m[K^[m[K
[01m[K/usr/include/eigen3/Eigen/src/Core/DenseBase.h:90:17:[m[K [01;31m[Kerror: [m[K‘[01m[Kw[m[K’ has not been declared in ‘[01m[KEigen::DenseBase<Eigen::CwiseBinaryOp<Eigen::internal::scalar_difference_op<double, float>, const Eigen::Matrix<double, 3, 1>, const Eigen::Matrix<float, 3, 1> > >::Base[m[K’
   90 |     using Base::[01;31m[Kw[m[K;
      |                 [01;31m[K^[m[K
In file included from [01m[K/usr/include/eigen3/Eigen/Core:273[m[K,
                 from [01m[K/usr/include/eigen3/Eigen/Dense:1[m[K,
                 from [01m[K/home/loaf/Pinocchio_ws/src/control_pkg/include/Imu.h:7[m[K,
                 from [01m[K/home/loaf/Pinocchio_ws/src/control_pkg/include/LowState.h:7[m[K,
                 from [01m[K/home/loaf/Pinocchio_ws/src/control_pkg/include/Estimator.h:4[m[K,
                 from [01m[K/home/loaf/Pinocchio_ws/src/control_pkg/include/FSM/ControlComponent.h:5[m[K,
                 from [01m[K/home/loaf/Pinocchio_ws/src/control_pkg/include/FSM/Trotting_State.h:4[m[K,
                 from [01m[K/home/loaf/Pinocchio_ws/src/control_pkg/src/FSM/Trotting_State.cpp:1[m[K:
/usr/include/eigen3/Eigen/src/Core/MatrixBase.h: In instantiation of ‘[01m[Kclass Eigen::MatrixBase<Eigen::CwiseBinaryOp<Eigen::internal::scalar_difference_op<double, float>, const Eigen::Matrix<double, 3, 1>, const Eigen::Matrix<float, 3, 1> > >[m[K’:
[01m[K/usr/include/eigen3/Eigen/src/Core/CwiseBinaryOp.h:148:7:[m[K   required from ‘[01m[Kclass Eigen::CwiseBinaryOpImpl<Eigen::internal::scalar_difference_op<double, float>, const Eigen::Matrix<double, 3, 1>, const Eigen::Matrix<float, 3, 1>, Eigen::Dense>[m[K’
[01m[K/usr/include/eigen3/Eigen/src/Core/CwiseBinaryOp.h:77:7:[m[K   required from ‘[01m[Kclass Eigen::CwiseBinaryOp<Eigen::internal::scalar_difference_op<double, float>, const Eigen::Matrix<double, 3, 1>, const Eigen::Matrix<float, 3, 1> >[m[K’
[01m[K/home/loaf/Pinocchio_ws/src/control_pkg/src/FSM/Trotting_State.cpp:183:102:[m[K   required from here
[01m[K/usr/include/eigen3/Eigen/src/Core/MatrixBase.h:75:17:[m[K [01;31m[Kerror: [m[K‘[01m[Kcoeff[m[K’ has not been declared in ‘[01m[KEigen::MatrixBase<Eigen::CwiseBinaryOp<Eigen::internal::scalar_difference_op<double, float>, const Eigen::Matrix<double, 3, 1>, const Eigen::Matrix<float, 3, 1> > >::Base[m[K’
   75 |     using Base::[01;31m[Kcoeff[m[K;
      |                 [01;31m[K^~~~~[m[K
[01m[K/usr/include/eigen3/Eigen/src/Core/MatrixBase.h:78:17:[m[K [01;31m[Kerror: [m[K‘[01m[Keval[m[K’ has not been declared in ‘[01m[KEigen::MatrixBase<Eigen::CwiseBinaryOp<Eigen::internal::scalar_difference_op<double, float>, const Eigen::Matrix<double, 3, 1>, const Eigen::Matrix<float, 3, 1> > >::Base[m[K’
   78 |     using Base::[01;31m[Keval[m[K;
      |                 [01;31m[K^~~~[m[K
[01m[K/usr/include/eigen3/Eigen/src/Core/MatrixBase.h:79:25:[m[K [01;31m[Kerror: [m[K‘[01m[Koperator-[m[K’ has not been declared in ‘[01m[KEigen::MatrixBase<Eigen::CwiseBinaryOp<Eigen::internal::scalar_difference_op<double, float>, const Eigen::Matrix<double, 3, 1>, const Eigen::Matrix<float, 3, 1> > >::Base[m[K’
   79 |     using Base::operator[01;31m[K-[m[K;
      |                         [01;31m[K^[m[K
[01m[K/usr/include/eigen3/Eigen/src/Core/MatrixBase.h:82:25:[m[K [01;31m[Kerror: [m[K‘[01m[Koperator*=[m[K’ has not been declared in ‘[01m[KEigen::MatrixBase<Eigen::CwiseBinaryOp<Eigen::internal::scalar_difference_op<double, float>, const Eigen::Matrix<double, 3, 1>, const Eigen::Matrix<float, 3, 1> > >::Base[m[K’
   82 |     using Base::operator[01;31m[K*=[m[K;
      |                         [01;31m[K^~[m[K
[01m[K/usr/include/eigen3/Eigen/src/Core/MatrixBase.h:83:25:[m[K [01;31m[Kerror: [m[K‘[01m[Koperator/=[m[K’ has not been declared in ‘[01m[KEigen::MatrixBase<Eigen::CwiseBinaryOp<Eigen::internal::scalar_difference_op<double, float>, const Eigen::Matrix<double, 3, 1>, const Eigen::Matrix<float, 3, 1> > >::Base[m[K’
   83 |     using Base::operator[01;31m[K/=[m[K;
      |                         [01;31m[K^~[m[K
In file included from [01m[K/usr/include/eigen3/Eigen/Core:272[m[K,
                 from [01m[K/usr/include/eigen3/Eigen/Dense:1[m[K,
                 from [01m[K/home/loaf/Pinocchio_ws/src/control_pkg/include/Imu.h:7[m[K,
                 from [01m[K/home/loaf/Pinocchio_ws/src/control_pkg/include/LowState.h:7[m[K,
                 from [01m[K/home/loaf/Pinocchio_ws/src/control_pkg/include/Estimator.h:4[m[K,
                 from [01m[K/home/loaf/Pinocchio_ws/src/control_pkg/include/FSM/ControlComponent.h:5[m[K,
                 from [01m[K/home/loaf/Pinocchio_ws/src/control_pkg/include/FSM/Trotting_State.h:4[m[K,
                 from [01m[K/home/loaf/Pinocchio_ws/src/control_pkg/src/FSM/Trotting_State.cpp:1[m[K:
/usr/include/eigen3/Eigen/src/Core/DenseBase.h: In instantiation of ‘[01m[Kclass Eigen::DenseBase<Eigen::Product<Eigen::Matrix<double, 3, 3>, Eigen::CwiseBinaryOp<Eigen::internal::scalar_difference_op<double, float>, const Eigen::Matrix<double, 3, 1>, const Eigen::Matrix<float, 3, 1> >, 0> >[m[K’:
[01m[K/usr/include/eigen3/Eigen/src/Core/MatrixBase.h:48:34:[m[K   required from ‘[01m[Kclass Eigen::MatrixBase<Eigen::Product<Eigen::Matrix<double, 3, 3>, Eigen::CwiseBinaryOp<Eigen::internal::scalar_difference_op<double, float>, const Eigen::Matrix<double, 3, 1>, const Eigen::Matrix<float, 3, 1> >, 0> >[m[K’
[01m[K/usr/include/eigen3/Eigen/src/Core/Product.h:120:7:[m[K   required from ‘[01m[Kclass Eigen::internal::dense_product_base<Eigen::Matrix<double, 3, 3>, Eigen::CwiseBinaryOp<Eigen::internal::scalar_difference_op<double, float>, const Eigen::Matrix<double, 3, 1>, const Eigen::Matrix<float, 3, 1> >, 0, 3>[m[K’
[01m[K/usr/include/eigen3/Eigen/src/Core/Product.h:152:7:[m[K   required from ‘[01m[Kclass Eigen::ProductImpl<Eigen::Matrix<double, 3, 3>, Eigen::CwiseBinaryOp<Eigen::internal::scalar_difference_op<double, float>, const Eigen::Matrix<double, 3, 1>, const Eigen::Matrix<float, 3, 1> >, 0, Eigen::Dense>[m[K’
[01m[K/usr/include/eigen3/Eigen/src/Core/Product.h:71:7:[m[K   required from ‘[01m[Kclass Eigen::Product<Eigen::Matrix<double, 3, 3>, Eigen::CwiseBinaryOp<Eigen::internal::scalar_difference_op<double, float>, const Eigen::Matrix<double, 3, 1>, const Eigen::Matrix<float, 3, 1> >, 0>[m[K’
[01m[K/home/loaf/Pinocchio_ws/src/control_pkg/src/FSM/Trotting_State.cpp:183:103:[m[K   required from here
[01m[K/usr/include/eigen3/Eigen/src/Core/DenseBase.h:83:17:[m[K [01;31m[Kerror: [m[K‘[01m[Kcoeff[m[K’ has not been declared in ‘[01m[KEigen::DenseBase<Eigen::Product<Eigen::Matrix<double, 3, 3>, Eigen::CwiseBinaryOp<Eigen::internal::scalar_difference_op<double, float>, const Eigen::Matrix<double, 3, 1>, const Eigen::Matrix<float, 3, 1> >, 0> >::Base[m[K’
   83 |     using Base::[01;31m[Kcoeff[m[K;
      |                 [01;31m[K^~~~~[m[K
[01m[K/usr/include/eigen3/Eigen/src/Core/DenseBase.h:84:17:[m[K [01;31m[Kerror: [m[K‘[01m[KcoeffByOuterInner[m[K’ has not been declared in ‘[01m[KEigen::DenseBase<Eigen::Product<Eigen::Matrix<double, 3, 3>, Eigen::CwiseBinaryOp<Eigen::internal::scalar_difference_op<double, float>, const Eigen::Matrix<double, 3, 1>, const Eigen::Matrix<float, 3, 1> >, 0> >::Base[m[K’
   84 |     using Base::[01;31m[KcoeffByOuterInner[m[K;
      |                 [01;31m[K^~~~~~~~~~~~~~~~~[m[K
[01m[K/usr/include/eigen3/Eigen/src/Core/DenseBase.h:85:26:[m[K [01;31m[Kerror: [m[K‘[01m[Koperator()[m[K’ has not been declared in ‘[01m[KEigen::DenseBase<Eigen::Product<Eigen::Matrix<double, 3, 3>, Eigen::CwiseBinaryOp<Eigen::internal::scalar_difference_op<double, float>, const Eigen::Matrix<double, 3, 1>, const Eigen::Matrix<float, 3, 1> >, 0> >::Base[m[K’
   85 |     using Base::operator([01;31m[K)[m[K;
      |                          [01;31m[K^[m[K
[01m[K/usr/include/eigen3/Eigen/src/Core/DenseBase.h:86:26:[m[K [01;31m[Kerror: [m[K‘[01m[Koperator[][m[K’ has not been declared in ‘[01m[KEigen::DenseBase<Eigen::Product<Eigen::Matrix<double, 3, 3>, Eigen::CwiseBinaryOp<Eigen::internal::scalar_difference_op<double, float>, const Eigen::Matrix<double, 3, 1>, const Eigen::Matrix<float, 3, 1> >, 0> >::Base[m[K’
   86 |     using Base::operator[[01;31m[K][m[K;
      |                          [01;31m[K^[m[K
[01m[K/usr/include/eigen3/Eigen/src/Core/DenseBase.h:87:17:[m[K [01;31m[Kerror: [m[K‘[01m[Kx[m[K’ has not been declared in ‘[01m[KEigen::DenseBase<Eigen::Product<Eigen::Matrix<double, 3, 3>, Eigen::CwiseBinaryOp<Eigen::internal::scalar_difference_op<double, float>, const Eigen::Matrix<double, 3, 1>, const Eigen::Matrix<float, 3, 1> >, 0> >::Base[m[K’
   87 |     using Base::[01;31m[Kx[m[K;
      |                 [01;31m[K^[m[K
[01m[K/usr/include/eigen3/Eigen/src/Core/DenseBase.h:88:17:[m[K [01;31m[Kerror: [m[K‘[01m[Ky[m[K’ has not been declared in ‘[01m[KEigen::DenseBase<Eigen::Product<Eigen::Matrix<double, 3, 3>, Eigen::CwiseBinaryOp<Eigen::internal::scalar_difference_op<double, float>, const Eigen::Matrix<double, 3, 1>, const Eigen::Matrix<float, 3, 1> >, 0> >::Base[m[K’
   88 |     using Base::[01;31m[Ky[m[K;
      |                 [01;31m[K^[m[K
[01m[K/usr/include/eigen3/Eigen/src/Core/DenseBase.h:89:17:[m[K [01;31m[Kerror: [m[K‘[01m[Kz[m[K’ has not been declared in ‘[01m[KEigen::DenseBase<Eigen::Product<Eigen::Matrix<double, 3, 3>, Eigen::CwiseBinaryOp<Eigen::internal::scalar_difference_op<double, float>, const Eigen::Matrix<double, 3, 1>, const Eigen::Matrix<float, 3, 1> >, 0> >::Base[m[K’
   89 |     using Base::[01;31m[Kz[m[K;
      |                 [01;31m[K^[m[K
[01m[K/usr/include/eigen3/Eigen/src/Core/DenseBase.h:90:17:[m[K [01;31m[Kerror: [m[K‘[01m[Kw[m[K’ has not been declared in ‘[01m[KEigen::DenseBase<Eigen::Product<Eigen::Matrix<double, 3, 3>, Eigen::CwiseBinaryOp<Eigen::internal::scalar_difference_op<double, float>, const Eigen::Matrix<double, 3, 1>, const Eigen::Matrix<float, 3, 1> >, 0> >::Base[m[K’
   90 |     using Base::[01;31m[Kw[m[K;
      |                 [01;31m[K^[m[K
In file included from [01m[K/usr/include/eigen3/Eigen/Core:273[m[K,
                 from [01m[K/usr/include/eigen3/Eigen/Dense:1[m[K,
                 from [01m[K/home/loaf/Pinocchio_ws/src/control_pkg/include/Imu.h:7[m[K,
                 from [01m[K/home/loaf/Pinocchio_ws/src/control_pkg/include/LowState.h:7[m[K,
                 from [01m[K/home/loaf/Pinocchio_ws/src/control_pkg/include/Estimator.h:4[m[K,
                 from [01m[K/home/loaf/Pinocchio_ws/src/control_pkg/include/FSM/ControlComponent.h:5[m[K,
                 from [01m[K/home/loaf/Pinocchio_ws/src/control_pkg/include/FSM/Trotting_State.h:4[m[K,
                 from [01m[K/home/loaf/Pinocchio_ws/src/control_pkg/src/FSM/Trotting_State.cpp:1[m[K:
/usr/include/eigen3/Eigen/src/Core/MatrixBase.h: In instantiation of ‘[01m[Kclass Eigen::MatrixBase<Eigen::Product<Eigen::Matrix<double, 3, 3>, Eigen::CwiseBinaryOp<Eigen::internal::scalar_difference_op<double, float>, const Eigen::Matrix<double, 3, 1>, const Eigen::Matrix<float, 3, 1> >, 0> >[m[K’:
[01m[K/usr/include/eigen3/Eigen/src/Core/Product.h:120:7:[m[K   required from ‘[01m[Kclass Eigen::internal::dense_product_base<Eigen::Matrix<double, 3, 3>, Eigen::CwiseBinaryOp<Eigen::internal::scalar_difference_op<double, float>, const Eigen::Matrix<double, 3, 1>, const Eigen::Matrix<float, 3, 1> >, 0, 3>[m[K’
[01m[K/usr/include/eigen3/Eigen/src/Core/Product.h:152:7:[m[K   required from ‘[01m[Kclass Eigen::ProductImpl<Eigen::Matrix<double, 3, 3>, Eigen::CwiseBinaryOp<Eigen::internal::scalar_difference_op<double, float>, const Eigen::Matrix<double, 3, 1>, const Eigen::Matrix<float, 3, 1> >, 0, Eigen::Dense>[m[K’
[01m[K/usr/include/eigen3/Eigen/src/Core/Product.h:71:7:[m[K   required from ‘[01m[Kclass Eigen::Product<Eigen::Matrix<double, 3, 3>, Eigen::CwiseBinaryOp<Eigen::internal::scalar_difference_op<double, float>, const Eigen::Matrix<double, 3, 1>, const Eigen::Matrix<float, 3, 1> >, 0>[m[K’
[01m[K/home/loaf/Pinocchio_ws/src/control_pkg/src/FSM/Trotting_State.cpp:183:103:[m[K   required from here
[01m[K/usr/include/eigen3/Eigen/src/Core/MatrixBase.h:75:17:[m[K [01;31m[Kerror: [m[K‘[01m[Kcoeff[m[K’ has not been declared in ‘[01m[KEigen::MatrixBase<Eigen::Product<Eigen::Matrix<double, 3, 3>, Eigen::CwiseBinaryOp<Eigen::internal::scalar_difference_op<double, float>, const Eigen::Matrix<double, 3, 1>, const Eigen::Matrix<float, 3, 1> >, 0> >::Base[m[K’
   75 |     using Base::[01;31m[Kcoeff[m[K;
      |                 [01;31m[K^~~~~[m[K
[01m[K/usr/include/eigen3/Eigen/src/Core/MatrixBase.h:78:17:[m[K [01;31m[Kerror: [m[K‘[01m[Keval[m[K’ has not been declared in ‘[01m[KEigen::MatrixBase<Eigen::Product<Eigen::Matrix<double, 3, 3>, Eigen::CwiseBinaryOp<Eigen::internal::scalar_difference_op<double, float>, const Eigen::Matrix<double, 3, 1>, const Eigen::Matrix<float, 3, 1> >, 0> >::Base[m[K’
   78 |     using Base::[01;31m[Keval[m[K;
      |                 [01;31m[K^~~~[m[K
[01m[K/usr/include/eigen3/Eigen/src/Core/MatrixBase.h:79:25:[m[K [01;31m[Kerror: [m[K‘[01m[Koperator-[m[K’ has not been declared in ‘[01m[KEigen::MatrixBase<Eigen::Product<Eigen::Matrix<double, 3, 3>, Eigen::CwiseBinaryOp<Eigen::internal::scalar_difference_op<double, float>, const Eigen::Matrix<double, 3, 1>, const Eigen::Matrix<float, 3, 1> >, 0> >::Base[m[K’
   79 |     using Base::operator[01;31m[K-[m[K;
      |                         [01;31m[K^[m[K
[01m[K/usr/include/eigen3/Eigen/src/Core/MatrixBase.h:82:25:[m[K [01;31m[Kerror: [m[K‘[01m[Koperator*=[m[K’ has not been declared in ‘[01m[KEigen::MatrixBase<Eigen::Product<Eigen::Matrix<double, 3, 3>, Eigen::CwiseBinaryOp<Eigen::internal::scalar_difference_op<double, float>, const Eigen::Matrix<double, 3, 1>, const Eigen::Matrix<float, 3, 1> >, 0> >::Base[m[K’
   82 |     using Base::operator[01;31m[K*=[m[K;
      |                         [01;31m[K^~[m[K
[01m[K/usr/include/eigen3/Eigen/src/Core/MatrixBase.h:83:25:[m[K [01;31m[Kerror: [m[K‘[01m[Koperator/=[m[K’ has not been declared in ‘[01m[KEigen::MatrixBase<Eigen::Product<Eigen::Matrix<double, 3, 3>, Eigen::CwiseBinaryOp<Eigen::internal::scalar_difference_op<double, float>, const Eigen::Matrix<double, 3, 1>, const Eigen::Matrix<float, 3, 1> >, 0> >::Base[m[K’
   83 |     using Base::operator[01;31m[K/=[m[K;
      |                         [01;31m[K^~[m[K
[01m[K/home/loaf/Pinocchio_ws/src/control_pkg/src/FSM/Trotting_State.cpp:[m[K In member function ‘[01m[Kvoid Trotting_State::calcTau()[m[K’:
[01m[K/home/loaf/Pinocchio_ws/src/control_pkg/src/FSM/Trotting_State.cpp:183:48:[m[K [01;31m[Kerror: [m[Kno match for ‘[01m[Koperator+[m[K’ (operand types are ‘[01m[Kconst Eigen::CwiseBinaryOp<Eigen::internal::scalar_product_op<double, double>, const Eigen::CwiseNullaryOp<Eigen::internal::scalar_constant_op<double>, const Eigen::Matrix<double, 3, 1> >, const Eigen::Matrix<double, 3, 1> >[m[K’ and ‘[01m[Kconst Eigen::Product<Eigen::Matrix<double, 3, 3>, Eigen::CwiseBinaryOp<Eigen::internal::scalar_difference_op<double, float>, const Eigen::Matrix<double, 3, 1>, const Eigen::Matrix<float, 3, 1> >, 0>[m[K’)
  183 |     _dWbd  = [32m[K_kpw*rotMatToExp(_Rd*_G2B_RotMat)[m[K [01;31m[K+[m[K [34m[K_Kdw * (_wCmdGlobal - _lowstate->_imu.getGyroGlobal())[m[K;
      |              [32m[K~~~~~~~~~~~~~~~~~~~~~~~~~~~~~~~~~[m[K [01;31m[K^[m[K [34m[K~~~~~~~~~~~~~~~~~~~~~~~~~~~~~~~~~~~~~~~~~~~~~~~~~~~~~~[m[K
      |                  [32m[K|[m[K                                    [34m[K|[m[K
      |                  [32m[K|[m[K                                    [34m[Kconst Eigen::Product<Eigen::Matrix<double, 3, 3>, Eigen::CwiseBinaryOp<Eigen::internal::scalar_difference_op<double, float>, const Eigen::Matrix<double, 3, 1>, const Eigen::Matrix<float, 3, 1> >, 0>[m[K
      |                  [32m[Kconst Eigen::CwiseBinaryOp<Eigen::internal::scalar_product_op<double, double>, const Eigen::CwiseNullaryOp<Eigen::internal::scalar_constant_op<double>, const Eigen::Matrix<double, 3, 1> >, const Eigen::Matrix<double, 3, 1> >[m[K
In file included from [01m[K/usr/include/eigen3/Eigen/Core:19[m[K,
                 from [01m[K/usr/include/eigen3/Eigen/Dense:1[m[K,
                 from [01m[K/home/loaf/Pinocchio_ws/src/control_pkg/include/Imu.h:7[m[K,
                 from [01m[K/home/loaf/Pinocchio_ws/src/control_pkg/include/LowState.h:7[m[K,
                 from [01m[K/home/loaf/Pinocchio_ws/src/control_pkg/include/Estimator.h:4[m[K,
                 from [01m[K/home/loaf/Pinocchio_ws/src/control_pkg/include/FSM/ControlComponent.h:5[m[K,
                 from [01m[K/home/loaf/Pinocchio_ws/src/control_pkg/include/FSM/Trotting_State.h:4[m[K,
                 from [01m[K/home/loaf/Pinocchio_ws/src/control_pkg/src/FSM/Trotting_State.cpp:1[m[K:
[01m[K/usr/include/eigen3/Eigen/src/plugins/CommonCwiseBinaryOps.h:27:1:[m[K [01;36m[Knote: [m[Kcandidate: ‘[01m[Ktemplate<class OtherDerived> const Eigen::CwiseBinaryOp<Eigen::internal::scalar_sum_op<typename Eigen::internal::traits<T>::Scalar, typename Eigen::internal::traits<OtherDerived>::Scalar>, const Derived, const OtherDerived> Eigen::MatrixBase<Derived>::operator+(const Eigen::MatrixBase<OtherDerived>&) const [with OtherDerived = OtherDerived; Derived = Eigen::CwiseBinaryOp<Eigen::internal::scalar_product_op<double, double>, const Eigen::CwiseNullaryOp<Eigen::internal::scalar_constant_op<double>, const Eigen::Matrix<double, 3, 1> >, const Eigen::Matrix<double, 3, 1> >][m[K’
   27 | [01;36m[KEIGEN_MAKE_CWISE_BINARY_OP[m[K(operator+,sum)
      | [01;36m[K^~~~~~~~~~~~~~~~~~~~~~~~~~[m[K
[01m[K/usr/include/eigen3/Eigen/src/plugins/CommonCwiseBinaryOps.h:27:1:[m[K [01;36m[Knote: [m[K  template argument deduction/substitution failed:
In file included from [01m[K/usr/include/eigen3/Eigen/Core:164[m[K,
                 from [01m[K/usr/include/eigen3/Eigen/Dense:1[m[K,
                 from [01m[K/home/loaf/Pinocchio_ws/src/control_pkg/include/Imu.h:7[m[K,
                 from [01m[K/home/loaf/Pinocchio_ws/src/control_pkg/include/LowState.h:7[m[K,
                 from [01m[K/home/loaf/Pinocchio_ws/src/control_pkg/include/Estimator.h:4[m[K,
                 from [01m[K/home/loaf/Pinocchio_ws/src/control_pkg/include/FSM/ControlComponent.h:5[m[K,
                 from [01m[K/home/loaf/Pinocchio_ws/src/control_pkg/include/FSM/Trotting_State.h:4[m[K,
                 from [01m[K/home/loaf/Pinocchio_ws/src/control_pkg/src/FSM/Trotting_State.cpp:1[m[K:
/usr/include/eigen3/Eigen/src/Core/CwiseBinaryOp.h: In instantiation of ‘[01m[KEigen::CwiseBinaryOp<BinaryOp, Lhs, Rhs>::CwiseBinaryOp(const Lhs&, const Rhs&, const BinaryOp&) [with BinaryOp = Eigen::internal::scalar_difference_op<double, float>; LhsType = const Eigen::Matrix<double, 3, 1>; RhsType = const Eigen::Matrix<float, 3, 1>; Eigen::CwiseBinaryOp<BinaryOp, Lhs, Rhs>::Lhs = Eigen::Matrix<double, 3, 1>; Eigen::CwiseBinaryOp<BinaryOp, Lhs, Rhs>::Rhs = Eigen::Matrix<float, 3, 1>][m[K’:
[01m[K/usr/include/eigen3/Eigen/src/plugins/CommonCwiseBinaryOps.h:19:1:[m[K   required from ‘[01m[Kconst Eigen::CwiseBinaryOp<Eigen::internal::scalar_difference_op<typename Eigen::internal::traits<T>::Scalar, typename Eigen::internal::traits<OtherDerived>::Scalar>, const Derived, const OtherDerived> Eigen::MatrixBase<Derived>::operator-(const Eigen::MatrixBase<OtherDerived>&) const [with OtherDerived = Eigen::Matrix<float, 3, 1>; Derived = Eigen::Matrix<double, 3, 1>; typename Eigen::internal::traits<OtherDerived>::Scalar = float; typename Eigen::internal::traits<T>::Scalar = double][m[K’
[01m[K/home/loaf/Pinocchio_ws/src/control_pkg/src/FSM/Trotting_State.cpp:183:102:[m[K   required from here
[01m[K/usr/include/eigen3/Eigen/src/Core/CwiseBinaryOp.h:113:7:[m[K [01;31m[Kerror: [m[Kstatic assertion failed: YOU_MIXED_DIFFERENT_NUMERIC_TYPES__YOU_NEED_TO_USE_THE_CAST_METHOD_OF_MATRIXBASE_TO_CAST_NUMERIC_TYPES_EXPLICITLY
  113 |       [01;31m[KEIGEN_CHECK_BINARY_COMPATIBILIY[m[K(BinaryOp,typename Lhs::Scalar,typename Rhs::Scalar);
      |       [01;31m[K^~~~~~~~~~~~~~~~~~~~~~~~~~~~~~~[m[K
[01m[K/usr/include/eigen3/Eigen/src/Core/CwiseBinaryOp.h:113:7:[m[K [01;36m[Knote: [m[K‘[01m[KEigen::internal::has_ReturnType<Eigen::ScalarBinaryOpTraits<double, float, Eigen::internal::scalar_difference_op<double, float> > >::value[m[K’ evaluates to false
/usr/include/eigen3/Eigen/src/Core/AssignEvaluator.h: In instantiation of ‘[01m[Kvoid Eigen::internal::call_assignment_no_alias(Dst&, const Src&, const Func&) [with Dst = Eigen::Matrix<float, 12, 1>; Src = Eigen::Matrix<double, 12, 1>; Func = Eigen::internal::assign_op<float, double>][m[K’:
[01m[K/usr/include/eigen3/Eigen/src/Core/PlainObjectBase.h:797:41:[m[K   required from ‘[01m[KDerived& Eigen::PlainObjectBase<Derived>::_set_noalias(const Eigen::DenseBase<OtherDerived>&) [with OtherDerived = Eigen::Matrix<double, 12, 1>; Derived = Eigen::Matrix<float, 12, 1>][m[K’
[01m[K/usr/include/eigen3/Eigen/src/Core/PlainObjectBase.h:594:19:[m[K   required from ‘[01m[KEigen::PlainObjectBase<Derived>::PlainObjectBase(const Eigen::DenseBase<OtherDerived>&) [with OtherDerived = Eigen::Matrix<double, 12, 1>; Derived = Eigen::Matrix<float, 12, 1>][m[K’
[01m[K/usr/include/eigen3/Eigen/src/Core/Matrix.h:423:29:[m[K   required from ‘[01m[KEigen::Matrix<_Scalar, _Rows, _Cols, _Options, _MaxRows, _MaxCols>::Matrix(const Eigen::EigenBase<OtherDerived>&) [with OtherDerived = Eigen::Matrix<double, 12, 1>; _Scalar = float; int _Rows = 12; int _Cols = 1; int _Options = 0; int _MaxRows = 12; int _MaxCols = 1][m[K’
[01m[K/home/loaf/Pinocchio_ws/src/control_pkg/src/FSM/Trotting_State.cpp:94:33:[m[K   required from here
[01m[K/usr/include/eigen3/Eigen/src/Core/AssignEvaluator.h:888:3:[m[K [01;31m[Kerror: [m[Kstatic assertion failed: YOU_MIXED_DIFFERENT_NUMERIC_TYPES__YOU_NEED_TO_USE_THE_CAST_METHOD_OF_MATRIXBASE_TO_CAST_NUMERIC_TYPES_EXPLICITLY
  888 |   [01;31m[KEIGEN_CHECK_BINARY_COMPATIBILIY[m[K(Func,typename ActualDstTypeCleaned::Scalar,typename Src::Scalar);
      |   [01;31m[K^~~~~~~~~~~~~~~~~~~~~~~~~~~~~~~[m[K
[01m[K/usr/include/eigen3/Eigen/src/Core/AssignEvaluator.h:888:3:[m[K [01;36m[Knote: [m[K‘[01m[KEigen::internal::has_ReturnType<Eigen::ScalarBinaryOpTraits<float, double, Eigen::internal::assign_op<float, double> > >::value[m[K’ evaluates to false
/usr/include/eigen3/Eigen/src/Core/AssignEvaluator.h: In instantiation of ‘[01m[Kvoid Eigen::internal::call_assignment_no_alias(Dst&, const Src&, const Func&) [with Dst = Eigen::Matrix<double, 12, 1>; Src = Eigen::Matrix<float, 12, 1>; Func = Eigen::internal::assign_op<double, float>][m[K’:
[01m[K/usr/include/eigen3/Eigen/src/Core/AssignEvaluator.h:858:27:[m[K   required from ‘[01m[Kvoid Eigen::internal::call_assignment(Dst&, const Src&, const Func&, typename Eigen::internal::enable_if<(! Eigen::internal::evaluator_assume_aliasing<Src>::value), void*>::type) [with Dst = Eigen::Matrix<double, 12, 1>; Src = Eigen::Matrix<float, 12, 1>; Func = Eigen::internal::assign_op<double, float>; typename Eigen::internal::enable_if<(! Eigen::internal::evaluator_assume_aliasing<Src>::value), void*>::type = void*; typename Eigen::internal::evaluator_traits<SrcXprType>::Shape = Eigen::DenseShape][m[K’
[01m[K/usr/include/eigen3/Eigen/src/Core/AssignEvaluator.h:836:18:[m[K   required from ‘[01m[Kvoid Eigen::internal::call_assignment(Dst&, const Src&) [with Dst = Eigen::Matrix<double, 12, 1>; Src = Eigen::Matrix<float, 12, 1>][m[K’
[01m[K/usr/include/eigen3/Eigen/src/Core/PlainObjectBase.h:779:32:[m[K   required from ‘[01m[KDerived& Eigen::PlainObjectBase<Derived>::_set(const Eigen::DenseBase<OtherDerived>&) [with OtherDerived = Eigen::Matrix<float, 12, 1>; Derived = Eigen::Matrix<double, 12, 1>][m[K’
[01m[K/usr/include/eigen3/Eigen/src/Core/Matrix.h:225:24:[m[K   required from ‘[01m[KEigen::Matrix<_Scalar, _Rows, _Cols, _Options, _MaxRows, _MaxCols>& Eigen::Matrix<_Scalar, _Rows, _Cols, _Options, _MaxRows, _MaxCols>::operator=(const Eigen::DenseBase<OtherDerived>&) [with OtherDerived = Eigen::Matrix<float, 12, 1>; _Scalar = double; int _Rows = 12; int _Cols = 1; int _Options = 0; int _MaxRows = 12; int _MaxCols = 1][m[K’
[01m[K/home/loaf/Pinocchio_ws/src/control_pkg/src/FSM/Trotting_State.cpp:202:51:[m[K   required from here
[01m[K/usr/include/eigen3/Eigen/src/Core/AssignEvaluator.h:888:3:[m[K [01;31m[Kerror: [m[Kstatic assertion failed: YOU_MIXED_DIFFERENT_NUMERIC_TYPES__YOU_NEED_TO_USE_THE_CAST_METHOD_OF_MATRIXBASE_TO_CAST_NUMERIC_TYPES_EXPLICITLY
[01m[K/usr/include/eigen3/Eigen/src/Core/AssignEvaluator.h:888:3:[m[K [01;36m[Knote: [m[K‘[01m[KEigen::internal::has_ReturnType<Eigen::ScalarBinaryOpTraits<double, float, Eigen::internal::assign_op<double, float> > >::value[m[K’ evaluates to false
gmake[2]: *** [CMakeFiles/start.dir/build.make:272：CMakeFiles/start.dir/src/FSM/Trotting_State.cpp.o] 错误 1
gmake[2]: *** 正在等待未完成的任务....
gmake[1]: *** [CMakeFiles/Makefile2:137：CMakeFiles/start.dir/all] 错误 2
gmake: *** [Makefile:146：all] 错误 2
