[3.515s] DEBUG:colcon:Command line arguments: ['/usr/bin/colcon', 'build']
[3.515s] DEBUG:colcon:Parsed command line arguments: Namespace(log_base=None, log_level=None, verb_name='build', build_base='build', install_base='install', merge_install=False, symlink_install=False, test_result_base=None, continue_on_error=False, executor='parallel', parallel_workers=24, event_handlers=None, ignore_user_meta=False, metas=['./colcon.meta'], base_paths=['.'], packages_ignore=None, packages_ignore_regex=None, paths=None, packages_up_to=None, packages_up_to_regex=None, packages_above=None, packages_above_and_dependencies=None, packages_above_depth=None, packages_select_by_dep=None, packages_skip_by_dep=None, packages_skip_up_to=None, packages_select_build_failed=False, packages_skip_build_finished=False, packages_select_test_failures=False, packages_skip_test_passed=False, packages_select=None, packages_skip=None, packages_select_regex=None, packages_skip_regex=None, packages_start=None, packages_end=None, allow_overriding=[], cmake_args=None, cmake_target=None, cmake_target_skip_unavailable=False, cmake_clean_cache=False, cmake_clean_first=False, cmake_force_configure=False, ament_cmake_args=None, catkin_cmake_args=None, catkin_skip_building_tests=False, mixin_files=None, mixin=None, verb_parser=<colcon_mixin.mixin.mixin_argument.MixinArgumentDecorator object at 0x7bff9a5cf1f0>, verb_extension=<colcon_core.verb.build.BuildVerb object at 0x7bff99e05d50>, main=<bound method BuildVerb.main of <colcon_core.verb.build.BuildVerb object at 0x7bff99e05d50>>, mixin_verb=('build',))
[4.326s] Level 1:colcon.colcon_core.package_discovery:discover_packages(colcon_meta) check parameters
[4.326s] Level 1:colcon.colcon_core.package_discovery:discover_packages(recursive) check parameters
[4.326s] Level 1:colcon.colcon_core.package_discovery:discover_packages(ignore) check parameters
[4.326s] Level 1:colcon.colcon_core.package_discovery:discover_packages(path) check parameters
[4.326s] Level 1:colcon.colcon_core.package_discovery:discover_packages(colcon_meta) discover
[4.326s] Level 1:colcon.colcon_core.package_discovery:discover_packages(recursive) discover
[4.326s] INFO:colcon.colcon_core.package_discovery:Crawling recursively for packages in '/home/loaf/Pinocchio_ws'
[4.326s] Level 1:colcon.colcon_core.package_identification:_identify(.) by extensions ['ignore', 'ignore_ament_install']
[4.326s] Level 1:colcon.colcon_core.package_identification:_identify(.) by extension 'ignore'
[4.326s] Level 1:colcon.colcon_core.package_identification:_identify(.) by extension 'ignore_ament_install'
[4.326s] Level 1:colcon.colcon_core.package_identification:_identify(.) by extensions ['colcon_pkg']
[4.326s] Level 1:colcon.colcon_core.package_identification:_identify(.) by extension 'colcon_pkg'
[4.326s] Level 1:colcon.colcon_core.package_identification:_identify(.) by extensions ['colcon_meta']
[4.326s] Level 1:colcon.colcon_core.package_identification:_identify(.) by extension 'colcon_meta'
[4.326s] Level 1:colcon.colcon_core.package_identification:_identify(.) by extensions ['ros']
[4.326s] Level 1:colcon.colcon_core.package_identification:_identify(.) by extension 'ros'
[4.342s] Level 1:colcon.colcon_core.package_identification:_identify(.) by extensions ['cmake', 'python']
[4.342s] Level 1:colcon.colcon_core.package_identification:_identify(.) by extension 'cmake'
[4.342s] Level 1:colcon.colcon_core.package_identification:_identify(.) by extension 'python'
[4.342s] Level 1:colcon.colcon_core.package_identification:_identify(.) by extensions ['python_setup_py']
[4.342s] Level 1:colcon.colcon_core.package_identification:_identify(.) by extension 'python_setup_py'
[4.342s] Level 1:colcon.colcon_core.package_identification:_identify(build) by extensions ['ignore', 'ignore_ament_install']
[4.342s] Level 1:colcon.colcon_core.package_identification:_identify(build) by extension 'ignore'
[4.342s] Level 1:colcon.colcon_core.package_identification:_identify(build) ignored
[4.342s] Level 1:colcon.colcon_core.package_identification:_identify(install) by extensions ['ignore', 'ignore_ament_install']
[4.342s] Level 1:colcon.colcon_core.package_identification:_identify(install) by extension 'ignore'
[4.342s] Level 1:colcon.colcon_core.package_identification:_identify(install) ignored
[4.342s] Level 1:colcon.colcon_core.package_identification:_identify(log) by extensions ['ignore', 'ignore_ament_install']
[4.342s] Level 1:colcon.colcon_core.package_identification:_identify(log) by extension 'ignore'
[4.342s] Level 1:colcon.colcon_core.package_identification:_identify(log) ignored
[4.342s] Level 1:colcon.colcon_core.package_identification:_identify(src) by extensions ['ignore', 'ignore_ament_install']
[4.342s] Level 1:colcon.colcon_core.package_identification:_identify(src) by extension 'ignore'
[4.342s] Level 1:colcon.colcon_core.package_identification:_identify(src) by extension 'ignore_ament_install'
[4.342s] Level 1:colcon.colcon_core.package_identification:_identify(src) by extensions ['colcon_pkg']
[4.343s] Level 1:colcon.colcon_core.package_identification:_identify(src) by extension 'colcon_pkg'
[4.343s] Level 1:colcon.colcon_core.package_identification:_identify(src) by extensions ['colcon_meta']
[4.343s] Level 1:colcon.colcon_core.package_identification:_identify(src) by extension 'colcon_meta'
[4.343s] Level 1:colcon.colcon_core.package_identification:_identify(src) by extensions ['ros']
[4.343s] Level 1:colcon.colcon_core.package_identification:_identify(src) by extension 'ros'
[4.343s] Level 1:colcon.colcon_core.package_identification:_identify(src) by extensions ['cmake', 'python']
[4.343s] Level 1:colcon.colcon_core.package_identification:_identify(src) by extension 'cmake'
[4.343s] Level 1:colcon.colcon_core.package_identification:_identify(src) by extension 'python'
[4.343s] Level 1:colcon.colcon_core.package_identification:_identify(src) by extensions ['python_setup_py']
[4.343s] Level 1:colcon.colcon_core.package_identification:_identify(src) by extension 'python_setup_py'
[4.343s] Level 1:colcon.colcon_core.package_identification:_identify(src/control_pkg) by extensions ['ignore', 'ignore_ament_install']
[4.343s] Level 1:colcon.colcon_core.package_identification:_identify(src/control_pkg) by extension 'ignore'
[4.343s] Level 1:colcon.colcon_core.package_identification:_identify(src/control_pkg) by extension 'ignore_ament_install'
[4.343s] Level 1:colcon.colcon_core.package_identification:_identify(src/control_pkg) by extensions ['colcon_pkg']
[4.343s] Level 1:colcon.colcon_core.package_identification:_identify(src/control_pkg) by extension 'colcon_pkg'
[4.343s] Level 1:colcon.colcon_core.package_identification:_identify(src/control_pkg) by extensions ['colcon_meta']
[4.343s] Level 1:colcon.colcon_core.package_identification:_identify(src/control_pkg) by extension 'colcon_meta'
[4.343s] Level 1:colcon.colcon_core.package_identification:_identify(src/control_pkg) by extensions ['ros']
[4.343s] Level 1:colcon.colcon_core.package_identification:_identify(src/control_pkg) by extension 'ros'
[4.350s] DEBUG:colcon.colcon_core.package_identification:Package 'src/control_pkg' with type 'ros.ament_cmake' and name 'control_pkg'
[4.351s] Level 1:colcon.colcon_core.package_identification:_identify(src/descrip_pino) by extensions ['ignore', 'ignore_ament_install']
[4.351s] Level 1:colcon.colcon_core.package_identification:_identify(src/descrip_pino) by extension 'ignore'
[4.351s] Level 1:colcon.colcon_core.package_identification:_identify(src/descrip_pino) by extension 'ignore_ament_install'
[4.351s] Level 1:colcon.colcon_core.package_identification:_identify(src/descrip_pino) by extensions ['colcon_pkg']
[4.351s] Level 1:colcon.colcon_core.package_identification:_identify(src/descrip_pino) by extension 'colcon_pkg'
[4.351s] Level 1:colcon.colcon_core.package_identification:_identify(src/descrip_pino) by extensions ['colcon_meta']
[4.351s] Level 1:colcon.colcon_core.package_identification:_identify(src/descrip_pino) by extension 'colcon_meta'
[4.351s] Level 1:colcon.colcon_core.package_identification:_identify(src/descrip_pino) by extensions ['ros']
[4.351s] Level 1:colcon.colcon_core.package_identification:_identify(src/descrip_pino) by extension 'ros'
[4.351s] DEBUG:colcon.colcon_core.package_identification:Package 'src/descrip_pino' with type 'ros.ament_cmake' and name 'descrip_pino'
[4.352s] Level 1:colcon.colcon_core.package_identification:_identify(src/mit_controllers) by extensions ['ignore', 'ignore_ament_install']
[4.352s] Level 1:colcon.colcon_core.package_identification:_identify(src/mit_controllers) by extension 'ignore'
[4.352s] Level 1:colcon.colcon_core.package_identification:_identify(src/mit_controllers) by extension 'ignore_ament_install'
[4.352s] Level 1:colcon.colcon_core.package_identification:_identify(src/mit_controllers) by extensions ['colcon_pkg']
[4.352s] Level 1:colcon.colcon_core.package_identification:_identify(src/mit_controllers) by extension 'colcon_pkg'
[4.352s] Level 1:colcon.colcon_core.package_identification:_identify(src/mit_controllers) by extensions ['colcon_meta']
[4.352s] Level 1:colcon.colcon_core.package_identification:_identify(src/mit_controllers) by extension 'colcon_meta'
[4.352s] Level 1:colcon.colcon_core.package_identification:_identify(src/mit_controllers) by extensions ['ros']
[4.352s] Level 1:colcon.colcon_core.package_identification:_identify(src/mit_controllers) by extension 'ros'
[4.353s] DEBUG:colcon.colcon_core.package_identification:Package 'src/mit_controllers' with type 'ros.ament_cmake' and name 'mit_controllers'
[4.353s] Level 1:colcon.colcon_core.package_identification:_identify(src/motor_control_msgs) by extensions ['ignore', 'ignore_ament_install']
[4.353s] Level 1:colcon.colcon_core.package_identification:_identify(src/motor_control_msgs) by extension 'ignore'
[4.353s] Level 1:colcon.colcon_core.package_identification:_identify(src/motor_control_msgs) by extension 'ignore_ament_install'
[4.353s] Level 1:colcon.colcon_core.package_identification:_identify(src/motor_control_msgs) by extensions ['colcon_pkg']
[4.353s] Level 1:colcon.colcon_core.package_identification:_identify(src/motor_control_msgs) by extension 'colcon_pkg'
[4.353s] Level 1:colcon.colcon_core.package_identification:_identify(src/motor_control_msgs) by extensions ['colcon_meta']
[4.353s] Level 1:colcon.colcon_core.package_identification:_identify(src/motor_control_msgs) by extension 'colcon_meta'
[4.353s] Level 1:colcon.colcon_core.package_identification:_identify(src/motor_control_msgs) by extensions ['ros']
[4.353s] Level 1:colcon.colcon_core.package_identification:_identify(src/motor_control_msgs) by extension 'ros'
[4.354s] DEBUG:colcon.colcon_core.package_identification:Package 'src/motor_control_msgs' with type 'ros.ament_cmake' and name 'motor_control_msgs'
[4.354s] Level 1:colcon.colcon_core.package_identification:_identify(src/mujoco_pkg) by extensions ['ignore', 'ignore_ament_install']
[4.354s] Level 1:colcon.colcon_core.package_identification:_identify(src/mujoco_pkg) by extension 'ignore'
[4.354s] Level 1:colcon.colcon_core.package_identification:_identify(src/mujoco_pkg) by extension 'ignore_ament_install'
[4.354s] Level 1:colcon.colcon_core.package_identification:_identify(src/mujoco_pkg) by extensions ['colcon_pkg']
[4.354s] Level 1:colcon.colcon_core.package_identification:_identify(src/mujoco_pkg) by extension 'colcon_pkg'
[4.354s] Level 1:colcon.colcon_core.package_identification:_identify(src/mujoco_pkg) by extensions ['colcon_meta']
[4.354s] Level 1:colcon.colcon_core.package_identification:_identify(src/mujoco_pkg) by extension 'colcon_meta'
[4.354s] Level 1:colcon.colcon_core.package_identification:_identify(src/mujoco_pkg) by extensions ['ros']
[4.354s] Level 1:colcon.colcon_core.package_identification:_identify(src/mujoco_pkg) by extension 'ros'
[4.355s] DEBUG:colcon.colcon_core.package_identification:Package 'src/mujoco_pkg' with type 'ros.ament_cmake' and name 'mujoco_pkg'
[4.355s] Level 1:colcon.colcon_core.package_discovery:discover_packages(recursive) using defaults
[4.355s] Level 1:colcon.colcon_core.package_discovery:discover_packages(ignore) discover
[4.355s] Level 1:colcon.colcon_core.package_discovery:discover_packages(ignore) using defaults
[4.355s] Level 1:colcon.colcon_core.package_discovery:discover_packages(path) discover
[4.355s] Level 1:colcon.colcon_core.package_discovery:discover_packages(path) using defaults
[4.388s] Level 1:colcon.colcon_core.package_discovery:discover_packages(prefix_path) check parameters
[4.388s] Level 1:colcon.colcon_core.package_discovery:discover_packages(prefix_path) discover
[4.398s] DEBUG:colcon.colcon_installed_package_information.package_discovery:Found 5 installed packages in /home/loaf/Pinocchio_ws/install
[4.399s] DEBUG:colcon.colcon_installed_package_information.package_discovery:Found 422 installed packages in /opt/ros/humble
[4.400s] Level 1:colcon.colcon_core.package_discovery:discover_packages(prefix_path) using defaults
[4.559s] Level 5:colcon.colcon_core.verb:set package 'descrip_pino' build argument 'cmake_args' from command line to 'None'
[4.559s] Level 5:colcon.colcon_core.verb:set package 'descrip_pino' build argument 'cmake_target' from command line to 'None'
[4.559s] Level 5:colcon.colcon_core.verb:set package 'descrip_pino' build argument 'cmake_target_skip_unavailable' from command line to 'False'
[4.559s] Level 5:colcon.colcon_core.verb:set package 'descrip_pino' build argument 'cmake_clean_cache' from command line to 'False'
[4.559s] Level 5:colcon.colcon_core.verb:set package 'descrip_pino' build argument 'cmake_clean_first' from command line to 'False'
[4.559s] Level 5:colcon.colcon_core.verb:set package 'descrip_pino' build argument 'cmake_force_configure' from command line to 'False'
[4.559s] Level 5:colcon.colcon_core.verb:set package 'descrip_pino' build argument 'ament_cmake_args' from command line to 'None'
[4.559s] Level 5:colcon.colcon_core.verb:set package 'descrip_pino' build argument 'catkin_cmake_args' from command line to 'None'
[4.559s] Level 5:colcon.colcon_core.verb:set package 'descrip_pino' build argument 'catkin_skip_building_tests' from command line to 'False'
[4.559s] DEBUG:colcon.colcon_core.verb:Building package 'descrip_pino' with the following arguments: {'ament_cmake_args': None, 'build_base': '/home/loaf/Pinocchio_ws/build/descrip_pino', 'catkin_cmake_args': None, 'catkin_skip_building_tests': False, 'cmake_args': None, 'cmake_clean_cache': False, 'cmake_clean_first': False, 'cmake_force_configure': False, 'cmake_target': None, 'cmake_target_skip_unavailable': False, 'install_base': '/home/loaf/Pinocchio_ws/install/descrip_pino', 'merge_install': False, 'path': '/home/loaf/Pinocchio_ws/src/descrip_pino', 'symlink_install': False, 'test_result_base': None}
[4.560s] Level 5:colcon.colcon_core.verb:set package 'motor_control_msgs' build argument 'cmake_args' from command line to 'None'
[4.560s] Level 5:colcon.colcon_core.verb:set package 'motor_control_msgs' build argument 'cmake_target' from command line to 'None'
[4.560s] Level 5:colcon.colcon_core.verb:set package 'motor_control_msgs' build argument 'cmake_target_skip_unavailable' from command line to 'False'
[4.560s] Level 5:colcon.colcon_core.verb:set package 'motor_control_msgs' build argument 'cmake_clean_cache' from command line to 'False'
[4.560s] Level 5:colcon.colcon_core.verb:set package 'motor_control_msgs' build argument 'cmake_clean_first' from command line to 'False'
[4.560s] Level 5:colcon.colcon_core.verb:set package 'motor_control_msgs' build argument 'cmake_force_configure' from command line to 'False'
[4.560s] Level 5:colcon.colcon_core.verb:set package 'motor_control_msgs' build argument 'ament_cmake_args' from command line to 'None'
[4.560s] Level 5:colcon.colcon_core.verb:set package 'motor_control_msgs' build argument 'catkin_cmake_args' from command line to 'None'
[4.560s] Level 5:colcon.colcon_core.verb:set package 'motor_control_msgs' build argument 'catkin_skip_building_tests' from command line to 'False'
[4.560s] DEBUG:colcon.colcon_core.verb:Building package 'motor_control_msgs' with the following arguments: {'ament_cmake_args': None, 'build_base': '/home/loaf/Pinocchio_ws/build/motor_control_msgs', 'catkin_cmake_args': None, 'catkin_skip_building_tests': False, 'cmake_args': None, 'cmake_clean_cache': False, 'cmake_clean_first': False, 'cmake_force_configure': False, 'cmake_target': None, 'cmake_target_skip_unavailable': False, 'install_base': '/home/loaf/Pinocchio_ws/install/motor_control_msgs', 'merge_install': False, 'path': '/home/loaf/Pinocchio_ws/src/motor_control_msgs', 'symlink_install': False, 'test_result_base': None}
[4.560s] Level 5:colcon.colcon_core.verb:set package 'mujoco_pkg' build argument 'cmake_args' from command line to 'None'
[4.560s] Level 5:colcon.colcon_core.verb:set package 'mujoco_pkg' build argument 'cmake_target' from command line to 'None'
[4.560s] Level 5:colcon.colcon_core.verb:set package 'mujoco_pkg' build argument 'cmake_target_skip_unavailable' from command line to 'False'
[4.560s] Level 5:colcon.colcon_core.verb:set package 'mujoco_pkg' build argument 'cmake_clean_cache' from command line to 'False'
[4.560s] Level 5:colcon.colcon_core.verb:set package 'mujoco_pkg' build argument 'cmake_clean_first' from command line to 'False'
[4.560s] Level 5:colcon.colcon_core.verb:set package 'mujoco_pkg' build argument 'cmake_force_configure' from command line to 'False'
[4.560s] Level 5:colcon.colcon_core.verb:set package 'mujoco_pkg' build argument 'ament_cmake_args' from command line to 'None'
[4.560s] Level 5:colcon.colcon_core.verb:set package 'mujoco_pkg' build argument 'catkin_cmake_args' from command line to 'None'
[4.560s] Level 5:colcon.colcon_core.verb:set package 'mujoco_pkg' build argument 'catkin_skip_building_tests' from command line to 'False'
[4.560s] DEBUG:colcon.colcon_core.verb:Building package 'mujoco_pkg' with the following arguments: {'ament_cmake_args': None, 'build_base': '/home/loaf/Pinocchio_ws/build/mujoco_pkg', 'catkin_cmake_args': None, 'catkin_skip_building_tests': False, 'cmake_args': None, 'cmake_clean_cache': False, 'cmake_clean_first': False, 'cmake_force_configure': False, 'cmake_target': None, 'cmake_target_skip_unavailable': False, 'install_base': '/home/loaf/Pinocchio_ws/install/mujoco_pkg', 'merge_install': False, 'path': '/home/loaf/Pinocchio_ws/src/mujoco_pkg', 'symlink_install': False, 'test_result_base': None}
[4.560s] Level 5:colcon.colcon_core.verb:set package 'control_pkg' build argument 'cmake_args' from command line to 'None'
[4.560s] Level 5:colcon.colcon_core.verb:set package 'control_pkg' build argument 'cmake_target' from command line to 'None'
[4.560s] Level 5:colcon.colcon_core.verb:set package 'control_pkg' build argument 'cmake_target_skip_unavailable' from command line to 'False'
[4.560s] Level 5:colcon.colcon_core.verb:set package 'control_pkg' build argument 'cmake_clean_cache' from command line to 'False'
[4.560s] Level 5:colcon.colcon_core.verb:set package 'control_pkg' build argument 'cmake_clean_first' from command line to 'False'
[4.560s] Level 5:colcon.colcon_core.verb:set package 'control_pkg' build argument 'cmake_force_configure' from command line to 'False'
[4.560s] Level 5:colcon.colcon_core.verb:set package 'control_pkg' build argument 'ament_cmake_args' from command line to 'None'
[4.560s] Level 5:colcon.colcon_core.verb:set package 'control_pkg' build argument 'catkin_cmake_args' from command line to 'None'
[4.560s] Level 5:colcon.colcon_core.verb:set package 'control_pkg' build argument 'catkin_skip_building_tests' from command line to 'False'
[4.560s] DEBUG:colcon.colcon_core.verb:Building package 'control_pkg' with the following arguments: {'ament_cmake_args': None, 'build_base': '/home/loaf/Pinocchio_ws/build/control_pkg', 'catkin_cmake_args': None, 'catkin_skip_building_tests': False, 'cmake_args': None, 'cmake_clean_cache': False, 'cmake_clean_first': False, 'cmake_force_configure': False, 'cmake_target': None, 'cmake_target_skip_unavailable': False, 'install_base': '/home/loaf/Pinocchio_ws/install/control_pkg', 'merge_install': False, 'path': '/home/loaf/Pinocchio_ws/src/control_pkg', 'symlink_install': False, 'test_result_base': None}
[4.561s] Level 5:colcon.colcon_core.verb:set package 'mit_controllers' build argument 'cmake_args' from command line to 'None'
[4.561s] Level 5:colcon.colcon_core.verb:set package 'mit_controllers' build argument 'cmake_target' from command line to 'None'
[4.561s] Level 5:colcon.colcon_core.verb:set package 'mit_controllers' build argument 'cmake_target_skip_unavailable' from command line to 'False'
[4.561s] Level 5:colcon.colcon_core.verb:set package 'mit_controllers' build argument 'cmake_clean_cache' from command line to 'False'
[4.561s] Level 5:colcon.colcon_core.verb:set package 'mit_controllers' build argument 'cmake_clean_first' from command line to 'False'
[4.561s] Level 5:colcon.colcon_core.verb:set package 'mit_controllers' build argument 'cmake_force_configure' from command line to 'False'
[4.561s] Level 5:colcon.colcon_core.verb:set package 'mit_controllers' build argument 'ament_cmake_args' from command line to 'None'
[4.561s] Level 5:colcon.colcon_core.verb:set package 'mit_controllers' build argument 'catkin_cmake_args' from command line to 'None'
[4.561s] Level 5:colcon.colcon_core.verb:set package 'mit_controllers' build argument 'catkin_skip_building_tests' from command line to 'False'
[4.561s] DEBUG:colcon.colcon_core.verb:Building package 'mit_controllers' with the following arguments: {'ament_cmake_args': None, 'build_base': '/home/loaf/Pinocchio_ws/build/mit_controllers', 'catkin_cmake_args': None, 'catkin_skip_building_tests': False, 'cmake_args': None, 'cmake_clean_cache': False, 'cmake_clean_first': False, 'cmake_force_configure': False, 'cmake_target': None, 'cmake_target_skip_unavailable': False, 'install_base': '/home/loaf/Pinocchio_ws/install/mit_controllers', 'merge_install': False, 'path': '/home/loaf/Pinocchio_ws/src/mit_controllers', 'symlink_install': False, 'test_result_base': None}
[4.561s] INFO:colcon.colcon_core.executor:Executing jobs using 'parallel' executor
[4.562s] DEBUG:colcon.colcon_parallel_executor.executor.parallel:run_until_complete
[4.562s] INFO:colcon.colcon_ros.task.ament_cmake.build:Building ROS package in '/home/loaf/Pinocchio_ws/src/motor_control_msgs' with build type 'ament_cmake'
[4.562s] INFO:colcon.colcon_cmake.task.cmake.build:Building CMake package in '/home/loaf/Pinocchio_ws/src/motor_control_msgs'
[4.570s] INFO:colcon.colcon_core.plugin_system:Skipping extension 'colcon_core.shell.bat': Not used on non-Windows systems
[4.570s] INFO:colcon.colcon_core.shell:Skip shell extension 'powershell' for command environment: Not usable outside of PowerShell
[4.570s] DEBUG:colcon.colcon_core.shell:Skip shell extension 'dsv' for command environment
[4.573s] INFO:colcon.colcon_ros.task.ament_cmake.build:Building ROS package in '/home/loaf/Pinocchio_ws/src/descrip_pino' with build type 'ament_cmake'
[4.573s] INFO:colcon.colcon_cmake.task.cmake.build:Building CMake package in '/home/loaf/Pinocchio_ws/src/descrip_pino'
[4.573s] INFO:colcon.colcon_core.shell:Skip shell extension 'powershell' for command environment: Not usable outside of PowerShell
[4.573s] DEBUG:colcon.colcon_core.shell:Skip shell extension 'dsv' for command environment
[4.575s] INFO:colcon.colcon_ros.task.ament_cmake.build:Building ROS package in '/home/loaf/Pinocchio_ws/src/mujoco_pkg' with build type 'ament_cmake'
[4.575s] INFO:colcon.colcon_cmake.task.cmake.build:Building CMake package in '/home/loaf/Pinocchio_ws/src/mujoco_pkg'
[4.576s] INFO:colcon.colcon_core.shell:Skip shell extension 'powershell' for command environment: Not usable outside of PowerShell
[4.576s] DEBUG:colcon.colcon_core.shell:Skip shell extension 'dsv' for command environment
[4.592s] DEBUG:colcon.colcon_core.event_handler.log_command:Invoking command in '/home/loaf/Pinocchio_ws/build/motor_control_msgs': CMAKE_PREFIX_PATH=${CMAKE_PREFIX_PATH}:/opt/ros/humble /usr/bin/cmake --build /home/loaf/Pinocchio_ws/build/motor_control_msgs -- -j24 -l24
[4.623s] DEBUG:colcon.colcon_core.event_handler.log_command:Invoking command in '/home/loaf/Pinocchio_ws/build/descrip_pino': CMAKE_PREFIX_PATH=${CMAKE_PREFIX_PATH}:/opt/ros/humble /usr/bin/cmake --build /home/loaf/Pinocchio_ws/build/descrip_pino -- -j24 -l24
[4.642s] DEBUG:colcon.colcon_core.event_handler.log_command:Invoking command in '/home/loaf/Pinocchio_ws/build/mujoco_pkg': CMAKE_PREFIX_PATH=${CMAKE_PREFIX_PATH}:/opt/ros/humble /usr/bin/cmake --build /home/loaf/Pinocchio_ws/build/mujoco_pkg -- -j24 -l24
[4.748s] DEBUG:colcon.colcon_core.event_handler.log_command:Invoked command in '/home/loaf/Pinocchio_ws/build/descrip_pino' returned '0': CMAKE_PREFIX_PATH=${CMAKE_PREFIX_PATH}:/opt/ros/humble /usr/bin/cmake --build /home/loaf/Pinocchio_ws/build/descrip_pino -- -j24 -l24
[4.763s] DEBUG:colcon.colcon_core.event_handler.log_command:Invoking command in '/home/loaf/Pinocchio_ws/build/descrip_pino': CMAKE_PREFIX_PATH=${CMAKE_PREFIX_PATH}:/opt/ros/humble /usr/bin/cmake --install /home/loaf/Pinocchio_ws/build/descrip_pino
[4.792s] Level 1:colcon.colcon_core.environment:create_environment_scripts_only(descrip_pino)
[4.797s] DEBUG:colcon.colcon_core.event_handler.log_command:Invoked command in '/home/loaf/Pinocchio_ws/build/descrip_pino' returned '0': CMAKE_PREFIX_PATH=${CMAKE_PREFIX_PATH}:/opt/ros/humble /usr/bin/cmake --install /home/loaf/Pinocchio_ws/build/descrip_pino
[4.811s] Level 1:colcon.colcon_core.environment:checking '/home/loaf/Pinocchio_ws/install/descrip_pino' for CMake module files
[4.812s] Level 1:colcon.colcon_core.environment:checking '/home/loaf/Pinocchio_ws/install/descrip_pino' for CMake config files
[4.812s] Level 1:colcon.colcon_core.shell:create_environment_hook('descrip_pino', 'cmake_prefix_path')
[4.812s] INFO:colcon.colcon_core.shell:Creating environment hook '/home/loaf/Pinocchio_ws/install/descrip_pino/share/descrip_pino/hook/cmake_prefix_path.ps1'
[4.813s] INFO:colcon.colcon_core.shell:Creating environment descriptor '/home/loaf/Pinocchio_ws/install/descrip_pino/share/descrip_pino/hook/cmake_prefix_path.dsv'
[4.813s] INFO:colcon.colcon_core.shell:Creating environment hook '/home/loaf/Pinocchio_ws/install/descrip_pino/share/descrip_pino/hook/cmake_prefix_path.sh'
[4.814s] Level 1:colcon.colcon_core.environment:checking '/home/loaf/Pinocchio_ws/install/descrip_pino/bin'
[4.814s] Level 1:colcon.colcon_core.environment:checking '/home/loaf/Pinocchio_ws/install/descrip_pino/lib/pkgconfig/descrip_pino.pc'
[4.814s] Level 1:colcon.colcon_core.environment:checking '/home/loaf/Pinocchio_ws/install/descrip_pino/lib/python3.10/site-packages'
[4.814s] Level 1:colcon.colcon_core.environment:checking '/home/loaf/Pinocchio_ws/install/descrip_pino/bin'
[4.814s] INFO:colcon.colcon_core.shell:Creating package script '/home/loaf/Pinocchio_ws/install/descrip_pino/share/descrip_pino/package.ps1'
[4.816s] INFO:colcon.colcon_core.shell:Creating package descriptor '/home/loaf/Pinocchio_ws/install/descrip_pino/share/descrip_pino/package.dsv'
[4.823s] INFO:colcon.colcon_core.shell:Creating package script '/home/loaf/Pinocchio_ws/install/descrip_pino/share/descrip_pino/package.sh'
[4.831s] INFO:colcon.colcon_core.shell:Creating package script '/home/loaf/Pinocchio_ws/install/descrip_pino/share/descrip_pino/package.bash'
[4.832s] INFO:colcon.colcon_core.shell:Creating package script '/home/loaf/Pinocchio_ws/install/descrip_pino/share/descrip_pino/package.zsh'
[4.834s] Level 1:colcon.colcon_core.environment:create_file_with_runtime_dependencies(/home/loaf/Pinocchio_ws/install/descrip_pino/share/colcon-core/packages/descrip_pino)
[4.834s] Level 1:colcon.colcon_core.environment:create_environment_scripts_only(descrip_pino)
[4.834s] Level 1:colcon.colcon_core.environment:checking '/home/loaf/Pinocchio_ws/install/descrip_pino' for CMake module files
[4.835s] Level 1:colcon.colcon_core.environment:checking '/home/loaf/Pinocchio_ws/install/descrip_pino' for CMake config files
[4.835s] Level 1:colcon.colcon_core.shell:create_environment_hook('descrip_pino', 'cmake_prefix_path')
[4.835s] INFO:colcon.colcon_core.shell:Creating environment hook '/home/loaf/Pinocchio_ws/install/descrip_pino/share/descrip_pino/hook/cmake_prefix_path.ps1'
[4.835s] INFO:colcon.colcon_core.shell:Creating environment descriptor '/home/loaf/Pinocchio_ws/install/descrip_pino/share/descrip_pino/hook/cmake_prefix_path.dsv'
[4.835s] INFO:colcon.colcon_core.shell:Creating environment hook '/home/loaf/Pinocchio_ws/install/descrip_pino/share/descrip_pino/hook/cmake_prefix_path.sh'
[4.836s] Level 1:colcon.colcon_core.environment:checking '/home/loaf/Pinocchio_ws/install/descrip_pino/bin'
[4.836s] Level 1:colcon.colcon_core.environment:checking '/home/loaf/Pinocchio_ws/install/descrip_pino/lib/pkgconfig/descrip_pino.pc'
[4.836s] Level 1:colcon.colcon_core.environment:checking '/home/loaf/Pinocchio_ws/install/descrip_pino/lib/python3.10/site-packages'
[4.836s] Level 1:colcon.colcon_core.environment:checking '/home/loaf/Pinocchio_ws/install/descrip_pino/bin'
[4.836s] INFO:colcon.colcon_core.shell:Creating package script '/home/loaf/Pinocchio_ws/install/descrip_pino/share/descrip_pino/package.ps1'
[4.837s] INFO:colcon.colcon_core.shell:Creating package descriptor '/home/loaf/Pinocchio_ws/install/descrip_pino/share/descrip_pino/package.dsv'
[4.837s] INFO:colcon.colcon_core.shell:Creating package script '/home/loaf/Pinocchio_ws/install/descrip_pino/share/descrip_pino/package.sh'
[4.837s] INFO:colcon.colcon_core.shell:Creating package script '/home/loaf/Pinocchio_ws/install/descrip_pino/share/descrip_pino/package.bash'
[4.838s] INFO:colcon.colcon_core.shell:Creating package script '/home/loaf/Pinocchio_ws/install/descrip_pino/share/descrip_pino/package.zsh'
[4.838s] Level 1:colcon.colcon_core.environment:create_file_with_runtime_dependencies(/home/loaf/Pinocchio_ws/install/descrip_pino/share/colcon-core/packages/descrip_pino)
[4.839s] DEBUG:colcon.colcon_core.event_handler.log_command:Invoked command in '/home/loaf/Pinocchio_ws/build/mujoco_pkg' returned '0': CMAKE_PREFIX_PATH=${CMAKE_PREFIX_PATH}:/opt/ros/humble /usr/bin/cmake --build /home/loaf/Pinocchio_ws/build/mujoco_pkg -- -j24 -l24
[4.843s] DEBUG:colcon.colcon_core.event_handler.log_command:Invoking command in '/home/loaf/Pinocchio_ws/build/mujoco_pkg': CMAKE_PREFIX_PATH=${CMAKE_PREFIX_PATH}:/opt/ros/humble /usr/bin/cmake --install /home/loaf/Pinocchio_ws/build/mujoco_pkg
[4.854s] Level 1:colcon.colcon_core.environment:create_environment_scripts_only(mujoco_pkg)
[4.854s] Level 1:colcon.colcon_core.environment:checking '/home/loaf/Pinocchio_ws/install/mujoco_pkg' for CMake module files
[4.855s] DEBUG:colcon.colcon_core.event_handler.log_command:Invoked command in '/home/loaf/Pinocchio_ws/build/mujoco_pkg' returned '0': CMAKE_PREFIX_PATH=${CMAKE_PREFIX_PATH}:/opt/ros/humble /usr/bin/cmake --install /home/loaf/Pinocchio_ws/build/mujoco_pkg
[4.869s] Level 1:colcon.colcon_core.environment:checking '/home/loaf/Pinocchio_ws/install/mujoco_pkg' for CMake config files
[4.871s] Level 1:colcon.colcon_core.shell:create_environment_hook('mujoco_pkg', 'cmake_prefix_path')
[4.871s] INFO:colcon.colcon_core.shell:Creating environment hook '/home/loaf/Pinocchio_ws/install/mujoco_pkg/share/mujoco_pkg/hook/cmake_prefix_path.ps1'
[4.872s] INFO:colcon.colcon_core.shell:Creating environment descriptor '/home/loaf/Pinocchio_ws/install/mujoco_pkg/share/mujoco_pkg/hook/cmake_prefix_path.dsv'
[4.872s] INFO:colcon.colcon_core.shell:Creating environment hook '/home/loaf/Pinocchio_ws/install/mujoco_pkg/share/mujoco_pkg/hook/cmake_prefix_path.sh'
[4.873s] Level 1:colcon.colcon_core.environment:checking '/home/loaf/Pinocchio_ws/install/mujoco_pkg/lib'
[4.881s] Level 1:colcon.colcon_core.environment:checking '/home/loaf/Pinocchio_ws/install/mujoco_pkg/bin'
[4.881s] Level 1:colcon.colcon_core.environment:checking '/home/loaf/Pinocchio_ws/install/mujoco_pkg/lib/pkgconfig/mujoco_pkg.pc'
[4.881s] Level 1:colcon.colcon_core.environment:checking '/home/loaf/Pinocchio_ws/install/mujoco_pkg/lib/python3.10/site-packages'
[4.881s] Level 1:colcon.colcon_core.environment:checking '/home/loaf/Pinocchio_ws/install/mujoco_pkg/bin'
[4.882s] INFO:colcon.colcon_core.shell:Creating package script '/home/loaf/Pinocchio_ws/install/mujoco_pkg/share/mujoco_pkg/package.ps1'
[4.882s] INFO:colcon.colcon_core.shell:Creating package descriptor '/home/loaf/Pinocchio_ws/install/mujoco_pkg/share/mujoco_pkg/package.dsv'
[4.882s] INFO:colcon.colcon_core.shell:Creating package script '/home/loaf/Pinocchio_ws/install/mujoco_pkg/share/mujoco_pkg/package.sh'
[4.882s] INFO:colcon.colcon_core.shell:Creating package script '/home/loaf/Pinocchio_ws/install/mujoco_pkg/share/mujoco_pkg/package.bash'
[4.883s] INFO:colcon.colcon_core.shell:Creating package script '/home/loaf/Pinocchio_ws/install/mujoco_pkg/share/mujoco_pkg/package.zsh'
[4.883s] Level 1:colcon.colcon_core.environment:create_file_with_runtime_dependencies(/home/loaf/Pinocchio_ws/install/mujoco_pkg/share/colcon-core/packages/mujoco_pkg)
[4.883s] Level 1:colcon.colcon_core.environment:create_environment_scripts_only(mujoco_pkg)
[4.883s] Level 1:colcon.colcon_core.environment:checking '/home/loaf/Pinocchio_ws/install/mujoco_pkg' for CMake module files
[4.883s] Level 1:colcon.colcon_core.environment:checking '/home/loaf/Pinocchio_ws/install/mujoco_pkg' for CMake config files
[4.883s] Level 1:colcon.colcon_core.shell:create_environment_hook('mujoco_pkg', 'cmake_prefix_path')
[4.884s] INFO:colcon.colcon_core.shell:Creating environment hook '/home/loaf/Pinocchio_ws/install/mujoco_pkg/share/mujoco_pkg/hook/cmake_prefix_path.ps1'
[4.884s] INFO:colcon.colcon_core.shell:Creating environment descriptor '/home/loaf/Pinocchio_ws/install/mujoco_pkg/share/mujoco_pkg/hook/cmake_prefix_path.dsv'
[4.884s] INFO:colcon.colcon_core.shell:Creating environment hook '/home/loaf/Pinocchio_ws/install/mujoco_pkg/share/mujoco_pkg/hook/cmake_prefix_path.sh'
[4.884s] Level 1:colcon.colcon_core.environment:checking '/home/loaf/Pinocchio_ws/install/mujoco_pkg/lib'
[4.884s] Level 1:colcon.colcon_core.environment:checking '/home/loaf/Pinocchio_ws/install/mujoco_pkg/bin'
[4.884s] Level 1:colcon.colcon_core.environment:checking '/home/loaf/Pinocchio_ws/install/mujoco_pkg/lib/pkgconfig/mujoco_pkg.pc'
[4.884s] Level 1:colcon.colcon_core.environment:checking '/home/loaf/Pinocchio_ws/install/mujoco_pkg/lib/python3.10/site-packages'
[4.885s] Level 1:colcon.colcon_core.environment:checking '/home/loaf/Pinocchio_ws/install/mujoco_pkg/bin'
[4.885s] INFO:colcon.colcon_core.shell:Creating package script '/home/loaf/Pinocchio_ws/install/mujoco_pkg/share/mujoco_pkg/package.ps1'
[4.885s] INFO:colcon.colcon_core.shell:Creating package descriptor '/home/loaf/Pinocchio_ws/install/mujoco_pkg/share/mujoco_pkg/package.dsv'
[4.885s] INFO:colcon.colcon_core.shell:Creating package script '/home/loaf/Pinocchio_ws/install/mujoco_pkg/share/mujoco_pkg/package.sh'
[4.885s] INFO:colcon.colcon_core.shell:Creating package script '/home/loaf/Pinocchio_ws/install/mujoco_pkg/share/mujoco_pkg/package.bash'
[4.886s] INFO:colcon.colcon_core.shell:Creating package script '/home/loaf/Pinocchio_ws/install/mujoco_pkg/share/mujoco_pkg/package.zsh'
[4.886s] Level 1:colcon.colcon_core.environment:create_file_with_runtime_dependencies(/home/loaf/Pinocchio_ws/install/mujoco_pkg/share/colcon-core/packages/mujoco_pkg)
[5.002s] DEBUG:colcon.colcon_core.event_handler.log_command:Invoked command in '/home/loaf/Pinocchio_ws/build/motor_control_msgs' returned '0': CMAKE_PREFIX_PATH=${CMAKE_PREFIX_PATH}:/opt/ros/humble /usr/bin/cmake --build /home/loaf/Pinocchio_ws/build/motor_control_msgs -- -j24 -l24
[5.008s] DEBUG:colcon.colcon_core.event_handler.log_command:Invoking command in '/home/loaf/Pinocchio_ws/build/motor_control_msgs': CMAKE_PREFIX_PATH=${CMAKE_PREFIX_PATH}:/opt/ros/humble /usr/bin/cmake --install /home/loaf/Pinocchio_ws/build/motor_control_msgs
[5.085s] Level 1:colcon.colcon_core.environment:create_environment_scripts_only(motor_control_msgs)
[5.085s] Level 1:colcon.colcon_core.environment:checking '/home/loaf/Pinocchio_ws/install/motor_control_msgs' for CMake module files
[5.085s] DEBUG:colcon.colcon_core.event_handler.log_command:Invoked command in '/home/loaf/Pinocchio_ws/build/motor_control_msgs' returned '0': CMAKE_PREFIX_PATH=${CMAKE_PREFIX_PATH}:/opt/ros/humble /usr/bin/cmake --install /home/loaf/Pinocchio_ws/build/motor_control_msgs
[5.091s] Level 1:colcon.colcon_core.environment:checking '/home/loaf/Pinocchio_ws/install/motor_control_msgs' for CMake config files
[5.091s] Level 1:colcon.colcon_core.shell:create_environment_hook('motor_control_msgs', 'cmake_prefix_path')
[5.091s] INFO:colcon.colcon_core.shell:Creating environment hook '/home/loaf/Pinocchio_ws/install/motor_control_msgs/share/motor_control_msgs/hook/cmake_prefix_path.ps1'
[5.092s] INFO:colcon.colcon_core.shell:Creating environment descriptor '/home/loaf/Pinocchio_ws/install/motor_control_msgs/share/motor_control_msgs/hook/cmake_prefix_path.dsv'
[5.092s] INFO:colcon.colcon_core.shell:Creating environment hook '/home/loaf/Pinocchio_ws/install/motor_control_msgs/share/motor_control_msgs/hook/cmake_prefix_path.sh'
[5.092s] Level 1:colcon.colcon_core.environment:checking '/home/loaf/Pinocchio_ws/install/motor_control_msgs/lib'
[5.092s] Level 1:colcon.colcon_core.shell:create_environment_hook('motor_control_msgs', 'ld_library_path_lib')
[5.092s] INFO:colcon.colcon_core.shell:Creating environment hook '/home/loaf/Pinocchio_ws/install/motor_control_msgs/share/motor_control_msgs/hook/ld_library_path_lib.ps1'
[5.093s] INFO:colcon.colcon_core.shell:Creating environment descriptor '/home/loaf/Pinocchio_ws/install/motor_control_msgs/share/motor_control_msgs/hook/ld_library_path_lib.dsv'
[5.093s] INFO:colcon.colcon_core.shell:Creating environment hook '/home/loaf/Pinocchio_ws/install/motor_control_msgs/share/motor_control_msgs/hook/ld_library_path_lib.sh'
[5.093s] Level 1:colcon.colcon_core.environment:checking '/home/loaf/Pinocchio_ws/install/motor_control_msgs/bin'
[5.093s] Level 1:colcon.colcon_core.environment:checking '/home/loaf/Pinocchio_ws/install/motor_control_msgs/lib/pkgconfig/motor_control_msgs.pc'
[5.093s] Level 1:colcon.colcon_core.environment:checking '/home/loaf/Pinocchio_ws/install/motor_control_msgs/lib/python3.10/site-packages'
[5.093s] Level 1:colcon.colcon_core.environment:checking '/home/loaf/Pinocchio_ws/install/motor_control_msgs/bin'
[5.094s] INFO:colcon.colcon_core.shell:Creating package script '/home/loaf/Pinocchio_ws/install/motor_control_msgs/share/motor_control_msgs/package.ps1'
[5.094s] INFO:colcon.colcon_core.shell:Creating package descriptor '/home/loaf/Pinocchio_ws/install/motor_control_msgs/share/motor_control_msgs/package.dsv'
[5.094s] INFO:colcon.colcon_core.shell:Creating package script '/home/loaf/Pinocchio_ws/install/motor_control_msgs/share/motor_control_msgs/package.sh'
[5.094s] INFO:colcon.colcon_core.shell:Creating package script '/home/loaf/Pinocchio_ws/install/motor_control_msgs/share/motor_control_msgs/package.bash'
[5.094s] INFO:colcon.colcon_core.shell:Creating package script '/home/loaf/Pinocchio_ws/install/motor_control_msgs/share/motor_control_msgs/package.zsh'
[5.094s] Level 1:colcon.colcon_core.environment:create_file_with_runtime_dependencies(/home/loaf/Pinocchio_ws/install/motor_control_msgs/share/colcon-core/packages/motor_control_msgs)
[5.095s] Level 1:colcon.colcon_core.environment:create_environment_scripts_only(motor_control_msgs)
[5.095s] Level 1:colcon.colcon_core.environment:checking '/home/loaf/Pinocchio_ws/install/motor_control_msgs' for CMake module files
[5.095s] Level 1:colcon.colcon_core.environment:checking '/home/loaf/Pinocchio_ws/install/motor_control_msgs' for CMake config files
[5.095s] Level 1:colcon.colcon_core.shell:create_environment_hook('motor_control_msgs', 'cmake_prefix_path')
[5.095s] INFO:colcon.colcon_core.shell:Creating environment hook '/home/loaf/Pinocchio_ws/install/motor_control_msgs/share/motor_control_msgs/hook/cmake_prefix_path.ps1'
[5.096s] INFO:colcon.colcon_core.shell:Creating environment descriptor '/home/loaf/Pinocchio_ws/install/motor_control_msgs/share/motor_control_msgs/hook/cmake_prefix_path.dsv'
[5.096s] INFO:colcon.colcon_core.shell:Creating environment hook '/home/loaf/Pinocchio_ws/install/motor_control_msgs/share/motor_control_msgs/hook/cmake_prefix_path.sh'
[5.096s] Level 1:colcon.colcon_core.environment:checking '/home/loaf/Pinocchio_ws/install/motor_control_msgs/lib'
[5.096s] Level 1:colcon.colcon_core.shell:create_environment_hook('motor_control_msgs', 'ld_library_path_lib')
[5.096s] INFO:colcon.colcon_core.shell:Creating environment hook '/home/loaf/Pinocchio_ws/install/motor_control_msgs/share/motor_control_msgs/hook/ld_library_path_lib.ps1'
[5.096s] INFO:colcon.colcon_core.shell:Creating environment descriptor '/home/loaf/Pinocchio_ws/install/motor_control_msgs/share/motor_control_msgs/hook/ld_library_path_lib.dsv'
[5.097s] INFO:colcon.colcon_core.shell:Creating environment hook '/home/loaf/Pinocchio_ws/install/motor_control_msgs/share/motor_control_msgs/hook/ld_library_path_lib.sh'
[5.097s] Level 1:colcon.colcon_core.environment:checking '/home/loaf/Pinocchio_ws/install/motor_control_msgs/bin'
[5.097s] Level 1:colcon.colcon_core.environment:checking '/home/loaf/Pinocchio_ws/install/motor_control_msgs/lib/pkgconfig/motor_control_msgs.pc'
[5.097s] Level 1:colcon.colcon_core.environment:checking '/home/loaf/Pinocchio_ws/install/motor_control_msgs/lib/python3.10/site-packages'
[5.097s] Level 1:colcon.colcon_core.environment:checking '/home/loaf/Pinocchio_ws/install/motor_control_msgs/bin'
[5.097s] INFO:colcon.colcon_core.shell:Creating package script '/home/loaf/Pinocchio_ws/install/motor_control_msgs/share/motor_control_msgs/package.ps1'
[5.098s] INFO:colcon.colcon_core.shell:Creating package descriptor '/home/loaf/Pinocchio_ws/install/motor_control_msgs/share/motor_control_msgs/package.dsv'
[5.098s] INFO:colcon.colcon_core.shell:Creating package script '/home/loaf/Pinocchio_ws/install/motor_control_msgs/share/motor_control_msgs/package.sh'
[5.098s] INFO:colcon.colcon_core.shell:Creating package script '/home/loaf/Pinocchio_ws/install/motor_control_msgs/share/motor_control_msgs/package.bash'
[5.098s] INFO:colcon.colcon_core.shell:Creating package script '/home/loaf/Pinocchio_ws/install/motor_control_msgs/share/motor_control_msgs/package.zsh'
[5.098s] Level 1:colcon.colcon_core.environment:create_file_with_runtime_dependencies(/home/loaf/Pinocchio_ws/install/motor_control_msgs/share/colcon-core/packages/motor_control_msgs)
[5.099s] INFO:colcon.colcon_ros.task.ament_cmake.build:Building ROS package in '/home/loaf/Pinocchio_ws/src/control_pkg' with build type 'ament_cmake'
[5.099s] INFO:colcon.colcon_cmake.task.cmake.build:Building CMake package in '/home/loaf/Pinocchio_ws/src/control_pkg'
[5.099s] INFO:colcon.colcon_core.shell:Skip shell extension 'powershell' for command environment: Not usable outside of PowerShell
[5.099s] DEBUG:colcon.colcon_core.shell:Skip shell extension 'dsv' for command environment
[5.103s] INFO:colcon.colcon_ros.task.ament_cmake.build:Building ROS package in '/home/loaf/Pinocchio_ws/src/mit_controllers' with build type 'ament_cmake'
[5.103s] INFO:colcon.colcon_cmake.task.cmake.build:Building CMake package in '/home/loaf/Pinocchio_ws/src/mit_controllers'
[5.103s] INFO:colcon.colcon_core.shell:Skip shell extension 'powershell' for command environment: Not usable outside of PowerShell
[5.103s] DEBUG:colcon.colcon_core.shell:Skip shell extension 'dsv' for command environment
[5.125s] DEBUG:colcon.colcon_core.event_handler.log_command:Invoking command in '/home/loaf/Pinocchio_ws/build/control_pkg': CMAKE_PREFIX_PATH=/home/loaf/Pinocchio_ws/install/motor_control_msgs:/home/loaf/Pinocchio_ws/install/mujoco_pkg:/home/loaf/Pinocchio_ws/install/mit_controllers:/home/loaf/Pinocchio_ws/install/control_pkg:/home/loaf/Pinocchio_ws/install/descrip_pino:/opt/ros/humble LD_LIBRARY_PATH=/home/loaf/Pinocchio_ws/install/motor_control_msgs/lib:/home/loaf/Pinocchio_ws/install/mit_controllers/lib:/usr/lib/x86_64-linux-gnu/gazebo-11/plugins:/opt/ros/humble/opt/rviz_ogre_vendor/lib:/opt/ros/humble/lib/x86_64-linux-gnu:/opt/ros/humble/lib /usr/bin/cmake --build /home/loaf/Pinocchio_ws/build/control_pkg -- -j24 -l24
[5.133s] DEBUG:colcon.colcon_core.event_handler.log_command:Invoking command in '/home/loaf/Pinocchio_ws/build/mit_controllers': CMAKE_PREFIX_PATH=/home/loaf/Pinocchio_ws/install/motor_control_msgs:/home/loaf/Pinocchio_ws/install/mujoco_pkg:/home/loaf/Pinocchio_ws/install/mit_controllers:/home/loaf/Pinocchio_ws/install/control_pkg:/home/loaf/Pinocchio_ws/install/descrip_pino:/opt/ros/humble LD_LIBRARY_PATH=/home/loaf/Pinocchio_ws/install/motor_control_msgs/lib:/home/loaf/Pinocchio_ws/install/mit_controllers/lib:/usr/lib/x86_64-linux-gnu/gazebo-11/plugins:/opt/ros/humble/opt/rviz_ogre_vendor/lib:/opt/ros/humble/lib/x86_64-linux-gnu:/opt/ros/humble/lib /usr/bin/cmake --build /home/loaf/Pinocchio_ws/build/mit_controllers -- -j24 -l24
[5.242s] DEBUG:colcon.colcon_core.event_handler.log_command:Invoked command in '/home/loaf/Pinocchio_ws/build/mit_controllers' returned '0': CMAKE_PREFIX_PATH=/home/loaf/Pinocchio_ws/install/motor_control_msgs:/home/loaf/Pinocchio_ws/install/mujoco_pkg:/home/loaf/Pinocchio_ws/install/mit_controllers:/home/loaf/Pinocchio_ws/install/control_pkg:/home/loaf/Pinocchio_ws/install/descrip_pino:/opt/ros/humble LD_LIBRARY_PATH=/home/loaf/Pinocchio_ws/install/motor_control_msgs/lib:/home/loaf/Pinocchio_ws/install/mit_controllers/lib:/usr/lib/x86_64-linux-gnu/gazebo-11/plugins:/opt/ros/humble/opt/rviz_ogre_vendor/lib:/opt/ros/humble/lib/x86_64-linux-gnu:/opt/ros/humble/lib /usr/bin/cmake --build /home/loaf/Pinocchio_ws/build/mit_controllers -- -j24 -l24
[5.244s] DEBUG:colcon.colcon_core.event_handler.log_command:Invoking command in '/home/loaf/Pinocchio_ws/build/mit_controllers': CMAKE_PREFIX_PATH=/home/loaf/Pinocchio_ws/install/motor_control_msgs:/home/loaf/Pinocchio_ws/install/mujoco_pkg:/home/loaf/Pinocchio_ws/install/mit_controllers:/home/loaf/Pinocchio_ws/install/control_pkg:/home/loaf/Pinocchio_ws/install/descrip_pino:/opt/ros/humble LD_LIBRARY_PATH=/home/loaf/Pinocchio_ws/install/motor_control_msgs/lib:/home/loaf/Pinocchio_ws/install/mit_controllers/lib:/usr/lib/x86_64-linux-gnu/gazebo-11/plugins:/opt/ros/humble/opt/rviz_ogre_vendor/lib:/opt/ros/humble/lib/x86_64-linux-gnu:/opt/ros/humble/lib /usr/bin/cmake --install /home/loaf/Pinocchio_ws/build/mit_controllers
[5.254s] Level 1:colcon.colcon_core.environment:create_environment_scripts_only(mit_controllers)
[5.254s] Level 1:colcon.colcon_core.environment:checking '/home/loaf/Pinocchio_ws/install/mit_controllers' for CMake module files
[5.254s] DEBUG:colcon.colcon_core.event_handler.log_command:Invoked command in '/home/loaf/Pinocchio_ws/build/mit_controllers' returned '0': CMAKE_PREFIX_PATH=/home/loaf/Pinocchio_ws/install/motor_control_msgs:/home/loaf/Pinocchio_ws/install/mujoco_pkg:/home/loaf/Pinocchio_ws/install/mit_controllers:/home/loaf/Pinocchio_ws/install/control_pkg:/home/loaf/Pinocchio_ws/install/descrip_pino:/opt/ros/humble LD_LIBRARY_PATH=/home/loaf/Pinocchio_ws/install/motor_control_msgs/lib:/home/loaf/Pinocchio_ws/install/mit_controllers/lib:/usr/lib/x86_64-linux-gnu/gazebo-11/plugins:/opt/ros/humble/opt/rviz_ogre_vendor/lib:/opt/ros/humble/lib/x86_64-linux-gnu:/opt/ros/humble/lib /usr/bin/cmake --install /home/loaf/Pinocchio_ws/build/mit_controllers
[5.261s] Level 1:colcon.colcon_core.environment:checking '/home/loaf/Pinocchio_ws/install/mit_controllers' for CMake config files
[5.271s] Level 1:colcon.colcon_core.shell:create_environment_hook('mit_controllers', 'cmake_prefix_path')
[5.271s] INFO:colcon.colcon_core.shell:Creating environment hook '/home/loaf/Pinocchio_ws/install/mit_controllers/share/mit_controllers/hook/cmake_prefix_path.ps1'
[5.272s] INFO:colcon.colcon_core.shell:Creating environment descriptor '/home/loaf/Pinocchio_ws/install/mit_controllers/share/mit_controllers/hook/cmake_prefix_path.dsv'
[5.272s] INFO:colcon.colcon_core.shell:Creating environment hook '/home/loaf/Pinocchio_ws/install/mit_controllers/share/mit_controllers/hook/cmake_prefix_path.sh'
[5.272s] Level 1:colcon.colcon_core.environment:checking '/home/loaf/Pinocchio_ws/install/mit_controllers/lib'
[5.272s] Level 1:colcon.colcon_core.shell:create_environment_hook('mit_controllers', 'ld_library_path_lib')
[5.273s] INFO:colcon.colcon_core.shell:Creating environment hook '/home/loaf/Pinocchio_ws/install/mit_controllers/share/mit_controllers/hook/ld_library_path_lib.ps1'
[5.273s] INFO:colcon.colcon_core.shell:Creating environment descriptor '/home/loaf/Pinocchio_ws/install/mit_controllers/share/mit_controllers/hook/ld_library_path_lib.dsv'
[5.273s] INFO:colcon.colcon_core.shell:Creating environment hook '/home/loaf/Pinocchio_ws/install/mit_controllers/share/mit_controllers/hook/ld_library_path_lib.sh'
[5.273s] Level 1:colcon.colcon_core.environment:checking '/home/loaf/Pinocchio_ws/install/mit_controllers/bin'
[5.273s] Level 1:colcon.colcon_core.environment:checking '/home/loaf/Pinocchio_ws/install/mit_controllers/lib/pkgconfig/mit_controllers.pc'
[5.273s] Level 1:colcon.colcon_core.environment:checking '/home/loaf/Pinocchio_ws/install/mit_controllers/lib/python3.10/site-packages'
[5.274s] Level 1:colcon.colcon_core.environment:checking '/home/loaf/Pinocchio_ws/install/mit_controllers/bin'
[5.274s] INFO:colcon.colcon_core.shell:Creating package script '/home/loaf/Pinocchio_ws/install/mit_controllers/share/mit_controllers/package.ps1'
[5.274s] INFO:colcon.colcon_core.shell:Creating package descriptor '/home/loaf/Pinocchio_ws/install/mit_controllers/share/mit_controllers/package.dsv'
[5.274s] INFO:colcon.colcon_core.shell:Creating package script '/home/loaf/Pinocchio_ws/install/mit_controllers/share/mit_controllers/package.sh'
[5.275s] INFO:colcon.colcon_core.shell:Creating package script '/home/loaf/Pinocchio_ws/install/mit_controllers/share/mit_controllers/package.bash'
[5.275s] INFO:colcon.colcon_core.shell:Creating package script '/home/loaf/Pinocchio_ws/install/mit_controllers/share/mit_controllers/package.zsh'
[5.275s] Level 1:colcon.colcon_core.environment:create_file_with_runtime_dependencies(/home/loaf/Pinocchio_ws/install/mit_controllers/share/colcon-core/packages/mit_controllers)
[5.275s] Level 1:colcon.colcon_core.environment:create_environment_scripts_only(mit_controllers)
[5.275s] Level 1:colcon.colcon_core.environment:checking '/home/loaf/Pinocchio_ws/install/mit_controllers' for CMake module files
[5.276s] Level 1:colcon.colcon_core.environment:checking '/home/loaf/Pinocchio_ws/install/mit_controllers' for CMake config files
[5.276s] Level 1:colcon.colcon_core.shell:create_environment_hook('mit_controllers', 'cmake_prefix_path')
[5.276s] INFO:colcon.colcon_core.shell:Creating environment hook '/home/loaf/Pinocchio_ws/install/mit_controllers/share/mit_controllers/hook/cmake_prefix_path.ps1'
[5.276s] INFO:colcon.colcon_core.shell:Creating environment descriptor '/home/loaf/Pinocchio_ws/install/mit_controllers/share/mit_controllers/hook/cmake_prefix_path.dsv'
[5.276s] INFO:colcon.colcon_core.shell:Creating environment hook '/home/loaf/Pinocchio_ws/install/mit_controllers/share/mit_controllers/hook/cmake_prefix_path.sh'
[5.277s] Level 1:colcon.colcon_core.environment:checking '/home/loaf/Pinocchio_ws/install/mit_controllers/lib'
[5.277s] Level 1:colcon.colcon_core.shell:create_environment_hook('mit_controllers', 'ld_library_path_lib')
[5.277s] INFO:colcon.colcon_core.shell:Creating environment hook '/home/loaf/Pinocchio_ws/install/mit_controllers/share/mit_controllers/hook/ld_library_path_lib.ps1'
[5.277s] INFO:colcon.colcon_core.shell:Creating environment descriptor '/home/loaf/Pinocchio_ws/install/mit_controllers/share/mit_controllers/hook/ld_library_path_lib.dsv'
[5.277s] INFO:colcon.colcon_core.shell:Creating environment hook '/home/loaf/Pinocchio_ws/install/mit_controllers/share/mit_controllers/hook/ld_library_path_lib.sh'
[5.277s] Level 1:colcon.colcon_core.environment:checking '/home/loaf/Pinocchio_ws/install/mit_controllers/bin'
[5.277s] Level 1:colcon.colcon_core.environment:checking '/home/loaf/Pinocchio_ws/install/mit_controllers/lib/pkgconfig/mit_controllers.pc'
[5.277s] Level 1:colcon.colcon_core.environment:checking '/home/loaf/Pinocchio_ws/install/mit_controllers/lib/python3.10/site-packages'
[5.278s] Level 1:colcon.colcon_core.environment:checking '/home/loaf/Pinocchio_ws/install/mit_controllers/bin'
[5.278s] INFO:colcon.colcon_core.shell:Creating package script '/home/loaf/Pinocchio_ws/install/mit_controllers/share/mit_controllers/package.ps1'
[5.278s] INFO:colcon.colcon_core.shell:Creating package descriptor '/home/loaf/Pinocchio_ws/install/mit_controllers/share/mit_controllers/package.dsv'
[5.278s] INFO:colcon.colcon_core.shell:Creating package script '/home/loaf/Pinocchio_ws/install/mit_controllers/share/mit_controllers/package.sh'
[5.278s] INFO:colcon.colcon_core.shell:Creating package script '/home/loaf/Pinocchio_ws/install/mit_controllers/share/mit_controllers/package.bash'
[5.279s] INFO:colcon.colcon_core.shell:Creating package script '/home/loaf/Pinocchio_ws/install/mit_controllers/share/mit_controllers/package.zsh'
[5.279s] Level 1:colcon.colcon_core.environment:create_file_with_runtime_dependencies(/home/loaf/Pinocchio_ws/install/mit_controllers/share/colcon-core/packages/mit_controllers)
[21.217s] DEBUG:colcon.colcon_core.event_handler.log_command:Invoked command in '/home/loaf/Pinocchio_ws/build/control_pkg' returned '0': CMAKE_PREFIX_PATH=/home/loaf/Pinocchio_ws/install/motor_control_msgs:/home/loaf/Pinocchio_ws/install/mujoco_pkg:/home/loaf/Pinocchio_ws/install/mit_controllers:/home/loaf/Pinocchio_ws/install/control_pkg:/home/loaf/Pinocchio_ws/install/descrip_pino:/opt/ros/humble LD_LIBRARY_PATH=/home/loaf/Pinocchio_ws/install/motor_control_msgs/lib:/home/loaf/Pinocchio_ws/install/mit_controllers/lib:/usr/lib/x86_64-linux-gnu/gazebo-11/plugins:/opt/ros/humble/opt/rviz_ogre_vendor/lib:/opt/ros/humble/lib/x86_64-linux-gnu:/opt/ros/humble/lib /usr/bin/cmake --build /home/loaf/Pinocchio_ws/build/control_pkg -- -j24 -l24
[21.225s] DEBUG:colcon.colcon_core.event_handler.log_command:Invoking command in '/home/loaf/Pinocchio_ws/build/control_pkg': CMAKE_PREFIX_PATH=/home/loaf/Pinocchio_ws/install/motor_control_msgs:/home/loaf/Pinocchio_ws/install/mujoco_pkg:/home/loaf/Pinocchio_ws/install/mit_controllers:/home/loaf/Pinocchio_ws/install/control_pkg:/home/loaf/Pinocchio_ws/install/descrip_pino:/opt/ros/humble LD_LIBRARY_PATH=/home/loaf/Pinocchio_ws/install/motor_control_msgs/lib:/home/loaf/Pinocchio_ws/install/mit_controllers/lib:/usr/lib/x86_64-linux-gnu/gazebo-11/plugins:/opt/ros/humble/opt/rviz_ogre_vendor/lib:/opt/ros/humble/lib/x86_64-linux-gnu:/opt/ros/humble/lib /usr/bin/cmake --install /home/loaf/Pinocchio_ws/build/control_pkg
[21.280s] Level 1:colcon.colcon_core.environment:create_environment_scripts_only(control_pkg)
[21.281s] Level 1:colcon.colcon_core.environment:checking '/home/loaf/Pinocchio_ws/install/control_pkg' for CMake module files
[21.282s] DEBUG:colcon.colcon_core.event_handler.log_command:Invoked command in '/home/loaf/Pinocchio_ws/build/control_pkg' returned '0': CMAKE_PREFIX_PATH=/home/loaf/Pinocchio_ws/install/motor_control_msgs:/home/loaf/Pinocchio_ws/install/mujoco_pkg:/home/loaf/Pinocchio_ws/install/mit_controllers:/home/loaf/Pinocchio_ws/install/control_pkg:/home/loaf/Pinocchio_ws/install/descrip_pino:/opt/ros/humble LD_LIBRARY_PATH=/home/loaf/Pinocchio_ws/install/motor_control_msgs/lib:/home/loaf/Pinocchio_ws/install/mit_controllers/lib:/usr/lib/x86_64-linux-gnu/gazebo-11/plugins:/opt/ros/humble/opt/rviz_ogre_vendor/lib:/opt/ros/humble/lib/x86_64-linux-gnu:/opt/ros/humble/lib /usr/bin/cmake --install /home/loaf/Pinocchio_ws/build/control_pkg
[21.282s] Level 1:colcon.colcon_core.environment:checking '/home/loaf/Pinocchio_ws/install/control_pkg' for CMake config files
[21.283s] Level 1:colcon.colcon_core.shell:create_environment_hook('control_pkg', 'cmake_prefix_path')
[21.283s] INFO:colcon.colcon_core.shell:Creating environment hook '/home/loaf/Pinocchio_ws/install/control_pkg/share/control_pkg/hook/cmake_prefix_path.ps1'
[21.284s] INFO:colcon.colcon_core.shell:Creating environment descriptor '/home/loaf/Pinocchio_ws/install/control_pkg/share/control_pkg/hook/cmake_prefix_path.dsv'
[21.285s] INFO:colcon.colcon_core.shell:Creating environment hook '/home/loaf/Pinocchio_ws/install/control_pkg/share/control_pkg/hook/cmake_prefix_path.sh'
[21.285s] Level 1:colcon.colcon_core.environment:checking '/home/loaf/Pinocchio_ws/install/control_pkg/lib'
[21.285s] Level 1:colcon.colcon_core.environment:checking '/home/loaf/Pinocchio_ws/install/control_pkg/bin'
[21.285s] Level 1:colcon.colcon_core.environment:checking '/home/loaf/Pinocchio_ws/install/control_pkg/lib/pkgconfig/control_pkg.pc'
[21.286s] Level 1:colcon.colcon_core.environment:checking '/home/loaf/Pinocchio_ws/install/control_pkg/lib/python3.10/site-packages'
[21.286s] Level 1:colcon.colcon_core.environment:checking '/home/loaf/Pinocchio_ws/install/control_pkg/bin'
[21.286s] INFO:colcon.colcon_core.shell:Creating package script '/home/loaf/Pinocchio_ws/install/control_pkg/share/control_pkg/package.ps1'
[21.287s] INFO:colcon.colcon_core.shell:Creating package descriptor '/home/loaf/Pinocchio_ws/install/control_pkg/share/control_pkg/package.dsv'
[21.287s] INFO:colcon.colcon_core.shell:Creating package script '/home/loaf/Pinocchio_ws/install/control_pkg/share/control_pkg/package.sh'
[21.288s] INFO:colcon.colcon_core.shell:Creating package script '/home/loaf/Pinocchio_ws/install/control_pkg/share/control_pkg/package.bash'
[21.288s] INFO:colcon.colcon_core.shell:Creating package script '/home/loaf/Pinocchio_ws/install/control_pkg/share/control_pkg/package.zsh'
[21.288s] Level 1:colcon.colcon_core.environment:create_file_with_runtime_dependencies(/home/loaf/Pinocchio_ws/install/control_pkg/share/colcon-core/packages/control_pkg)
[21.289s] Level 1:colcon.colcon_core.environment:create_environment_scripts_only(control_pkg)
[21.289s] Level 1:colcon.colcon_core.environment:checking '/home/loaf/Pinocchio_ws/install/control_pkg' for CMake module files
[21.290s] Level 1:colcon.colcon_core.environment:checking '/home/loaf/Pinocchio_ws/install/control_pkg' for CMake config files
[21.290s] Level 1:colcon.colcon_core.shell:create_environment_hook('control_pkg', 'cmake_prefix_path')
[21.290s] INFO:colcon.colcon_core.shell:Creating environment hook '/home/loaf/Pinocchio_ws/install/control_pkg/share/control_pkg/hook/cmake_prefix_path.ps1'
[21.383s] INFO:colcon.colcon_core.shell:Creating environment descriptor '/home/loaf/Pinocchio_ws/install/control_pkg/share/control_pkg/hook/cmake_prefix_path.dsv'
[21.383s] INFO:colcon.colcon_core.shell:Creating environment hook '/home/loaf/Pinocchio_ws/install/control_pkg/share/control_pkg/hook/cmake_prefix_path.sh'
[21.384s] Level 1:colcon.colcon_core.environment:checking '/home/loaf/Pinocchio_ws/install/control_pkg/lib'
[21.384s] Level 1:colcon.colcon_core.environment:checking '/home/loaf/Pinocchio_ws/install/control_pkg/bin'
[21.385s] Level 1:colcon.colcon_core.environment:checking '/home/loaf/Pinocchio_ws/install/control_pkg/lib/pkgconfig/control_pkg.pc'
[21.385s] Level 1:colcon.colcon_core.environment:checking '/home/loaf/Pinocchio_ws/install/control_pkg/lib/python3.10/site-packages'
[21.385s] Level 1:colcon.colcon_core.environment:checking '/home/loaf/Pinocchio_ws/install/control_pkg/bin'
[21.386s] INFO:colcon.colcon_core.shell:Creating package script '/home/loaf/Pinocchio_ws/install/control_pkg/share/control_pkg/package.ps1'
[21.387s] INFO:colcon.colcon_core.shell:Creating package descriptor '/home/loaf/Pinocchio_ws/install/control_pkg/share/control_pkg/package.dsv'
[21.387s] INFO:colcon.colcon_core.shell:Creating package script '/home/loaf/Pinocchio_ws/install/control_pkg/share/control_pkg/package.sh'
[21.388s] INFO:colcon.colcon_core.shell:Creating package script '/home/loaf/Pinocchio_ws/install/control_pkg/share/control_pkg/package.bash'
[21.388s] INFO:colcon.colcon_core.shell:Creating package script '/home/loaf/Pinocchio_ws/install/control_pkg/share/control_pkg/package.zsh'
[21.389s] Level 1:colcon.colcon_core.environment:create_file_with_runtime_dependencies(/home/loaf/Pinocchio_ws/install/control_pkg/share/colcon-core/packages/control_pkg)
[21.389s] DEBUG:colcon.colcon_parallel_executor.executor.parallel:closing loop
[21.389s] DEBUG:colcon.colcon_parallel_executor.executor.parallel:loop closed
[21.389s] DEBUG:colcon.colcon_parallel_executor.executor.parallel:run_until_complete finished with '0'
[21.389s] DEBUG:colcon.colcon_core.event_reactor:joining thread
[21.417s] INFO:colcon.colcon_core.plugin_system:Skipping extension 'colcon_notification.desktop_notification.terminal_notifier': Not used on non-Darwin systems
[21.417s] INFO:colcon.colcon_core.plugin_system:Skipping extension 'colcon_notification.desktop_notification.win32': Not used on non-Windows systems
[21.417s] INFO:colcon.colcon_notification.desktop_notification:Sending desktop notification using 'notify2'
[21.463s] DEBUG:colcon.colcon_core.event_reactor:joined thread
[21.463s] INFO:colcon.colcon_core.shell:Creating prefix script '/home/loaf/Pinocchio_ws/install/local_setup.ps1'
[21.464s] INFO:colcon.colcon_core.shell:Creating prefix util module '/home/loaf/Pinocchio_ws/install/_local_setup_util_ps1.py'
[21.466s] INFO:colcon.colcon_core.shell:Creating prefix chain script '/home/loaf/Pinocchio_ws/install/setup.ps1'
[21.472s] INFO:colcon.colcon_core.shell:Creating prefix script '/home/loaf/Pinocchio_ws/install/local_setup.sh'
[21.474s] INFO:colcon.colcon_core.shell:Creating prefix util module '/home/loaf/Pinocchio_ws/install/_local_setup_util_sh.py'
[21.474s] INFO:colcon.colcon_core.shell:Creating prefix chain script '/home/loaf/Pinocchio_ws/install/setup.sh'
[21.481s] INFO:colcon.colcon_core.shell:Creating prefix script '/home/loaf/Pinocchio_ws/install/local_setup.bash'
[21.491s] INFO:colcon.colcon_core.shell:Creating prefix chain script '/home/loaf/Pinocchio_ws/install/setup.bash'
[21.500s] INFO:colcon.colcon_core.shell:Creating prefix script '/home/loaf/Pinocchio_ws/install/local_setup.zsh'
[21.508s] INFO:colcon.colcon_core.shell:Creating prefix chain script '/home/loaf/Pinocchio_ws/install/setup.zsh'
