[0.286s] DEBUG:colcon:Command line arguments: ['/usr/bin/colcon', 'build']
[0.286s] DEBUG:colcon:Parsed command line arguments: Namespace(log_base=None, log_level=None, verb_name='build', build_base='build', install_base='install', merge_install=False, symlink_install=False, test_result_base=None, continue_on_error=False, executor='parallel', parallel_workers=24, event_handlers=None, ignore_user_meta=False, metas=['./colcon.meta'], base_paths=['.'], packages_ignore=None, packages_ignore_regex=None, paths=None, packages_up_to=None, packages_up_to_regex=None, packages_above=None, packages_above_and_dependencies=None, packages_above_depth=None, packages_select_by_dep=None, packages_skip_by_dep=None, packages_skip_up_to=None, packages_select_build_failed=False, packages_skip_build_finished=False, packages_select_test_failures=False, packages_skip_test_passed=False, packages_select=None, packages_skip=None, packages_select_regex=None, packages_skip_regex=None, packages_start=None, packages_end=None, allow_overriding=[], cmake_args=None, cmake_target=None, cmake_target_skip_unavailable=False, cmake_clean_cache=False, cmake_clean_first=False, cmake_force_configure=False, ament_cmake_args=None, catkin_cmake_args=None, catkin_skip_building_tests=False, mixin_files=None, mixin=None, verb_parser=<colcon_mixin.mixin.mixin_argument.MixinArgumentDecorator object at 0x79391f0031f0>, verb_extension=<colcon_core.verb.build.BuildVerb object at 0x79391ef0dd50>, main=<bound method BuildVerb.main of <colcon_core.verb.build.BuildVerb object at 0x79391ef0dd50>>, mixin_verb=('build',))
[0.591s] Level 1:colcon.colcon_core.package_discovery:discover_packages(colcon_meta) check parameters
[0.591s] Level 1:colcon.colcon_core.package_discovery:discover_packages(recursive) check parameters
[0.591s] Level 1:colcon.colcon_core.package_discovery:discover_packages(ignore) check parameters
[0.591s] Level 1:colcon.colcon_core.package_discovery:discover_packages(path) check parameters
[0.591s] Level 1:colcon.colcon_core.package_discovery:discover_packages(colcon_meta) discover
[0.591s] Level 1:colcon.colcon_core.package_discovery:discover_packages(recursive) discover
[0.591s] INFO:colcon.colcon_core.package_discovery:Crawling recursively for packages in '/home/loaf/Pinocchio_ws'
[0.591s] Level 1:colcon.colcon_core.package_identification:_identify(.) by extensions ['ignore', 'ignore_ament_install']
[0.591s] Level 1:colcon.colcon_core.package_identification:_identify(.) by extension 'ignore'
[0.591s] Level 1:colcon.colcon_core.package_identification:_identify(.) by extension 'ignore_ament_install'
[0.591s] Level 1:colcon.colcon_core.package_identification:_identify(.) by extensions ['colcon_pkg']
[0.591s] Level 1:colcon.colcon_core.package_identification:_identify(.) by extension 'colcon_pkg'
[0.591s] Level 1:colcon.colcon_core.package_identification:_identify(.) by extensions ['colcon_meta']
[0.591s] Level 1:colcon.colcon_core.package_identification:_identify(.) by extension 'colcon_meta'
[0.591s] Level 1:colcon.colcon_core.package_identification:_identify(.) by extensions ['ros']
[0.591s] Level 1:colcon.colcon_core.package_identification:_identify(.) by extension 'ros'
[0.603s] Level 1:colcon.colcon_core.package_identification:_identify(.) by extensions ['cmake', 'python']
[0.603s] Level 1:colcon.colcon_core.package_identification:_identify(.) by extension 'cmake'
[0.603s] Level 1:colcon.colcon_core.package_identification:_identify(.) by extension 'python'
[0.604s] Level 1:colcon.colcon_core.package_identification:_identify(.) by extensions ['python_setup_py']
[0.604s] Level 1:colcon.colcon_core.package_identification:_identify(.) by extension 'python_setup_py'
[0.604s] Level 1:colcon.colcon_core.package_identification:_identify(build) by extensions ['ignore', 'ignore_ament_install']
[0.604s] Level 1:colcon.colcon_core.package_identification:_identify(build) by extension 'ignore'
[0.604s] Level 1:colcon.colcon_core.package_identification:_identify(build) ignored
[0.604s] Level 1:colcon.colcon_core.package_identification:_identify(install) by extensions ['ignore', 'ignore_ament_install']
[0.604s] Level 1:colcon.colcon_core.package_identification:_identify(install) by extension 'ignore'
[0.604s] Level 1:colcon.colcon_core.package_identification:_identify(install) ignored
[0.604s] Level 1:colcon.colcon_core.package_identification:_identify(log) by extensions ['ignore', 'ignore_ament_install']
[0.604s] Level 1:colcon.colcon_core.package_identification:_identify(log) by extension 'ignore'
[0.604s] Level 1:colcon.colcon_core.package_identification:_identify(log) ignored
[0.604s] Level 1:colcon.colcon_core.package_identification:_identify(src) by extensions ['ignore', 'ignore_ament_install']
[0.604s] Level 1:colcon.colcon_core.package_identification:_identify(src) by extension 'ignore'
[0.604s] Level 1:colcon.colcon_core.package_identification:_identify(src) by extension 'ignore_ament_install'
[0.604s] Level 1:colcon.colcon_core.package_identification:_identify(src) by extensions ['colcon_pkg']
[0.604s] Level 1:colcon.colcon_core.package_identification:_identify(src) by extension 'colcon_pkg'
[0.604s] Level 1:colcon.colcon_core.package_identification:_identify(src) by extensions ['colcon_meta']
[0.604s] Level 1:colcon.colcon_core.package_identification:_identify(src) by extension 'colcon_meta'
[0.604s] Level 1:colcon.colcon_core.package_identification:_identify(src) by extensions ['ros']
[0.604s] Level 1:colcon.colcon_core.package_identification:_identify(src) by extension 'ros'
[0.604s] Level 1:colcon.colcon_core.package_identification:_identify(src) by extensions ['cmake', 'python']
[0.604s] Level 1:colcon.colcon_core.package_identification:_identify(src) by extension 'cmake'
[0.604s] Level 1:colcon.colcon_core.package_identification:_identify(src) by extension 'python'
[0.604s] Level 1:colcon.colcon_core.package_identification:_identify(src) by extensions ['python_setup_py']
[0.604s] Level 1:colcon.colcon_core.package_identification:_identify(src) by extension 'python_setup_py'
[0.604s] Level 1:colcon.colcon_core.package_identification:_identify(src/control_pkg) by extensions ['ignore', 'ignore_ament_install']
[0.604s] Level 1:colcon.colcon_core.package_identification:_identify(src/control_pkg) by extension 'ignore'
[0.604s] Level 1:colcon.colcon_core.package_identification:_identify(src/control_pkg) by extension 'ignore_ament_install'
[0.604s] Level 1:colcon.colcon_core.package_identification:_identify(src/control_pkg) by extensions ['colcon_pkg']
[0.604s] Level 1:colcon.colcon_core.package_identification:_identify(src/control_pkg) by extension 'colcon_pkg'
[0.604s] Level 1:colcon.colcon_core.package_identification:_identify(src/control_pkg) by extensions ['colcon_meta']
[0.604s] Level 1:colcon.colcon_core.package_identification:_identify(src/control_pkg) by extension 'colcon_meta'
[0.604s] Level 1:colcon.colcon_core.package_identification:_identify(src/control_pkg) by extensions ['ros']
[0.604s] Level 1:colcon.colcon_core.package_identification:_identify(src/control_pkg) by extension 'ros'
[0.608s] DEBUG:colcon.colcon_core.package_identification:Package 'src/control_pkg' with type 'ros.ament_cmake' and name 'control_pkg'
[0.608s] Level 1:colcon.colcon_core.package_identification:_identify(src/descrip_pino) by extensions ['ignore', 'ignore_ament_install']
[0.608s] Level 1:colcon.colcon_core.package_identification:_identify(src/descrip_pino) by extension 'ignore'
[0.608s] Level 1:colcon.colcon_core.package_identification:_identify(src/descrip_pino) by extension 'ignore_ament_install'
[0.608s] Level 1:colcon.colcon_core.package_identification:_identify(src/descrip_pino) by extensions ['colcon_pkg']
[0.608s] Level 1:colcon.colcon_core.package_identification:_identify(src/descrip_pino) by extension 'colcon_pkg'
[0.608s] Level 1:colcon.colcon_core.package_identification:_identify(src/descrip_pino) by extensions ['colcon_meta']
[0.608s] Level 1:colcon.colcon_core.package_identification:_identify(src/descrip_pino) by extension 'colcon_meta'
[0.608s] Level 1:colcon.colcon_core.package_identification:_identify(src/descrip_pino) by extensions ['ros']
[0.608s] Level 1:colcon.colcon_core.package_identification:_identify(src/descrip_pino) by extension 'ros'
[0.608s] DEBUG:colcon.colcon_core.package_identification:Package 'src/descrip_pino' with type 'ros.ament_cmake' and name 'descrip_pino'
[0.608s] Level 1:colcon.colcon_core.package_identification:_identify(src/mit_controllers) by extensions ['ignore', 'ignore_ament_install']
[0.608s] Level 1:colcon.colcon_core.package_identification:_identify(src/mit_controllers) by extension 'ignore'
[0.608s] Level 1:colcon.colcon_core.package_identification:_identify(src/mit_controllers) by extension 'ignore_ament_install'
[0.608s] Level 1:colcon.colcon_core.package_identification:_identify(src/mit_controllers) by extensions ['colcon_pkg']
[0.608s] Level 1:colcon.colcon_core.package_identification:_identify(src/mit_controllers) by extension 'colcon_pkg'
[0.609s] Level 1:colcon.colcon_core.package_identification:_identify(src/mit_controllers) by extensions ['colcon_meta']
[0.609s] Level 1:colcon.colcon_core.package_identification:_identify(src/mit_controllers) by extension 'colcon_meta'
[0.609s] Level 1:colcon.colcon_core.package_identification:_identify(src/mit_controllers) by extensions ['ros']
[0.609s] Level 1:colcon.colcon_core.package_identification:_identify(src/mit_controllers) by extension 'ros'
[0.609s] DEBUG:colcon.colcon_core.package_identification:Package 'src/mit_controllers' with type 'ros.ament_cmake' and name 'mit_controllers'
[0.609s] Level 1:colcon.colcon_core.package_identification:_identify(src/motor_control_msgs) by extensions ['ignore', 'ignore_ament_install']
[0.610s] Level 1:colcon.colcon_core.package_identification:_identify(src/motor_control_msgs) by extension 'ignore'
[0.610s] Level 1:colcon.colcon_core.package_identification:_identify(src/motor_control_msgs) by extension 'ignore_ament_install'
[0.610s] Level 1:colcon.colcon_core.package_identification:_identify(src/motor_control_msgs) by extensions ['colcon_pkg']
[0.610s] Level 1:colcon.colcon_core.package_identification:_identify(src/motor_control_msgs) by extension 'colcon_pkg'
[0.610s] Level 1:colcon.colcon_core.package_identification:_identify(src/motor_control_msgs) by extensions ['colcon_meta']
[0.610s] Level 1:colcon.colcon_core.package_identification:_identify(src/motor_control_msgs) by extension 'colcon_meta'
[0.610s] Level 1:colcon.colcon_core.package_identification:_identify(src/motor_control_msgs) by extensions ['ros']
[0.610s] Level 1:colcon.colcon_core.package_identification:_identify(src/motor_control_msgs) by extension 'ros'
[0.610s] DEBUG:colcon.colcon_core.package_identification:Package 'src/motor_control_msgs' with type 'ros.ament_cmake' and name 'motor_control_msgs'
[0.610s] Level 1:colcon.colcon_core.package_identification:_identify(src/mujoco_pkg) by extensions ['ignore', 'ignore_ament_install']
[0.610s] Level 1:colcon.colcon_core.package_identification:_identify(src/mujoco_pkg) by extension 'ignore'
[0.610s] Level 1:colcon.colcon_core.package_identification:_identify(src/mujoco_pkg) by extension 'ignore_ament_install'
[0.610s] Level 1:colcon.colcon_core.package_identification:_identify(src/mujoco_pkg) by extensions ['colcon_pkg']
[0.610s] Level 1:colcon.colcon_core.package_identification:_identify(src/mujoco_pkg) by extension 'colcon_pkg'
[0.610s] Level 1:colcon.colcon_core.package_identification:_identify(src/mujoco_pkg) by extensions ['colcon_meta']
[0.610s] Level 1:colcon.colcon_core.package_identification:_identify(src/mujoco_pkg) by extension 'colcon_meta'
[0.610s] Level 1:colcon.colcon_core.package_identification:_identify(src/mujoco_pkg) by extensions ['ros']
[0.610s] Level 1:colcon.colcon_core.package_identification:_identify(src/mujoco_pkg) by extension 'ros'
[0.611s] DEBUG:colcon.colcon_core.package_identification:Package 'src/mujoco_pkg' with type 'ros.ament_cmake' and name 'mujoco_pkg'
[0.611s] Level 1:colcon.colcon_core.package_discovery:discover_packages(recursive) using defaults
[0.611s] Level 1:colcon.colcon_core.package_discovery:discover_packages(ignore) discover
[0.611s] Level 1:colcon.colcon_core.package_discovery:discover_packages(ignore) using defaults
[0.611s] Level 1:colcon.colcon_core.package_discovery:discover_packages(path) discover
[0.611s] Level 1:colcon.colcon_core.package_discovery:discover_packages(path) using defaults
[0.641s] Level 1:colcon.colcon_core.package_discovery:discover_packages(prefix_path) check parameters
[0.641s] Level 1:colcon.colcon_core.package_discovery:discover_packages(prefix_path) discover
[0.644s] DEBUG:colcon.colcon_installed_package_information.package_discovery:Found 5 installed packages in /home/loaf/Pinocchio_ws/install
[0.646s] DEBUG:colcon.colcon_installed_package_information.package_discovery:Found 422 installed packages in /opt/ros/humble
[0.647s] Level 1:colcon.colcon_core.package_discovery:discover_packages(prefix_path) using defaults
[0.744s] Level 5:colcon.colcon_core.verb:set package 'descrip_pino' build argument 'cmake_args' from command line to 'None'
[0.744s] Level 5:colcon.colcon_core.verb:set package 'descrip_pino' build argument 'cmake_target' from command line to 'None'
[0.744s] Level 5:colcon.colcon_core.verb:set package 'descrip_pino' build argument 'cmake_target_skip_unavailable' from command line to 'False'
[0.744s] Level 5:colcon.colcon_core.verb:set package 'descrip_pino' build argument 'cmake_clean_cache' from command line to 'False'
[0.744s] Level 5:colcon.colcon_core.verb:set package 'descrip_pino' build argument 'cmake_clean_first' from command line to 'False'
[0.744s] Level 5:colcon.colcon_core.verb:set package 'descrip_pino' build argument 'cmake_force_configure' from command line to 'False'
[0.744s] Level 5:colcon.colcon_core.verb:set package 'descrip_pino' build argument 'ament_cmake_args' from command line to 'None'
[0.744s] Level 5:colcon.colcon_core.verb:set package 'descrip_pino' build argument 'catkin_cmake_args' from command line to 'None'
[0.744s] Level 5:colcon.colcon_core.verb:set package 'descrip_pino' build argument 'catkin_skip_building_tests' from command line to 'False'
[0.744s] DEBUG:colcon.colcon_core.verb:Building package 'descrip_pino' with the following arguments: {'ament_cmake_args': None, 'build_base': '/home/loaf/Pinocchio_ws/build/descrip_pino', 'catkin_cmake_args': None, 'catkin_skip_building_tests': False, 'cmake_args': None, 'cmake_clean_cache': False, 'cmake_clean_first': False, 'cmake_force_configure': False, 'cmake_target': None, 'cmake_target_skip_unavailable': False, 'install_base': '/home/loaf/Pinocchio_ws/install/descrip_pino', 'merge_install': False, 'path': '/home/loaf/Pinocchio_ws/src/descrip_pino', 'symlink_install': False, 'test_result_base': None}
[0.744s] Level 5:colcon.colcon_core.verb:set package 'motor_control_msgs' build argument 'cmake_args' from command line to 'None'
[0.745s] Level 5:colcon.colcon_core.verb:set package 'motor_control_msgs' build argument 'cmake_target' from command line to 'None'
[0.745s] Level 5:colcon.colcon_core.verb:set package 'motor_control_msgs' build argument 'cmake_target_skip_unavailable' from command line to 'False'
[0.745s] Level 5:colcon.colcon_core.verb:set package 'motor_control_msgs' build argument 'cmake_clean_cache' from command line to 'False'
[0.745s] Level 5:colcon.colcon_core.verb:set package 'motor_control_msgs' build argument 'cmake_clean_first' from command line to 'False'
[0.745s] Level 5:colcon.colcon_core.verb:set package 'motor_control_msgs' build argument 'cmake_force_configure' from command line to 'False'
[0.745s] Level 5:colcon.colcon_core.verb:set package 'motor_control_msgs' build argument 'ament_cmake_args' from command line to 'None'
[0.745s] Level 5:colcon.colcon_core.verb:set package 'motor_control_msgs' build argument 'catkin_cmake_args' from command line to 'None'
[0.745s] Level 5:colcon.colcon_core.verb:set package 'motor_control_msgs' build argument 'catkin_skip_building_tests' from command line to 'False'
[0.745s] DEBUG:colcon.colcon_core.verb:Building package 'motor_control_msgs' with the following arguments: {'ament_cmake_args': None, 'build_base': '/home/loaf/Pinocchio_ws/build/motor_control_msgs', 'catkin_cmake_args': None, 'catkin_skip_building_tests': False, 'cmake_args': None, 'cmake_clean_cache': False, 'cmake_clean_first': False, 'cmake_force_configure': False, 'cmake_target': None, 'cmake_target_skip_unavailable': False, 'install_base': '/home/loaf/Pinocchio_ws/install/motor_control_msgs', 'merge_install': False, 'path': '/home/loaf/Pinocchio_ws/src/motor_control_msgs', 'symlink_install': False, 'test_result_base': None}
[0.745s] Level 5:colcon.colcon_core.verb:set package 'mujoco_pkg' build argument 'cmake_args' from command line to 'None'
[0.745s] Level 5:colcon.colcon_core.verb:set package 'mujoco_pkg' build argument 'cmake_target' from command line to 'None'
[0.745s] Level 5:colcon.colcon_core.verb:set package 'mujoco_pkg' build argument 'cmake_target_skip_unavailable' from command line to 'False'
[0.745s] Level 5:colcon.colcon_core.verb:set package 'mujoco_pkg' build argument 'cmake_clean_cache' from command line to 'False'
[0.745s] Level 5:colcon.colcon_core.verb:set package 'mujoco_pkg' build argument 'cmake_clean_first' from command line to 'False'
[0.745s] Level 5:colcon.colcon_core.verb:set package 'mujoco_pkg' build argument 'cmake_force_configure' from command line to 'False'
[0.745s] Level 5:colcon.colcon_core.verb:set package 'mujoco_pkg' build argument 'ament_cmake_args' from command line to 'None'
[0.745s] Level 5:colcon.colcon_core.verb:set package 'mujoco_pkg' build argument 'catkin_cmake_args' from command line to 'None'
[0.745s] Level 5:colcon.colcon_core.verb:set package 'mujoco_pkg' build argument 'catkin_skip_building_tests' from command line to 'False'
[0.745s] DEBUG:colcon.colcon_core.verb:Building package 'mujoco_pkg' with the following arguments: {'ament_cmake_args': None, 'build_base': '/home/loaf/Pinocchio_ws/build/mujoco_pkg', 'catkin_cmake_args': None, 'catkin_skip_building_tests': False, 'cmake_args': None, 'cmake_clean_cache': False, 'cmake_clean_first': False, 'cmake_force_configure': False, 'cmake_target': None, 'cmake_target_skip_unavailable': False, 'install_base': '/home/loaf/Pinocchio_ws/install/mujoco_pkg', 'merge_install': False, 'path': '/home/loaf/Pinocchio_ws/src/mujoco_pkg', 'symlink_install': False, 'test_result_base': None}
[0.745s] Level 5:colcon.colcon_core.verb:set package 'control_pkg' build argument 'cmake_args' from command line to 'None'
[0.745s] Level 5:colcon.colcon_core.verb:set package 'control_pkg' build argument 'cmake_target' from command line to 'None'
[0.745s] Level 5:colcon.colcon_core.verb:set package 'control_pkg' build argument 'cmake_target_skip_unavailable' from command line to 'False'
[0.745s] Level 5:colcon.colcon_core.verb:set package 'control_pkg' build argument 'cmake_clean_cache' from command line to 'False'
[0.745s] Level 5:colcon.colcon_core.verb:set package 'control_pkg' build argument 'cmake_clean_first' from command line to 'False'
[0.745s] Level 5:colcon.colcon_core.verb:set package 'control_pkg' build argument 'cmake_force_configure' from command line to 'False'
[0.745s] Level 5:colcon.colcon_core.verb:set package 'control_pkg' build argument 'ament_cmake_args' from command line to 'None'
[0.745s] Level 5:colcon.colcon_core.verb:set package 'control_pkg' build argument 'catkin_cmake_args' from command line to 'None'
[0.745s] Level 5:colcon.colcon_core.verb:set package 'control_pkg' build argument 'catkin_skip_building_tests' from command line to 'False'
[0.745s] DEBUG:colcon.colcon_core.verb:Building package 'control_pkg' with the following arguments: {'ament_cmake_args': None, 'build_base': '/home/loaf/Pinocchio_ws/build/control_pkg', 'catkin_cmake_args': None, 'catkin_skip_building_tests': False, 'cmake_args': None, 'cmake_clean_cache': False, 'cmake_clean_first': False, 'cmake_force_configure': False, 'cmake_target': None, 'cmake_target_skip_unavailable': False, 'install_base': '/home/loaf/Pinocchio_ws/install/control_pkg', 'merge_install': False, 'path': '/home/loaf/Pinocchio_ws/src/control_pkg', 'symlink_install': False, 'test_result_base': None}
[0.745s] Level 5:colcon.colcon_core.verb:set package 'mit_controllers' build argument 'cmake_args' from command line to 'None'
[0.745s] Level 5:colcon.colcon_core.verb:set package 'mit_controllers' build argument 'cmake_target' from command line to 'None'
[0.745s] Level 5:colcon.colcon_core.verb:set package 'mit_controllers' build argument 'cmake_target_skip_unavailable' from command line to 'False'
[0.745s] Level 5:colcon.colcon_core.verb:set package 'mit_controllers' build argument 'cmake_clean_cache' from command line to 'False'
[0.745s] Level 5:colcon.colcon_core.verb:set package 'mit_controllers' build argument 'cmake_clean_first' from command line to 'False'
[0.745s] Level 5:colcon.colcon_core.verb:set package 'mit_controllers' build argument 'cmake_force_configure' from command line to 'False'
[0.745s] Level 5:colcon.colcon_core.verb:set package 'mit_controllers' build argument 'ament_cmake_args' from command line to 'None'
[0.745s] Level 5:colcon.colcon_core.verb:set package 'mit_controllers' build argument 'catkin_cmake_args' from command line to 'None'
[0.746s] Level 5:colcon.colcon_core.verb:set package 'mit_controllers' build argument 'catkin_skip_building_tests' from command line to 'False'
[0.746s] DEBUG:colcon.colcon_core.verb:Building package 'mit_controllers' with the following arguments: {'ament_cmake_args': None, 'build_base': '/home/loaf/Pinocchio_ws/build/mit_controllers', 'catkin_cmake_args': None, 'catkin_skip_building_tests': False, 'cmake_args': None, 'cmake_clean_cache': False, 'cmake_clean_first': False, 'cmake_force_configure': False, 'cmake_target': None, 'cmake_target_skip_unavailable': False, 'install_base': '/home/loaf/Pinocchio_ws/install/mit_controllers', 'merge_install': False, 'path': '/home/loaf/Pinocchio_ws/src/mit_controllers', 'symlink_install': False, 'test_result_base': None}
[0.746s] INFO:colcon.colcon_core.executor:Executing jobs using 'parallel' executor
[0.746s] DEBUG:colcon.colcon_parallel_executor.executor.parallel:run_until_complete
[0.747s] INFO:colcon.colcon_ros.task.ament_cmake.build:Building ROS package in '/home/loaf/Pinocchio_ws/src/motor_control_msgs' with build type 'ament_cmake'
[0.747s] INFO:colcon.colcon_cmake.task.cmake.build:Building CMake package in '/home/loaf/Pinocchio_ws/src/motor_control_msgs'
[0.751s] INFO:colcon.colcon_core.plugin_system:Skipping extension 'colcon_core.shell.bat': Not used on non-Windows systems
[0.751s] INFO:colcon.colcon_core.shell:Skip shell extension 'powershell' for command environment: Not usable outside of PowerShell
[0.751s] DEBUG:colcon.colcon_core.shell:Skip shell extension 'dsv' for command environment
[0.753s] INFO:colcon.colcon_ros.task.ament_cmake.build:Building ROS package in '/home/loaf/Pinocchio_ws/src/descrip_pino' with build type 'ament_cmake'
[0.753s] INFO:colcon.colcon_cmake.task.cmake.build:Building CMake package in '/home/loaf/Pinocchio_ws/src/descrip_pino'
[0.753s] INFO:colcon.colcon_core.shell:Skip shell extension 'powershell' for command environment: Not usable outside of PowerShell
[0.753s] DEBUG:colcon.colcon_core.shell:Skip shell extension 'dsv' for command environment
[0.755s] INFO:colcon.colcon_ros.task.ament_cmake.build:Building ROS package in '/home/loaf/Pinocchio_ws/src/mujoco_pkg' with build type 'ament_cmake'
[0.756s] INFO:colcon.colcon_cmake.task.cmake.build:Building CMake package in '/home/loaf/Pinocchio_ws/src/mujoco_pkg'
[0.756s] INFO:colcon.colcon_core.shell:Skip shell extension 'powershell' for command environment: Not usable outside of PowerShell
[0.756s] DEBUG:colcon.colcon_core.shell:Skip shell extension 'dsv' for command environment
[0.762s] DEBUG:colcon.colcon_core.event_handler.log_command:Invoking command in '/home/loaf/Pinocchio_ws/build/motor_control_msgs': CMAKE_PREFIX_PATH=${CMAKE_PREFIX_PATH}:/opt/ros/humble /usr/bin/cmake --build /home/loaf/Pinocchio_ws/build/motor_control_msgs -- -j24 -l24
[0.766s] DEBUG:colcon.colcon_core.event_handler.log_command:Invoking command in '/home/loaf/Pinocchio_ws/build/descrip_pino': CMAKE_PREFIX_PATH=${CMAKE_PREFIX_PATH}:/opt/ros/humble /usr/bin/cmake --build /home/loaf/Pinocchio_ws/build/descrip_pino -- -j24 -l24
[0.768s] DEBUG:colcon.colcon_core.event_handler.log_command:Invoking command in '/home/loaf/Pinocchio_ws/build/mujoco_pkg': CMAKE_PREFIX_PATH=${CMAKE_PREFIX_PATH}:/opt/ros/humble /usr/bin/cmake --build /home/loaf/Pinocchio_ws/build/mujoco_pkg -- -j24 -l24
[0.864s] DEBUG:colcon.colcon_core.event_handler.log_command:Invoked command in '/home/loaf/Pinocchio_ws/build/descrip_pino' returned '0': CMAKE_PREFIX_PATH=${CMAKE_PREFIX_PATH}:/opt/ros/humble /usr/bin/cmake --build /home/loaf/Pinocchio_ws/build/descrip_pino -- -j24 -l24
[0.885s] DEBUG:colcon.colcon_core.event_handler.log_command:Invoking command in '/home/loaf/Pinocchio_ws/build/descrip_pino': CMAKE_PREFIX_PATH=${CMAKE_PREFIX_PATH}:/opt/ros/humble /usr/bin/cmake --install /home/loaf/Pinocchio_ws/build/descrip_pino
[0.907s] Level 1:colcon.colcon_core.environment:create_environment_scripts_only(descrip_pino)
[0.922s] DEBUG:colcon.colcon_core.event_handler.log_command:Invoked command in '/home/loaf/Pinocchio_ws/build/descrip_pino' returned '0': CMAKE_PREFIX_PATH=${CMAKE_PREFIX_PATH}:/opt/ros/humble /usr/bin/cmake --install /home/loaf/Pinocchio_ws/build/descrip_pino
[0.931s] Level 1:colcon.colcon_core.environment:checking '/home/loaf/Pinocchio_ws/install/descrip_pino' for CMake module files
[0.932s] Level 1:colcon.colcon_core.environment:checking '/home/loaf/Pinocchio_ws/install/descrip_pino' for CMake config files
[0.932s] Level 1:colcon.colcon_core.shell:create_environment_hook('descrip_pino', 'cmake_prefix_path')
[0.933s] INFO:colcon.colcon_core.shell:Creating environment hook '/home/loaf/Pinocchio_ws/install/descrip_pino/share/descrip_pino/hook/cmake_prefix_path.ps1'
[0.934s] INFO:colcon.colcon_core.shell:Creating environment descriptor '/home/loaf/Pinocchio_ws/install/descrip_pino/share/descrip_pino/hook/cmake_prefix_path.dsv'
[0.934s] INFO:colcon.colcon_core.shell:Creating environment hook '/home/loaf/Pinocchio_ws/install/descrip_pino/share/descrip_pino/hook/cmake_prefix_path.sh'
[0.935s] Level 1:colcon.colcon_core.environment:checking '/home/loaf/Pinocchio_ws/install/descrip_pino/bin'
[0.935s] Level 1:colcon.colcon_core.environment:checking '/home/loaf/Pinocchio_ws/install/descrip_pino/lib/pkgconfig/descrip_pino.pc'
[0.935s] Level 1:colcon.colcon_core.environment:checking '/home/loaf/Pinocchio_ws/install/descrip_pino/lib/python3.10/site-packages'
[0.935s] Level 1:colcon.colcon_core.environment:checking '/home/loaf/Pinocchio_ws/install/descrip_pino/bin'
[0.936s] INFO:colcon.colcon_core.shell:Creating package script '/home/loaf/Pinocchio_ws/install/descrip_pino/share/descrip_pino/package.ps1'
[0.937s] INFO:colcon.colcon_core.shell:Creating package descriptor '/home/loaf/Pinocchio_ws/install/descrip_pino/share/descrip_pino/package.dsv'
[0.937s] INFO:colcon.colcon_core.shell:Creating package script '/home/loaf/Pinocchio_ws/install/descrip_pino/share/descrip_pino/package.sh'
[0.937s] INFO:colcon.colcon_core.shell:Creating package script '/home/loaf/Pinocchio_ws/install/descrip_pino/share/descrip_pino/package.bash'
[0.938s] INFO:colcon.colcon_core.shell:Creating package script '/home/loaf/Pinocchio_ws/install/descrip_pino/share/descrip_pino/package.zsh'
[0.939s] Level 1:colcon.colcon_core.environment:create_file_with_runtime_dependencies(/home/loaf/Pinocchio_ws/install/descrip_pino/share/colcon-core/packages/descrip_pino)
[0.939s] Level 1:colcon.colcon_core.environment:create_environment_scripts_only(descrip_pino)
[0.939s] Level 1:colcon.colcon_core.environment:checking '/home/loaf/Pinocchio_ws/install/descrip_pino' for CMake module files
[0.939s] Level 1:colcon.colcon_core.environment:checking '/home/loaf/Pinocchio_ws/install/descrip_pino' for CMake config files
[0.939s] Level 1:colcon.colcon_core.shell:create_environment_hook('descrip_pino', 'cmake_prefix_path')
[0.940s] INFO:colcon.colcon_core.shell:Creating environment hook '/home/loaf/Pinocchio_ws/install/descrip_pino/share/descrip_pino/hook/cmake_prefix_path.ps1'
[0.940s] INFO:colcon.colcon_core.shell:Creating environment descriptor '/home/loaf/Pinocchio_ws/install/descrip_pino/share/descrip_pino/hook/cmake_prefix_path.dsv'
[0.940s] INFO:colcon.colcon_core.shell:Creating environment hook '/home/loaf/Pinocchio_ws/install/descrip_pino/share/descrip_pino/hook/cmake_prefix_path.sh'
[0.940s] Level 1:colcon.colcon_core.environment:checking '/home/loaf/Pinocchio_ws/install/descrip_pino/bin'
[0.940s] Level 1:colcon.colcon_core.environment:checking '/home/loaf/Pinocchio_ws/install/descrip_pino/lib/pkgconfig/descrip_pino.pc'
[0.940s] Level 1:colcon.colcon_core.environment:checking '/home/loaf/Pinocchio_ws/install/descrip_pino/lib/python3.10/site-packages'
[0.941s] Level 1:colcon.colcon_core.environment:checking '/home/loaf/Pinocchio_ws/install/descrip_pino/bin'
[0.941s] INFO:colcon.colcon_core.shell:Creating package script '/home/loaf/Pinocchio_ws/install/descrip_pino/share/descrip_pino/package.ps1'
[0.941s] INFO:colcon.colcon_core.shell:Creating package descriptor '/home/loaf/Pinocchio_ws/install/descrip_pino/share/descrip_pino/package.dsv'
[0.942s] INFO:colcon.colcon_core.shell:Creating package script '/home/loaf/Pinocchio_ws/install/descrip_pino/share/descrip_pino/package.sh'
[0.942s] INFO:colcon.colcon_core.shell:Creating package script '/home/loaf/Pinocchio_ws/install/descrip_pino/share/descrip_pino/package.bash'
[0.942s] INFO:colcon.colcon_core.shell:Creating package script '/home/loaf/Pinocchio_ws/install/descrip_pino/share/descrip_pino/package.zsh'
[0.942s] Level 1:colcon.colcon_core.environment:create_file_with_runtime_dependencies(/home/loaf/Pinocchio_ws/install/descrip_pino/share/colcon-core/packages/descrip_pino)
[0.944s] DEBUG:colcon.colcon_core.event_handler.log_command:Invoked command in '/home/loaf/Pinocchio_ws/build/mujoco_pkg' returned '0': CMAKE_PREFIX_PATH=${CMAKE_PREFIX_PATH}:/opt/ros/humble /usr/bin/cmake --build /home/loaf/Pinocchio_ws/build/mujoco_pkg -- -j24 -l24
[0.945s] DEBUG:colcon.colcon_core.event_handler.log_command:Invoking command in '/home/loaf/Pinocchio_ws/build/mujoco_pkg': CMAKE_PREFIX_PATH=${CMAKE_PREFIX_PATH}:/opt/ros/humble /usr/bin/cmake --install /home/loaf/Pinocchio_ws/build/mujoco_pkg
[0.954s] Level 1:colcon.colcon_core.environment:create_environment_scripts_only(mujoco_pkg)
[0.955s] Level 1:colcon.colcon_core.environment:checking '/home/loaf/Pinocchio_ws/install/mujoco_pkg' for CMake module files
[0.955s] DEBUG:colcon.colcon_core.event_handler.log_command:Invoked command in '/home/loaf/Pinocchio_ws/build/mujoco_pkg' returned '0': CMAKE_PREFIX_PATH=${CMAKE_PREFIX_PATH}:/opt/ros/humble /usr/bin/cmake --install /home/loaf/Pinocchio_ws/build/mujoco_pkg
[0.955s] Level 1:colcon.colcon_core.environment:checking '/home/loaf/Pinocchio_ws/install/mujoco_pkg' for CMake config files
[0.956s] Level 1:colcon.colcon_core.shell:create_environment_hook('mujoco_pkg', 'cmake_prefix_path')
[0.956s] INFO:colcon.colcon_core.shell:Creating environment hook '/home/loaf/Pinocchio_ws/install/mujoco_pkg/share/mujoco_pkg/hook/cmake_prefix_path.ps1'
[0.956s] INFO:colcon.colcon_core.shell:Creating environment descriptor '/home/loaf/Pinocchio_ws/install/mujoco_pkg/share/mujoco_pkg/hook/cmake_prefix_path.dsv'
[0.957s] INFO:colcon.colcon_core.shell:Creating environment hook '/home/loaf/Pinocchio_ws/install/mujoco_pkg/share/mujoco_pkg/hook/cmake_prefix_path.sh'
[0.957s] Level 1:colcon.colcon_core.environment:checking '/home/loaf/Pinocchio_ws/install/mujoco_pkg/lib'
[0.958s] Level 1:colcon.colcon_core.environment:checking '/home/loaf/Pinocchio_ws/install/mujoco_pkg/bin'
[0.958s] Level 1:colcon.colcon_core.environment:checking '/home/loaf/Pinocchio_ws/install/mujoco_pkg/lib/pkgconfig/mujoco_pkg.pc'
[0.958s] Level 1:colcon.colcon_core.environment:checking '/home/loaf/Pinocchio_ws/install/mujoco_pkg/lib/python3.10/site-packages'
[0.958s] Level 1:colcon.colcon_core.environment:checking '/home/loaf/Pinocchio_ws/install/mujoco_pkg/bin'
[0.959s] INFO:colcon.colcon_core.shell:Creating package script '/home/loaf/Pinocchio_ws/install/mujoco_pkg/share/mujoco_pkg/package.ps1'
[0.959s] INFO:colcon.colcon_core.shell:Creating package descriptor '/home/loaf/Pinocchio_ws/install/mujoco_pkg/share/mujoco_pkg/package.dsv'
[0.960s] INFO:colcon.colcon_core.shell:Creating package script '/home/loaf/Pinocchio_ws/install/mujoco_pkg/share/mujoco_pkg/package.sh'
[0.960s] INFO:colcon.colcon_core.shell:Creating package script '/home/loaf/Pinocchio_ws/install/mujoco_pkg/share/mujoco_pkg/package.bash'
[0.961s] INFO:colcon.colcon_core.shell:Creating package script '/home/loaf/Pinocchio_ws/install/mujoco_pkg/share/mujoco_pkg/package.zsh'
[0.961s] Level 1:colcon.colcon_core.environment:create_file_with_runtime_dependencies(/home/loaf/Pinocchio_ws/install/mujoco_pkg/share/colcon-core/packages/mujoco_pkg)
[0.961s] Level 1:colcon.colcon_core.environment:create_environment_scripts_only(mujoco_pkg)
[0.961s] Level 1:colcon.colcon_core.environment:checking '/home/loaf/Pinocchio_ws/install/mujoco_pkg' for CMake module files
[0.962s] Level 1:colcon.colcon_core.environment:checking '/home/loaf/Pinocchio_ws/install/mujoco_pkg' for CMake config files
[0.962s] Level 1:colcon.colcon_core.shell:create_environment_hook('mujoco_pkg', 'cmake_prefix_path')
[0.962s] INFO:colcon.colcon_core.shell:Creating environment hook '/home/loaf/Pinocchio_ws/install/mujoco_pkg/share/mujoco_pkg/hook/cmake_prefix_path.ps1'
[0.962s] INFO:colcon.colcon_core.shell:Creating environment descriptor '/home/loaf/Pinocchio_ws/install/mujoco_pkg/share/mujoco_pkg/hook/cmake_prefix_path.dsv'
[0.962s] INFO:colcon.colcon_core.shell:Creating environment hook '/home/loaf/Pinocchio_ws/install/mujoco_pkg/share/mujoco_pkg/hook/cmake_prefix_path.sh'
[0.963s] Level 1:colcon.colcon_core.environment:checking '/home/loaf/Pinocchio_ws/install/mujoco_pkg/lib'
[0.963s] Level 1:colcon.colcon_core.environment:checking '/home/loaf/Pinocchio_ws/install/mujoco_pkg/bin'
[0.963s] Level 1:colcon.colcon_core.environment:checking '/home/loaf/Pinocchio_ws/install/mujoco_pkg/lib/pkgconfig/mujoco_pkg.pc'
[0.963s] Level 1:colcon.colcon_core.environment:checking '/home/loaf/Pinocchio_ws/install/mujoco_pkg/lib/python3.10/site-packages'
[0.963s] Level 1:colcon.colcon_core.environment:checking '/home/loaf/Pinocchio_ws/install/mujoco_pkg/bin'
[0.963s] INFO:colcon.colcon_core.shell:Creating package script '/home/loaf/Pinocchio_ws/install/mujoco_pkg/share/mujoco_pkg/package.ps1'
[0.963s] INFO:colcon.colcon_core.shell:Creating package descriptor '/home/loaf/Pinocchio_ws/install/mujoco_pkg/share/mujoco_pkg/package.dsv'
[0.964s] INFO:colcon.colcon_core.shell:Creating package script '/home/loaf/Pinocchio_ws/install/mujoco_pkg/share/mujoco_pkg/package.sh'
[0.964s] INFO:colcon.colcon_core.shell:Creating package script '/home/loaf/Pinocchio_ws/install/mujoco_pkg/share/mujoco_pkg/package.bash'
[0.964s] INFO:colcon.colcon_core.shell:Creating package script '/home/loaf/Pinocchio_ws/install/mujoco_pkg/share/mujoco_pkg/package.zsh'
[0.964s] Level 1:colcon.colcon_core.environment:create_file_with_runtime_dependencies(/home/loaf/Pinocchio_ws/install/mujoco_pkg/share/colcon-core/packages/mujoco_pkg)
[1.097s] DEBUG:colcon.colcon_core.event_handler.log_command:Invoked command in '/home/loaf/Pinocchio_ws/build/motor_control_msgs' returned '0': CMAKE_PREFIX_PATH=${CMAKE_PREFIX_PATH}:/opt/ros/humble /usr/bin/cmake --build /home/loaf/Pinocchio_ws/build/motor_control_msgs -- -j24 -l24
[1.098s] DEBUG:colcon.colcon_core.event_handler.log_command:Invoking command in '/home/loaf/Pinocchio_ws/build/motor_control_msgs': CMAKE_PREFIX_PATH=${CMAKE_PREFIX_PATH}:/opt/ros/humble /usr/bin/cmake --install /home/loaf/Pinocchio_ws/build/motor_control_msgs
[1.136s] Level 1:colcon.colcon_core.environment:create_environment_scripts_only(motor_control_msgs)
[1.137s] Level 1:colcon.colcon_core.environment:checking '/home/loaf/Pinocchio_ws/install/motor_control_msgs' for CMake module files
[1.137s] DEBUG:colcon.colcon_core.event_handler.log_command:Invoked command in '/home/loaf/Pinocchio_ws/build/motor_control_msgs' returned '0': CMAKE_PREFIX_PATH=${CMAKE_PREFIX_PATH}:/opt/ros/humble /usr/bin/cmake --install /home/loaf/Pinocchio_ws/build/motor_control_msgs
[1.137s] Level 1:colcon.colcon_core.environment:checking '/home/loaf/Pinocchio_ws/install/motor_control_msgs' for CMake config files
[1.137s] Level 1:colcon.colcon_core.shell:create_environment_hook('motor_control_msgs', 'cmake_prefix_path')
[1.137s] INFO:colcon.colcon_core.shell:Creating environment hook '/home/loaf/Pinocchio_ws/install/motor_control_msgs/share/motor_control_msgs/hook/cmake_prefix_path.ps1'
[1.138s] INFO:colcon.colcon_core.shell:Creating environment descriptor '/home/loaf/Pinocchio_ws/install/motor_control_msgs/share/motor_control_msgs/hook/cmake_prefix_path.dsv'
[1.138s] INFO:colcon.colcon_core.shell:Creating environment hook '/home/loaf/Pinocchio_ws/install/motor_control_msgs/share/motor_control_msgs/hook/cmake_prefix_path.sh'
[1.138s] Level 1:colcon.colcon_core.environment:checking '/home/loaf/Pinocchio_ws/install/motor_control_msgs/lib'
[1.138s] Level 1:colcon.colcon_core.shell:create_environment_hook('motor_control_msgs', 'ld_library_path_lib')
[1.138s] INFO:colcon.colcon_core.shell:Creating environment hook '/home/loaf/Pinocchio_ws/install/motor_control_msgs/share/motor_control_msgs/hook/ld_library_path_lib.ps1'
[1.139s] INFO:colcon.colcon_core.shell:Creating environment descriptor '/home/loaf/Pinocchio_ws/install/motor_control_msgs/share/motor_control_msgs/hook/ld_library_path_lib.dsv'
[1.139s] INFO:colcon.colcon_core.shell:Creating environment hook '/home/loaf/Pinocchio_ws/install/motor_control_msgs/share/motor_control_msgs/hook/ld_library_path_lib.sh'
[1.139s] Level 1:colcon.colcon_core.environment:checking '/home/loaf/Pinocchio_ws/install/motor_control_msgs/bin'
[1.139s] Level 1:colcon.colcon_core.environment:checking '/home/loaf/Pinocchio_ws/install/motor_control_msgs/lib/pkgconfig/motor_control_msgs.pc'
[1.139s] Level 1:colcon.colcon_core.environment:checking '/home/loaf/Pinocchio_ws/install/motor_control_msgs/lib/python3.10/site-packages'
[1.139s] Level 1:colcon.colcon_core.environment:checking '/home/loaf/Pinocchio_ws/install/motor_control_msgs/bin'
[1.139s] INFO:colcon.colcon_core.shell:Creating package script '/home/loaf/Pinocchio_ws/install/motor_control_msgs/share/motor_control_msgs/package.ps1'
[1.140s] INFO:colcon.colcon_core.shell:Creating package descriptor '/home/loaf/Pinocchio_ws/install/motor_control_msgs/share/motor_control_msgs/package.dsv'
[1.140s] INFO:colcon.colcon_core.shell:Creating package script '/home/loaf/Pinocchio_ws/install/motor_control_msgs/share/motor_control_msgs/package.sh'
[1.140s] INFO:colcon.colcon_core.shell:Creating package script '/home/loaf/Pinocchio_ws/install/motor_control_msgs/share/motor_control_msgs/package.bash'
[1.140s] INFO:colcon.colcon_core.shell:Creating package script '/home/loaf/Pinocchio_ws/install/motor_control_msgs/share/motor_control_msgs/package.zsh'
[1.140s] Level 1:colcon.colcon_core.environment:create_file_with_runtime_dependencies(/home/loaf/Pinocchio_ws/install/motor_control_msgs/share/colcon-core/packages/motor_control_msgs)
[1.141s] Level 1:colcon.colcon_core.environment:create_environment_scripts_only(motor_control_msgs)
[1.141s] Level 1:colcon.colcon_core.environment:checking '/home/loaf/Pinocchio_ws/install/motor_control_msgs' for CMake module files
[1.141s] Level 1:colcon.colcon_core.environment:checking '/home/loaf/Pinocchio_ws/install/motor_control_msgs' for CMake config files
[1.141s] Level 1:colcon.colcon_core.shell:create_environment_hook('motor_control_msgs', 'cmake_prefix_path')
[1.141s] INFO:colcon.colcon_core.shell:Creating environment hook '/home/loaf/Pinocchio_ws/install/motor_control_msgs/share/motor_control_msgs/hook/cmake_prefix_path.ps1'
[1.141s] INFO:colcon.colcon_core.shell:Creating environment descriptor '/home/loaf/Pinocchio_ws/install/motor_control_msgs/share/motor_control_msgs/hook/cmake_prefix_path.dsv'
[1.142s] INFO:colcon.colcon_core.shell:Creating environment hook '/home/loaf/Pinocchio_ws/install/motor_control_msgs/share/motor_control_msgs/hook/cmake_prefix_path.sh'
[1.142s] Level 1:colcon.colcon_core.environment:checking '/home/loaf/Pinocchio_ws/install/motor_control_msgs/lib'
[1.142s] Level 1:colcon.colcon_core.shell:create_environment_hook('motor_control_msgs', 'ld_library_path_lib')
[1.142s] INFO:colcon.colcon_core.shell:Creating environment hook '/home/loaf/Pinocchio_ws/install/motor_control_msgs/share/motor_control_msgs/hook/ld_library_path_lib.ps1'
[1.142s] INFO:colcon.colcon_core.shell:Creating environment descriptor '/home/loaf/Pinocchio_ws/install/motor_control_msgs/share/motor_control_msgs/hook/ld_library_path_lib.dsv'
[1.142s] INFO:colcon.colcon_core.shell:Creating environment hook '/home/loaf/Pinocchio_ws/install/motor_control_msgs/share/motor_control_msgs/hook/ld_library_path_lib.sh'
[1.142s] Level 1:colcon.colcon_core.environment:checking '/home/loaf/Pinocchio_ws/install/motor_control_msgs/bin'
[1.143s] Level 1:colcon.colcon_core.environment:checking '/home/loaf/Pinocchio_ws/install/motor_control_msgs/lib/pkgconfig/motor_control_msgs.pc'
[1.143s] Level 1:colcon.colcon_core.environment:checking '/home/loaf/Pinocchio_ws/install/motor_control_msgs/lib/python3.10/site-packages'
[1.143s] Level 1:colcon.colcon_core.environment:checking '/home/loaf/Pinocchio_ws/install/motor_control_msgs/bin'
[1.143s] INFO:colcon.colcon_core.shell:Creating package script '/home/loaf/Pinocchio_ws/install/motor_control_msgs/share/motor_control_msgs/package.ps1'
[1.143s] INFO:colcon.colcon_core.shell:Creating package descriptor '/home/loaf/Pinocchio_ws/install/motor_control_msgs/share/motor_control_msgs/package.dsv'
[1.144s] INFO:colcon.colcon_core.shell:Creating package script '/home/loaf/Pinocchio_ws/install/motor_control_msgs/share/motor_control_msgs/package.sh'
[1.144s] INFO:colcon.colcon_core.shell:Creating package script '/home/loaf/Pinocchio_ws/install/motor_control_msgs/share/motor_control_msgs/package.bash'
[1.144s] INFO:colcon.colcon_core.shell:Creating package script '/home/loaf/Pinocchio_ws/install/motor_control_msgs/share/motor_control_msgs/package.zsh'
[1.144s] Level 1:colcon.colcon_core.environment:create_file_with_runtime_dependencies(/home/loaf/Pinocchio_ws/install/motor_control_msgs/share/colcon-core/packages/motor_control_msgs)
[1.144s] INFO:colcon.colcon_ros.task.ament_cmake.build:Building ROS package in '/home/loaf/Pinocchio_ws/src/control_pkg' with build type 'ament_cmake'
[1.144s] INFO:colcon.colcon_cmake.task.cmake.build:Building CMake package in '/home/loaf/Pinocchio_ws/src/control_pkg'
[1.145s] INFO:colcon.colcon_core.shell:Skip shell extension 'powershell' for command environment: Not usable outside of PowerShell
[1.145s] DEBUG:colcon.colcon_core.shell:Skip shell extension 'dsv' for command environment
[1.147s] INFO:colcon.colcon_ros.task.ament_cmake.build:Building ROS package in '/home/loaf/Pinocchio_ws/src/mit_controllers' with build type 'ament_cmake'
[1.147s] INFO:colcon.colcon_cmake.task.cmake.build:Building CMake package in '/home/loaf/Pinocchio_ws/src/mit_controllers'
[1.147s] INFO:colcon.colcon_core.shell:Skip shell extension 'powershell' for command environment: Not usable outside of PowerShell
[1.147s] DEBUG:colcon.colcon_core.shell:Skip shell extension 'dsv' for command environment
[1.153s] DEBUG:colcon.colcon_core.event_handler.log_command:Invoking command in '/home/loaf/Pinocchio_ws/build/control_pkg': CMAKE_PREFIX_PATH=/home/loaf/Pinocchio_ws/install/motor_control_msgs:/home/loaf/Pinocchio_ws/install/mujoco_pkg:/home/loaf/Pinocchio_ws/install/mit_controllers:/home/loaf/Pinocchio_ws/install/control_pkg:/home/loaf/Pinocchio_ws/install/descrip_pino:/opt/ros/humble LD_LIBRARY_PATH=/home/loaf/Pinocchio_ws/install/motor_control_msgs/lib:/home/loaf/Pinocchio_ws/install/mit_controllers/lib:/usr/lib/x86_64-linux-gnu/gazebo-11/plugins:/opt/ros/humble/opt/rviz_ogre_vendor/lib:/opt/ros/humble/lib/x86_64-linux-gnu:/opt/ros/humble/lib /usr/bin/cmake --build /home/loaf/Pinocchio_ws/build/control_pkg -- -j24 -l24
[1.156s] DEBUG:colcon.colcon_core.event_handler.log_command:Invoking command in '/home/loaf/Pinocchio_ws/build/mit_controllers': CMAKE_PREFIX_PATH=/home/loaf/Pinocchio_ws/install/motor_control_msgs:/home/loaf/Pinocchio_ws/install/mujoco_pkg:/home/loaf/Pinocchio_ws/install/mit_controllers:/home/loaf/Pinocchio_ws/install/control_pkg:/home/loaf/Pinocchio_ws/install/descrip_pino:/opt/ros/humble LD_LIBRARY_PATH=/home/loaf/Pinocchio_ws/install/motor_control_msgs/lib:/home/loaf/Pinocchio_ws/install/mit_controllers/lib:/usr/lib/x86_64-linux-gnu/gazebo-11/plugins:/opt/ros/humble/opt/rviz_ogre_vendor/lib:/opt/ros/humble/lib/x86_64-linux-gnu:/opt/ros/humble/lib /usr/bin/cmake --build /home/loaf/Pinocchio_ws/build/mit_controllers -- -j24 -l24
[6.906s] DEBUG:colcon.colcon_core.event_handler.log_command:Invoked command in '/home/loaf/Pinocchio_ws/build/mit_controllers' returned '0': CMAKE_PREFIX_PATH=/home/loaf/Pinocchio_ws/install/motor_control_msgs:/home/loaf/Pinocchio_ws/install/mujoco_pkg:/home/loaf/Pinocchio_ws/install/mit_controllers:/home/loaf/Pinocchio_ws/install/control_pkg:/home/loaf/Pinocchio_ws/install/descrip_pino:/opt/ros/humble LD_LIBRARY_PATH=/home/loaf/Pinocchio_ws/install/motor_control_msgs/lib:/home/loaf/Pinocchio_ws/install/mit_controllers/lib:/usr/lib/x86_64-linux-gnu/gazebo-11/plugins:/opt/ros/humble/opt/rviz_ogre_vendor/lib:/opt/ros/humble/lib/x86_64-linux-gnu:/opt/ros/humble/lib /usr/bin/cmake --build /home/loaf/Pinocchio_ws/build/mit_controllers -- -j24 -l24
[6.907s] DEBUG:colcon.colcon_core.event_handler.log_command:Invoking command in '/home/loaf/Pinocchio_ws/build/mit_controllers': CMAKE_PREFIX_PATH=/home/loaf/Pinocchio_ws/install/motor_control_msgs:/home/loaf/Pinocchio_ws/install/mujoco_pkg:/home/loaf/Pinocchio_ws/install/mit_controllers:/home/loaf/Pinocchio_ws/install/control_pkg:/home/loaf/Pinocchio_ws/install/descrip_pino:/opt/ros/humble LD_LIBRARY_PATH=/home/loaf/Pinocchio_ws/install/motor_control_msgs/lib:/home/loaf/Pinocchio_ws/install/mit_controllers/lib:/usr/lib/x86_64-linux-gnu/gazebo-11/plugins:/opt/ros/humble/opt/rviz_ogre_vendor/lib:/opt/ros/humble/lib/x86_64-linux-gnu:/opt/ros/humble/lib /usr/bin/cmake --install /home/loaf/Pinocchio_ws/build/mit_controllers
[6.919s] Level 1:colcon.colcon_core.environment:create_environment_scripts_only(mit_controllers)
[6.919s] Level 1:colcon.colcon_core.environment:checking '/home/loaf/Pinocchio_ws/install/mit_controllers' for CMake module files
[6.920s] DEBUG:colcon.colcon_core.event_handler.log_command:Invoked command in '/home/loaf/Pinocchio_ws/build/mit_controllers' returned '0': CMAKE_PREFIX_PATH=/home/loaf/Pinocchio_ws/install/motor_control_msgs:/home/loaf/Pinocchio_ws/install/mujoco_pkg:/home/loaf/Pinocchio_ws/install/mit_controllers:/home/loaf/Pinocchio_ws/install/control_pkg:/home/loaf/Pinocchio_ws/install/descrip_pino:/opt/ros/humble LD_LIBRARY_PATH=/home/loaf/Pinocchio_ws/install/motor_control_msgs/lib:/home/loaf/Pinocchio_ws/install/mit_controllers/lib:/usr/lib/x86_64-linux-gnu/gazebo-11/plugins:/opt/ros/humble/opt/rviz_ogre_vendor/lib:/opt/ros/humble/lib/x86_64-linux-gnu:/opt/ros/humble/lib /usr/bin/cmake --install /home/loaf/Pinocchio_ws/build/mit_controllers
[6.920s] Level 1:colcon.colcon_core.environment:checking '/home/loaf/Pinocchio_ws/install/mit_controllers' for CMake config files
[6.920s] Level 1:colcon.colcon_core.shell:create_environment_hook('mit_controllers', 'cmake_prefix_path')
[6.920s] INFO:colcon.colcon_core.shell:Creating environment hook '/home/loaf/Pinocchio_ws/install/mit_controllers/share/mit_controllers/hook/cmake_prefix_path.ps1'
[6.920s] INFO:colcon.colcon_core.shell:Creating environment descriptor '/home/loaf/Pinocchio_ws/install/mit_controllers/share/mit_controllers/hook/cmake_prefix_path.dsv'
[6.920s] INFO:colcon.colcon_core.shell:Creating environment hook '/home/loaf/Pinocchio_ws/install/mit_controllers/share/mit_controllers/hook/cmake_prefix_path.sh'
[6.921s] Level 1:colcon.colcon_core.environment:checking '/home/loaf/Pinocchio_ws/install/mit_controllers/lib'
[6.921s] Level 1:colcon.colcon_core.shell:create_environment_hook('mit_controllers', 'ld_library_path_lib')
[6.921s] INFO:colcon.colcon_core.shell:Creating environment hook '/home/loaf/Pinocchio_ws/install/mit_controllers/share/mit_controllers/hook/ld_library_path_lib.ps1'
[6.921s] INFO:colcon.colcon_core.shell:Creating environment descriptor '/home/loaf/Pinocchio_ws/install/mit_controllers/share/mit_controllers/hook/ld_library_path_lib.dsv'
[6.921s] INFO:colcon.colcon_core.shell:Creating environment hook '/home/loaf/Pinocchio_ws/install/mit_controllers/share/mit_controllers/hook/ld_library_path_lib.sh'
[6.921s] Level 1:colcon.colcon_core.environment:checking '/home/loaf/Pinocchio_ws/install/mit_controllers/bin'
[6.921s] Level 1:colcon.colcon_core.environment:checking '/home/loaf/Pinocchio_ws/install/mit_controllers/lib/pkgconfig/mit_controllers.pc'
[6.922s] Level 1:colcon.colcon_core.environment:checking '/home/loaf/Pinocchio_ws/install/mit_controllers/lib/python3.10/site-packages'
[6.922s] Level 1:colcon.colcon_core.environment:checking '/home/loaf/Pinocchio_ws/install/mit_controllers/bin'
[6.922s] INFO:colcon.colcon_core.shell:Creating package script '/home/loaf/Pinocchio_ws/install/mit_controllers/share/mit_controllers/package.ps1'
[6.922s] INFO:colcon.colcon_core.shell:Creating package descriptor '/home/loaf/Pinocchio_ws/install/mit_controllers/share/mit_controllers/package.dsv'
[6.922s] INFO:colcon.colcon_core.shell:Creating package script '/home/loaf/Pinocchio_ws/install/mit_controllers/share/mit_controllers/package.sh'
[6.923s] INFO:colcon.colcon_core.shell:Creating package script '/home/loaf/Pinocchio_ws/install/mit_controllers/share/mit_controllers/package.bash'
[6.923s] INFO:colcon.colcon_core.shell:Creating package script '/home/loaf/Pinocchio_ws/install/mit_controllers/share/mit_controllers/package.zsh'
[6.923s] Level 1:colcon.colcon_core.environment:create_file_with_runtime_dependencies(/home/loaf/Pinocchio_ws/install/mit_controllers/share/colcon-core/packages/mit_controllers)
[6.923s] Level 1:colcon.colcon_core.environment:create_environment_scripts_only(mit_controllers)
[6.923s] Level 1:colcon.colcon_core.environment:checking '/home/loaf/Pinocchio_ws/install/mit_controllers' for CMake module files
[6.924s] Level 1:colcon.colcon_core.environment:checking '/home/loaf/Pinocchio_ws/install/mit_controllers' for CMake config files
[6.924s] Level 1:colcon.colcon_core.shell:create_environment_hook('mit_controllers', 'cmake_prefix_path')
[6.924s] INFO:colcon.colcon_core.shell:Creating environment hook '/home/loaf/Pinocchio_ws/install/mit_controllers/share/mit_controllers/hook/cmake_prefix_path.ps1'
[6.924s] INFO:colcon.colcon_core.shell:Creating environment descriptor '/home/loaf/Pinocchio_ws/install/mit_controllers/share/mit_controllers/hook/cmake_prefix_path.dsv'
[6.924s] INFO:colcon.colcon_core.shell:Creating environment hook '/home/loaf/Pinocchio_ws/install/mit_controllers/share/mit_controllers/hook/cmake_prefix_path.sh'
[6.924s] Level 1:colcon.colcon_core.environment:checking '/home/loaf/Pinocchio_ws/install/mit_controllers/lib'
[6.924s] Level 1:colcon.colcon_core.shell:create_environment_hook('mit_controllers', 'ld_library_path_lib')
[6.925s] INFO:colcon.colcon_core.shell:Creating environment hook '/home/loaf/Pinocchio_ws/install/mit_controllers/share/mit_controllers/hook/ld_library_path_lib.ps1'
[6.925s] INFO:colcon.colcon_core.shell:Creating environment descriptor '/home/loaf/Pinocchio_ws/install/mit_controllers/share/mit_controllers/hook/ld_library_path_lib.dsv'
[6.925s] INFO:colcon.colcon_core.shell:Creating environment hook '/home/loaf/Pinocchio_ws/install/mit_controllers/share/mit_controllers/hook/ld_library_path_lib.sh'
[6.925s] Level 1:colcon.colcon_core.environment:checking '/home/loaf/Pinocchio_ws/install/mit_controllers/bin'
[6.925s] Level 1:colcon.colcon_core.environment:checking '/home/loaf/Pinocchio_ws/install/mit_controllers/lib/pkgconfig/mit_controllers.pc'
[6.925s] Level 1:colcon.colcon_core.environment:checking '/home/loaf/Pinocchio_ws/install/mit_controllers/lib/python3.10/site-packages'
[6.925s] Level 1:colcon.colcon_core.environment:checking '/home/loaf/Pinocchio_ws/install/mit_controllers/bin'
[6.926s] INFO:colcon.colcon_core.shell:Creating package script '/home/loaf/Pinocchio_ws/install/mit_controllers/share/mit_controllers/package.ps1'
[6.926s] INFO:colcon.colcon_core.shell:Creating package descriptor '/home/loaf/Pinocchio_ws/install/mit_controllers/share/mit_controllers/package.dsv'
[6.926s] INFO:colcon.colcon_core.shell:Creating package script '/home/loaf/Pinocchio_ws/install/mit_controllers/share/mit_controllers/package.sh'
[6.926s] INFO:colcon.colcon_core.shell:Creating package script '/home/loaf/Pinocchio_ws/install/mit_controllers/share/mit_controllers/package.bash'
[6.927s] INFO:colcon.colcon_core.shell:Creating package script '/home/loaf/Pinocchio_ws/install/mit_controllers/share/mit_controllers/package.zsh'
[6.927s] Level 1:colcon.colcon_core.environment:create_file_with_runtime_dependencies(/home/loaf/Pinocchio_ws/install/mit_controllers/share/colcon-core/packages/mit_controllers)
[8.641s] DEBUG:colcon.colcon_core.event_handler.log_command:Invoked command in '/home/loaf/Pinocchio_ws/build/control_pkg' returned '2': CMAKE_PREFIX_PATH=/home/loaf/Pinocchio_ws/install/motor_control_msgs:/home/loaf/Pinocchio_ws/install/mujoco_pkg:/home/loaf/Pinocchio_ws/install/mit_controllers:/home/loaf/Pinocchio_ws/install/control_pkg:/home/loaf/Pinocchio_ws/install/descrip_pino:/opt/ros/humble LD_LIBRARY_PATH=/home/loaf/Pinocchio_ws/install/motor_control_msgs/lib:/home/loaf/Pinocchio_ws/install/mit_controllers/lib:/usr/lib/x86_64-linux-gnu/gazebo-11/plugins:/opt/ros/humble/opt/rviz_ogre_vendor/lib:/opt/ros/humble/lib/x86_64-linux-gnu:/opt/ros/humble/lib /usr/bin/cmake --build /home/loaf/Pinocchio_ws/build/control_pkg -- -j24 -l24
[8.642s] Level 1:colcon.colcon_core.environment:create_environment_scripts_only(control_pkg)
[8.642s] Level 1:colcon.colcon_core.environment:checking '/home/loaf/Pinocchio_ws/install/control_pkg' for CMake module files
[8.642s] Level 1:colcon.colcon_core.environment:checking '/home/loaf/Pinocchio_ws/install/control_pkg' for CMake config files
[8.643s] Level 1:colcon.colcon_core.shell:create_environment_hook('control_pkg', 'cmake_prefix_path')
[8.643s] INFO:colcon.colcon_core.shell:Creating environment hook '/home/loaf/Pinocchio_ws/install/control_pkg/share/control_pkg/hook/cmake_prefix_path.ps1'
[8.643s] INFO:colcon.colcon_core.shell:Creating environment descriptor '/home/loaf/Pinocchio_ws/install/control_pkg/share/control_pkg/hook/cmake_prefix_path.dsv'
[8.644s] INFO:colcon.colcon_core.shell:Creating environment hook '/home/loaf/Pinocchio_ws/install/control_pkg/share/control_pkg/hook/cmake_prefix_path.sh'
[8.644s] Level 1:colcon.colcon_core.environment:checking '/home/loaf/Pinocchio_ws/install/control_pkg/lib'
[8.644s] Level 1:colcon.colcon_core.environment:checking '/home/loaf/Pinocchio_ws/install/control_pkg/bin'
[8.644s] Level 1:colcon.colcon_core.environment:checking '/home/loaf/Pinocchio_ws/install/control_pkg/lib/pkgconfig/control_pkg.pc'
[8.645s] Level 1:colcon.colcon_core.environment:checking '/home/loaf/Pinocchio_ws/install/control_pkg/lib/python3.10/site-packages'
[8.645s] Level 1:colcon.colcon_core.environment:checking '/home/loaf/Pinocchio_ws/install/control_pkg/bin'
[8.645s] INFO:colcon.colcon_core.shell:Creating package script '/home/loaf/Pinocchio_ws/install/control_pkg/share/control_pkg/package.ps1'
[8.646s] INFO:colcon.colcon_core.shell:Creating package descriptor '/home/loaf/Pinocchio_ws/install/control_pkg/share/control_pkg/package.dsv'
[8.646s] INFO:colcon.colcon_core.shell:Creating package script '/home/loaf/Pinocchio_ws/install/control_pkg/share/control_pkg/package.sh'
[8.646s] INFO:colcon.colcon_core.shell:Creating package script '/home/loaf/Pinocchio_ws/install/control_pkg/share/control_pkg/package.bash'
[8.647s] INFO:colcon.colcon_core.shell:Creating package script '/home/loaf/Pinocchio_ws/install/control_pkg/share/control_pkg/package.zsh'
[8.647s] Level 1:colcon.colcon_core.environment:create_file_with_runtime_dependencies(/home/loaf/Pinocchio_ws/install/control_pkg/share/colcon-core/packages/control_pkg)
[8.658s] DEBUG:colcon.colcon_parallel_executor.executor.parallel:closing loop
[8.658s] DEBUG:colcon.colcon_parallel_executor.executor.parallel:loop closed
[8.658s] DEBUG:colcon.colcon_parallel_executor.executor.parallel:run_until_complete finished with '2'
[8.658s] DEBUG:colcon.colcon_core.event_reactor:joining thread
[8.692s] INFO:colcon.colcon_core.plugin_system:Skipping extension 'colcon_notification.desktop_notification.terminal_notifier': Not used on non-Darwin systems
[8.692s] INFO:colcon.colcon_core.plugin_system:Skipping extension 'colcon_notification.desktop_notification.win32': Not used on non-Windows systems
[8.692s] INFO:colcon.colcon_notification.desktop_notification:Sending desktop notification using 'notify2'
[8.715s] DEBUG:colcon.colcon_core.event_reactor:joined thread
[8.716s] INFO:colcon.colcon_core.shell:Creating prefix script '/home/loaf/Pinocchio_ws/install/local_setup.ps1'
[8.717s] INFO:colcon.colcon_core.shell:Creating prefix util module '/home/loaf/Pinocchio_ws/install/_local_setup_util_ps1.py'
[8.719s] INFO:colcon.colcon_core.shell:Creating prefix chain script '/home/loaf/Pinocchio_ws/install/setup.ps1'
[8.720s] INFO:colcon.colcon_core.shell:Creating prefix script '/home/loaf/Pinocchio_ws/install/local_setup.sh'
[8.721s] INFO:colcon.colcon_core.shell:Creating prefix util module '/home/loaf/Pinocchio_ws/install/_local_setup_util_sh.py'
[8.722s] INFO:colcon.colcon_core.shell:Creating prefix chain script '/home/loaf/Pinocchio_ws/install/setup.sh'
[8.724s] INFO:colcon.colcon_core.shell:Creating prefix script '/home/loaf/Pinocchio_ws/install/local_setup.bash'
[8.725s] INFO:colcon.colcon_core.shell:Creating prefix chain script '/home/loaf/Pinocchio_ws/install/setup.bash'
[8.726s] INFO:colcon.colcon_core.shell:Creating prefix script '/home/loaf/Pinocchio_ws/install/local_setup.zsh'
[8.727s] INFO:colcon.colcon_core.shell:Creating prefix chain script '/home/loaf/Pinocchio_ws/install/setup.zsh'
