[0.009s] Invoking command in '/home/loaf/Pinocchio_ws/build/control_pkg': CMAKE_PREFIX_PATH=/home/loaf/Pinocchio_ws/install/motor_control_msgs:/home/loaf/Pinocchio_ws/install/mujoco_pkg:/home/loaf/Pinocchio_ws/install/mit_controllers:/home/loaf/Pinocchio_ws/install/control_pkg:/home/loaf/Pinocchio_ws/install/descrip_pino:/opt/ros/humble LD_LIBRARY_PATH=/home/loaf/Pinocchio_ws/install/motor_control_msgs/lib:/home/loaf/Pinocchio_ws/install/mit_controllers/lib:/usr/lib/x86_64-linux-gnu/gazebo-11/plugins:/opt/ros/humble/opt/rviz_ogre_vendor/lib:/opt/ros/humble/lib/x86_64-linux-gnu:/opt/ros/humble/lib /usr/bin/cmake --build /home/loaf/Pinocchio_ws/build/control_pkg -- -j24 -l24
[0.052s] [35m[1mConsolidate compiler generated dependencies of target start[0m
[0.092s] [  4%] [32mBuilding CXX object CMakeFiles/start.dir/src/FSM/Balance_State.cpp.o[0m
[0.092s] [  8%] [32mBuilding CXX object CMakeFiles/start.dir/src/FSM/ControlComponent.cpp.o[0m
[0.092s] [ 13%] [32mBuilding CXX object CMakeFiles/start.dir/src/FSM/Free_Stand_State.cpp.o[0m
[0.092s] [ 17%] [32mBuilding CXX object CMakeFiles/start.dir/src/start.cpp.o[0m
[0.093s] [ 26%] [32mBuilding CXX object CMakeFiles/start.dir/src/common/BalanceCtrl.cpp.o[0m
[0.093s] [ 26%] [32mBuilding CXX object CMakeFiles/start.dir/src/common/Estimator.cpp.o[0m
[0.093s] [ 30%] [32mBuilding CXX object CMakeFiles/start.dir/src/FSM/Free_State.cpp.o[0m
[0.094s] [ 34%] [32mBuilding CXX object CMakeFiles/start.dir/src/common/Imu.cpp.o[0m
[0.096s] [ 39%] [32mBuilding CXX object CMakeFiles/start.dir/src/FSM/Passive_State.cpp.o[0m
[0.096s] [ 43%] [32mBuilding CXX object CMakeFiles/start.dir/src/FSM/FSM.cpp.o[0m
[0.096s] [ 47%] [32mBuilding CXX object CMakeFiles/start.dir/src/FSM/Stand_State.cpp.o[0m
[0.098s] [ 52%] [32mBuilding CXX object CMakeFiles/start.dir/src/FSM/FSMState.cpp.o[0m
[0.098s] [ 56%] [32mBuilding CXX object CMakeFiles/start.dir/src/FSM/Trotting_State.cpp.o[0m
[0.102s] [ 65%] [32mBuilding CXX object CMakeFiles/start.dir/src/Gait/GaitGenerator.cpp.o[0m
[0.102s] [ 65%] [32mBuilding CXX object CMakeFiles/start.dir/src/IOPort/IORos.cpp.o[0m
[0.102s] [ 69%] [32mBuilding CXX object CMakeFiles/start.dir/src/Gait/FeetEndCal.cpp.o[0m
[0.103s] [ 73%] [32mBuilding CXX object CMakeFiles/start.dir/src/math/Kenimatics_normal_solution.cpp.o[0m
[0.104s] [ 78%] [32mBuilding CXX object CMakeFiles/start.dir/src/math/Reversal_solution.cpp.o[0m
[11.977s] [ 82%] [32m[1mLinking CXX executable start[0m
[12.024s] /usr/bin/ld: CMakeFiles/start.dir/src/common/Estimator.cpp.o: in function `Angle2Radian(float)':
[12.024s] Estimator.cpp:(.text+0x0): multiple definition of `Angle2Radian(float)'; CMakeFiles/start.dir/src/start.cpp.o:start.cpp:(.text+0x0): first defined here
[12.024s] /usr/bin/ld: CMakeFiles/start.dir/src/common/Estimator.cpp.o: in function `Radian2Angle(float)':
[12.024s] Estimator.cpp:(.text+0x38): multiple definition of `Radian2Angle(float)'; CMakeFiles/start.dir/src/start.cpp.o:start.cpp:(.text+0x38): first defined here
[12.034s] /usr/bin/ld: CMakeFiles/start.dir/src/FSM/Balance_State.cpp.o: in function `Angle2Radian(float)':
[12.034s] Balance_State.cpp:(.text+0x0): multiple definition of `Angle2Radian(float)'; CMakeFiles/start.dir/src/start.cpp.o:start.cpp:(.text+0x0): first defined here
[12.034s] /usr/bin/ld: CMakeFiles/start.dir/src/FSM/Balance_State.cpp.o: in function `Radian2Angle(float)':
[12.034s] Balance_State.cpp:(.text+0x38): multiple definition of `Radian2Angle(float)'; CMakeFiles/start.dir/src/start.cpp.o:start.cpp:(.text+0x38): first defined here
[12.035s] /usr/bin/ld: CMakeFiles/start.dir/src/FSM/ControlComponent.cpp.o: in function `Angle2Radian(float)':
[12.035s] ControlComponent.cpp:(.text+0x0): multiple definition of `Angle2Radian(float)'; CMakeFiles/start.dir/src/start.cpp.o:start.cpp:(.text+0x0): first defined here
[12.035s] /usr/bin/ld: CMakeFiles/start.dir/src/FSM/ControlComponent.cpp.o: in function `Radian2Angle(float)':
[12.035s] ControlComponent.cpp:(.text+0x38): multiple definition of `Radian2Angle(float)'; CMakeFiles/start.dir/src/start.cpp.o:start.cpp:(.text+0x38): first defined here
[12.037s] /usr/bin/ld: CMakeFiles/start.dir/src/FSM/Free_Stand_State.cpp.o: in function `Angle2Radian(float)':
[12.037s] Free_Stand_State.cpp:(.text+0x0): multiple definition of `Angle2Radian(float)'; CMakeFiles/start.dir/src/start.cpp.o:start.cpp:(.text+0x0): first defined here
[12.037s] /usr/bin/ld: CMakeFiles/start.dir/src/FSM/Free_Stand_State.cpp.o: in function `Radian2Angle(float)':
[12.037s] Free_Stand_State.cpp:(.text+0x38): multiple definition of `Radian2Angle(float)'; CMakeFiles/start.dir/src/start.cpp.o:start.cpp:(.text+0x38): first defined here
[12.038s] /usr/bin/ld: CMakeFiles/start.dir/src/FSM/Free_State.cpp.o: in function `Angle2Radian(float)':
[12.038s] Free_State.cpp:(.text+0x0): multiple definition of `Angle2Radian(float)'; CMakeFiles/start.dir/src/start.cpp.o:start.cpp:(.text+0x0): first defined here
[12.038s] /usr/bin/ld: CMakeFiles/start.dir/src/FSM/Free_State.cpp.o: in function `Radian2Angle(float)':
[12.038s] Free_State.cpp:(.text+0x38): multiple definition of `Radian2Angle(float)'; CMakeFiles/start.dir/src/start.cpp.o:start.cpp:(.text+0x38): first defined here
[12.038s] /usr/bin/ld: CMakeFiles/start.dir/src/FSM/FSM.cpp.o: in function `Angle2Radian(float)':
[12.038s] FSM.cpp:(.text+0x0): multiple definition of `Angle2Radian(float)'; CMakeFiles/start.dir/src/start.cpp.o:start.cpp:(.text+0x0): first defined here
[12.038s] /usr/bin/ld: CMakeFiles/start.dir/src/FSM/FSM.cpp.o: in function `Radian2Angle(float)':
[12.038s] FSM.cpp:(.text+0x38): multiple definition of `Radian2Angle(float)'; CMakeFiles/start.dir/src/start.cpp.o:start.cpp:(.text+0x38): first defined here
[12.038s] /usr/bin/ld: CMakeFiles/start.dir/src/FSM/FSMState.cpp.o: in function `Angle2Radian(float)':
[12.038s] FSMState.cpp:(.text+0x0): multiple definition of `Angle2Radian(float)'; CMakeFiles/start.dir/src/start.cpp.o:start.cpp:(.text+0x0): first defined here
[12.038s] /usr/bin/ld: CMakeFiles/start.dir/src/FSM/FSMState.cpp.o: in function `Radian2Angle(float)':
[12.038s] FSMState.cpp:(.text+0x38): multiple definition of `Radian2Angle(float)'; CMakeFiles/start.dir/src/start.cpp.o:start.cpp:(.text+0x38): first defined here
[12.038s] /usr/bin/ld: CMakeFiles/start.dir/src/FSM/Passive_State.cpp.o: in function `Angle2Radian(float)':
[12.038s] Passive_State.cpp:(.text+0x0): multiple definition of `Angle2Radian(float)'; CMakeFiles/start.dir/src/start.cpp.o:start.cpp:(.text+0x0): first defined here
[12.038s] /usr/bin/ld: CMakeFiles/start.dir/src/FSM/Passive_State.cpp.o: in function `Radian2Angle(float)':
[12.038s] Passive_State.cpp:(.text+0x38): multiple definition of `Radian2Angle(float)'; CMakeFiles/start.dir/src/start.cpp.o:start.cpp:(.text+0x38): first defined here
[12.039s] /usr/bin/ld: CMakeFiles/start.dir/src/FSM/Stand_State.cpp.o: in function `Angle2Radian(float)':
[12.039s] Stand_State.cpp:(.text+0x0): multiple definition of `Angle2Radian(float)'; CMakeFiles/start.dir/src/start.cpp.o:start.cpp:(.text+0x0): first defined here
[12.039s] /usr/bin/ld: CMakeFiles/start.dir/src/FSM/Stand_State.cpp.o: in function `Radian2Angle(float)':
[12.039s] Stand_State.cpp:(.text+0x38): multiple definition of `Radian2Angle(float)'; CMakeFiles/start.dir/src/start.cpp.o:start.cpp:(.text+0x38): first defined here
[12.041s] /usr/bin/ld: CMakeFiles/start.dir/src/FSM/Trotting_State.cpp.o: in function `Angle2Radian(float)':
[12.041s] Trotting_State.cpp:(.text+0x0): multiple definition of `Angle2Radian(float)'; CMakeFiles/start.dir/src/start.cpp.o:start.cpp:(.text+0x0): first defined here
[12.041s] /usr/bin/ld: CMakeFiles/start.dir/src/FSM/Trotting_State.cpp.o: in function `Radian2Angle(float)':
[12.041s] Trotting_State.cpp:(.text+0x38): multiple definition of `Radian2Angle(float)'; CMakeFiles/start.dir/src/start.cpp.o:start.cpp:(.text+0x38): first defined here
[12.042s] /usr/bin/ld: CMakeFiles/start.dir/src/Gait/FeetEndCal.cpp.o: in function `Angle2Radian(float)':
[12.042s] FeetEndCal.cpp:(.text+0x0): multiple definition of `Angle2Radian(float)'; CMakeFiles/start.dir/src/start.cpp.o:start.cpp:(.text+0x0): first defined here
[12.042s] /usr/bin/ld: CMakeFiles/start.dir/src/Gait/FeetEndCal.cpp.o: in function `Radian2Angle(float)':
[12.042s] FeetEndCal.cpp:(.text+0x38): multiple definition of `Radian2Angle(float)'; CMakeFiles/start.dir/src/start.cpp.o:start.cpp:(.text+0x38): first defined here
[12.043s] /usr/bin/ld: CMakeFiles/start.dir/src/Gait/GaitGenerator.cpp.o: in function `Angle2Radian(float)':
[12.043s] GaitGenerator.cpp:(.text+0x0): multiple definition of `Angle2Radian(float)'; CMakeFiles/start.dir/src/start.cpp.o:start.cpp:(.text+0x0): first defined here
[12.043s] /usr/bin/ld: CMakeFiles/start.dir/src/Gait/GaitGenerator.cpp.o: in function `Radian2Angle(float)':
[12.043s] GaitGenerator.cpp:(.text+0x38): multiple definition of `Radian2Angle(float)'; CMakeFiles/start.dir/src/start.cpp.o:start.cpp:(.text+0x38): first defined here
[12.072s] /usr/bin/ld: CMakeFiles/start.dir/src/IOPort/IORos.cpp.o: in function `Angle2Radian(float)':
[12.072s] IORos.cpp:(.text+0x69): multiple definition of `Angle2Radian(float)'; CMakeFiles/start.dir/src/start.cpp.o:start.cpp:(.text+0x0): first defined here
[12.072s] /usr/bin/ld: CMakeFiles/start.dir/src/IOPort/IORos.cpp.o: in function `Radian2Angle(float)':
[12.072s] IORos.cpp:(.text+0xa1): multiple definition of `Radian2Angle(float)'; CMakeFiles/start.dir/src/start.cpp.o:start.cpp:(.text+0x38): first defined here
[12.082s] /usr/bin/ld: CMakeFiles/start.dir/src/math/Kenimatics_normal_solution.cpp.o: in function `Angle2Radian(float)':
[12.082s] Kenimatics_normal_solution.cpp:(.text+0x0): multiple definition of `Angle2Radian(float)'; CMakeFiles/start.dir/src/start.cpp.o:start.cpp:(.text+0x0): first defined here
[12.082s] /usr/bin/ld: CMakeFiles/start.dir/src/math/Kenimatics_normal_solution.cpp.o: in function `Radian2Angle(float)':
[12.082s] Kenimatics_normal_solution.cpp:(.text+0x38): multiple definition of `Radian2Angle(float)'; CMakeFiles/start.dir/src/start.cpp.o:start.cpp:(.text+0x38): first defined here
[12.084s] /usr/bin/ld: CMakeFiles/start.dir/src/math/Reversal_solution.cpp.o: in function `Angle2Radian(float)':
[12.084s] Reversal_solution.cpp:(.text+0x0): multiple definition of `Angle2Radian(float)'; CMakeFiles/start.dir/src/start.cpp.o:start.cpp:(.text+0x0): first defined here
[12.084s] /usr/bin/ld: CMakeFiles/start.dir/src/math/Reversal_solution.cpp.o: in function `Radian2Angle(float)':
[12.084s] Reversal_solution.cpp:(.text+0x38): multiple definition of `Radian2Angle(float)'; CMakeFiles/start.dir/src/start.cpp.o:start.cpp:(.text+0x38): first defined here
[12.805s] collect2: error: ld returned 1 exit status
[12.807s] gmake[2]: *** [CMakeFiles/start.dir/build.make:551：start] 错误 1
[12.807s] gmake[1]: *** [CMakeFiles/Makefile2:137：CMakeFiles/start.dir/all] 错误 2
[12.807s] gmake: *** [Makefile:146：all] 错误 2
[12.808s] Invoked command in '/home/loaf/Pinocchio_ws/build/control_pkg' returned '2': CMAKE_PREFIX_PATH=/home/loaf/Pinocchio_ws/install/motor_control_msgs:/home/loaf/Pinocchio_ws/install/mujoco_pkg:/home/loaf/Pinocchio_ws/install/mit_controllers:/home/loaf/Pinocchio_ws/install/control_pkg:/home/loaf/Pinocchio_ws/install/descrip_pino:/opt/ros/humble LD_LIBRARY_PATH=/home/loaf/Pinocchio_ws/install/motor_control_msgs/lib:/home/loaf/Pinocchio_ws/install/mit_controllers/lib:/usr/lib/x86_64-linux-gnu/gazebo-11/plugins:/opt/ros/humble/opt/rviz_ogre_vendor/lib:/opt/ros/humble/lib/x86_64-linux-gnu:/opt/ros/humble/lib /usr/bin/cmake --build /home/loaf/Pinocchio_ws/build/control_pkg -- -j24 -l24
