[0.104s] DEBUG:colcon:Command line arguments: ['/usr/bin/colcon', 'build']
[0.104s] DEBUG:colcon:Parsed command line arguments: Namespace(log_base=None, log_level=None, verb_name='build', build_base='build', install_base='install', merge_install=False, symlink_install=False, test_result_base=None, continue_on_error=False, executor='parallel', parallel_workers=24, event_handlers=None, ignore_user_meta=False, metas=['./colcon.meta'], base_paths=['.'], packages_ignore=None, packages_ignore_regex=None, paths=None, packages_up_to=None, packages_up_to_regex=None, packages_above=None, packages_above_and_dependencies=None, packages_above_depth=None, packages_select_by_dep=None, packages_skip_by_dep=None, packages_skip_up_to=None, packages_select_build_failed=False, packages_skip_build_finished=False, packages_select_test_failures=False, packages_skip_test_passed=False, packages_select=None, packages_skip=None, packages_select_regex=None, packages_skip_regex=None, packages_start=None, packages_end=None, allow_overriding=[], cmake_args=None, cmake_target=None, cmake_target_skip_unavailable=False, cmake_clean_cache=False, cmake_clean_first=False, cmake_force_configure=False, ament_cmake_args=None, catkin_cmake_args=None, catkin_skip_building_tests=False, mixin_files=None, mixin=None, verb_parser=<colcon_mixin.mixin.mixin_argument.MixinArgumentDecorator object at 0x7825dc826410>, verb_extension=<colcon_core.verb.build.BuildVerb object at 0x7825dc8fb040>, main=<bound method BuildVerb.main of <colcon_core.verb.build.BuildVerb object at 0x7825dc8fb040>>, mixin_verb=('build',))
[0.203s] Level 1:colcon.colcon_core.package_discovery:discover_packages(colcon_meta) check parameters
[0.204s] Level 1:colcon.colcon_core.package_discovery:discover_packages(recursive) check parameters
[0.204s] Level 1:colcon.colcon_core.package_discovery:discover_packages(ignore) check parameters
[0.204s] Level 1:colcon.colcon_core.package_discovery:discover_packages(path) check parameters
[0.204s] Level 1:colcon.colcon_core.package_discovery:discover_packages(colcon_meta) discover
[0.204s] Level 1:colcon.colcon_core.package_discovery:discover_packages(recursive) discover
[0.204s] INFO:colcon.colcon_core.package_discovery:Crawling recursively for packages in '/home/loaf/Pinocchio_ws'
[0.204s] Level 1:colcon.colcon_core.package_identification:_identify(.) by extensions ['ignore', 'ignore_ament_install']
[0.204s] Level 1:colcon.colcon_core.package_identification:_identify(.) by extension 'ignore'
[0.204s] Level 1:colcon.colcon_core.package_identification:_identify(.) by extension 'ignore_ament_install'
[0.204s] Level 1:colcon.colcon_core.package_identification:_identify(.) by extensions ['colcon_pkg']
[0.204s] Level 1:colcon.colcon_core.package_identification:_identify(.) by extension 'colcon_pkg'
[0.204s] Level 1:colcon.colcon_core.package_identification:_identify(.) by extensions ['colcon_meta']
[0.204s] Level 1:colcon.colcon_core.package_identification:_identify(.) by extension 'colcon_meta'
[0.204s] Level 1:colcon.colcon_core.package_identification:_identify(.) by extensions ['ros']
[0.204s] Level 1:colcon.colcon_core.package_identification:_identify(.) by extension 'ros'
[0.214s] Level 1:colcon.colcon_core.package_identification:_identify(.) by extensions ['cmake', 'python']
[0.214s] Level 1:colcon.colcon_core.package_identification:_identify(.) by extension 'cmake'
[0.215s] Level 1:colcon.colcon_core.package_identification:_identify(.) by extension 'python'
[0.215s] Level 1:colcon.colcon_core.package_identification:_identify(.) by extensions ['python_setup_py']
[0.215s] Level 1:colcon.colcon_core.package_identification:_identify(.) by extension 'python_setup_py'
[0.215s] Level 1:colcon.colcon_core.package_identification:_identify(build) by extensions ['ignore', 'ignore_ament_install']
[0.215s] Level 1:colcon.colcon_core.package_identification:_identify(build) by extension 'ignore'
[0.215s] Level 1:colcon.colcon_core.package_identification:_identify(build) ignored
[0.215s] Level 1:colcon.colcon_core.package_identification:_identify(install) by extensions ['ignore', 'ignore_ament_install']
[0.215s] Level 1:colcon.colcon_core.package_identification:_identify(install) by extension 'ignore'
[0.215s] Level 1:colcon.colcon_core.package_identification:_identify(install) ignored
[0.215s] Level 1:colcon.colcon_core.package_identification:_identify(log) by extensions ['ignore', 'ignore_ament_install']
[0.215s] Level 1:colcon.colcon_core.package_identification:_identify(log) by extension 'ignore'
[0.215s] Level 1:colcon.colcon_core.package_identification:_identify(log) ignored
[0.215s] Level 1:colcon.colcon_core.package_identification:_identify(src) by extensions ['ignore', 'ignore_ament_install']
[0.215s] Level 1:colcon.colcon_core.package_identification:_identify(src) by extension 'ignore'
[0.215s] Level 1:colcon.colcon_core.package_identification:_identify(src) by extension 'ignore_ament_install'
[0.215s] Level 1:colcon.colcon_core.package_identification:_identify(src) by extensions ['colcon_pkg']
[0.215s] Level 1:colcon.colcon_core.package_identification:_identify(src) by extension 'colcon_pkg'
[0.215s] Level 1:colcon.colcon_core.package_identification:_identify(src) by extensions ['colcon_meta']
[0.215s] Level 1:colcon.colcon_core.package_identification:_identify(src) by extension 'colcon_meta'
[0.215s] Level 1:colcon.colcon_core.package_identification:_identify(src) by extensions ['ros']
[0.215s] Level 1:colcon.colcon_core.package_identification:_identify(src) by extension 'ros'
[0.215s] Level 1:colcon.colcon_core.package_identification:_identify(src) by extensions ['cmake', 'python']
[0.215s] Level 1:colcon.colcon_core.package_identification:_identify(src) by extension 'cmake'
[0.215s] Level 1:colcon.colcon_core.package_identification:_identify(src) by extension 'python'
[0.215s] Level 1:colcon.colcon_core.package_identification:_identify(src) by extensions ['python_setup_py']
[0.215s] Level 1:colcon.colcon_core.package_identification:_identify(src) by extension 'python_setup_py'
[0.215s] Level 1:colcon.colcon_core.package_identification:_identify(src/control_pkg) by extensions ['ignore', 'ignore_ament_install']
[0.215s] Level 1:colcon.colcon_core.package_identification:_identify(src/control_pkg) by extension 'ignore'
[0.215s] Level 1:colcon.colcon_core.package_identification:_identify(src/control_pkg) by extension 'ignore_ament_install'
[0.215s] Level 1:colcon.colcon_core.package_identification:_identify(src/control_pkg) by extensions ['colcon_pkg']
[0.215s] Level 1:colcon.colcon_core.package_identification:_identify(src/control_pkg) by extension 'colcon_pkg'
[0.215s] Level 1:colcon.colcon_core.package_identification:_identify(src/control_pkg) by extensions ['colcon_meta']
[0.215s] Level 1:colcon.colcon_core.package_identification:_identify(src/control_pkg) by extension 'colcon_meta'
[0.215s] Level 1:colcon.colcon_core.package_identification:_identify(src/control_pkg) by extensions ['ros']
[0.215s] Level 1:colcon.colcon_core.package_identification:_identify(src/control_pkg) by extension 'ros'
[0.218s] DEBUG:colcon.colcon_core.package_identification:Package 'src/control_pkg' with type 'ros.ament_cmake' and name 'control_pkg'
[0.218s] Level 1:colcon.colcon_core.package_identification:_identify(src/descrip_pino) by extensions ['ignore', 'ignore_ament_install']
[0.218s] Level 1:colcon.colcon_core.package_identification:_identify(src/descrip_pino) by extension 'ignore'
[0.218s] Level 1:colcon.colcon_core.package_identification:_identify(src/descrip_pino) by extension 'ignore_ament_install'
[0.218s] Level 1:colcon.colcon_core.package_identification:_identify(src/descrip_pino) by extensions ['colcon_pkg']
[0.218s] Level 1:colcon.colcon_core.package_identification:_identify(src/descrip_pino) by extension 'colcon_pkg'
[0.218s] Level 1:colcon.colcon_core.package_identification:_identify(src/descrip_pino) by extensions ['colcon_meta']
[0.218s] Level 1:colcon.colcon_core.package_identification:_identify(src/descrip_pino) by extension 'colcon_meta'
[0.218s] Level 1:colcon.colcon_core.package_identification:_identify(src/descrip_pino) by extensions ['ros']
[0.218s] Level 1:colcon.colcon_core.package_identification:_identify(src/descrip_pino) by extension 'ros'
[0.218s] DEBUG:colcon.colcon_core.package_identification:Package 'src/descrip_pino' with type 'ros.ament_cmake' and name 'descrip_pino'
[0.218s] Level 1:colcon.colcon_core.package_identification:_identify(src/mit_controllers) by extensions ['ignore', 'ignore_ament_install']
[0.219s] Level 1:colcon.colcon_core.package_identification:_identify(src/mit_controllers) by extension 'ignore'
[0.219s] Level 1:colcon.colcon_core.package_identification:_identify(src/mit_controllers) by extension 'ignore_ament_install'
[0.219s] Level 1:colcon.colcon_core.package_identification:_identify(src/mit_controllers) by extensions ['colcon_pkg']
[0.219s] Level 1:colcon.colcon_core.package_identification:_identify(src/mit_controllers) by extension 'colcon_pkg'
[0.219s] Level 1:colcon.colcon_core.package_identification:_identify(src/mit_controllers) by extensions ['colcon_meta']
[0.219s] Level 1:colcon.colcon_core.package_identification:_identify(src/mit_controllers) by extension 'colcon_meta'
[0.219s] Level 1:colcon.colcon_core.package_identification:_identify(src/mit_controllers) by extensions ['ros']
[0.219s] Level 1:colcon.colcon_core.package_identification:_identify(src/mit_controllers) by extension 'ros'
[0.219s] DEBUG:colcon.colcon_core.package_identification:Package 'src/mit_controllers' with type 'ros.ament_cmake' and name 'mit_controllers'
[0.219s] Level 1:colcon.colcon_core.package_identification:_identify(src/motor_control_msgs) by extensions ['ignore', 'ignore_ament_install']
[0.219s] Level 1:colcon.colcon_core.package_identification:_identify(src/motor_control_msgs) by extension 'ignore'
[0.219s] Level 1:colcon.colcon_core.package_identification:_identify(src/motor_control_msgs) by extension 'ignore_ament_install'
[0.219s] Level 1:colcon.colcon_core.package_identification:_identify(src/motor_control_msgs) by extensions ['colcon_pkg']
[0.219s] Level 1:colcon.colcon_core.package_identification:_identify(src/motor_control_msgs) by extension 'colcon_pkg'
[0.219s] Level 1:colcon.colcon_core.package_identification:_identify(src/motor_control_msgs) by extensions ['colcon_meta']
[0.219s] Level 1:colcon.colcon_core.package_identification:_identify(src/motor_control_msgs) by extension 'colcon_meta'
[0.219s] Level 1:colcon.colcon_core.package_identification:_identify(src/motor_control_msgs) by extensions ['ros']
[0.219s] Level 1:colcon.colcon_core.package_identification:_identify(src/motor_control_msgs) by extension 'ros'
[0.220s] DEBUG:colcon.colcon_core.package_identification:Package 'src/motor_control_msgs' with type 'ros.ament_cmake' and name 'motor_control_msgs'
[0.220s] Level 1:colcon.colcon_core.package_identification:_identify(src/mujoco_pkg) by extensions ['ignore', 'ignore_ament_install']
[0.220s] Level 1:colcon.colcon_core.package_identification:_identify(src/mujoco_pkg) by extension 'ignore'
[0.220s] Level 1:colcon.colcon_core.package_identification:_identify(src/mujoco_pkg) by extension 'ignore_ament_install'
[0.220s] Level 1:colcon.colcon_core.package_identification:_identify(src/mujoco_pkg) by extensions ['colcon_pkg']
[0.220s] Level 1:colcon.colcon_core.package_identification:_identify(src/mujoco_pkg) by extension 'colcon_pkg'
[0.220s] Level 1:colcon.colcon_core.package_identification:_identify(src/mujoco_pkg) by extensions ['colcon_meta']
[0.220s] Level 1:colcon.colcon_core.package_identification:_identify(src/mujoco_pkg) by extension 'colcon_meta'
[0.220s] Level 1:colcon.colcon_core.package_identification:_identify(src/mujoco_pkg) by extensions ['ros']
[0.220s] Level 1:colcon.colcon_core.package_identification:_identify(src/mujoco_pkg) by extension 'ros'
[0.220s] DEBUG:colcon.colcon_core.package_identification:Package 'src/mujoco_pkg' with type 'ros.ament_cmake' and name 'mujoco_pkg'
[0.220s] Level 1:colcon.colcon_core.package_discovery:discover_packages(recursive) using defaults
[0.220s] Level 1:colcon.colcon_core.package_discovery:discover_packages(ignore) discover
[0.220s] Level 1:colcon.colcon_core.package_discovery:discover_packages(ignore) using defaults
[0.220s] Level 1:colcon.colcon_core.package_discovery:discover_packages(path) discover
[0.220s] Level 1:colcon.colcon_core.package_discovery:discover_packages(path) using defaults
[0.241s] Level 1:colcon.colcon_core.package_discovery:discover_packages(prefix_path) check parameters
[0.241s] Level 1:colcon.colcon_core.package_discovery:discover_packages(prefix_path) discover
[0.242s] WARNING:colcon.colcon_ros.prefix_path.ament:The path '/home/loaf/Pinocchio_ws/install/mit_controllers' in the environment variable AMENT_PREFIX_PATH doesn't exist
[0.242s] WARNING:colcon.colcon_ros.prefix_path.ament:The path '/home/loaf/Pinocchio_ws/install/mujoco_pkg' in the environment variable AMENT_PREFIX_PATH doesn't exist
[0.242s] WARNING:colcon.colcon_ros.prefix_path.ament:The path '/home/loaf/Pinocchio_ws/install/motor_control_msgs' in the environment variable AMENT_PREFIX_PATH doesn't exist
[0.242s] WARNING:colcon.colcon_ros.prefix_path.ament:The path '/home/loaf/Pinocchio_ws/install/descrip_pino' in the environment variable AMENT_PREFIX_PATH doesn't exist
[0.242s] WARNING:colcon.colcon_ros.prefix_path.ament:The path '/home/loaf/Pinocchio_ws/install/control_pkg' in the environment variable AMENT_PREFIX_PATH doesn't exist
[0.242s] WARNING:colcon.colcon_ros.prefix_path.ament:The path '/home/loaf/Pinocchio_ws/install/control_msgs' in the environment variable AMENT_PREFIX_PATH doesn't exist
[0.242s] WARNING:colcon.colcon_ros.prefix_path.catkin:The path '/home/loaf/Pinocchio_ws/install/mit_controllers' in the environment variable CMAKE_PREFIX_PATH doesn't exist
[0.243s] WARNING:colcon.colcon_ros.prefix_path.catkin:The path '/home/loaf/Pinocchio_ws/install/mujoco_pkg' in the environment variable CMAKE_PREFIX_PATH doesn't exist
[0.243s] WARNING:colcon.colcon_ros.prefix_path.catkin:The path '/home/loaf/Pinocchio_ws/install/motor_control_msgs' in the environment variable CMAKE_PREFIX_PATH doesn't exist
[0.243s] WARNING:colcon.colcon_ros.prefix_path.catkin:The path '/home/loaf/Pinocchio_ws/install/descrip_pino' in the environment variable CMAKE_PREFIX_PATH doesn't exist
[0.243s] WARNING:colcon.colcon_ros.prefix_path.catkin:The path '/home/loaf/Pinocchio_ws/install/control_pkg' in the environment variable CMAKE_PREFIX_PATH doesn't exist
[0.243s] WARNING:colcon.colcon_ros.prefix_path.catkin:The path '/home/loaf/Pinocchio_ws/install/control_msgs' in the environment variable CMAKE_PREFIX_PATH doesn't exist
[0.243s] DEBUG:colcon.colcon_installed_package_information.package_discovery:Found 0 installed packages in /home/loaf/Pinocchio_ws/install
[0.244s] DEBUG:colcon.colcon_installed_package_information.package_discovery:Found 422 installed packages in /opt/ros/humble
[0.245s] Level 1:colcon.colcon_core.package_discovery:discover_packages(prefix_path) using defaults
[0.275s] Level 5:colcon.colcon_core.verb:set package 'descrip_pino' build argument 'cmake_args' from command line to 'None'
[0.275s] Level 5:colcon.colcon_core.verb:set package 'descrip_pino' build argument 'cmake_target' from command line to 'None'
[0.275s] Level 5:colcon.colcon_core.verb:set package 'descrip_pino' build argument 'cmake_target_skip_unavailable' from command line to 'False'
[0.275s] Level 5:colcon.colcon_core.verb:set package 'descrip_pino' build argument 'cmake_clean_cache' from command line to 'False'
[0.275s] Level 5:colcon.colcon_core.verb:set package 'descrip_pino' build argument 'cmake_clean_first' from command line to 'False'
[0.275s] Level 5:colcon.colcon_core.verb:set package 'descrip_pino' build argument 'cmake_force_configure' from command line to 'False'
[0.275s] Level 5:colcon.colcon_core.verb:set package 'descrip_pino' build argument 'ament_cmake_args' from command line to 'None'
[0.275s] Level 5:colcon.colcon_core.verb:set package 'descrip_pino' build argument 'catkin_cmake_args' from command line to 'None'
[0.275s] Level 5:colcon.colcon_core.verb:set package 'descrip_pino' build argument 'catkin_skip_building_tests' from command line to 'False'
[0.275s] DEBUG:colcon.colcon_core.verb:Building package 'descrip_pino' with the following arguments: {'ament_cmake_args': None, 'build_base': '/home/loaf/Pinocchio_ws/build/descrip_pino', 'catkin_cmake_args': None, 'catkin_skip_building_tests': False, 'cmake_args': None, 'cmake_clean_cache': False, 'cmake_clean_first': False, 'cmake_force_configure': False, 'cmake_target': None, 'cmake_target_skip_unavailable': False, 'install_base': '/home/loaf/Pinocchio_ws/install/descrip_pino', 'merge_install': False, 'path': '/home/loaf/Pinocchio_ws/src/descrip_pino', 'symlink_install': False, 'test_result_base': None}
[0.275s] Level 5:colcon.colcon_core.verb:set package 'motor_control_msgs' build argument 'cmake_args' from command line to 'None'
[0.275s] Level 5:colcon.colcon_core.verb:set package 'motor_control_msgs' build argument 'cmake_target' from command line to 'None'
[0.275s] Level 5:colcon.colcon_core.verb:set package 'motor_control_msgs' build argument 'cmake_target_skip_unavailable' from command line to 'False'
[0.275s] Level 5:colcon.colcon_core.verb:set package 'motor_control_msgs' build argument 'cmake_clean_cache' from command line to 'False'
[0.275s] Level 5:colcon.colcon_core.verb:set package 'motor_control_msgs' build argument 'cmake_clean_first' from command line to 'False'
[0.275s] Level 5:colcon.colcon_core.verb:set package 'motor_control_msgs' build argument 'cmake_force_configure' from command line to 'False'
[0.275s] Level 5:colcon.colcon_core.verb:set package 'motor_control_msgs' build argument 'ament_cmake_args' from command line to 'None'
[0.275s] Level 5:colcon.colcon_core.verb:set package 'motor_control_msgs' build argument 'catkin_cmake_args' from command line to 'None'
[0.275s] Level 5:colcon.colcon_core.verb:set package 'motor_control_msgs' build argument 'catkin_skip_building_tests' from command line to 'False'
[0.275s] DEBUG:colcon.colcon_core.verb:Building package 'motor_control_msgs' with the following arguments: {'ament_cmake_args': None, 'build_base': '/home/loaf/Pinocchio_ws/build/motor_control_msgs', 'catkin_cmake_args': None, 'catkin_skip_building_tests': False, 'cmake_args': None, 'cmake_clean_cache': False, 'cmake_clean_first': False, 'cmake_force_configure': False, 'cmake_target': None, 'cmake_target_skip_unavailable': False, 'install_base': '/home/loaf/Pinocchio_ws/install/motor_control_msgs', 'merge_install': False, 'path': '/home/loaf/Pinocchio_ws/src/motor_control_msgs', 'symlink_install': False, 'test_result_base': None}
[0.275s] Level 5:colcon.colcon_core.verb:set package 'mujoco_pkg' build argument 'cmake_args' from command line to 'None'
[0.275s] Level 5:colcon.colcon_core.verb:set package 'mujoco_pkg' build argument 'cmake_target' from command line to 'None'
[0.275s] Level 5:colcon.colcon_core.verb:set package 'mujoco_pkg' build argument 'cmake_target_skip_unavailable' from command line to 'False'
[0.275s] Level 5:colcon.colcon_core.verb:set package 'mujoco_pkg' build argument 'cmake_clean_cache' from command line to 'False'
[0.275s] Level 5:colcon.colcon_core.verb:set package 'mujoco_pkg' build argument 'cmake_clean_first' from command line to 'False'
[0.275s] Level 5:colcon.colcon_core.verb:set package 'mujoco_pkg' build argument 'cmake_force_configure' from command line to 'False'
[0.275s] Level 5:colcon.colcon_core.verb:set package 'mujoco_pkg' build argument 'ament_cmake_args' from command line to 'None'
[0.275s] Level 5:colcon.colcon_core.verb:set package 'mujoco_pkg' build argument 'catkin_cmake_args' from command line to 'None'
[0.275s] Level 5:colcon.colcon_core.verb:set package 'mujoco_pkg' build argument 'catkin_skip_building_tests' from command line to 'False'
[0.275s] DEBUG:colcon.colcon_core.verb:Building package 'mujoco_pkg' with the following arguments: {'ament_cmake_args': None, 'build_base': '/home/loaf/Pinocchio_ws/build/mujoco_pkg', 'catkin_cmake_args': None, 'catkin_skip_building_tests': False, 'cmake_args': None, 'cmake_clean_cache': False, 'cmake_clean_first': False, 'cmake_force_configure': False, 'cmake_target': None, 'cmake_target_skip_unavailable': False, 'install_base': '/home/loaf/Pinocchio_ws/install/mujoco_pkg', 'merge_install': False, 'path': '/home/loaf/Pinocchio_ws/src/mujoco_pkg', 'symlink_install': False, 'test_result_base': None}
[0.276s] Level 5:colcon.colcon_core.verb:set package 'control_pkg' build argument 'cmake_args' from command line to 'None'
[0.276s] Level 5:colcon.colcon_core.verb:set package 'control_pkg' build argument 'cmake_target' from command line to 'None'
[0.276s] Level 5:colcon.colcon_core.verb:set package 'control_pkg' build argument 'cmake_target_skip_unavailable' from command line to 'False'
[0.276s] Level 5:colcon.colcon_core.verb:set package 'control_pkg' build argument 'cmake_clean_cache' from command line to 'False'
[0.276s] Level 5:colcon.colcon_core.verb:set package 'control_pkg' build argument 'cmake_clean_first' from command line to 'False'
[0.276s] Level 5:colcon.colcon_core.verb:set package 'control_pkg' build argument 'cmake_force_configure' from command line to 'False'
[0.276s] Level 5:colcon.colcon_core.verb:set package 'control_pkg' build argument 'ament_cmake_args' from command line to 'None'
[0.276s] Level 5:colcon.colcon_core.verb:set package 'control_pkg' build argument 'catkin_cmake_args' from command line to 'None'
[0.276s] Level 5:colcon.colcon_core.verb:set package 'control_pkg' build argument 'catkin_skip_building_tests' from command line to 'False'
[0.276s] DEBUG:colcon.colcon_core.verb:Building package 'control_pkg' with the following arguments: {'ament_cmake_args': None, 'build_base': '/home/loaf/Pinocchio_ws/build/control_pkg', 'catkin_cmake_args': None, 'catkin_skip_building_tests': False, 'cmake_args': None, 'cmake_clean_cache': False, 'cmake_clean_first': False, 'cmake_force_configure': False, 'cmake_target': None, 'cmake_target_skip_unavailable': False, 'install_base': '/home/loaf/Pinocchio_ws/install/control_pkg', 'merge_install': False, 'path': '/home/loaf/Pinocchio_ws/src/control_pkg', 'symlink_install': False, 'test_result_base': None}
[0.276s] Level 5:colcon.colcon_core.verb:set package 'mit_controllers' build argument 'cmake_args' from command line to 'None'
[0.276s] Level 5:colcon.colcon_core.verb:set package 'mit_controllers' build argument 'cmake_target' from command line to 'None'
[0.276s] Level 5:colcon.colcon_core.verb:set package 'mit_controllers' build argument 'cmake_target_skip_unavailable' from command line to 'False'
[0.276s] Level 5:colcon.colcon_core.verb:set package 'mit_controllers' build argument 'cmake_clean_cache' from command line to 'False'
[0.276s] Level 5:colcon.colcon_core.verb:set package 'mit_controllers' build argument 'cmake_clean_first' from command line to 'False'
[0.276s] Level 5:colcon.colcon_core.verb:set package 'mit_controllers' build argument 'cmake_force_configure' from command line to 'False'
[0.276s] Level 5:colcon.colcon_core.verb:set package 'mit_controllers' build argument 'ament_cmake_args' from command line to 'None'
[0.276s] Level 5:colcon.colcon_core.verb:set package 'mit_controllers' build argument 'catkin_cmake_args' from command line to 'None'
[0.276s] Level 5:colcon.colcon_core.verb:set package 'mit_controllers' build argument 'catkin_skip_building_tests' from command line to 'False'
[0.276s] DEBUG:colcon.colcon_core.verb:Building package 'mit_controllers' with the following arguments: {'ament_cmake_args': None, 'build_base': '/home/loaf/Pinocchio_ws/build/mit_controllers', 'catkin_cmake_args': None, 'catkin_skip_building_tests': False, 'cmake_args': None, 'cmake_clean_cache': False, 'cmake_clean_first': False, 'cmake_force_configure': False, 'cmake_target': None, 'cmake_target_skip_unavailable': False, 'install_base': '/home/loaf/Pinocchio_ws/install/mit_controllers', 'merge_install': False, 'path': '/home/loaf/Pinocchio_ws/src/mit_controllers', 'symlink_install': False, 'test_result_base': None}
[0.276s] INFO:colcon.colcon_core.executor:Executing jobs using 'parallel' executor
[0.277s] DEBUG:colcon.colcon_parallel_executor.executor.parallel:run_until_complete
[0.277s] INFO:colcon.colcon_ros.task.ament_cmake.build:Building ROS package in '/home/loaf/Pinocchio_ws/src/motor_control_msgs' with build type 'ament_cmake'
[0.277s] INFO:colcon.colcon_cmake.task.cmake.build:Building CMake package in '/home/loaf/Pinocchio_ws/src/motor_control_msgs'
[0.280s] INFO:colcon.colcon_core.plugin_system:Skipping extension 'colcon_core.shell.bat': Not used on non-Windows systems
[0.280s] INFO:colcon.colcon_core.shell:Skip shell extension 'powershell' for command environment: Not usable outside of PowerShell
[0.280s] DEBUG:colcon.colcon_core.shell:Skip shell extension 'dsv' for command environment
[0.283s] INFO:colcon.colcon_ros.task.ament_cmake.build:Building ROS package in '/home/loaf/Pinocchio_ws/src/descrip_pino' with build type 'ament_cmake'
[0.283s] INFO:colcon.colcon_cmake.task.cmake.build:Building CMake package in '/home/loaf/Pinocchio_ws/src/descrip_pino'
[0.283s] INFO:colcon.colcon_core.shell:Skip shell extension 'powershell' for command environment: Not usable outside of PowerShell
[0.283s] DEBUG:colcon.colcon_core.shell:Skip shell extension 'dsv' for command environment
[0.285s] INFO:colcon.colcon_ros.task.ament_cmake.build:Building ROS package in '/home/loaf/Pinocchio_ws/src/mujoco_pkg' with build type 'ament_cmake'
[0.285s] INFO:colcon.colcon_cmake.task.cmake.build:Building CMake package in '/home/loaf/Pinocchio_ws/src/mujoco_pkg'
[0.285s] INFO:colcon.colcon_core.shell:Skip shell extension 'powershell' for command environment: Not usable outside of PowerShell
[0.285s] DEBUG:colcon.colcon_core.shell:Skip shell extension 'dsv' for command environment
[0.290s] DEBUG:colcon.colcon_core.event_handler.log_command:Invoking command in '/home/loaf/Pinocchio_ws/build/motor_control_msgs': CMAKE_PREFIX_PATH=${CMAKE_PREFIX_PATH}:/opt/ros/humble /usr/bin/cmake /home/loaf/Pinocchio_ws/src/motor_control_msgs -DCMAKE_INSTALL_PREFIX=/home/loaf/Pinocchio_ws/install/motor_control_msgs
[0.293s] DEBUG:colcon.colcon_core.event_handler.log_command:Invoking command in '/home/loaf/Pinocchio_ws/build/descrip_pino': CMAKE_PREFIX_PATH=${CMAKE_PREFIX_PATH}:/opt/ros/humble /usr/bin/cmake /home/loaf/Pinocchio_ws/src/descrip_pino -DCMAKE_INSTALL_PREFIX=/home/loaf/Pinocchio_ws/install/descrip_pino
[0.295s] DEBUG:colcon.colcon_core.event_handler.log_command:Invoking command in '/home/loaf/Pinocchio_ws/build/mujoco_pkg': CMAKE_PREFIX_PATH=${CMAKE_PREFIX_PATH}:/opt/ros/humble /usr/bin/cmake /home/loaf/Pinocchio_ws/src/mujoco_pkg -DCMAKE_INSTALL_PREFIX=/home/loaf/Pinocchio_ws/install/mujoco_pkg
[0.733s] DEBUG:colcon.colcon_core.event_handler.log_command:Invoked command in '/home/loaf/Pinocchio_ws/build/descrip_pino' returned '0': CMAKE_PREFIX_PATH=${CMAKE_PREFIX_PATH}:/opt/ros/humble /usr/bin/cmake /home/loaf/Pinocchio_ws/src/descrip_pino -DCMAKE_INSTALL_PREFIX=/home/loaf/Pinocchio_ws/install/descrip_pino
[0.735s] DEBUG:colcon.colcon_core.event_handler.log_command:Invoking command in '/home/loaf/Pinocchio_ws/build/descrip_pino': CMAKE_PREFIX_PATH=${CMAKE_PREFIX_PATH}:/opt/ros/humble /usr/bin/cmake --build /home/loaf/Pinocchio_ws/build/descrip_pino -- -j24 -l24
[0.761s] DEBUG:colcon.colcon_core.event_handler.log_command:Invoked command in '/home/loaf/Pinocchio_ws/build/descrip_pino' returned '0': CMAKE_PREFIX_PATH=${CMAKE_PREFIX_PATH}:/opt/ros/humble /usr/bin/cmake --build /home/loaf/Pinocchio_ws/build/descrip_pino -- -j24 -l24
[0.772s] DEBUG:colcon.colcon_core.event_handler.log_command:Invoking command in '/home/loaf/Pinocchio_ws/build/descrip_pino': CMAKE_PREFIX_PATH=${CMAKE_PREFIX_PATH}:/opt/ros/humble /usr/bin/cmake --install /home/loaf/Pinocchio_ws/build/descrip_pino
[0.809s] Level 1:colcon.colcon_core.environment:create_environment_scripts_only(descrip_pino)
[0.809s] DEBUG:colcon.colcon_core.event_handler.log_command:Invoked command in '/home/loaf/Pinocchio_ws/build/descrip_pino' returned '0': CMAKE_PREFIX_PATH=${CMAKE_PREFIX_PATH}:/opt/ros/humble /usr/bin/cmake --install /home/loaf/Pinocchio_ws/build/descrip_pino
[0.814s] Level 1:colcon.colcon_core.environment:checking '/home/loaf/Pinocchio_ws/install/descrip_pino' for CMake module files
[0.814s] Level 1:colcon.colcon_core.environment:checking '/home/loaf/Pinocchio_ws/install/descrip_pino' for CMake config files
[0.814s] Level 1:colcon.colcon_core.shell:create_environment_hook('descrip_pino', 'cmake_prefix_path')
[0.814s] INFO:colcon.colcon_core.shell:Creating environment hook '/home/loaf/Pinocchio_ws/install/descrip_pino/share/descrip_pino/hook/cmake_prefix_path.ps1'
[0.814s] INFO:colcon.colcon_core.shell:Creating environment descriptor '/home/loaf/Pinocchio_ws/install/descrip_pino/share/descrip_pino/hook/cmake_prefix_path.dsv'
[0.815s] INFO:colcon.colcon_core.shell:Creating environment hook '/home/loaf/Pinocchio_ws/install/descrip_pino/share/descrip_pino/hook/cmake_prefix_path.sh'
[0.815s] Level 1:colcon.colcon_core.environment:checking '/home/loaf/Pinocchio_ws/install/descrip_pino/bin'
[0.815s] Level 1:colcon.colcon_core.environment:checking '/home/loaf/Pinocchio_ws/install/descrip_pino/lib/pkgconfig/descrip_pino.pc'
[0.815s] Level 1:colcon.colcon_core.environment:checking '/home/loaf/Pinocchio_ws/install/descrip_pino/lib/python3.10/site-packages'
[0.816s] Level 1:colcon.colcon_core.environment:checking '/home/loaf/Pinocchio_ws/install/descrip_pino/bin'
[0.816s] INFO:colcon.colcon_core.shell:Creating package script '/home/loaf/Pinocchio_ws/install/descrip_pino/share/descrip_pino/package.ps1'
[0.816s] INFO:colcon.colcon_core.shell:Creating package descriptor '/home/loaf/Pinocchio_ws/install/descrip_pino/share/descrip_pino/package.dsv'
[0.817s] INFO:colcon.colcon_core.shell:Creating package script '/home/loaf/Pinocchio_ws/install/descrip_pino/share/descrip_pino/package.sh'
[0.817s] INFO:colcon.colcon_core.shell:Creating package script '/home/loaf/Pinocchio_ws/install/descrip_pino/share/descrip_pino/package.bash'
[0.817s] INFO:colcon.colcon_core.shell:Creating package script '/home/loaf/Pinocchio_ws/install/descrip_pino/share/descrip_pino/package.zsh'
[0.818s] Level 1:colcon.colcon_core.environment:create_file_with_runtime_dependencies(/home/loaf/Pinocchio_ws/install/descrip_pino/share/colcon-core/packages/descrip_pino)
[0.818s] Level 1:colcon.colcon_core.environment:create_environment_scripts_only(descrip_pino)
[0.818s] Level 1:colcon.colcon_core.environment:checking '/home/loaf/Pinocchio_ws/install/descrip_pino' for CMake module files
[0.818s] Level 1:colcon.colcon_core.environment:checking '/home/loaf/Pinocchio_ws/install/descrip_pino' for CMake config files
[0.819s] Level 1:colcon.colcon_core.shell:create_environment_hook('descrip_pino', 'cmake_prefix_path')
[0.819s] INFO:colcon.colcon_core.shell:Creating environment hook '/home/loaf/Pinocchio_ws/install/descrip_pino/share/descrip_pino/hook/cmake_prefix_path.ps1'
[0.819s] INFO:colcon.colcon_core.shell:Creating environment descriptor '/home/loaf/Pinocchio_ws/install/descrip_pino/share/descrip_pino/hook/cmake_prefix_path.dsv'
[0.819s] INFO:colcon.colcon_core.shell:Creating environment hook '/home/loaf/Pinocchio_ws/install/descrip_pino/share/descrip_pino/hook/cmake_prefix_path.sh'
[0.819s] Level 1:colcon.colcon_core.environment:checking '/home/loaf/Pinocchio_ws/install/descrip_pino/bin'
[0.819s] Level 1:colcon.colcon_core.environment:checking '/home/loaf/Pinocchio_ws/install/descrip_pino/lib/pkgconfig/descrip_pino.pc'
[0.820s] Level 1:colcon.colcon_core.environment:checking '/home/loaf/Pinocchio_ws/install/descrip_pino/lib/python3.10/site-packages'
[0.820s] Level 1:colcon.colcon_core.environment:checking '/home/loaf/Pinocchio_ws/install/descrip_pino/bin'
[0.820s] INFO:colcon.colcon_core.shell:Creating package script '/home/loaf/Pinocchio_ws/install/descrip_pino/share/descrip_pino/package.ps1'
[0.820s] INFO:colcon.colcon_core.shell:Creating package descriptor '/home/loaf/Pinocchio_ws/install/descrip_pino/share/descrip_pino/package.dsv'
[0.821s] INFO:colcon.colcon_core.shell:Creating package script '/home/loaf/Pinocchio_ws/install/descrip_pino/share/descrip_pino/package.sh'
[0.821s] INFO:colcon.colcon_core.shell:Creating package script '/home/loaf/Pinocchio_ws/install/descrip_pino/share/descrip_pino/package.bash'
[0.821s] INFO:colcon.colcon_core.shell:Creating package script '/home/loaf/Pinocchio_ws/install/descrip_pino/share/descrip_pino/package.zsh'
[0.821s] Level 1:colcon.colcon_core.environment:create_file_with_runtime_dependencies(/home/loaf/Pinocchio_ws/install/descrip_pino/share/colcon-core/packages/descrip_pino)
[1.112s] DEBUG:colcon.colcon_core.event_handler.log_command:Invoked command in '/home/loaf/Pinocchio_ws/build/mujoco_pkg' returned '0': CMAKE_PREFIX_PATH=${CMAKE_PREFIX_PATH}:/opt/ros/humble /usr/bin/cmake /home/loaf/Pinocchio_ws/src/mujoco_pkg -DCMAKE_INSTALL_PREFIX=/home/loaf/Pinocchio_ws/install/mujoco_pkg
[1.113s] DEBUG:colcon.colcon_core.event_handler.log_command:Invoking command in '/home/loaf/Pinocchio_ws/build/mujoco_pkg': CMAKE_PREFIX_PATH=${CMAKE_PREFIX_PATH}:/opt/ros/humble /usr/bin/cmake --build /home/loaf/Pinocchio_ws/build/mujoco_pkg -- -j24 -l24
[1.341s] DEBUG:colcon.colcon_core.event_handler.log_command:Invoked command in '/home/loaf/Pinocchio_ws/build/motor_control_msgs' returned '0': CMAKE_PREFIX_PATH=${CMAKE_PREFIX_PATH}:/opt/ros/humble /usr/bin/cmake /home/loaf/Pinocchio_ws/src/motor_control_msgs -DCMAKE_INSTALL_PREFIX=/home/loaf/Pinocchio_ws/install/motor_control_msgs
[1.342s] DEBUG:colcon.colcon_core.event_handler.log_command:Invoking command in '/home/loaf/Pinocchio_ws/build/motor_control_msgs': CMAKE_PREFIX_PATH=${CMAKE_PREFIX_PATH}:/opt/ros/humble /usr/bin/cmake --build /home/loaf/Pinocchio_ws/build/motor_control_msgs -- -j24 -l24
[2.615s] DEBUG:colcon.colcon_core.event_handler.log_command:Invoked command in '/home/loaf/Pinocchio_ws/build/motor_control_msgs' returned '0': CMAKE_PREFIX_PATH=${CMAKE_PREFIX_PATH}:/opt/ros/humble /usr/bin/cmake --build /home/loaf/Pinocchio_ws/build/motor_control_msgs -- -j24 -l24
[2.616s] DEBUG:colcon.colcon_core.event_handler.log_command:Invoking command in '/home/loaf/Pinocchio_ws/build/motor_control_msgs': CMAKE_PREFIX_PATH=${CMAKE_PREFIX_PATH}:/opt/ros/humble /usr/bin/cmake --install /home/loaf/Pinocchio_ws/build/motor_control_msgs
[2.661s] Level 1:colcon.colcon_core.environment:create_environment_scripts_only(motor_control_msgs)
[2.661s] Level 1:colcon.colcon_core.environment:checking '/home/loaf/Pinocchio_ws/install/motor_control_msgs' for CMake module files
[2.662s] DEBUG:colcon.colcon_core.event_handler.log_command:Invoked command in '/home/loaf/Pinocchio_ws/build/motor_control_msgs' returned '0': CMAKE_PREFIX_PATH=${CMAKE_PREFIX_PATH}:/opt/ros/humble /usr/bin/cmake --install /home/loaf/Pinocchio_ws/build/motor_control_msgs
[2.662s] Level 1:colcon.colcon_core.environment:checking '/home/loaf/Pinocchio_ws/install/motor_control_msgs' for CMake config files
[2.663s] Level 1:colcon.colcon_core.shell:create_environment_hook('motor_control_msgs', 'cmake_prefix_path')
[2.663s] INFO:colcon.colcon_core.shell:Creating environment hook '/home/loaf/Pinocchio_ws/install/motor_control_msgs/share/motor_control_msgs/hook/cmake_prefix_path.ps1'
[2.663s] INFO:colcon.colcon_core.shell:Creating environment descriptor '/home/loaf/Pinocchio_ws/install/motor_control_msgs/share/motor_control_msgs/hook/cmake_prefix_path.dsv'
[2.664s] INFO:colcon.colcon_core.shell:Creating environment hook '/home/loaf/Pinocchio_ws/install/motor_control_msgs/share/motor_control_msgs/hook/cmake_prefix_path.sh'
[2.664s] Level 1:colcon.colcon_core.environment:checking '/home/loaf/Pinocchio_ws/install/motor_control_msgs/lib'
[2.665s] Level 1:colcon.colcon_core.shell:create_environment_hook('motor_control_msgs', 'ld_library_path_lib')
[2.665s] INFO:colcon.colcon_core.shell:Creating environment hook '/home/loaf/Pinocchio_ws/install/motor_control_msgs/share/motor_control_msgs/hook/ld_library_path_lib.ps1'
[2.665s] INFO:colcon.colcon_core.shell:Creating environment descriptor '/home/loaf/Pinocchio_ws/install/motor_control_msgs/share/motor_control_msgs/hook/ld_library_path_lib.dsv'
[2.666s] INFO:colcon.colcon_core.shell:Creating environment hook '/home/loaf/Pinocchio_ws/install/motor_control_msgs/share/motor_control_msgs/hook/ld_library_path_lib.sh'
[2.666s] Level 1:colcon.colcon_core.environment:checking '/home/loaf/Pinocchio_ws/install/motor_control_msgs/bin'
[2.666s] Level 1:colcon.colcon_core.environment:checking '/home/loaf/Pinocchio_ws/install/motor_control_msgs/lib/pkgconfig/motor_control_msgs.pc'
[2.666s] Level 1:colcon.colcon_core.environment:checking '/home/loaf/Pinocchio_ws/install/motor_control_msgs/lib/python3.10/site-packages'
[2.667s] Level 1:colcon.colcon_core.environment:checking '/home/loaf/Pinocchio_ws/install/motor_control_msgs/bin'
[2.667s] INFO:colcon.colcon_core.shell:Creating package script '/home/loaf/Pinocchio_ws/install/motor_control_msgs/share/motor_control_msgs/package.ps1'
[2.667s] INFO:colcon.colcon_core.shell:Creating package descriptor '/home/loaf/Pinocchio_ws/install/motor_control_msgs/share/motor_control_msgs/package.dsv'
[2.667s] INFO:colcon.colcon_core.shell:Creating package script '/home/loaf/Pinocchio_ws/install/motor_control_msgs/share/motor_control_msgs/package.sh'
[2.668s] INFO:colcon.colcon_core.shell:Creating package script '/home/loaf/Pinocchio_ws/install/motor_control_msgs/share/motor_control_msgs/package.bash'
[2.668s] INFO:colcon.colcon_core.shell:Creating package script '/home/loaf/Pinocchio_ws/install/motor_control_msgs/share/motor_control_msgs/package.zsh'
[2.668s] Level 1:colcon.colcon_core.environment:create_file_with_runtime_dependencies(/home/loaf/Pinocchio_ws/install/motor_control_msgs/share/colcon-core/packages/motor_control_msgs)
[2.668s] Level 1:colcon.colcon_core.environment:create_environment_scripts_only(motor_control_msgs)
[2.669s] Level 1:colcon.colcon_core.environment:checking '/home/loaf/Pinocchio_ws/install/motor_control_msgs' for CMake module files
[2.669s] Level 1:colcon.colcon_core.environment:checking '/home/loaf/Pinocchio_ws/install/motor_control_msgs' for CMake config files
[2.669s] Level 1:colcon.colcon_core.shell:create_environment_hook('motor_control_msgs', 'cmake_prefix_path')
[2.669s] INFO:colcon.colcon_core.shell:Creating environment hook '/home/loaf/Pinocchio_ws/install/motor_control_msgs/share/motor_control_msgs/hook/cmake_prefix_path.ps1'
[2.669s] INFO:colcon.colcon_core.shell:Creating environment descriptor '/home/loaf/Pinocchio_ws/install/motor_control_msgs/share/motor_control_msgs/hook/cmake_prefix_path.dsv'
[2.670s] INFO:colcon.colcon_core.shell:Creating environment hook '/home/loaf/Pinocchio_ws/install/motor_control_msgs/share/motor_control_msgs/hook/cmake_prefix_path.sh'
[2.670s] Level 1:colcon.colcon_core.environment:checking '/home/loaf/Pinocchio_ws/install/motor_control_msgs/lib'
[2.670s] Level 1:colcon.colcon_core.shell:create_environment_hook('motor_control_msgs', 'ld_library_path_lib')
[2.670s] INFO:colcon.colcon_core.shell:Creating environment hook '/home/loaf/Pinocchio_ws/install/motor_control_msgs/share/motor_control_msgs/hook/ld_library_path_lib.ps1'
[2.670s] INFO:colcon.colcon_core.shell:Creating environment descriptor '/home/loaf/Pinocchio_ws/install/motor_control_msgs/share/motor_control_msgs/hook/ld_library_path_lib.dsv'
[2.670s] INFO:colcon.colcon_core.shell:Creating environment hook '/home/loaf/Pinocchio_ws/install/motor_control_msgs/share/motor_control_msgs/hook/ld_library_path_lib.sh'
[2.671s] Level 1:colcon.colcon_core.environment:checking '/home/loaf/Pinocchio_ws/install/motor_control_msgs/bin'
[2.671s] Level 1:colcon.colcon_core.environment:checking '/home/loaf/Pinocchio_ws/install/motor_control_msgs/lib/pkgconfig/motor_control_msgs.pc'
[2.671s] Level 1:colcon.colcon_core.environment:checking '/home/loaf/Pinocchio_ws/install/motor_control_msgs/lib/python3.10/site-packages'
[2.671s] Level 1:colcon.colcon_core.environment:checking '/home/loaf/Pinocchio_ws/install/motor_control_msgs/bin'
[2.671s] INFO:colcon.colcon_core.shell:Creating package script '/home/loaf/Pinocchio_ws/install/motor_control_msgs/share/motor_control_msgs/package.ps1'
[2.671s] INFO:colcon.colcon_core.shell:Creating package descriptor '/home/loaf/Pinocchio_ws/install/motor_control_msgs/share/motor_control_msgs/package.dsv'
[2.672s] INFO:colcon.colcon_core.shell:Creating package script '/home/loaf/Pinocchio_ws/install/motor_control_msgs/share/motor_control_msgs/package.sh'
[2.672s] INFO:colcon.colcon_core.shell:Creating package script '/home/loaf/Pinocchio_ws/install/motor_control_msgs/share/motor_control_msgs/package.bash'
[2.672s] INFO:colcon.colcon_core.shell:Creating package script '/home/loaf/Pinocchio_ws/install/motor_control_msgs/share/motor_control_msgs/package.zsh'
[2.672s] Level 1:colcon.colcon_core.environment:create_file_with_runtime_dependencies(/home/loaf/Pinocchio_ws/install/motor_control_msgs/share/colcon-core/packages/motor_control_msgs)
[2.673s] INFO:colcon.colcon_ros.task.ament_cmake.build:Building ROS package in '/home/loaf/Pinocchio_ws/src/control_pkg' with build type 'ament_cmake'
[2.673s] INFO:colcon.colcon_cmake.task.cmake.build:Building CMake package in '/home/loaf/Pinocchio_ws/src/control_pkg'
[2.673s] INFO:colcon.colcon_core.shell:Skip shell extension 'powershell' for command environment: Not usable outside of PowerShell
[2.673s] DEBUG:colcon.colcon_core.shell:Skip shell extension 'dsv' for command environment
[2.675s] INFO:colcon.colcon_ros.task.ament_cmake.build:Building ROS package in '/home/loaf/Pinocchio_ws/src/mit_controllers' with build type 'ament_cmake'
[2.676s] INFO:colcon.colcon_cmake.task.cmake.build:Building CMake package in '/home/loaf/Pinocchio_ws/src/mit_controllers'
[2.676s] INFO:colcon.colcon_core.shell:Skip shell extension 'powershell' for command environment: Not usable outside of PowerShell
[2.676s] DEBUG:colcon.colcon_core.shell:Skip shell extension 'dsv' for command environment
[2.681s] DEBUG:colcon.colcon_core.event_handler.log_command:Invoking command in '/home/loaf/Pinocchio_ws/build/control_pkg': CMAKE_PREFIX_PATH=/home/loaf/Pinocchio_ws/install/motor_control_msgs:/home/loaf/Pinocchio_ws/install/mit_controllers:/home/loaf/Pinocchio_ws/install/mujoco_pkg:/home/loaf/Pinocchio_ws/install/descrip_pino:/home/loaf/Pinocchio_ws/install/control_pkg:/home/loaf/Pinocchio_ws/install/control_msgs:/opt/ros/humble LD_LIBRARY_PATH=/home/loaf/Pinocchio_ws/install/motor_control_msgs/lib:/home/loaf/Pinocchio_ws/install/mit_controllers/lib:/home/loaf/Pinocchio_ws/install/control_msgs/lib:/usr/lib/x86_64-linux-gnu/gazebo-11/plugins:/opt/ros/humble/opt/rviz_ogre_vendor/lib:/opt/ros/humble/lib/x86_64-linux-gnu:/opt/ros/humble/lib /usr/bin/cmake /home/loaf/Pinocchio_ws/src/control_pkg -DCMAKE_INSTALL_PREFIX=/home/loaf/Pinocchio_ws/install/control_pkg
[2.683s] DEBUG:colcon.colcon_core.event_handler.log_command:Invoking command in '/home/loaf/Pinocchio_ws/build/mit_controllers': CMAKE_PREFIX_PATH=/home/loaf/Pinocchio_ws/install/motor_control_msgs:/home/loaf/Pinocchio_ws/install/mit_controllers:/home/loaf/Pinocchio_ws/install/mujoco_pkg:/home/loaf/Pinocchio_ws/install/descrip_pino:/home/loaf/Pinocchio_ws/install/control_pkg:/home/loaf/Pinocchio_ws/install/control_msgs:/opt/ros/humble LD_LIBRARY_PATH=/home/loaf/Pinocchio_ws/install/motor_control_msgs/lib:/home/loaf/Pinocchio_ws/install/mit_controllers/lib:/home/loaf/Pinocchio_ws/install/control_msgs/lib:/usr/lib/x86_64-linux-gnu/gazebo-11/plugins:/opt/ros/humble/opt/rviz_ogre_vendor/lib:/opt/ros/humble/lib/x86_64-linux-gnu:/opt/ros/humble/lib /usr/bin/cmake /home/loaf/Pinocchio_ws/src/mit_controllers -DCMAKE_INSTALL_PREFIX=/home/loaf/Pinocchio_ws/install/mit_controllers
[3.547s] DEBUG:colcon.colcon_core.event_handler.log_command:Invoked command in '/home/loaf/Pinocchio_ws/build/control_pkg' returned '0': CMAKE_PREFIX_PATH=/home/loaf/Pinocchio_ws/install/motor_control_msgs:/home/loaf/Pinocchio_ws/install/mit_controllers:/home/loaf/Pinocchio_ws/install/mujoco_pkg:/home/loaf/Pinocchio_ws/install/descrip_pino:/home/loaf/Pinocchio_ws/install/control_pkg:/home/loaf/Pinocchio_ws/install/control_msgs:/opt/ros/humble LD_LIBRARY_PATH=/home/loaf/Pinocchio_ws/install/motor_control_msgs/lib:/home/loaf/Pinocchio_ws/install/mit_controllers/lib:/home/loaf/Pinocchio_ws/install/control_msgs/lib:/usr/lib/x86_64-linux-gnu/gazebo-11/plugins:/opt/ros/humble/opt/rviz_ogre_vendor/lib:/opt/ros/humble/lib/x86_64-linux-gnu:/opt/ros/humble/lib /usr/bin/cmake /home/loaf/Pinocchio_ws/src/control_pkg -DCMAKE_INSTALL_PREFIX=/home/loaf/Pinocchio_ws/install/control_pkg
[3.548s] DEBUG:colcon.colcon_core.event_handler.log_command:Invoking command in '/home/loaf/Pinocchio_ws/build/control_pkg': CMAKE_PREFIX_PATH=/home/loaf/Pinocchio_ws/install/motor_control_msgs:/home/loaf/Pinocchio_ws/install/mit_controllers:/home/loaf/Pinocchio_ws/install/mujoco_pkg:/home/loaf/Pinocchio_ws/install/descrip_pino:/home/loaf/Pinocchio_ws/install/control_pkg:/home/loaf/Pinocchio_ws/install/control_msgs:/opt/ros/humble LD_LIBRARY_PATH=/home/loaf/Pinocchio_ws/install/motor_control_msgs/lib:/home/loaf/Pinocchio_ws/install/mit_controllers/lib:/home/loaf/Pinocchio_ws/install/control_msgs/lib:/usr/lib/x86_64-linux-gnu/gazebo-11/plugins:/opt/ros/humble/opt/rviz_ogre_vendor/lib:/opt/ros/humble/lib/x86_64-linux-gnu:/opt/ros/humble/lib /usr/bin/cmake --build /home/loaf/Pinocchio_ws/build/control_pkg -- -j24 -l24
[3.582s] DEBUG:colcon.colcon_core.event_handler.log_command:Invoked command in '/home/loaf/Pinocchio_ws/build/mit_controllers' returned '0': CMAKE_PREFIX_PATH=/home/loaf/Pinocchio_ws/install/motor_control_msgs:/home/loaf/Pinocchio_ws/install/mit_controllers:/home/loaf/Pinocchio_ws/install/mujoco_pkg:/home/loaf/Pinocchio_ws/install/descrip_pino:/home/loaf/Pinocchio_ws/install/control_pkg:/home/loaf/Pinocchio_ws/install/control_msgs:/opt/ros/humble LD_LIBRARY_PATH=/home/loaf/Pinocchio_ws/install/motor_control_msgs/lib:/home/loaf/Pinocchio_ws/install/mit_controllers/lib:/home/loaf/Pinocchio_ws/install/control_msgs/lib:/usr/lib/x86_64-linux-gnu/gazebo-11/plugins:/opt/ros/humble/opt/rviz_ogre_vendor/lib:/opt/ros/humble/lib/x86_64-linux-gnu:/opt/ros/humble/lib /usr/bin/cmake /home/loaf/Pinocchio_ws/src/mit_controllers -DCMAKE_INSTALL_PREFIX=/home/loaf/Pinocchio_ws/install/mit_controllers
[3.583s] DEBUG:colcon.colcon_core.event_handler.log_command:Invoking command in '/home/loaf/Pinocchio_ws/build/mit_controllers': CMAKE_PREFIX_PATH=/home/loaf/Pinocchio_ws/install/motor_control_msgs:/home/loaf/Pinocchio_ws/install/mit_controllers:/home/loaf/Pinocchio_ws/install/mujoco_pkg:/home/loaf/Pinocchio_ws/install/descrip_pino:/home/loaf/Pinocchio_ws/install/control_pkg:/home/loaf/Pinocchio_ws/install/control_msgs:/opt/ros/humble LD_LIBRARY_PATH=/home/loaf/Pinocchio_ws/install/motor_control_msgs/lib:/home/loaf/Pinocchio_ws/install/mit_controllers/lib:/home/loaf/Pinocchio_ws/install/control_msgs/lib:/usr/lib/x86_64-linux-gnu/gazebo-11/plugins:/opt/ros/humble/opt/rviz_ogre_vendor/lib:/opt/ros/humble/lib/x86_64-linux-gnu:/opt/ros/humble/lib /usr/bin/cmake --build /home/loaf/Pinocchio_ws/build/mit_controllers -- -j24 -l24
[3.979s] DEBUG:colcon.colcon_core.event_handler.log_command:Invoked command in '/home/loaf/Pinocchio_ws/build/mujoco_pkg' returned '0': CMAKE_PREFIX_PATH=${CMAKE_PREFIX_PATH}:/opt/ros/humble /usr/bin/cmake --build /home/loaf/Pinocchio_ws/build/mujoco_pkg -- -j24 -l24
[3.980s] DEBUG:colcon.colcon_core.event_handler.log_command:Invoking command in '/home/loaf/Pinocchio_ws/build/mujoco_pkg': CMAKE_PREFIX_PATH=${CMAKE_PREFIX_PATH}:/opt/ros/humble /usr/bin/cmake --install /home/loaf/Pinocchio_ws/build/mujoco_pkg
[3.988s] Level 1:colcon.colcon_core.environment:create_environment_scripts_only(mujoco_pkg)
[3.989s] Level 1:colcon.colcon_core.environment:checking '/home/loaf/Pinocchio_ws/install/mujoco_pkg' for CMake module files
[3.989s] DEBUG:colcon.colcon_core.event_handler.log_command:Invoked command in '/home/loaf/Pinocchio_ws/build/mujoco_pkg' returned '0': CMAKE_PREFIX_PATH=${CMAKE_PREFIX_PATH}:/opt/ros/humble /usr/bin/cmake --install /home/loaf/Pinocchio_ws/build/mujoco_pkg
[3.989s] Level 1:colcon.colcon_core.environment:checking '/home/loaf/Pinocchio_ws/install/mujoco_pkg' for CMake config files
[3.989s] Level 1:colcon.colcon_core.shell:create_environment_hook('mujoco_pkg', 'cmake_prefix_path')
[3.990s] INFO:colcon.colcon_core.shell:Creating environment hook '/home/loaf/Pinocchio_ws/install/mujoco_pkg/share/mujoco_pkg/hook/cmake_prefix_path.ps1'
[3.990s] INFO:colcon.colcon_core.shell:Creating environment descriptor '/home/loaf/Pinocchio_ws/install/mujoco_pkg/share/mujoco_pkg/hook/cmake_prefix_path.dsv'
[3.990s] INFO:colcon.colcon_core.shell:Creating environment hook '/home/loaf/Pinocchio_ws/install/mujoco_pkg/share/mujoco_pkg/hook/cmake_prefix_path.sh'
[3.991s] Level 1:colcon.colcon_core.environment:checking '/home/loaf/Pinocchio_ws/install/mujoco_pkg/lib'
[3.991s] Level 1:colcon.colcon_core.environment:checking '/home/loaf/Pinocchio_ws/install/mujoco_pkg/bin'
[3.991s] Level 1:colcon.colcon_core.environment:checking '/home/loaf/Pinocchio_ws/install/mujoco_pkg/lib/pkgconfig/mujoco_pkg.pc'
[3.991s] Level 1:colcon.colcon_core.environment:checking '/home/loaf/Pinocchio_ws/install/mujoco_pkg/lib/python3.10/site-packages'
[3.991s] Level 1:colcon.colcon_core.environment:checking '/home/loaf/Pinocchio_ws/install/mujoco_pkg/bin'
[3.991s] INFO:colcon.colcon_core.shell:Creating package script '/home/loaf/Pinocchio_ws/install/mujoco_pkg/share/mujoco_pkg/package.ps1'
[3.991s] INFO:colcon.colcon_core.shell:Creating package descriptor '/home/loaf/Pinocchio_ws/install/mujoco_pkg/share/mujoco_pkg/package.dsv'
[3.992s] INFO:colcon.colcon_core.shell:Creating package script '/home/loaf/Pinocchio_ws/install/mujoco_pkg/share/mujoco_pkg/package.sh'
[3.992s] INFO:colcon.colcon_core.shell:Creating package script '/home/loaf/Pinocchio_ws/install/mujoco_pkg/share/mujoco_pkg/package.bash'
[3.992s] INFO:colcon.colcon_core.shell:Creating package script '/home/loaf/Pinocchio_ws/install/mujoco_pkg/share/mujoco_pkg/package.zsh'
[3.992s] Level 1:colcon.colcon_core.environment:create_file_with_runtime_dependencies(/home/loaf/Pinocchio_ws/install/mujoco_pkg/share/colcon-core/packages/mujoco_pkg)
[3.993s] Level 1:colcon.colcon_core.environment:create_environment_scripts_only(mujoco_pkg)
[3.993s] Level 1:colcon.colcon_core.environment:checking '/home/loaf/Pinocchio_ws/install/mujoco_pkg' for CMake module files
[3.993s] Level 1:colcon.colcon_core.environment:checking '/home/loaf/Pinocchio_ws/install/mujoco_pkg' for CMake config files
[3.993s] Level 1:colcon.colcon_core.shell:create_environment_hook('mujoco_pkg', 'cmake_prefix_path')
[3.993s] INFO:colcon.colcon_core.shell:Creating environment hook '/home/loaf/Pinocchio_ws/install/mujoco_pkg/share/mujoco_pkg/hook/cmake_prefix_path.ps1'
[3.993s] INFO:colcon.colcon_core.shell:Creating environment descriptor '/home/loaf/Pinocchio_ws/install/mujoco_pkg/share/mujoco_pkg/hook/cmake_prefix_path.dsv'
[3.994s] INFO:colcon.colcon_core.shell:Creating environment hook '/home/loaf/Pinocchio_ws/install/mujoco_pkg/share/mujoco_pkg/hook/cmake_prefix_path.sh'
[3.994s] Level 1:colcon.colcon_core.environment:checking '/home/loaf/Pinocchio_ws/install/mujoco_pkg/lib'
[3.994s] Level 1:colcon.colcon_core.environment:checking '/home/loaf/Pinocchio_ws/install/mujoco_pkg/bin'
[3.994s] Level 1:colcon.colcon_core.environment:checking '/home/loaf/Pinocchio_ws/install/mujoco_pkg/lib/pkgconfig/mujoco_pkg.pc'
[3.994s] Level 1:colcon.colcon_core.environment:checking '/home/loaf/Pinocchio_ws/install/mujoco_pkg/lib/python3.10/site-packages'
[3.994s] Level 1:colcon.colcon_core.environment:checking '/home/loaf/Pinocchio_ws/install/mujoco_pkg/bin'
[3.995s] INFO:colcon.colcon_core.shell:Creating package script '/home/loaf/Pinocchio_ws/install/mujoco_pkg/share/mujoco_pkg/package.ps1'
[3.995s] INFO:colcon.colcon_core.shell:Creating package descriptor '/home/loaf/Pinocchio_ws/install/mujoco_pkg/share/mujoco_pkg/package.dsv'
[3.995s] INFO:colcon.colcon_core.shell:Creating package script '/home/loaf/Pinocchio_ws/install/mujoco_pkg/share/mujoco_pkg/package.sh'
[3.995s] INFO:colcon.colcon_core.shell:Creating package script '/home/loaf/Pinocchio_ws/install/mujoco_pkg/share/mujoco_pkg/package.bash'
[3.996s] INFO:colcon.colcon_core.shell:Creating package script '/home/loaf/Pinocchio_ws/install/mujoco_pkg/share/mujoco_pkg/package.zsh'
[3.996s] Level 1:colcon.colcon_core.environment:create_file_with_runtime_dependencies(/home/loaf/Pinocchio_ws/install/mujoco_pkg/share/colcon-core/packages/mujoco_pkg)
[9.247s] DEBUG:colcon.colcon_core.event_handler.log_command:Invoked command in '/home/loaf/Pinocchio_ws/build/mit_controllers' returned '0': CMAKE_PREFIX_PATH=/home/loaf/Pinocchio_ws/install/motor_control_msgs:/home/loaf/Pinocchio_ws/install/mit_controllers:/home/loaf/Pinocchio_ws/install/mujoco_pkg:/home/loaf/Pinocchio_ws/install/descrip_pino:/home/loaf/Pinocchio_ws/install/control_pkg:/home/loaf/Pinocchio_ws/install/control_msgs:/opt/ros/humble LD_LIBRARY_PATH=/home/loaf/Pinocchio_ws/install/motor_control_msgs/lib:/home/loaf/Pinocchio_ws/install/mit_controllers/lib:/home/loaf/Pinocchio_ws/install/control_msgs/lib:/usr/lib/x86_64-linux-gnu/gazebo-11/plugins:/opt/ros/humble/opt/rviz_ogre_vendor/lib:/opt/ros/humble/lib/x86_64-linux-gnu:/opt/ros/humble/lib /usr/bin/cmake --build /home/loaf/Pinocchio_ws/build/mit_controllers -- -j24 -l24
[9.248s] DEBUG:colcon.colcon_core.event_handler.log_command:Invoking command in '/home/loaf/Pinocchio_ws/build/mit_controllers': CMAKE_PREFIX_PATH=/home/loaf/Pinocchio_ws/install/motor_control_msgs:/home/loaf/Pinocchio_ws/install/mit_controllers:/home/loaf/Pinocchio_ws/install/mujoco_pkg:/home/loaf/Pinocchio_ws/install/descrip_pino:/home/loaf/Pinocchio_ws/install/control_pkg:/home/loaf/Pinocchio_ws/install/control_msgs:/opt/ros/humble LD_LIBRARY_PATH=/home/loaf/Pinocchio_ws/install/motor_control_msgs/lib:/home/loaf/Pinocchio_ws/install/mit_controllers/lib:/home/loaf/Pinocchio_ws/install/control_msgs/lib:/usr/lib/x86_64-linux-gnu/gazebo-11/plugins:/opt/ros/humble/opt/rviz_ogre_vendor/lib:/opt/ros/humble/lib/x86_64-linux-gnu:/opt/ros/humble/lib /usr/bin/cmake --install /home/loaf/Pinocchio_ws/build/mit_controllers
[9.260s] Level 1:colcon.colcon_core.environment:create_environment_scripts_only(mit_controllers)
[9.260s] Level 1:colcon.colcon_core.environment:checking '/home/loaf/Pinocchio_ws/install/mit_controllers' for CMake module files
[9.260s] DEBUG:colcon.colcon_core.event_handler.log_command:Invoked command in '/home/loaf/Pinocchio_ws/build/mit_controllers' returned '0': CMAKE_PREFIX_PATH=/home/loaf/Pinocchio_ws/install/motor_control_msgs:/home/loaf/Pinocchio_ws/install/mit_controllers:/home/loaf/Pinocchio_ws/install/mujoco_pkg:/home/loaf/Pinocchio_ws/install/descrip_pino:/home/loaf/Pinocchio_ws/install/control_pkg:/home/loaf/Pinocchio_ws/install/control_msgs:/opt/ros/humble LD_LIBRARY_PATH=/home/loaf/Pinocchio_ws/install/motor_control_msgs/lib:/home/loaf/Pinocchio_ws/install/mit_controllers/lib:/home/loaf/Pinocchio_ws/install/control_msgs/lib:/usr/lib/x86_64-linux-gnu/gazebo-11/plugins:/opt/ros/humble/opt/rviz_ogre_vendor/lib:/opt/ros/humble/lib/x86_64-linux-gnu:/opt/ros/humble/lib /usr/bin/cmake --install /home/loaf/Pinocchio_ws/build/mit_controllers
[9.261s] Level 1:colcon.colcon_core.environment:checking '/home/loaf/Pinocchio_ws/install/mit_controllers' for CMake config files
[9.261s] Level 1:colcon.colcon_core.shell:create_environment_hook('mit_controllers', 'cmake_prefix_path')
[9.261s] INFO:colcon.colcon_core.shell:Creating environment hook '/home/loaf/Pinocchio_ws/install/mit_controllers/share/mit_controllers/hook/cmake_prefix_path.ps1'
[9.262s] INFO:colcon.colcon_core.shell:Creating environment descriptor '/home/loaf/Pinocchio_ws/install/mit_controllers/share/mit_controllers/hook/cmake_prefix_path.dsv'
[9.262s] INFO:colcon.colcon_core.shell:Creating environment hook '/home/loaf/Pinocchio_ws/install/mit_controllers/share/mit_controllers/hook/cmake_prefix_path.sh'
[9.263s] Level 1:colcon.colcon_core.environment:checking '/home/loaf/Pinocchio_ws/install/mit_controllers/lib'
[9.263s] Level 1:colcon.colcon_core.shell:create_environment_hook('mit_controllers', 'ld_library_path_lib')
[9.263s] INFO:colcon.colcon_core.shell:Creating environment hook '/home/loaf/Pinocchio_ws/install/mit_controllers/share/mit_controllers/hook/ld_library_path_lib.ps1'
[9.263s] INFO:colcon.colcon_core.shell:Creating environment descriptor '/home/loaf/Pinocchio_ws/install/mit_controllers/share/mit_controllers/hook/ld_library_path_lib.dsv'
[9.264s] INFO:colcon.colcon_core.shell:Creating environment hook '/home/loaf/Pinocchio_ws/install/mit_controllers/share/mit_controllers/hook/ld_library_path_lib.sh'
[9.264s] Level 1:colcon.colcon_core.environment:checking '/home/loaf/Pinocchio_ws/install/mit_controllers/bin'
[9.264s] Level 1:colcon.colcon_core.environment:checking '/home/loaf/Pinocchio_ws/install/mit_controllers/lib/pkgconfig/mit_controllers.pc'
[9.264s] Level 1:colcon.colcon_core.environment:checking '/home/loaf/Pinocchio_ws/install/mit_controllers/lib/python3.10/site-packages'
[9.264s] Level 1:colcon.colcon_core.environment:checking '/home/loaf/Pinocchio_ws/install/mit_controllers/bin'
[9.265s] INFO:colcon.colcon_core.shell:Creating package script '/home/loaf/Pinocchio_ws/install/mit_controllers/share/mit_controllers/package.ps1'
[9.265s] INFO:colcon.colcon_core.shell:Creating package descriptor '/home/loaf/Pinocchio_ws/install/mit_controllers/share/mit_controllers/package.dsv'
[9.265s] INFO:colcon.colcon_core.shell:Creating package script '/home/loaf/Pinocchio_ws/install/mit_controllers/share/mit_controllers/package.sh'
[9.265s] INFO:colcon.colcon_core.shell:Creating package script '/home/loaf/Pinocchio_ws/install/mit_controllers/share/mit_controllers/package.bash'
[9.265s] INFO:colcon.colcon_core.shell:Creating package script '/home/loaf/Pinocchio_ws/install/mit_controllers/share/mit_controllers/package.zsh'
[9.266s] Level 1:colcon.colcon_core.environment:create_file_with_runtime_dependencies(/home/loaf/Pinocchio_ws/install/mit_controllers/share/colcon-core/packages/mit_controllers)
[9.266s] Level 1:colcon.colcon_core.environment:create_environment_scripts_only(mit_controllers)
[9.266s] Level 1:colcon.colcon_core.environment:checking '/home/loaf/Pinocchio_ws/install/mit_controllers' for CMake module files
[9.266s] Level 1:colcon.colcon_core.environment:checking '/home/loaf/Pinocchio_ws/install/mit_controllers' for CMake config files
[9.266s] Level 1:colcon.colcon_core.shell:create_environment_hook('mit_controllers', 'cmake_prefix_path')
[9.267s] INFO:colcon.colcon_core.shell:Creating environment hook '/home/loaf/Pinocchio_ws/install/mit_controllers/share/mit_controllers/hook/cmake_prefix_path.ps1'
[9.267s] INFO:colcon.colcon_core.shell:Creating environment descriptor '/home/loaf/Pinocchio_ws/install/mit_controllers/share/mit_controllers/hook/cmake_prefix_path.dsv'
[9.267s] INFO:colcon.colcon_core.shell:Creating environment hook '/home/loaf/Pinocchio_ws/install/mit_controllers/share/mit_controllers/hook/cmake_prefix_path.sh'
[9.267s] Level 1:colcon.colcon_core.environment:checking '/home/loaf/Pinocchio_ws/install/mit_controllers/lib'
[9.267s] Level 1:colcon.colcon_core.shell:create_environment_hook('mit_controllers', 'ld_library_path_lib')
[9.267s] INFO:colcon.colcon_core.shell:Creating environment hook '/home/loaf/Pinocchio_ws/install/mit_controllers/share/mit_controllers/hook/ld_library_path_lib.ps1'
[9.268s] INFO:colcon.colcon_core.shell:Creating environment descriptor '/home/loaf/Pinocchio_ws/install/mit_controllers/share/mit_controllers/hook/ld_library_path_lib.dsv'
[9.268s] INFO:colcon.colcon_core.shell:Creating environment hook '/home/loaf/Pinocchio_ws/install/mit_controllers/share/mit_controllers/hook/ld_library_path_lib.sh'
[9.268s] Level 1:colcon.colcon_core.environment:checking '/home/loaf/Pinocchio_ws/install/mit_controllers/bin'
[9.268s] Level 1:colcon.colcon_core.environment:checking '/home/loaf/Pinocchio_ws/install/mit_controllers/lib/pkgconfig/mit_controllers.pc'
[9.268s] Level 1:colcon.colcon_core.environment:checking '/home/loaf/Pinocchio_ws/install/mit_controllers/lib/python3.10/site-packages'
[9.268s] Level 1:colcon.colcon_core.environment:checking '/home/loaf/Pinocchio_ws/install/mit_controllers/bin'
[9.268s] INFO:colcon.colcon_core.shell:Creating package script '/home/loaf/Pinocchio_ws/install/mit_controllers/share/mit_controllers/package.ps1'
[9.269s] INFO:colcon.colcon_core.shell:Creating package descriptor '/home/loaf/Pinocchio_ws/install/mit_controllers/share/mit_controllers/package.dsv'
[9.269s] INFO:colcon.colcon_core.shell:Creating package script '/home/loaf/Pinocchio_ws/install/mit_controllers/share/mit_controllers/package.sh'
[9.269s] INFO:colcon.colcon_core.shell:Creating package script '/home/loaf/Pinocchio_ws/install/mit_controllers/share/mit_controllers/package.bash'
[9.269s] INFO:colcon.colcon_core.shell:Creating package script '/home/loaf/Pinocchio_ws/install/mit_controllers/share/mit_controllers/package.zsh'
[9.270s] Level 1:colcon.colcon_core.environment:create_file_with_runtime_dependencies(/home/loaf/Pinocchio_ws/install/mit_controllers/share/colcon-core/packages/mit_controllers)
[27.273s] DEBUG:colcon.colcon_core.event_handler.log_command:Invoked command in '/home/loaf/Pinocchio_ws/build/control_pkg' returned '0': CMAKE_PREFIX_PATH=/home/loaf/Pinocchio_ws/install/motor_control_msgs:/home/loaf/Pinocchio_ws/install/mit_controllers:/home/loaf/Pinocchio_ws/install/mujoco_pkg:/home/loaf/Pinocchio_ws/install/descrip_pino:/home/loaf/Pinocchio_ws/install/control_pkg:/home/loaf/Pinocchio_ws/install/control_msgs:/opt/ros/humble LD_LIBRARY_PATH=/home/loaf/Pinocchio_ws/install/motor_control_msgs/lib:/home/loaf/Pinocchio_ws/install/mit_controllers/lib:/home/loaf/Pinocchio_ws/install/control_msgs/lib:/usr/lib/x86_64-linux-gnu/gazebo-11/plugins:/opt/ros/humble/opt/rviz_ogre_vendor/lib:/opt/ros/humble/lib/x86_64-linux-gnu:/opt/ros/humble/lib /usr/bin/cmake --build /home/loaf/Pinocchio_ws/build/control_pkg -- -j24 -l24
[27.274s] DEBUG:colcon.colcon_core.event_handler.log_command:Invoking command in '/home/loaf/Pinocchio_ws/build/control_pkg': CMAKE_PREFIX_PATH=/home/loaf/Pinocchio_ws/install/motor_control_msgs:/home/loaf/Pinocchio_ws/install/mit_controllers:/home/loaf/Pinocchio_ws/install/mujoco_pkg:/home/loaf/Pinocchio_ws/install/descrip_pino:/home/loaf/Pinocchio_ws/install/control_pkg:/home/loaf/Pinocchio_ws/install/control_msgs:/opt/ros/humble LD_LIBRARY_PATH=/home/loaf/Pinocchio_ws/install/motor_control_msgs/lib:/home/loaf/Pinocchio_ws/install/mit_controllers/lib:/home/loaf/Pinocchio_ws/install/control_msgs/lib:/usr/lib/x86_64-linux-gnu/gazebo-11/plugins:/opt/ros/humble/opt/rviz_ogre_vendor/lib:/opt/ros/humble/lib/x86_64-linux-gnu:/opt/ros/humble/lib /usr/bin/cmake --install /home/loaf/Pinocchio_ws/build/control_pkg
[27.289s] Level 1:colcon.colcon_core.environment:create_environment_scripts_only(control_pkg)
[27.290s] Level 1:colcon.colcon_core.environment:checking '/home/loaf/Pinocchio_ws/install/control_pkg' for CMake module files
[27.290s] DEBUG:colcon.colcon_core.event_handler.log_command:Invoked command in '/home/loaf/Pinocchio_ws/build/control_pkg' returned '0': CMAKE_PREFIX_PATH=/home/loaf/Pinocchio_ws/install/motor_control_msgs:/home/loaf/Pinocchio_ws/install/mit_controllers:/home/loaf/Pinocchio_ws/install/mujoco_pkg:/home/loaf/Pinocchio_ws/install/descrip_pino:/home/loaf/Pinocchio_ws/install/control_pkg:/home/loaf/Pinocchio_ws/install/control_msgs:/opt/ros/humble LD_LIBRARY_PATH=/home/loaf/Pinocchio_ws/install/motor_control_msgs/lib:/home/loaf/Pinocchio_ws/install/mit_controllers/lib:/home/loaf/Pinocchio_ws/install/control_msgs/lib:/usr/lib/x86_64-linux-gnu/gazebo-11/plugins:/opt/ros/humble/opt/rviz_ogre_vendor/lib:/opt/ros/humble/lib/x86_64-linux-gnu:/opt/ros/humble/lib /usr/bin/cmake --install /home/loaf/Pinocchio_ws/build/control_pkg
[27.290s] Level 1:colcon.colcon_core.environment:checking '/home/loaf/Pinocchio_ws/install/control_pkg' for CMake config files
[27.290s] Level 1:colcon.colcon_core.shell:create_environment_hook('control_pkg', 'cmake_prefix_path')
[27.290s] INFO:colcon.colcon_core.shell:Creating environment hook '/home/loaf/Pinocchio_ws/install/control_pkg/share/control_pkg/hook/cmake_prefix_path.ps1'
[27.291s] INFO:colcon.colcon_core.shell:Creating environment descriptor '/home/loaf/Pinocchio_ws/install/control_pkg/share/control_pkg/hook/cmake_prefix_path.dsv'
[27.291s] INFO:colcon.colcon_core.shell:Creating environment hook '/home/loaf/Pinocchio_ws/install/control_pkg/share/control_pkg/hook/cmake_prefix_path.sh'
[27.291s] Level 1:colcon.colcon_core.environment:checking '/home/loaf/Pinocchio_ws/install/control_pkg/lib'
[27.291s] Level 1:colcon.colcon_core.environment:checking '/home/loaf/Pinocchio_ws/install/control_pkg/bin'
[27.291s] Level 1:colcon.colcon_core.environment:checking '/home/loaf/Pinocchio_ws/install/control_pkg/lib/pkgconfig/control_pkg.pc'
[27.291s] Level 1:colcon.colcon_core.environment:checking '/home/loaf/Pinocchio_ws/install/control_pkg/lib/python3.10/site-packages'
[27.292s] Level 1:colcon.colcon_core.environment:checking '/home/loaf/Pinocchio_ws/install/control_pkg/bin'
[27.292s] INFO:colcon.colcon_core.shell:Creating package script '/home/loaf/Pinocchio_ws/install/control_pkg/share/control_pkg/package.ps1'
[27.292s] INFO:colcon.colcon_core.shell:Creating package descriptor '/home/loaf/Pinocchio_ws/install/control_pkg/share/control_pkg/package.dsv'
[27.292s] INFO:colcon.colcon_core.shell:Creating package script '/home/loaf/Pinocchio_ws/install/control_pkg/share/control_pkg/package.sh'
[27.292s] INFO:colcon.colcon_core.shell:Creating package script '/home/loaf/Pinocchio_ws/install/control_pkg/share/control_pkg/package.bash'
[27.293s] INFO:colcon.colcon_core.shell:Creating package script '/home/loaf/Pinocchio_ws/install/control_pkg/share/control_pkg/package.zsh'
[27.293s] Level 1:colcon.colcon_core.environment:create_file_with_runtime_dependencies(/home/loaf/Pinocchio_ws/install/control_pkg/share/colcon-core/packages/control_pkg)
[27.293s] Level 1:colcon.colcon_core.environment:create_environment_scripts_only(control_pkg)
[27.293s] Level 1:colcon.colcon_core.environment:checking '/home/loaf/Pinocchio_ws/install/control_pkg' for CMake module files
[27.293s] Level 1:colcon.colcon_core.environment:checking '/home/loaf/Pinocchio_ws/install/control_pkg' for CMake config files
[27.294s] Level 1:colcon.colcon_core.shell:create_environment_hook('control_pkg', 'cmake_prefix_path')
[27.294s] INFO:colcon.colcon_core.shell:Creating environment hook '/home/loaf/Pinocchio_ws/install/control_pkg/share/control_pkg/hook/cmake_prefix_path.ps1'
[27.294s] INFO:colcon.colcon_core.shell:Creating environment descriptor '/home/loaf/Pinocchio_ws/install/control_pkg/share/control_pkg/hook/cmake_prefix_path.dsv'
[27.294s] INFO:colcon.colcon_core.shell:Creating environment hook '/home/loaf/Pinocchio_ws/install/control_pkg/share/control_pkg/hook/cmake_prefix_path.sh'
[27.294s] Level 1:colcon.colcon_core.environment:checking '/home/loaf/Pinocchio_ws/install/control_pkg/lib'
[27.295s] Level 1:colcon.colcon_core.environment:checking '/home/loaf/Pinocchio_ws/install/control_pkg/bin'
[27.295s] Level 1:colcon.colcon_core.environment:checking '/home/loaf/Pinocchio_ws/install/control_pkg/lib/pkgconfig/control_pkg.pc'
[27.295s] Level 1:colcon.colcon_core.environment:checking '/home/loaf/Pinocchio_ws/install/control_pkg/lib/python3.10/site-packages'
[27.295s] Level 1:colcon.colcon_core.environment:checking '/home/loaf/Pinocchio_ws/install/control_pkg/bin'
[27.295s] INFO:colcon.colcon_core.shell:Creating package script '/home/loaf/Pinocchio_ws/install/control_pkg/share/control_pkg/package.ps1'
[27.295s] INFO:colcon.colcon_core.shell:Creating package descriptor '/home/loaf/Pinocchio_ws/install/control_pkg/share/control_pkg/package.dsv'
[27.296s] INFO:colcon.colcon_core.shell:Creating package script '/home/loaf/Pinocchio_ws/install/control_pkg/share/control_pkg/package.sh'
[27.296s] INFO:colcon.colcon_core.shell:Creating package script '/home/loaf/Pinocchio_ws/install/control_pkg/share/control_pkg/package.bash'
[27.296s] INFO:colcon.colcon_core.shell:Creating package script '/home/loaf/Pinocchio_ws/install/control_pkg/share/control_pkg/package.zsh'
[27.296s] Level 1:colcon.colcon_core.environment:create_file_with_runtime_dependencies(/home/loaf/Pinocchio_ws/install/control_pkg/share/colcon-core/packages/control_pkg)
[27.296s] DEBUG:colcon.colcon_parallel_executor.executor.parallel:closing loop
[27.297s] DEBUG:colcon.colcon_parallel_executor.executor.parallel:loop closed
[27.297s] DEBUG:colcon.colcon_parallel_executor.executor.parallel:run_until_complete finished with '0'
[27.297s] DEBUG:colcon.colcon_core.event_reactor:joining thread
[27.302s] INFO:colcon.colcon_core.plugin_system:Skipping extension 'colcon_notification.desktop_notification.terminal_notifier': Not used on non-Darwin systems
[27.302s] INFO:colcon.colcon_core.plugin_system:Skipping extension 'colcon_notification.desktop_notification.win32': Not used on non-Windows systems
[27.302s] INFO:colcon.colcon_notification.desktop_notification:Sending desktop notification using 'notify2'
[27.309s] DEBUG:colcon.colcon_core.event_reactor:joined thread
[27.309s] INFO:colcon.colcon_core.shell:Creating prefix script '/home/loaf/Pinocchio_ws/install/local_setup.ps1'
[27.310s] INFO:colcon.colcon_core.shell:Creating prefix util module '/home/loaf/Pinocchio_ws/install/_local_setup_util_ps1.py'
[27.311s] INFO:colcon.colcon_core.shell:Creating prefix chain script '/home/loaf/Pinocchio_ws/install/setup.ps1'
[27.312s] INFO:colcon.colcon_core.shell:Creating prefix script '/home/loaf/Pinocchio_ws/install/local_setup.sh'
[27.312s] INFO:colcon.colcon_core.shell:Creating prefix util module '/home/loaf/Pinocchio_ws/install/_local_setup_util_sh.py'
[27.312s] INFO:colcon.colcon_core.shell:Creating prefix chain script '/home/loaf/Pinocchio_ws/install/setup.sh'
[27.313s] INFO:colcon.colcon_core.shell:Creating prefix script '/home/loaf/Pinocchio_ws/install/local_setup.bash'
[27.313s] INFO:colcon.colcon_core.shell:Creating prefix chain script '/home/loaf/Pinocchio_ws/install/setup.bash'
[27.314s] INFO:colcon.colcon_core.shell:Creating prefix script '/home/loaf/Pinocchio_ws/install/local_setup.zsh'
[27.314s] INFO:colcon.colcon_core.shell:Creating prefix chain script '/home/loaf/Pinocchio_ws/install/setup.zsh'
