[0.008s] Invoking command in '/home/loaf/Pinocchio_ws/build/mujoco_pkg': CMAKE_PREFIX_PATH=${CMAKE_PREFIX_PATH}:/opt/ros/humble /usr/bin/cmake --build /home/loaf/Pinocchio_ws/build/mujoco_pkg -- -j24 -l24
[0.027s] -- Find mujoco:  , 
[0.027s] -- Found ament_cmake: 1.3.14 (/opt/ros/humble/share/ament_cmake/cmake)
[0.109s] -- Found std_msgs: 4.9.1 (/opt/ros/humble/share/std_msgs/cmake)
[0.124s] -- Found rosidl_generator_c: 3.1.8 (/opt/ros/humble/share/rosidl_generator_c/cmake)
[0.125s] -- Found rosidl_adapter: 3.1.8 (/opt/ros/humble/share/rosidl_adapter/cmake)
[0.129s] -- Found rosidl_generator_cpp: 3.1.8 (/opt/ros/humble/share/rosidl_generator_cpp/cmake)
[0.134s] -- Using all available rosidl_typesupport_c: rosidl_typesupport_fastrtps_c;rosidl_typesupport_introspection_c
[0.141s] -- Using all available rosidl_typesupport_cpp: rosidl_typesupport_fastrtps_cpp;rosidl_typesupport_introspection_cpp
[0.153s] -- Found sensor_msgs: 4.9.1 (/opt/ros/humble/share/sensor_msgs/cmake)
[0.170s] -- Found rclcpp: 16.0.19 (/opt/ros/humble/share/rclcpp/cmake)
[0.184s] -- Found rmw_implementation_cmake: 6.1.2 (/opt/ros/humble/share/rmw_implementation_cmake/cmake)
[0.185s] -- Found rmw_fastrtps_cpp: 6.2.10 (/opt/ros/humble/share/rmw_fastrtps_cpp/cmake)
[0.256s] -- Using RMW implementation 'rmw_fastrtps_cpp' as default
[0.316s] -- Configuring done
[0.321s] -- Generating done
[0.323s] -- Build files have been written to: /home/loaf/Pinocchio_ws/build/mujoco_pkg
[0.341s] [35m[1mConsolidate compiler generated dependencies of target mj[0m
[0.354s] [ 33%] [32m[1mLinking CXX executable mj[0m
[0.481s] [100%] Built target mj
[0.488s] Invoked command in '/home/loaf/Pinocchio_ws/build/mujoco_pkg' returned '0': CMAKE_PREFIX_PATH=${CMAKE_PREFIX_PATH}:/opt/ros/humble /usr/bin/cmake --build /home/loaf/Pinocchio_ws/build/mujoco_pkg -- -j24 -l24
[0.489s] Invoking command in '/home/loaf/Pinocchio_ws/build/mujoco_pkg': CMAKE_PREFIX_PATH=${CMAKE_PREFIX_PATH}:/opt/ros/humble /usr/bin/cmake --install /home/loaf/Pinocchio_ws/build/mujoco_pkg
[0.494s] -- Install configuration: ""
[0.495s] -- Installing: /home/loaf/Pinocchio_ws/install/mujoco_pkg/lib/mujoco_pkg/mj
[0.495s] -- Installing: /home/loaf/Pinocchio_ws/install/mujoco_pkg/share/ament_index/resource_index/package_run_dependencies/mujoco_pkg
[0.495s] -- Installing: /home/loaf/Pinocchio_ws/install/mujoco_pkg/share/ament_index/resource_index/parent_prefix_path/mujoco_pkg
[0.495s] -- Installing: /home/loaf/Pinocchio_ws/install/mujoco_pkg/share/mujoco_pkg/environment/ament_prefix_path.sh
[0.495s] -- Installing: /home/loaf/Pinocchio_ws/install/mujoco_pkg/share/mujoco_pkg/environment/ament_prefix_path.dsv
[0.496s] -- Installing: /home/loaf/Pinocchio_ws/install/mujoco_pkg/share/mujoco_pkg/environment/path.sh
[0.496s] -- Installing: /home/loaf/Pinocchio_ws/install/mujoco_pkg/share/mujoco_pkg/environment/path.dsv
[0.496s] -- Installing: /home/loaf/Pinocchio_ws/install/mujoco_pkg/share/mujoco_pkg/local_setup.bash
[0.496s] -- Installing: /home/loaf/Pinocchio_ws/install/mujoco_pkg/share/mujoco_pkg/local_setup.sh
[0.496s] -- Installing: /home/loaf/Pinocchio_ws/install/mujoco_pkg/share/mujoco_pkg/local_setup.zsh
[0.496s] -- Installing: /home/loaf/Pinocchio_ws/install/mujoco_pkg/share/mujoco_pkg/local_setup.dsv
[0.496s] -- Installing: /home/loaf/Pinocchio_ws/install/mujoco_pkg/share/mujoco_pkg/package.dsv
[0.496s] -- Installing: /home/loaf/Pinocchio_ws/install/mujoco_pkg/share/ament_index/resource_index/packages/mujoco_pkg
[0.496s] -- Installing: /home/loaf/Pinocchio_ws/install/mujoco_pkg/share/mujoco_pkg/cmake/mujoco_pkgConfig.cmake
[0.496s] -- Installing: /home/loaf/Pinocchio_ws/install/mujoco_pkg/share/mujoco_pkg/cmake/mujoco_pkgConfig-version.cmake
[0.496s] -- Installing: /home/loaf/Pinocchio_ws/install/mujoco_pkg/share/mujoco_pkg/package.xml
[0.497s] Invoked command in '/home/loaf/Pinocchio_ws/build/mujoco_pkg' returned '0': CMAKE_PREFIX_PATH=${CMAKE_PREFIX_PATH}:/opt/ros/humble /usr/bin/cmake --install /home/loaf/Pinocchio_ws/build/mujoco_pkg
