[0.010s] Invoking command in '/home/loaf/Pinocchio_ws/build/descrip_pino': CMAKE_PREFIX_PATH=${CMAKE_PREFIX_PATH}:/opt/ros/humble /usr/bin/cmake /home/loaf/Pinocchio_ws/src/descrip_pino -DCMAKE_INSTALL_PREFIX=/home/loaf/Pinocchio_ws/install/descrip_pino
[0.071s] -- The C compiler identification is GNU 11.4.0
[0.110s] -- The CXX compiler identification is GNU 11.4.0
[0.115s] -- Detecting C compiler ABI info
[0.160s] -- Detecting C compiler ABI info - done
[0.165s] -- Check for working C compiler: /usr/bin/cc - skipped
[0.165s] -- Detecting C compile features
[0.165s] -- Detecting C compile features - done
[0.167s] -- Detecting CXX compiler ABI info
[0.226s] -- Detecting CXX compiler ABI info - done
[0.231s] -- Check for working CXX compiler: /usr/bin/c++ - skipped
[0.231s] -- Detecting CXX compile features
[0.231s] -- Detecting CXX compile features - done
[0.233s] -- Found ament_cmake: 1.3.14 (/opt/ros/humble/share/ament_cmake/cmake)
[0.340s] -- Found Python3: /usr/bin/python3 (found version "3.10.12") found components: Interpreter 
[0.445s] -- Configuring done
[0.446s] -- Generating done
[0.447s] -- Build files have been written to: /home/loaf/Pinocchio_ws/build/descrip_pino
[0.450s] Invoked command in '/home/loaf/Pinocchio_ws/build/descrip_pino' returned '0': CMAKE_PREFIX_PATH=${CMAKE_PREFIX_PATH}:/opt/ros/humble /usr/bin/cmake /home/loaf/Pinocchio_ws/src/descrip_pino -DCMAKE_INSTALL_PREFIX=/home/loaf/Pinocchio_ws/install/descrip_pino
[0.452s] Invoking command in '/home/loaf/Pinocchio_ws/build/descrip_pino': CMAKE_PREFIX_PATH=${CMAKE_PREFIX_PATH}:/opt/ros/humble /usr/bin/cmake --build /home/loaf/Pinocchio_ws/build/descrip_pino -- -j24 -l24
[0.478s] Invoked command in '/home/loaf/Pinocchio_ws/build/descrip_pino' returned '0': CMAKE_PREFIX_PATH=${CMAKE_PREFIX_PATH}:/opt/ros/humble /usr/bin/cmake --build /home/loaf/Pinocchio_ws/build/descrip_pino -- -j24 -l24
[0.489s] Invoking command in '/home/loaf/Pinocchio_ws/build/descrip_pino': CMAKE_PREFIX_PATH=${CMAKE_PREFIX_PATH}:/opt/ros/humble /usr/bin/cmake --install /home/loaf/Pinocchio_ws/build/descrip_pino
[0.494s] -- Install configuration: ""
[0.494s] -- Installing: /home/loaf/Pinocchio_ws/install/descrip_pino/share/descrip_pino/urdf
[0.494s] -- Installing: /home/loaf/Pinocchio_ws/install/descrip_pino/share/descrip_pino/urdf/Pinotest.urdf
[0.495s] -- Installing: /home/loaf/Pinocchio_ws/install/descrip_pino/share/descrip_pino/urdf/Pino_model.xml
[0.495s] -- Installing: /home/loaf/Pinocchio_ws/install/descrip_pino/share/descrip_pino/urdf/total.urdf.xacro
[0.495s] -- Installing: /home/loaf/Pinocchio_ws/install/descrip_pino/share/descrip_pino/urdf/meshes.zip
[0.502s] -- Installing: /home/loaf/Pinocchio_ws/install/descrip_pino/share/descrip_pino/urdf/Pino.urdf
[0.502s] -- Installing: /home/loaf/Pinocchio_ws/install/descrip_pino/share/descrip_pino/urdf/meshes
[0.502s] -- Installing: /home/loaf/Pinocchio_ws/install/descrip_pino/share/descrip_pino/urdf/meshes/fr_thigh_Link.stl
[0.503s] -- Installing: /home/loaf/Pinocchio_ws/install/descrip_pino/share/descrip_pino/urdf/meshes/fl_thigh_Link.stl
[0.503s] -- Installing: /home/loaf/Pinocchio_ws/install/descrip_pino/share/descrip_pino/urdf/meshes/bl_thigh_Link.stl
[0.503s] -- Installing: /home/loaf/Pinocchio_ws/install/descrip_pino/share/descrip_pino/urdf/meshes/br_hip_Link.stl
[0.505s] -- Installing: /home/loaf/Pinocchio_ws/install/descrip_pino/share/descrip_pino/urdf/meshes/fr_knee_Link.stl
[0.507s] -- Installing: /home/loaf/Pinocchio_ws/install/descrip_pino/share/descrip_pino/urdf/meshes/fr_hip_Link.stl
[0.509s] -- Installing: /home/loaf/Pinocchio_ws/install/descrip_pino/share/descrip_pino/urdf/meshes/base_link.stl
[0.513s] -- Installing: /home/loaf/Pinocchio_ws/install/descrip_pino/share/descrip_pino/urdf/meshes/bl_knee_Link.stl
[0.515s] -- Installing: /home/loaf/Pinocchio_ws/install/descrip_pino/share/descrip_pino/urdf/meshes/fl_hip_Link.stl
[0.517s] -- Installing: /home/loaf/Pinocchio_ws/install/descrip_pino/share/descrip_pino/urdf/meshes/fl_knee_Link.stl
[0.519s] -- Installing: /home/loaf/Pinocchio_ws/install/descrip_pino/share/descrip_pino/urdf/meshes/br_thigh_Link.stl
[0.519s] -- Installing: /home/loaf/Pinocchio_ws/install/descrip_pino/share/descrip_pino/urdf/meshes/bl_hip_Link.stl
[0.521s] -- Installing: /home/loaf/Pinocchio_ws/install/descrip_pino/share/descrip_pino/urdf/meshes/br_knee_Link.stl
[0.524s] -- Installing: /home/loaf/Pinocchio_ws/install/descrip_pino/share/descrip_pino/launch
[0.524s] -- Installing: /home/loaf/Pinocchio_ws/install/descrip_pino/share/descrip_pino/launch/description.launch.py
[0.524s] -- Installing: /home/loaf/Pinocchio_ws/install/descrip_pino/share/descrip_pino/config
[0.524s] -- Installing: /home/loaf/Pinocchio_ws/install/descrip_pino/share/descrip_pino/config/rviz.rviz
[0.524s] -- Installing: /home/loaf/Pinocchio_ws/install/descrip_pino/share/ament_index/resource_index/package_run_dependencies/descrip_pino
[0.524s] -- Installing: /home/loaf/Pinocchio_ws/install/descrip_pino/share/ament_index/resource_index/parent_prefix_path/descrip_pino
[0.524s] -- Installing: /home/loaf/Pinocchio_ws/install/descrip_pino/share/descrip_pino/environment/ament_prefix_path.sh
[0.524s] -- Installing: /home/loaf/Pinocchio_ws/install/descrip_pino/share/descrip_pino/environment/ament_prefix_path.dsv
[0.524s] -- Installing: /home/loaf/Pinocchio_ws/install/descrip_pino/share/descrip_pino/environment/path.sh
[0.524s] -- Installing: /home/loaf/Pinocchio_ws/install/descrip_pino/share/descrip_pino/environment/path.dsv
[0.524s] -- Installing: /home/loaf/Pinocchio_ws/install/descrip_pino/share/descrip_pino/local_setup.bash
[0.524s] -- Installing: /home/loaf/Pinocchio_ws/install/descrip_pino/share/descrip_pino/local_setup.sh
[0.524s] -- Installing: /home/loaf/Pinocchio_ws/install/descrip_pino/share/descrip_pino/local_setup.zsh
[0.525s] -- Installing: /home/loaf/Pinocchio_ws/install/descrip_pino/share/descrip_pino/local_setup.dsv
[0.525s] -- Installing: /home/loaf/Pinocchio_ws/install/descrip_pino/share/descrip_pino/package.dsv
[0.525s] -- Installing: /home/loaf/Pinocchio_ws/install/descrip_pino/share/ament_index/resource_index/packages/descrip_pino
[0.525s] -- Installing: /home/loaf/Pinocchio_ws/install/descrip_pino/share/descrip_pino/cmake/descrip_pinoConfig.cmake
[0.525s] -- Installing: /home/loaf/Pinocchio_ws/install/descrip_pino/share/descrip_pino/cmake/descrip_pinoConfig-version.cmake
[0.525s] -- Installing: /home/loaf/Pinocchio_ws/install/descrip_pino/share/descrip_pino/package.xml
[0.526s] Invoked command in '/home/loaf/Pinocchio_ws/build/descrip_pino' returned '0': CMAKE_PREFIX_PATH=${CMAKE_PREFIX_PATH}:/opt/ros/humble /usr/bin/cmake --install /home/loaf/Pinocchio_ws/build/descrip_pino
