[0.025s] Invoking command in '/home/loaf/Pinocchio_ws/build/control_pkg': CMAKE_PREFIX_PATH=/home/loaf/Pinocchio_ws/install/motor_control_msgs:/home/loaf/Pinocchio_ws/install/mujoco_pkg:/home/loaf/Pinocchio_ws/install/mit_controllers:/home/loaf/Pinocchio_ws/install/control_pkg:/home/loaf/Pinocchio_ws/install/descrip_pino:/opt/ros/humble LD_LIBRARY_PATH=/home/loaf/Pinocchio_ws/install/motor_control_msgs/lib:/home/loaf/Pinocchio_ws/install/mit_controllers/lib:/usr/lib/x86_64-linux-gnu/gazebo-11/plugins:/opt/ros/humble/opt/rviz_ogre_vendor/lib:/opt/ros/humble/lib/x86_64-linux-gnu:/opt/ros/humble/lib /usr/bin/cmake --build /home/loaf/Pinocchio_ws/build/control_pkg -- -j24 -l24
[0.149s] [35m[1mConsolidate compiler generated dependencies of target start[0m
[0.205s] [  8%] [32mBuilding CXX object CMakeFiles/start.dir/src/FSM/ControlComponent.cpp.o[0m
[0.205s] [  8%] [32mBuilding CXX object CMakeFiles/start.dir/src/start.cpp.o[0m
[0.205s] [ 13%] [32mBuilding CXX object CMakeFiles/start.dir/src/FSM/Free_Stand_State.cpp.o[0m
[0.206s] [ 17%] [32mBuilding CXX object CMakeFiles/start.dir/src/FSM/FSM.cpp.o[0m
[0.206s] [ 21%] [32mBuilding CXX object CMakeFiles/start.dir/src/common/Estimator.cpp.o[0m
[0.206s] [ 26%] [32mBuilding CXX object CMakeFiles/start.dir/src/FSM/Balance_State.cpp.o[0m
[0.207s] [ 34%] [32mBuilding CXX object CMakeFiles/start.dir/src/FSM/FSMState.cpp.o[0m
[0.207s] [ 34%] [32mBuilding CXX object CMakeFiles/start.dir/src/FSM/Passive_State.cpp.o[0m
[0.208s] [ 39%] [32mBuilding CXX object CMakeFiles/start.dir/src/FSM/Free_State.cpp.o[0m
[0.209s] [ 43%] [32mBuilding CXX object CMakeFiles/start.dir/src/Gait/GaitGenerator.cpp.o[0m
[0.210s] [ 52%] [32mBuilding CXX object CMakeFiles/start.dir/src/FSM/Stand_State.cpp.o[0m
[0.210s] [ 52%] [32mBuilding CXX object CMakeFiles/start.dir/src/FSM/Trotting_State.cpp.o[0m
[0.211s] [ 56%] [32mBuilding CXX object CMakeFiles/start.dir/src/Gait/FeetEndCal.cpp.o[0m
[0.221s] [ 65%] [32mBuilding CXX object CMakeFiles/start.dir/src/math/Reversal_solution.cpp.o[0m
[0.221s] [ 65%] [32mBuilding CXX object CMakeFiles/start.dir/src/IOPort/IORos.cpp.o[0m
[0.221s] [ 69%] [32mBuilding CXX object CMakeFiles/start.dir/src/math/Kenimatics_normal_solution.cpp.o[0m
[12.452s] [ 73%] [32m[1mLinking CXX executable start[0m
[16.084s] [100%] Built target start
[16.118s] Invoked command in '/home/loaf/Pinocchio_ws/build/control_pkg' returned '0': CMAKE_PREFIX_PATH=/home/loaf/Pinocchio_ws/install/motor_control_msgs:/home/loaf/Pinocchio_ws/install/mujoco_pkg:/home/loaf/Pinocchio_ws/install/mit_controllers:/home/loaf/Pinocchio_ws/install/control_pkg:/home/loaf/Pinocchio_ws/install/descrip_pino:/opt/ros/humble LD_LIBRARY_PATH=/home/loaf/Pinocchio_ws/install/motor_control_msgs/lib:/home/loaf/Pinocchio_ws/install/mit_controllers/lib:/usr/lib/x86_64-linux-gnu/gazebo-11/plugins:/opt/ros/humble/opt/rviz_ogre_vendor/lib:/opt/ros/humble/lib/x86_64-linux-gnu:/opt/ros/humble/lib /usr/bin/cmake --build /home/loaf/Pinocchio_ws/build/control_pkg -- -j24 -l24
[16.126s] Invoking command in '/home/loaf/Pinocchio_ws/build/control_pkg': CMAKE_PREFIX_PATH=/home/loaf/Pinocchio_ws/install/motor_control_msgs:/home/loaf/Pinocchio_ws/install/mujoco_pkg:/home/loaf/Pinocchio_ws/install/mit_controllers:/home/loaf/Pinocchio_ws/install/control_pkg:/home/loaf/Pinocchio_ws/install/descrip_pino:/opt/ros/humble LD_LIBRARY_PATH=/home/loaf/Pinocchio_ws/install/motor_control_msgs/lib:/home/loaf/Pinocchio_ws/install/mit_controllers/lib:/usr/lib/x86_64-linux-gnu/gazebo-11/plugins:/opt/ros/humble/opt/rviz_ogre_vendor/lib:/opt/ros/humble/lib/x86_64-linux-gnu:/opt/ros/humble/lib /usr/bin/cmake --install /home/loaf/Pinocchio_ws/build/control_pkg
[16.138s] -- Install configuration: ""
[16.138s] -- Up-to-date: /home/loaf/Pinocchio_ws/install/control_pkg/share/control_pkg/launch
[16.139s] -- Up-to-date: /home/loaf/Pinocchio_ws/install/control_pkg/share/control_pkg/launch/mujoco_bringup.launch.py
[16.139s] -- Up-to-date: /home/loaf/Pinocchio_ws/install/control_pkg/share/control_pkg/launch/bringup.launch.py
[16.139s] -- Up-to-date: /home/loaf/Pinocchio_ws/install/control_pkg/share/control_pkg/controller_config
[16.139s] -- Up-to-date: /home/loaf/Pinocchio_ws/install/control_pkg/share/control_pkg/controller_config/mujoco_ros2_control_plugins.yaml
[16.139s] -- Up-to-date: /home/loaf/Pinocchio_ws/install/control_pkg/share/control_pkg/controller_config/config.yaml
[16.139s] -- Up-to-date: /home/loaf/Pinocchio_ws/install/control_pkg/share/control_pkg/controller_config/pid_config.yaml
[16.139s] -- Up-to-date: /home/loaf/Pinocchio_ws/install/control_pkg/share/control_pkg/ros2_control_config
[16.139s] -- Up-to-date: /home/loaf/Pinocchio_ws/install/control_pkg/share/control_pkg/ros2_control_config/control.ros2_control.xacro
[16.140s] -- Up-to-date: /home/loaf/Pinocchio_ws/install/control_pkg/share/control_pkg/rviz_config
[16.140s] -- Up-to-date: /home/loaf/Pinocchio_ws/install/control_pkg/share/control_pkg/rviz_config/rviz.rviz
[16.147s] -- Installing: /home/loaf/Pinocchio_ws/install/control_pkg/lib/control_pkg/start
[16.156s] -- Set runtime path of "/home/loaf/Pinocchio_ws/install/control_pkg/lib/control_pkg/start" to ""
[16.156s] -- Up-to-date: /home/loaf/Pinocchio_ws/install/control_pkg/share/ament_index/resource_index/package_run_dependencies/control_pkg
[16.156s] -- Installing: /home/loaf/Pinocchio_ws/install/control_pkg/share/ament_index/resource_index/parent_prefix_path/control_pkg
[16.167s] -- Up-to-date: /home/loaf/Pinocchio_ws/install/control_pkg/share/control_pkg/environment/ament_prefix_path.sh
[16.167s] -- Installing: /home/loaf/Pinocchio_ws/install/control_pkg/share/control_pkg/environment/ament_prefix_path.dsv
[16.171s] -- Up-to-date: /home/loaf/Pinocchio_ws/install/control_pkg/share/control_pkg/environment/path.sh
[16.171s] -- Installing: /home/loaf/Pinocchio_ws/install/control_pkg/share/control_pkg/environment/path.dsv
[16.172s] -- Up-to-date: /home/loaf/Pinocchio_ws/install/control_pkg/share/control_pkg/local_setup.bash
[16.172s] -- Up-to-date: /home/loaf/Pinocchio_ws/install/control_pkg/share/control_pkg/local_setup.sh
[16.172s] -- Up-to-date: /home/loaf/Pinocchio_ws/install/control_pkg/share/control_pkg/local_setup.zsh
[16.172s] -- Installing: /home/loaf/Pinocchio_ws/install/control_pkg/share/control_pkg/local_setup.dsv
[16.178s] -- Installing: /home/loaf/Pinocchio_ws/install/control_pkg/share/control_pkg/package.dsv
[16.179s] -- Up-to-date: /home/loaf/Pinocchio_ws/install/control_pkg/share/ament_index/resource_index/packages/control_pkg
[16.179s] -- Up-to-date: /home/loaf/Pinocchio_ws/install/control_pkg/share/control_pkg/cmake/control_pkgConfig.cmake
[16.180s] -- Up-to-date: /home/loaf/Pinocchio_ws/install/control_pkg/share/control_pkg/cmake/control_pkgConfig-version.cmake
[16.180s] -- Up-to-date: /home/loaf/Pinocchio_ws/install/control_pkg/share/control_pkg/package.xml
[16.182s] Invoked command in '/home/loaf/Pinocchio_ws/build/control_pkg' returned '0': CMAKE_PREFIX_PATH=/home/loaf/Pinocchio_ws/install/motor_control_msgs:/home/loaf/Pinocchio_ws/install/mujoco_pkg:/home/loaf/Pinocchio_ws/install/mit_controllers:/home/loaf/Pinocchio_ws/install/control_pkg:/home/loaf/Pinocchio_ws/install/descrip_pino:/opt/ros/humble LD_LIBRARY_PATH=/home/loaf/Pinocchio_ws/install/motor_control_msgs/lib:/home/loaf/Pinocchio_ws/install/mit_controllers/lib:/usr/lib/x86_64-linux-gnu/gazebo-11/plugins:/opt/ros/humble/opt/rviz_ogre_vendor/lib:/opt/ros/humble/lib/x86_64-linux-gnu:/opt/ros/humble/lib /usr/bin/cmake --install /home/loaf/Pinocchio_ws/build/control_pkg
