[0.013s] Invoking command in '/home/loaf/Pinocchio_ws/build/motor_control_msgs': CMAKE_PREFIX_PATH=${CMAKE_PREFIX_PATH}:/opt/ros/humble /usr/bin/cmake --build /home/loaf/Pinocchio_ws/build/motor_control_msgs -- -j24 -l24
[0.060s] [  9%] Built target motor_control_msgs__rosidl_generator_c
[0.061s] [ 12%] Built target motor_control_msgs__rs
[0.067s] [ 15%] Built target motor_control_msgs__cpp
[0.074s] [ 15%] Built target ament_cmake_python_copy_motor_control_msgs
[0.088s] [ 25%] Built target motor_control_msgs__rosidl_typesupport_c
[0.089s] [ 34%] Built target motor_control_msgs__rosidl_typesupport_fastrtps_c
[0.091s] [ 43%] Built target motor_control_msgs__rosidl_typesupport_introspection_c
[0.092s] [ 53%] Built target motor_control_msgs__rosidl_typesupport_fastrtps_cpp
[0.093s] [ 62%] Built target motor_control_msgs__rosidl_typesupport_cpp
[0.095s] [ 71%] Built target motor_control_msgs__rosidl_typesupport_introspection_cpp
[0.108s] [ 71%] Built target motor_control_msgs
[0.122s] [ 75%] Built target motor_control_msgs__py
[0.138s] [ 81%] Built target motor_control_msgs__rosidl_generator_py
[0.155s] [100%] Built target motor_control_msgs__rosidl_typesupport_introspection_c__pyext
[0.155s] [100%] Built target motor_control_msgs__rosidl_typesupport_c__pyext
[0.155s] [100%] Built target motor_control_msgs__rosidl_typesupport_fastrtps_c__pyext
[0.226s] running egg_info
[0.226s] writing motor_control_msgs.egg-info/PKG-INFO
[0.227s] writing dependency_links to motor_control_msgs.egg-info/dependency_links.txt
[0.227s] writing top-level names to motor_control_msgs.egg-info/top_level.txt
[0.229s] reading manifest file 'motor_control_msgs.egg-info/SOURCES.txt'
[0.229s] writing manifest file 'motor_control_msgs.egg-info/SOURCES.txt'
[0.247s] [100%] Built target ament_cmake_python_build_motor_control_msgs_egg
[0.255s] Invoked command in '/home/loaf/Pinocchio_ws/build/motor_control_msgs' returned '0': CMAKE_PREFIX_PATH=${CMAKE_PREFIX_PATH}:/opt/ros/humble /usr/bin/cmake --build /home/loaf/Pinocchio_ws/build/motor_control_msgs -- -j24 -l24
[0.256s] Invoking command in '/home/loaf/Pinocchio_ws/build/motor_control_msgs': CMAKE_PREFIX_PATH=${CMAKE_PREFIX_PATH}:/opt/ros/humble /usr/bin/cmake --install /home/loaf/Pinocchio_ws/build/motor_control_msgs
[0.264s] -- Install configuration: ""
[0.264s] -- Up-to-date: /home/loaf/Pinocchio_ws/install/motor_control_msgs/share/ament_index/resource_index/rosidl_interfaces/motor_control_msgs
[0.264s] -- Up-to-date: /home/loaf/Pinocchio_ws/install/motor_control_msgs/include/motor_control_msgs/motor_control_msgs
[0.264s] -- Up-to-date: /home/loaf/Pinocchio_ws/install/motor_control_msgs/include/motor_control_msgs/motor_control_msgs/msg
[0.264s] -- Up-to-date: /home/loaf/Pinocchio_ws/install/motor_control_msgs/include/motor_control_msgs/motor_control_msgs/msg/detail
[0.264s] -- Up-to-date: /home/loaf/Pinocchio_ws/install/motor_control_msgs/include/motor_control_msgs/motor_control_msgs/msg/detail/dm_interface__type_support.h
[0.265s] -- Up-to-date: /home/loaf/Pinocchio_ws/install/motor_control_msgs/include/motor_control_msgs/motor_control_msgs/msg/detail/dm_interface__struct.h
[0.265s] -- Up-to-date: /home/loaf/Pinocchio_ws/install/motor_control_msgs/include/motor_control_msgs/motor_control_msgs/msg/detail/dm_interface__functions.h
[0.265s] -- Up-to-date: /home/loaf/Pinocchio_ws/install/motor_control_msgs/include/motor_control_msgs/motor_control_msgs/msg/detail/dm_interface__functions.c
[0.265s] -- Up-to-date: /home/loaf/Pinocchio_ws/install/motor_control_msgs/include/motor_control_msgs/motor_control_msgs/msg/dm_interface.h
[0.265s] -- Up-to-date: /home/loaf/Pinocchio_ws/install/motor_control_msgs/include/motor_control_msgs/motor_control_msgs/msg/rosidl_generator_c__visibility_control.h
[0.265s] -- Up-to-date: /home/loaf/Pinocchio_ws/install/motor_control_msgs/share/motor_control_msgs/environment/library_path.sh
[0.265s] -- Up-to-date: /home/loaf/Pinocchio_ws/install/motor_control_msgs/share/motor_control_msgs/environment/library_path.dsv
[0.265s] -- Up-to-date: /home/loaf/Pinocchio_ws/install/motor_control_msgs/lib/libmotor_control_msgs__rosidl_generator_c.so
[0.265s] -- Up-to-date: /home/loaf/Pinocchio_ws/install/motor_control_msgs/include/motor_control_msgs/motor_control_msgs
[0.266s] -- Up-to-date: /home/loaf/Pinocchio_ws/install/motor_control_msgs/include/motor_control_msgs/motor_control_msgs/msg
[0.266s] -- Up-to-date: /home/loaf/Pinocchio_ws/install/motor_control_msgs/include/motor_control_msgs/motor_control_msgs/msg/detail
[0.266s] -- Up-to-date: /home/loaf/Pinocchio_ws/install/motor_control_msgs/include/motor_control_msgs/motor_control_msgs/msg/detail/dm_interface__rosidl_typesupport_fastrtps_c.h
[0.266s] -- Up-to-date: /home/loaf/Pinocchio_ws/install/motor_control_msgs/include/motor_control_msgs/motor_control_msgs/msg/rosidl_typesupport_fastrtps_c__visibility_control.h
[0.266s] -- Up-to-date: /home/loaf/Pinocchio_ws/install/motor_control_msgs/lib/libmotor_control_msgs__rosidl_typesupport_fastrtps_c.so
[0.266s] -- Up-to-date: /home/loaf/Pinocchio_ws/install/motor_control_msgs/include/motor_control_msgs/motor_control_msgs
[0.266s] -- Up-to-date: /home/loaf/Pinocchio_ws/install/motor_control_msgs/include/motor_control_msgs/motor_control_msgs/msg
[0.266s] -- Up-to-date: /home/loaf/Pinocchio_ws/install/motor_control_msgs/include/motor_control_msgs/motor_control_msgs/msg/detail
[0.266s] -- Up-to-date: /home/loaf/Pinocchio_ws/install/motor_control_msgs/include/motor_control_msgs/motor_control_msgs/msg/detail/dm_interface__type_support.c
[0.266s] -- Up-to-date: /home/loaf/Pinocchio_ws/install/motor_control_msgs/include/motor_control_msgs/motor_control_msgs/msg/detail/dm_interface__rosidl_typesupport_introspection_c.h
[0.266s] -- Up-to-date: /home/loaf/Pinocchio_ws/install/motor_control_msgs/include/motor_control_msgs/motor_control_msgs/msg/rosidl_typesupport_introspection_c__visibility_control.h
[0.266s] -- Up-to-date: /home/loaf/Pinocchio_ws/install/motor_control_msgs/lib/libmotor_control_msgs__rosidl_typesupport_introspection_c.so
[0.266s] -- Up-to-date: /home/loaf/Pinocchio_ws/install/motor_control_msgs/lib/libmotor_control_msgs__rosidl_typesupport_c.so
[0.266s] -- Up-to-date: /home/loaf/Pinocchio_ws/install/motor_control_msgs/include/motor_control_msgs/motor_control_msgs
[0.266s] -- Up-to-date: /home/loaf/Pinocchio_ws/install/motor_control_msgs/include/motor_control_msgs/motor_control_msgs/msg
[0.266s] -- Up-to-date: /home/loaf/Pinocchio_ws/install/motor_control_msgs/include/motor_control_msgs/motor_control_msgs/msg/dm_interface.hpp
[0.267s] -- Up-to-date: /home/loaf/Pinocchio_ws/install/motor_control_msgs/include/motor_control_msgs/motor_control_msgs/msg/detail
[0.267s] -- Up-to-date: /home/loaf/Pinocchio_ws/install/motor_control_msgs/include/motor_control_msgs/motor_control_msgs/msg/detail/dm_interface__struct.hpp
[0.267s] -- Up-to-date: /home/loaf/Pinocchio_ws/install/motor_control_msgs/include/motor_control_msgs/motor_control_msgs/msg/detail/dm_interface__builder.hpp
[0.267s] -- Up-to-date: /home/loaf/Pinocchio_ws/install/motor_control_msgs/include/motor_control_msgs/motor_control_msgs/msg/detail/dm_interface__traits.hpp
[0.267s] -- Up-to-date: /home/loaf/Pinocchio_ws/install/motor_control_msgs/include/motor_control_msgs/motor_control_msgs/msg/detail/dm_interface__type_support.hpp
[0.267s] -- Up-to-date: /home/loaf/Pinocchio_ws/install/motor_control_msgs/include/motor_control_msgs/motor_control_msgs/msg/rosidl_generator_cpp__visibility_control.hpp
[0.267s] -- Up-to-date: /home/loaf/Pinocchio_ws/install/motor_control_msgs/include/motor_control_msgs/motor_control_msgs
[0.267s] -- Up-to-date: /home/loaf/Pinocchio_ws/install/motor_control_msgs/include/motor_control_msgs/motor_control_msgs/msg
[0.267s] -- Up-to-date: /home/loaf/Pinocchio_ws/install/motor_control_msgs/include/motor_control_msgs/motor_control_msgs/msg/detail
[0.267s] -- Up-to-date: /home/loaf/Pinocchio_ws/install/motor_control_msgs/include/motor_control_msgs/motor_control_msgs/msg/detail/dm_interface__rosidl_typesupport_fastrtps_cpp.hpp
[0.267s] -- Up-to-date: /home/loaf/Pinocchio_ws/install/motor_control_msgs/include/motor_control_msgs/motor_control_msgs/msg/detail/dds_fastrtps
[0.267s] -- Up-to-date: /home/loaf/Pinocchio_ws/install/motor_control_msgs/include/motor_control_msgs/motor_control_msgs/msg/rosidl_typesupport_fastrtps_cpp__visibility_control.h
[0.268s] -- Up-to-date: /home/loaf/Pinocchio_ws/install/motor_control_msgs/lib/libmotor_control_msgs__rosidl_typesupport_fastrtps_cpp.so
[0.268s] -- Up-to-date: /home/loaf/Pinocchio_ws/install/motor_control_msgs/include/motor_control_msgs/motor_control_msgs
[0.268s] -- Up-to-date: /home/loaf/Pinocchio_ws/install/motor_control_msgs/include/motor_control_msgs/motor_control_msgs/msg
[0.268s] -- Up-to-date: /home/loaf/Pinocchio_ws/install/motor_control_msgs/include/motor_control_msgs/motor_control_msgs/msg/detail
[0.268s] -- Up-to-date: /home/loaf/Pinocchio_ws/install/motor_control_msgs/include/motor_control_msgs/motor_control_msgs/msg/detail/dm_interface__rosidl_typesupport_introspection_cpp.hpp
[0.268s] -- Up-to-date: /home/loaf/Pinocchio_ws/install/motor_control_msgs/include/motor_control_msgs/motor_control_msgs/msg/detail/dm_interface__type_support.cpp
[0.268s] -- Up-to-date: /home/loaf/Pinocchio_ws/install/motor_control_msgs/lib/libmotor_control_msgs__rosidl_typesupport_introspection_cpp.so
[0.268s] -- Up-to-date: /home/loaf/Pinocchio_ws/install/motor_control_msgs/lib/libmotor_control_msgs__rosidl_typesupport_cpp.so
[0.268s] -- Up-to-date: /home/loaf/Pinocchio_ws/install/motor_control_msgs/share/motor_control_msgs/environment/pythonpath.sh
[0.268s] -- Up-to-date: /home/loaf/Pinocchio_ws/install/motor_control_msgs/share/motor_control_msgs/environment/pythonpath.dsv
[0.268s] -- Up-to-date: /home/loaf/Pinocchio_ws/install/motor_control_msgs/local/lib/python3.10/dist-packages/motor_control_msgs-0.0.0-py3.10.egg-info
[0.268s] -- Installing: /home/loaf/Pinocchio_ws/install/motor_control_msgs/local/lib/python3.10/dist-packages/motor_control_msgs-0.0.0-py3.10.egg-info/PKG-INFO
[0.268s] -- Installing: /home/loaf/Pinocchio_ws/install/motor_control_msgs/local/lib/python3.10/dist-packages/motor_control_msgs-0.0.0-py3.10.egg-info/SOURCES.txt
[0.268s] -- Installing: /home/loaf/Pinocchio_ws/install/motor_control_msgs/local/lib/python3.10/dist-packages/motor_control_msgs-0.0.0-py3.10.egg-info/top_level.txt
[0.268s] -- Installing: /home/loaf/Pinocchio_ws/install/motor_control_msgs/local/lib/python3.10/dist-packages/motor_control_msgs-0.0.0-py3.10.egg-info/dependency_links.txt
[0.268s] -- Up-to-date: /home/loaf/Pinocchio_ws/install/motor_control_msgs/local/lib/python3.10/dist-packages/motor_control_msgs
[0.268s] -- Up-to-date: /home/loaf/Pinocchio_ws/install/motor_control_msgs/local/lib/python3.10/dist-packages/motor_control_msgs/motor_control_msgs_s__rosidl_typesupport_introspection_c.cpython-310-x86_64-linux-gnu.so
[0.268s] -- Up-to-date: /home/loaf/Pinocchio_ws/install/motor_control_msgs/local/lib/python3.10/dist-packages/motor_control_msgs/_motor_control_msgs_s.ep.rosidl_typesupport_c.c
[0.268s] -- Up-to-date: /home/loaf/Pinocchio_ws/install/motor_control_msgs/local/lib/python3.10/dist-packages/motor_control_msgs/_motor_control_msgs_s.ep.rosidl_typesupport_fastrtps_c.c
[0.268s] -- Up-to-date: /home/loaf/Pinocchio_ws/install/motor_control_msgs/local/lib/python3.10/dist-packages/motor_control_msgs/libmotor_control_msgs__rosidl_generator_py.so
[0.268s] -- Up-to-date: /home/loaf/Pinocchio_ws/install/motor_control_msgs/local/lib/python3.10/dist-packages/motor_control_msgs/_motor_control_msgs_s.ep.rosidl_typesupport_introspection_c.c
[0.268s] -- Up-to-date: /home/loaf/Pinocchio_ws/install/motor_control_msgs/local/lib/python3.10/dist-packages/motor_control_msgs/motor_control_msgs_s__rosidl_typesupport_c.cpython-310-x86_64-linux-gnu.so
[0.268s] -- Up-to-date: /home/loaf/Pinocchio_ws/install/motor_control_msgs/local/lib/python3.10/dist-packages/motor_control_msgs/msg
[0.268s] -- Up-to-date: /home/loaf/Pinocchio_ws/install/motor_control_msgs/local/lib/python3.10/dist-packages/motor_control_msgs/msg/_dm_interface.py
[0.268s] -- Up-to-date: /home/loaf/Pinocchio_ws/install/motor_control_msgs/local/lib/python3.10/dist-packages/motor_control_msgs/msg/__init__.py
[0.268s] -- Up-to-date: /home/loaf/Pinocchio_ws/install/motor_control_msgs/local/lib/python3.10/dist-packages/motor_control_msgs/msg/_dm_interface_s.c
[0.268s] -- Up-to-date: /home/loaf/Pinocchio_ws/install/motor_control_msgs/local/lib/python3.10/dist-packages/motor_control_msgs/__init__.py
[0.268s] -- Up-to-date: /home/loaf/Pinocchio_ws/install/motor_control_msgs/local/lib/python3.10/dist-packages/motor_control_msgs/motor_control_msgs_s__rosidl_typesupport_fastrtps_c.cpython-310-x86_64-linux-gnu.so
[0.287s] Listing '/home/loaf/Pinocchio_ws/install/motor_control_msgs/local/lib/python3.10/dist-packages/motor_control_msgs'...
[0.287s] Listing '/home/loaf/Pinocchio_ws/install/motor_control_msgs/local/lib/python3.10/dist-packages/motor_control_msgs/msg'...
[0.290s] -- Up-to-date: /home/loaf/Pinocchio_ws/install/motor_control_msgs/local/lib/python3.10/dist-packages/motor_control_msgs/motor_control_msgs_s__rosidl_typesupport_fastrtps_c.cpython-310-x86_64-linux-gnu.so
[0.290s] -- Up-to-date: /home/loaf/Pinocchio_ws/install/motor_control_msgs/local/lib/python3.10/dist-packages/motor_control_msgs/motor_control_msgs_s__rosidl_typesupport_introspection_c.cpython-310-x86_64-linux-gnu.so
[0.290s] -- Up-to-date: /home/loaf/Pinocchio_ws/install/motor_control_msgs/local/lib/python3.10/dist-packages/motor_control_msgs/motor_control_msgs_s__rosidl_typesupport_c.cpython-310-x86_64-linux-gnu.so
[0.291s] -- Up-to-date: /home/loaf/Pinocchio_ws/install/motor_control_msgs/lib/libmotor_control_msgs__rosidl_generator_py.so
[0.291s] -- Up-to-date: /home/loaf/Pinocchio_ws/install/motor_control_msgs/share/ament_index/resource_index/rust_packages/motor_control_msgs
[0.291s] -- Up-to-date: /home/loaf/Pinocchio_ws/install/motor_control_msgs/share/motor_control_msgs/rust
[0.291s] -- Up-to-date: /home/loaf/Pinocchio_ws/install/motor_control_msgs/share/motor_control_msgs/rust/build.rs
[0.291s] -- Up-to-date: /home/loaf/Pinocchio_ws/install/motor_control_msgs/share/motor_control_msgs/rust/Cargo.toml
[0.291s] -- Up-to-date: /home/loaf/Pinocchio_ws/install/motor_control_msgs/share/motor_control_msgs/rust/src
[0.291s] -- Up-to-date: /home/loaf/Pinocchio_ws/install/motor_control_msgs/share/motor_control_msgs/rust/src/msg.rs
[0.291s] -- Up-to-date: /home/loaf/Pinocchio_ws/install/motor_control_msgs/share/motor_control_msgs/rust/src/msg
[0.291s] -- Up-to-date: /home/loaf/Pinocchio_ws/install/motor_control_msgs/share/motor_control_msgs/rust/src/msg/rmw.rs
[0.291s] -- Up-to-date: /home/loaf/Pinocchio_ws/install/motor_control_msgs/share/motor_control_msgs/rust/src/lib.rs
[0.291s] -- Up-to-date: /home/loaf/Pinocchio_ws/install/motor_control_msgs/share/motor_control_msgs/msg/DmInterface.idl
[0.291s] -- Up-to-date: /home/loaf/Pinocchio_ws/install/motor_control_msgs/share/motor_control_msgs/msg/DmInterface.msg
[0.291s] -- Up-to-date: /home/loaf/Pinocchio_ws/install/motor_control_msgs/share/ament_index/resource_index/package_run_dependencies/motor_control_msgs
[0.291s] -- Up-to-date: /home/loaf/Pinocchio_ws/install/motor_control_msgs/share/ament_index/resource_index/parent_prefix_path/motor_control_msgs
[0.291s] -- Up-to-date: /home/loaf/Pinocchio_ws/install/motor_control_msgs/share/motor_control_msgs/environment/ament_prefix_path.sh
[0.291s] -- Up-to-date: /home/loaf/Pinocchio_ws/install/motor_control_msgs/share/motor_control_msgs/environment/ament_prefix_path.dsv
[0.291s] -- Up-to-date: /home/loaf/Pinocchio_ws/install/motor_control_msgs/share/motor_control_msgs/environment/path.sh
[0.291s] -- Up-to-date: /home/loaf/Pinocchio_ws/install/motor_control_msgs/share/motor_control_msgs/environment/path.dsv
[0.291s] -- Up-to-date: /home/loaf/Pinocchio_ws/install/motor_control_msgs/share/motor_control_msgs/local_setup.bash
[0.291s] -- Up-to-date: /home/loaf/Pinocchio_ws/install/motor_control_msgs/share/motor_control_msgs/local_setup.sh
[0.292s] -- Up-to-date: /home/loaf/Pinocchio_ws/install/motor_control_msgs/share/motor_control_msgs/local_setup.zsh
[0.292s] -- Up-to-date: /home/loaf/Pinocchio_ws/install/motor_control_msgs/share/motor_control_msgs/local_setup.dsv
[0.292s] -- Installing: /home/loaf/Pinocchio_ws/install/motor_control_msgs/share/motor_control_msgs/package.dsv
[0.292s] -- Up-to-date: /home/loaf/Pinocchio_ws/install/motor_control_msgs/share/ament_index/resource_index/packages/motor_control_msgs
[0.292s] -- Up-to-date: /home/loaf/Pinocchio_ws/install/motor_control_msgs/share/motor_control_msgs/cmake/export_motor_control_msgs__rosidl_generator_cExport.cmake
[0.292s] -- Up-to-date: /home/loaf/Pinocchio_ws/install/motor_control_msgs/share/motor_control_msgs/cmake/export_motor_control_msgs__rosidl_generator_cExport-noconfig.cmake
[0.292s] -- Up-to-date: /home/loaf/Pinocchio_ws/install/motor_control_msgs/share/motor_control_msgs/cmake/export_motor_control_msgs__rosidl_typesupport_fastrtps_cExport.cmake
[0.292s] -- Up-to-date: /home/loaf/Pinocchio_ws/install/motor_control_msgs/share/motor_control_msgs/cmake/export_motor_control_msgs__rosidl_typesupport_fastrtps_cExport-noconfig.cmake
[0.292s] -- Up-to-date: /home/loaf/Pinocchio_ws/install/motor_control_msgs/share/motor_control_msgs/cmake/motor_control_msgs__rosidl_typesupport_introspection_cExport.cmake
[0.292s] -- Up-to-date: /home/loaf/Pinocchio_ws/install/motor_control_msgs/share/motor_control_msgs/cmake/motor_control_msgs__rosidl_typesupport_introspection_cExport-noconfig.cmake
[0.292s] -- Up-to-date: /home/loaf/Pinocchio_ws/install/motor_control_msgs/share/motor_control_msgs/cmake/motor_control_msgs__rosidl_typesupport_cExport.cmake
[0.292s] -- Up-to-date: /home/loaf/Pinocchio_ws/install/motor_control_msgs/share/motor_control_msgs/cmake/motor_control_msgs__rosidl_typesupport_cExport-noconfig.cmake
[0.292s] -- Up-to-date: /home/loaf/Pinocchio_ws/install/motor_control_msgs/share/motor_control_msgs/cmake/export_motor_control_msgs__rosidl_generator_cppExport.cmake
[0.292s] -- Up-to-date: /home/loaf/Pinocchio_ws/install/motor_control_msgs/share/motor_control_msgs/cmake/export_motor_control_msgs__rosidl_typesupport_fastrtps_cppExport.cmake
[0.292s] -- Up-to-date: /home/loaf/Pinocchio_ws/install/motor_control_msgs/share/motor_control_msgs/cmake/export_motor_control_msgs__rosidl_typesupport_fastrtps_cppExport-noconfig.cmake
[0.292s] -- Up-to-date: /home/loaf/Pinocchio_ws/install/motor_control_msgs/share/motor_control_msgs/cmake/motor_control_msgs__rosidl_typesupport_introspection_cppExport.cmake
[0.292s] -- Up-to-date: /home/loaf/Pinocchio_ws/install/motor_control_msgs/share/motor_control_msgs/cmake/motor_control_msgs__rosidl_typesupport_introspection_cppExport-noconfig.cmake
[0.292s] -- Up-to-date: /home/loaf/Pinocchio_ws/install/motor_control_msgs/share/motor_control_msgs/cmake/motor_control_msgs__rosidl_typesupport_cppExport.cmake
[0.292s] -- Up-to-date: /home/loaf/Pinocchio_ws/install/motor_control_msgs/share/motor_control_msgs/cmake/motor_control_msgs__rosidl_typesupport_cppExport-noconfig.cmake
[0.292s] -- Up-to-date: /home/loaf/Pinocchio_ws/install/motor_control_msgs/share/motor_control_msgs/cmake/export_motor_control_msgs__rosidl_generator_pyExport.cmake
[0.292s] -- Up-to-date: /home/loaf/Pinocchio_ws/install/motor_control_msgs/share/motor_control_msgs/cmake/export_motor_control_msgs__rosidl_generator_pyExport-noconfig.cmake
[0.292s] -- Up-to-date: /home/loaf/Pinocchio_ws/install/motor_control_msgs/share/motor_control_msgs/cmake/rosidl_cmake-extras.cmake
[0.292s] -- Up-to-date: /home/loaf/Pinocchio_ws/install/motor_control_msgs/share/motor_control_msgs/cmake/ament_cmake_export_dependencies-extras.cmake
[0.292s] -- Up-to-date: /home/loaf/Pinocchio_ws/install/motor_control_msgs/share/motor_control_msgs/cmake/ament_cmake_export_include_directories-extras.cmake
[0.292s] -- Up-to-date: /home/loaf/Pinocchio_ws/install/motor_control_msgs/share/motor_control_msgs/cmake/ament_cmake_export_libraries-extras.cmake
[0.292s] -- Up-to-date: /home/loaf/Pinocchio_ws/install/motor_control_msgs/share/motor_control_msgs/cmake/ament_cmake_export_targets-extras.cmake
[0.292s] -- Up-to-date: /home/loaf/Pinocchio_ws/install/motor_control_msgs/share/motor_control_msgs/cmake/rosidl_cmake_export_typesupport_targets-extras.cmake
[0.292s] -- Up-to-date: /home/loaf/Pinocchio_ws/install/motor_control_msgs/share/motor_control_msgs/cmake/rosidl_cmake_export_typesupport_libraries-extras.cmake
[0.292s] -- Up-to-date: /home/loaf/Pinocchio_ws/install/motor_control_msgs/share/motor_control_msgs/cmake/motor_control_msgsConfig.cmake
[0.292s] -- Up-to-date: /home/loaf/Pinocchio_ws/install/motor_control_msgs/share/motor_control_msgs/cmake/motor_control_msgsConfig-version.cmake
[0.292s] -- Up-to-date: /home/loaf/Pinocchio_ws/install/motor_control_msgs/share/motor_control_msgs/package.xml
[0.294s] Invoked command in '/home/loaf/Pinocchio_ws/build/motor_control_msgs' returned '0': CMAKE_PREFIX_PATH=${CMAKE_PREFIX_PATH}:/opt/ros/humble /usr/bin/cmake --install /home/loaf/Pinocchio_ws/build/motor_control_msgs
