[0.114s] DEBUG:colcon:Command line arguments: ['/usr/bin/colcon', 'build']
[0.114s] DEBUG:colcon:Parsed command line arguments: Namespace(log_base=None, log_level=None, verb_name='build', build_base='build', install_base='install', merge_install=False, symlink_install=False, test_result_base=None, continue_on_error=False, executor='parallel', parallel_workers=24, event_handlers=None, ignore_user_meta=False, metas=['./colcon.meta'], base_paths=['.'], packages_ignore=None, packages_ignore_regex=None, paths=None, packages_up_to=None, packages_up_to_regex=None, packages_above=None, packages_above_and_dependencies=None, packages_above_depth=None, packages_select_by_dep=None, packages_skip_by_dep=None, packages_skip_up_to=None, packages_select_build_failed=False, packages_skip_build_finished=False, packages_select_test_failures=False, packages_skip_test_passed=False, packages_select=None, packages_skip=None, packages_select_regex=None, packages_skip_regex=None, packages_start=None, packages_end=None, allow_overriding=[], cmake_args=None, cmake_target=None, cmake_target_skip_unavailable=False, cmake_clean_cache=False, cmake_clean_first=False, cmake_force_configure=False, ament_cmake_args=None, catkin_cmake_args=None, catkin_skip_building_tests=False, mixin_files=None, mixin=None, verb_parser=<colcon_mixin.mixin.mixin_argument.MixinArgumentDecorator object at 0x70e4c5d14040>, verb_extension=<colcon_core.verb.build.BuildVerb object at 0x70e4c5e9aaa0>, main=<bound method BuildVerb.main of <colcon_core.verb.build.BuildVerb object at 0x70e4c5e9aaa0>>, mixin_verb=('build',))
[0.287s] Level 1:colcon.colcon_core.package_discovery:discover_packages(colcon_meta) check parameters
[0.288s] Level 1:colcon.colcon_core.package_discovery:discover_packages(recursive) check parameters
[0.288s] Level 1:colcon.colcon_core.package_discovery:discover_packages(ignore) check parameters
[0.288s] Level 1:colcon.colcon_core.package_discovery:discover_packages(path) check parameters
[0.288s] Level 1:colcon.colcon_core.package_discovery:discover_packages(colcon_meta) discover
[0.288s] Level 1:colcon.colcon_core.package_discovery:discover_packages(recursive) discover
[0.288s] INFO:colcon.colcon_core.package_discovery:Crawling recursively for packages in '/home/loaf/Pinocchio_ws'
[0.288s] Level 1:colcon.colcon_core.package_identification:_identify(.) by extensions ['ignore', 'ignore_ament_install']
[0.288s] Level 1:colcon.colcon_core.package_identification:_identify(.) by extension 'ignore'
[0.288s] Level 1:colcon.colcon_core.package_identification:_identify(.) by extension 'ignore_ament_install'
[0.288s] Level 1:colcon.colcon_core.package_identification:_identify(.) by extensions ['colcon_pkg']
[0.288s] Level 1:colcon.colcon_core.package_identification:_identify(.) by extension 'colcon_pkg'
[0.288s] Level 1:colcon.colcon_core.package_identification:_identify(.) by extensions ['colcon_meta']
[0.288s] Level 1:colcon.colcon_core.package_identification:_identify(.) by extension 'colcon_meta'
[0.288s] Level 1:colcon.colcon_core.package_identification:_identify(.) by extensions ['ros']
[0.288s] Level 1:colcon.colcon_core.package_identification:_identify(.) by extension 'ros'
[0.299s] Level 1:colcon.colcon_core.package_identification:_identify(.) by extensions ['cmake', 'python']
[0.299s] Level 1:colcon.colcon_core.package_identification:_identify(.) by extension 'cmake'
[0.299s] Level 1:colcon.colcon_core.package_identification:_identify(.) by extension 'python'
[0.299s] Level 1:colcon.colcon_core.package_identification:_identify(.) by extensions ['python_setup_py']
[0.299s] Level 1:colcon.colcon_core.package_identification:_identify(.) by extension 'python_setup_py'
[0.299s] Level 1:colcon.colcon_core.package_identification:_identify(build) by extensions ['ignore', 'ignore_ament_install']
[0.299s] Level 1:colcon.colcon_core.package_identification:_identify(build) by extension 'ignore'
[0.299s] Level 1:colcon.colcon_core.package_identification:_identify(build) ignored
[0.300s] Level 1:colcon.colcon_core.package_identification:_identify(install) by extensions ['ignore', 'ignore_ament_install']
[0.300s] Level 1:colcon.colcon_core.package_identification:_identify(install) by extension 'ignore'
[0.300s] Level 1:colcon.colcon_core.package_identification:_identify(install) ignored
[0.300s] Level 1:colcon.colcon_core.package_identification:_identify(log) by extensions ['ignore', 'ignore_ament_install']
[0.300s] Level 1:colcon.colcon_core.package_identification:_identify(log) by extension 'ignore'
[0.300s] Level 1:colcon.colcon_core.package_identification:_identify(log) ignored
[0.300s] Level 1:colcon.colcon_core.package_identification:_identify(src) by extensions ['ignore', 'ignore_ament_install']
[0.300s] Level 1:colcon.colcon_core.package_identification:_identify(src) by extension 'ignore'
[0.300s] Level 1:colcon.colcon_core.package_identification:_identify(src) by extension 'ignore_ament_install'
[0.300s] Level 1:colcon.colcon_core.package_identification:_identify(src) by extensions ['colcon_pkg']
[0.300s] Level 1:colcon.colcon_core.package_identification:_identify(src) by extension 'colcon_pkg'
[0.300s] Level 1:colcon.colcon_core.package_identification:_identify(src) by extensions ['colcon_meta']
[0.300s] Level 1:colcon.colcon_core.package_identification:_identify(src) by extension 'colcon_meta'
[0.300s] Level 1:colcon.colcon_core.package_identification:_identify(src) by extensions ['ros']
[0.300s] Level 1:colcon.colcon_core.package_identification:_identify(src) by extension 'ros'
[0.300s] Level 1:colcon.colcon_core.package_identification:_identify(src) by extensions ['cmake', 'python']
[0.300s] Level 1:colcon.colcon_core.package_identification:_identify(src) by extension 'cmake'
[0.300s] Level 1:colcon.colcon_core.package_identification:_identify(src) by extension 'python'
[0.300s] Level 1:colcon.colcon_core.package_identification:_identify(src) by extensions ['python_setup_py']
[0.300s] Level 1:colcon.colcon_core.package_identification:_identify(src) by extension 'python_setup_py'
[0.300s] Level 1:colcon.colcon_core.package_identification:_identify(src/control_pkg) by extensions ['ignore', 'ignore_ament_install']
[0.300s] Level 1:colcon.colcon_core.package_identification:_identify(src/control_pkg) by extension 'ignore'
[0.300s] Level 1:colcon.colcon_core.package_identification:_identify(src/control_pkg) by extension 'ignore_ament_install'
[0.300s] Level 1:colcon.colcon_core.package_identification:_identify(src/control_pkg) by extensions ['colcon_pkg']
[0.300s] Level 1:colcon.colcon_core.package_identification:_identify(src/control_pkg) by extension 'colcon_pkg'
[0.300s] Level 1:colcon.colcon_core.package_identification:_identify(src/control_pkg) by extensions ['colcon_meta']
[0.300s] Level 1:colcon.colcon_core.package_identification:_identify(src/control_pkg) by extension 'colcon_meta'
[0.300s] Level 1:colcon.colcon_core.package_identification:_identify(src/control_pkg) by extensions ['ros']
[0.300s] Level 1:colcon.colcon_core.package_identification:_identify(src/control_pkg) by extension 'ros'
[0.304s] DEBUG:colcon.colcon_core.package_identification:Package 'src/control_pkg' with type 'ros.ament_cmake' and name 'control_pkg'
[0.305s] Level 1:colcon.colcon_core.package_identification:_identify(src/descrip_pino) by extensions ['ignore', 'ignore_ament_install']
[0.305s] Level 1:colcon.colcon_core.package_identification:_identify(src/descrip_pino) by extension 'ignore'
[0.305s] Level 1:colcon.colcon_core.package_identification:_identify(src/descrip_pino) by extension 'ignore_ament_install'
[0.305s] Level 1:colcon.colcon_core.package_identification:_identify(src/descrip_pino) by extensions ['colcon_pkg']
[0.305s] Level 1:colcon.colcon_core.package_identification:_identify(src/descrip_pino) by extension 'colcon_pkg'
[0.305s] Level 1:colcon.colcon_core.package_identification:_identify(src/descrip_pino) by extensions ['colcon_meta']
[0.305s] Level 1:colcon.colcon_core.package_identification:_identify(src/descrip_pino) by extension 'colcon_meta'
[0.305s] Level 1:colcon.colcon_core.package_identification:_identify(src/descrip_pino) by extensions ['ros']
[0.305s] Level 1:colcon.colcon_core.package_identification:_identify(src/descrip_pino) by extension 'ros'
[0.306s] DEBUG:colcon.colcon_core.package_identification:Package 'src/descrip_pino' with type 'ros.ament_cmake' and name 'descrip_pino'
[0.306s] Level 1:colcon.colcon_core.package_discovery:discover_packages(recursive) using defaults
[0.306s] Level 1:colcon.colcon_core.package_discovery:discover_packages(ignore) discover
[0.306s] Level 1:colcon.colcon_core.package_discovery:discover_packages(ignore) using defaults
[0.306s] Level 1:colcon.colcon_core.package_discovery:discover_packages(path) discover
[0.306s] Level 1:colcon.colcon_core.package_discovery:discover_packages(path) using defaults
[0.333s] Level 1:colcon.colcon_core.package_discovery:discover_packages(prefix_path) check parameters
[0.333s] Level 1:colcon.colcon_core.package_discovery:discover_packages(prefix_path) discover
[0.336s] DEBUG:colcon.colcon_installed_package_information.package_discovery:Found 409 installed packages in /opt/ros/humble
[0.337s] Level 1:colcon.colcon_core.package_discovery:discover_packages(prefix_path) using defaults
[0.361s] Level 5:colcon.colcon_core.verb:set package 'control_pkg' build argument 'cmake_args' from command line to 'None'
[0.361s] Level 5:colcon.colcon_core.verb:set package 'control_pkg' build argument 'cmake_target' from command line to 'None'
[0.361s] Level 5:colcon.colcon_core.verb:set package 'control_pkg' build argument 'cmake_target_skip_unavailable' from command line to 'False'
[0.361s] Level 5:colcon.colcon_core.verb:set package 'control_pkg' build argument 'cmake_clean_cache' from command line to 'False'
[0.361s] Level 5:colcon.colcon_core.verb:set package 'control_pkg' build argument 'cmake_clean_first' from command line to 'False'
[0.361s] Level 5:colcon.colcon_core.verb:set package 'control_pkg' build argument 'cmake_force_configure' from command line to 'False'
[0.361s] Level 5:colcon.colcon_core.verb:set package 'control_pkg' build argument 'ament_cmake_args' from command line to 'None'
[0.361s] Level 5:colcon.colcon_core.verb:set package 'control_pkg' build argument 'catkin_cmake_args' from command line to 'None'
[0.361s] Level 5:colcon.colcon_core.verb:set package 'control_pkg' build argument 'catkin_skip_building_tests' from command line to 'False'
[0.361s] DEBUG:colcon.colcon_core.verb:Building package 'control_pkg' with the following arguments: {'ament_cmake_args': None, 'build_base': '/home/loaf/Pinocchio_ws/build/control_pkg', 'catkin_cmake_args': None, 'catkin_skip_building_tests': False, 'cmake_args': None, 'cmake_clean_cache': False, 'cmake_clean_first': False, 'cmake_force_configure': False, 'cmake_target': None, 'cmake_target_skip_unavailable': False, 'install_base': '/home/loaf/Pinocchio_ws/install/control_pkg', 'merge_install': False, 'path': '/home/loaf/Pinocchio_ws/src/control_pkg', 'symlink_install': False, 'test_result_base': None}
[0.362s] Level 5:colcon.colcon_core.verb:set package 'descrip_pino' build argument 'cmake_args' from command line to 'None'
[0.362s] Level 5:colcon.colcon_core.verb:set package 'descrip_pino' build argument 'cmake_target' from command line to 'None'
[0.362s] Level 5:colcon.colcon_core.verb:set package 'descrip_pino' build argument 'cmake_target_skip_unavailable' from command line to 'False'
[0.362s] Level 5:colcon.colcon_core.verb:set package 'descrip_pino' build argument 'cmake_clean_cache' from command line to 'False'
[0.362s] Level 5:colcon.colcon_core.verb:set package 'descrip_pino' build argument 'cmake_clean_first' from command line to 'False'
[0.362s] Level 5:colcon.colcon_core.verb:set package 'descrip_pino' build argument 'cmake_force_configure' from command line to 'False'
[0.362s] Level 5:colcon.colcon_core.verb:set package 'descrip_pino' build argument 'ament_cmake_args' from command line to 'None'
[0.362s] Level 5:colcon.colcon_core.verb:set package 'descrip_pino' build argument 'catkin_cmake_args' from command line to 'None'
[0.362s] Level 5:colcon.colcon_core.verb:set package 'descrip_pino' build argument 'catkin_skip_building_tests' from command line to 'False'
[0.362s] DEBUG:colcon.colcon_core.verb:Building package 'descrip_pino' with the following arguments: {'ament_cmake_args': None, 'build_base': '/home/loaf/Pinocchio_ws/build/descrip_pino', 'catkin_cmake_args': None, 'catkin_skip_building_tests': False, 'cmake_args': None, 'cmake_clean_cache': False, 'cmake_clean_first': False, 'cmake_force_configure': False, 'cmake_target': None, 'cmake_target_skip_unavailable': False, 'install_base': '/home/loaf/Pinocchio_ws/install/descrip_pino', 'merge_install': False, 'path': '/home/loaf/Pinocchio_ws/src/descrip_pino', 'symlink_install': False, 'test_result_base': None}
[0.362s] INFO:colcon.colcon_core.executor:Executing jobs using 'parallel' executor
[0.362s] DEBUG:colcon.colcon_parallel_executor.executor.parallel:run_until_complete
[0.363s] INFO:colcon.colcon_ros.task.ament_cmake.build:Building ROS package in '/home/loaf/Pinocchio_ws/src/control_pkg' with build type 'ament_cmake'
[0.363s] INFO:colcon.colcon_cmake.task.cmake.build:Building CMake package in '/home/loaf/Pinocchio_ws/src/control_pkg'
[0.366s] INFO:colcon.colcon_core.plugin_system:Skipping extension 'colcon_core.shell.bat': Not used on non-Windows systems
[0.366s] INFO:colcon.colcon_core.shell:Skip shell extension 'powershell' for command environment: Not usable outside of PowerShell
[0.366s] DEBUG:colcon.colcon_core.shell:Skip shell extension 'dsv' for command environment
[0.368s] INFO:colcon.colcon_ros.task.ament_cmake.build:Building ROS package in '/home/loaf/Pinocchio_ws/src/descrip_pino' with build type 'ament_cmake'
[0.368s] INFO:colcon.colcon_cmake.task.cmake.build:Building CMake package in '/home/loaf/Pinocchio_ws/src/descrip_pino'
[0.368s] INFO:colcon.colcon_core.shell:Skip shell extension 'powershell' for command environment: Not usable outside of PowerShell
[0.368s] DEBUG:colcon.colcon_core.shell:Skip shell extension 'dsv' for command environment
[0.372s] DEBUG:colcon.colcon_core.event_handler.log_command:Invoking command in '/home/loaf/Pinocchio_ws/build/control_pkg': CMAKE_PREFIX_PATH=/opt/ros/humble /usr/bin/cmake /home/loaf/Pinocchio_ws/src/control_pkg -DCMAKE_INSTALL_PREFIX=/home/loaf/Pinocchio_ws/install/control_pkg
[0.374s] DEBUG:colcon.colcon_core.event_handler.log_command:Invoking command in '/home/loaf/Pinocchio_ws/build/descrip_pino': CMAKE_PREFIX_PATH=/opt/ros/humble /usr/bin/cmake /home/loaf/Pinocchio_ws/src/descrip_pino -DCMAKE_INSTALL_PREFIX=/home/loaf/Pinocchio_ws/install/descrip_pino
[1.032s] DEBUG:colcon.colcon_core.event_handler.log_command:Invoked command in '/home/loaf/Pinocchio_ws/build/descrip_pino' returned '0': CMAKE_PREFIX_PATH=/opt/ros/humble /usr/bin/cmake /home/loaf/Pinocchio_ws/src/descrip_pino -DCMAKE_INSTALL_PREFIX=/home/loaf/Pinocchio_ws/install/descrip_pino
[1.032s] DEBUG:colcon.colcon_core.event_handler.log_command:Invoking command in '/home/loaf/Pinocchio_ws/build/descrip_pino': CMAKE_PREFIX_PATH=/opt/ros/humble /usr/bin/cmake --build /home/loaf/Pinocchio_ws/build/descrip_pino -- -j24 -l24
[1.044s] DEBUG:colcon.colcon_core.event_handler.log_command:Invoked command in '/home/loaf/Pinocchio_ws/build/control_pkg' returned '0': CMAKE_PREFIX_PATH=/opt/ros/humble /usr/bin/cmake /home/loaf/Pinocchio_ws/src/control_pkg -DCMAKE_INSTALL_PREFIX=/home/loaf/Pinocchio_ws/install/control_pkg
[1.044s] DEBUG:colcon.colcon_core.event_handler.log_command:Invoking command in '/home/loaf/Pinocchio_ws/build/control_pkg': CMAKE_PREFIX_PATH=/opt/ros/humble /usr/bin/cmake --build /home/loaf/Pinocchio_ws/build/control_pkg -- -j24 -l24
[1.057s] DEBUG:colcon.colcon_core.event_handler.log_command:Invoked command in '/home/loaf/Pinocchio_ws/build/descrip_pino' returned '0': CMAKE_PREFIX_PATH=/opt/ros/humble /usr/bin/cmake --build /home/loaf/Pinocchio_ws/build/descrip_pino -- -j24 -l24
[1.067s] DEBUG:colcon.colcon_core.event_handler.log_command:Invoking command in '/home/loaf/Pinocchio_ws/build/descrip_pino': CMAKE_PREFIX_PATH=/opt/ros/humble /usr/bin/cmake --install /home/loaf/Pinocchio_ws/build/descrip_pino
[1.077s] DEBUG:colcon.colcon_core.event_handler.log_command:Invoked command in '/home/loaf/Pinocchio_ws/build/control_pkg' returned '0': CMAKE_PREFIX_PATH=/opt/ros/humble /usr/bin/cmake --build /home/loaf/Pinocchio_ws/build/control_pkg -- -j24 -l24
[1.080s] DEBUG:colcon.colcon_core.event_handler.log_command:Invoking command in '/home/loaf/Pinocchio_ws/build/control_pkg': CMAKE_PREFIX_PATH=/opt/ros/humble /usr/bin/cmake --install /home/loaf/Pinocchio_ws/build/control_pkg
[1.091s] Level 1:colcon.colcon_core.environment:create_environment_scripts_only(control_pkg)
[1.092s] DEBUG:colcon.colcon_core.event_handler.log_command:Invoked command in '/home/loaf/Pinocchio_ws/build/control_pkg' returned '0': CMAKE_PREFIX_PATH=/opt/ros/humble /usr/bin/cmake --install /home/loaf/Pinocchio_ws/build/control_pkg
[1.096s] Level 1:colcon.colcon_core.environment:checking '/home/loaf/Pinocchio_ws/install/control_pkg' for CMake module files
[1.096s] Level 1:colcon.colcon_core.environment:checking '/home/loaf/Pinocchio_ws/install/control_pkg' for CMake config files
[1.096s] Level 1:colcon.colcon_core.shell:create_environment_hook('control_pkg', 'cmake_prefix_path')
[1.097s] INFO:colcon.colcon_core.shell:Creating environment hook '/home/loaf/Pinocchio_ws/install/control_pkg/share/control_pkg/hook/cmake_prefix_path.ps1'
[1.097s] INFO:colcon.colcon_core.shell:Creating environment descriptor '/home/loaf/Pinocchio_ws/install/control_pkg/share/control_pkg/hook/cmake_prefix_path.dsv'
[1.098s] INFO:colcon.colcon_core.shell:Creating environment hook '/home/loaf/Pinocchio_ws/install/control_pkg/share/control_pkg/hook/cmake_prefix_path.sh'
[1.098s] Level 1:colcon.colcon_core.environment:checking '/home/loaf/Pinocchio_ws/install/control_pkg/bin'
[1.098s] Level 1:colcon.colcon_core.environment:checking '/home/loaf/Pinocchio_ws/install/control_pkg/lib/pkgconfig/control_pkg.pc'
[1.099s] Level 1:colcon.colcon_core.environment:checking '/home/loaf/Pinocchio_ws/install/control_pkg/lib/python3.10/site-packages'
[1.099s] Level 1:colcon.colcon_core.environment:checking '/home/loaf/Pinocchio_ws/install/control_pkg/bin'
[1.099s] INFO:colcon.colcon_core.shell:Creating package script '/home/loaf/Pinocchio_ws/install/control_pkg/share/control_pkg/package.ps1'
[1.100s] INFO:colcon.colcon_core.shell:Creating package descriptor '/home/loaf/Pinocchio_ws/install/control_pkg/share/control_pkg/package.dsv'
[1.100s] INFO:colcon.colcon_core.shell:Creating package script '/home/loaf/Pinocchio_ws/install/control_pkg/share/control_pkg/package.sh'
[1.101s] INFO:colcon.colcon_core.shell:Creating package script '/home/loaf/Pinocchio_ws/install/control_pkg/share/control_pkg/package.bash'
[1.101s] INFO:colcon.colcon_core.shell:Creating package script '/home/loaf/Pinocchio_ws/install/control_pkg/share/control_pkg/package.zsh'
[1.102s] Level 1:colcon.colcon_core.environment:create_file_with_runtime_dependencies(/home/loaf/Pinocchio_ws/install/control_pkg/share/colcon-core/packages/control_pkg)
[1.102s] Level 1:colcon.colcon_core.environment:create_environment_scripts_only(control_pkg)
[1.102s] Level 1:colcon.colcon_core.environment:checking '/home/loaf/Pinocchio_ws/install/control_pkg' for CMake module files
[1.102s] Level 1:colcon.colcon_core.environment:checking '/home/loaf/Pinocchio_ws/install/control_pkg' for CMake config files
[1.102s] Level 1:colcon.colcon_core.shell:create_environment_hook('control_pkg', 'cmake_prefix_path')
[1.102s] INFO:colcon.colcon_core.shell:Creating environment hook '/home/loaf/Pinocchio_ws/install/control_pkg/share/control_pkg/hook/cmake_prefix_path.ps1'
[1.103s] INFO:colcon.colcon_core.shell:Creating environment descriptor '/home/loaf/Pinocchio_ws/install/control_pkg/share/control_pkg/hook/cmake_prefix_path.dsv'
[1.103s] INFO:colcon.colcon_core.shell:Creating environment hook '/home/loaf/Pinocchio_ws/install/control_pkg/share/control_pkg/hook/cmake_prefix_path.sh'
[1.103s] Level 1:colcon.colcon_core.environment:checking '/home/loaf/Pinocchio_ws/install/control_pkg/bin'
[1.103s] Level 1:colcon.colcon_core.environment:checking '/home/loaf/Pinocchio_ws/install/control_pkg/lib/pkgconfig/control_pkg.pc'
[1.103s] Level 1:colcon.colcon_core.environment:checking '/home/loaf/Pinocchio_ws/install/control_pkg/lib/python3.10/site-packages'
[1.103s] Level 1:colcon.colcon_core.environment:checking '/home/loaf/Pinocchio_ws/install/control_pkg/bin'
[1.104s] INFO:colcon.colcon_core.shell:Creating package script '/home/loaf/Pinocchio_ws/install/control_pkg/share/control_pkg/package.ps1'
[1.104s] INFO:colcon.colcon_core.shell:Creating package descriptor '/home/loaf/Pinocchio_ws/install/control_pkg/share/control_pkg/package.dsv'
[1.104s] INFO:colcon.colcon_core.shell:Creating package script '/home/loaf/Pinocchio_ws/install/control_pkg/share/control_pkg/package.sh'
[1.104s] INFO:colcon.colcon_core.shell:Creating package script '/home/loaf/Pinocchio_ws/install/control_pkg/share/control_pkg/package.bash'
[1.104s] INFO:colcon.colcon_core.shell:Creating package script '/home/loaf/Pinocchio_ws/install/control_pkg/share/control_pkg/package.zsh'
[1.104s] Level 1:colcon.colcon_core.environment:create_file_with_runtime_dependencies(/home/loaf/Pinocchio_ws/install/control_pkg/share/colcon-core/packages/control_pkg)
[1.131s] Level 1:colcon.colcon_core.environment:create_environment_scripts_only(descrip_pino)
[1.132s] Level 1:colcon.colcon_core.environment:checking '/home/loaf/Pinocchio_ws/install/descrip_pino' for CMake module files
[1.132s] DEBUG:colcon.colcon_core.event_handler.log_command:Invoked command in '/home/loaf/Pinocchio_ws/build/descrip_pino' returned '0': CMAKE_PREFIX_PATH=/opt/ros/humble /usr/bin/cmake --install /home/loaf/Pinocchio_ws/build/descrip_pino
[1.132s] Level 1:colcon.colcon_core.environment:checking '/home/loaf/Pinocchio_ws/install/descrip_pino' for CMake config files
[1.132s] Level 1:colcon.colcon_core.shell:create_environment_hook('descrip_pino', 'cmake_prefix_path')
[1.132s] INFO:colcon.colcon_core.shell:Creating environment hook '/home/loaf/Pinocchio_ws/install/descrip_pino/share/descrip_pino/hook/cmake_prefix_path.ps1'
[1.133s] INFO:colcon.colcon_core.shell:Creating environment descriptor '/home/loaf/Pinocchio_ws/install/descrip_pino/share/descrip_pino/hook/cmake_prefix_path.dsv'
[1.133s] INFO:colcon.colcon_core.shell:Creating environment hook '/home/loaf/Pinocchio_ws/install/descrip_pino/share/descrip_pino/hook/cmake_prefix_path.sh'
[1.133s] Level 1:colcon.colcon_core.environment:checking '/home/loaf/Pinocchio_ws/install/descrip_pino/bin'
[1.133s] Level 1:colcon.colcon_core.environment:checking '/home/loaf/Pinocchio_ws/install/descrip_pino/lib/pkgconfig/descrip_pino.pc'
[1.133s] Level 1:colcon.colcon_core.environment:checking '/home/loaf/Pinocchio_ws/install/descrip_pino/lib/python3.10/site-packages'
[1.133s] Level 1:colcon.colcon_core.environment:checking '/home/loaf/Pinocchio_ws/install/descrip_pino/bin'
[1.133s] INFO:colcon.colcon_core.shell:Creating package script '/home/loaf/Pinocchio_ws/install/descrip_pino/share/descrip_pino/package.ps1'
[1.134s] INFO:colcon.colcon_core.shell:Creating package descriptor '/home/loaf/Pinocchio_ws/install/descrip_pino/share/descrip_pino/package.dsv'
[1.134s] INFO:colcon.colcon_core.shell:Creating package script '/home/loaf/Pinocchio_ws/install/descrip_pino/share/descrip_pino/package.sh'
[1.134s] INFO:colcon.colcon_core.shell:Creating package script '/home/loaf/Pinocchio_ws/install/descrip_pino/share/descrip_pino/package.bash'
[1.134s] INFO:colcon.colcon_core.shell:Creating package script '/home/loaf/Pinocchio_ws/install/descrip_pino/share/descrip_pino/package.zsh'
[1.134s] Level 1:colcon.colcon_core.environment:create_file_with_runtime_dependencies(/home/loaf/Pinocchio_ws/install/descrip_pino/share/colcon-core/packages/descrip_pino)
[1.135s] Level 1:colcon.colcon_core.environment:create_environment_scripts_only(descrip_pino)
[1.135s] Level 1:colcon.colcon_core.environment:checking '/home/loaf/Pinocchio_ws/install/descrip_pino' for CMake module files
[1.135s] Level 1:colcon.colcon_core.environment:checking '/home/loaf/Pinocchio_ws/install/descrip_pino' for CMake config files
[1.135s] Level 1:colcon.colcon_core.shell:create_environment_hook('descrip_pino', 'cmake_prefix_path')
[1.135s] INFO:colcon.colcon_core.shell:Creating environment hook '/home/loaf/Pinocchio_ws/install/descrip_pino/share/descrip_pino/hook/cmake_prefix_path.ps1'
[1.135s] INFO:colcon.colcon_core.shell:Creating environment descriptor '/home/loaf/Pinocchio_ws/install/descrip_pino/share/descrip_pino/hook/cmake_prefix_path.dsv'
[1.135s] INFO:colcon.colcon_core.shell:Creating environment hook '/home/loaf/Pinocchio_ws/install/descrip_pino/share/descrip_pino/hook/cmake_prefix_path.sh'
[1.136s] Level 1:colcon.colcon_core.environment:checking '/home/loaf/Pinocchio_ws/install/descrip_pino/bin'
[1.136s] Level 1:colcon.colcon_core.environment:checking '/home/loaf/Pinocchio_ws/install/descrip_pino/lib/pkgconfig/descrip_pino.pc'
[1.136s] Level 1:colcon.colcon_core.environment:checking '/home/loaf/Pinocchio_ws/install/descrip_pino/lib/python3.10/site-packages'
[1.136s] Level 1:colcon.colcon_core.environment:checking '/home/loaf/Pinocchio_ws/install/descrip_pino/bin'
[1.136s] INFO:colcon.colcon_core.shell:Creating package script '/home/loaf/Pinocchio_ws/install/descrip_pino/share/descrip_pino/package.ps1'
[1.136s] INFO:colcon.colcon_core.shell:Creating package descriptor '/home/loaf/Pinocchio_ws/install/descrip_pino/share/descrip_pino/package.dsv'
[1.137s] INFO:colcon.colcon_core.shell:Creating package script '/home/loaf/Pinocchio_ws/install/descrip_pino/share/descrip_pino/package.sh'
[1.137s] INFO:colcon.colcon_core.shell:Creating package script '/home/loaf/Pinocchio_ws/install/descrip_pino/share/descrip_pino/package.bash'
[1.137s] INFO:colcon.colcon_core.shell:Creating package script '/home/loaf/Pinocchio_ws/install/descrip_pino/share/descrip_pino/package.zsh'
[1.137s] Level 1:colcon.colcon_core.environment:create_file_with_runtime_dependencies(/home/loaf/Pinocchio_ws/install/descrip_pino/share/colcon-core/packages/descrip_pino)
[1.137s] DEBUG:colcon.colcon_parallel_executor.executor.parallel:closing loop
[1.137s] DEBUG:colcon.colcon_parallel_executor.executor.parallel:loop closed
[1.137s] DEBUG:colcon.colcon_parallel_executor.executor.parallel:run_until_complete finished with '0'
[1.137s] DEBUG:colcon.colcon_core.event_reactor:joining thread
[1.144s] INFO:colcon.colcon_core.plugin_system:Skipping extension 'colcon_notification.desktop_notification.terminal_notifier': Not used on non-Darwin systems
[1.144s] INFO:colcon.colcon_core.plugin_system:Skipping extension 'colcon_notification.desktop_notification.win32': Not used on non-Windows systems
[1.144s] INFO:colcon.colcon_notification.desktop_notification:Sending desktop notification using 'notify2'
[1.156s] DEBUG:colcon.colcon_core.event_reactor:joined thread
[1.156s] INFO:colcon.colcon_core.shell:Creating prefix script '/home/loaf/Pinocchio_ws/install/local_setup.ps1'
[1.157s] INFO:colcon.colcon_core.shell:Creating prefix util module '/home/loaf/Pinocchio_ws/install/_local_setup_util_ps1.py'
[1.159s] INFO:colcon.colcon_core.shell:Creating prefix chain script '/home/loaf/Pinocchio_ws/install/setup.ps1'
[1.160s] INFO:colcon.colcon_core.shell:Creating prefix script '/home/loaf/Pinocchio_ws/install/local_setup.sh'
[1.161s] INFO:colcon.colcon_core.shell:Creating prefix util module '/home/loaf/Pinocchio_ws/install/_local_setup_util_sh.py'
[1.161s] INFO:colcon.colcon_core.shell:Creating prefix chain script '/home/loaf/Pinocchio_ws/install/setup.sh'
[1.162s] INFO:colcon.colcon_core.shell:Creating prefix script '/home/loaf/Pinocchio_ws/install/local_setup.bash'
[1.162s] INFO:colcon.colcon_core.shell:Creating prefix chain script '/home/loaf/Pinocchio_ws/install/setup.bash'
[1.163s] INFO:colcon.colcon_core.shell:Creating prefix script '/home/loaf/Pinocchio_ws/install/local_setup.zsh'
[1.164s] INFO:colcon.colcon_core.shell:Creating prefix chain script '/home/loaf/Pinocchio_ws/install/setup.zsh'
