-- Found ament_cmake: 1.3.14 (/opt/ros/humble/share/ament_cmake/cmake)
-- Found rosidl_default_generators: 1.2.1 (/opt/ros/humble/share/rosidl_default_generators/cmake)
-- Using all available rosidl_typesupport_c: rosidl_typesupport_fastrtps_c;rosidl_typesupport_introspection_c
-- Found rosidl_adapter: 3.1.8 (/opt/ros/humble/share/rosidl_adapter/cmake)
-- Using all available rosidl_typesupport_cpp: rosidl_typesupport_fastrtps_cpp;rosidl_typesupport_introspection_cpp
-- Found std_msgs: 4.9.1 (/opt/ros/humble/share/std_msgs/cmake)
-- Found ament_cmake_ros: 0.10.0 (/opt/ros/humble/share/ament_cmake_ros/cmake)
-- Using all available rosidl_typesupport_c: rosidl_typesupport_fastrtps_c;rosidl_typesupport_introspection_c
-- Using all available rosidl_typesupport_cpp: rosidl_typesupport_fastrtps_cpp;rosidl_typesupport_introspection_cpp
-- Found python_cmake_module: 0.10.0 (/opt/ros/humble/share/python_cmake_module/cmake)
-- Using PYTHON_EXECUTABLE: /usr/bin/python3
-- Using PYTHON_INCLUDE_DIRS: /usr/include/python3.10
-- Using PYTHON_LIBRARIES: /usr/lib/x86_64-linux-gnu/libpython3.10.so
-- Configuring done
-- Generating done
-- Build files have been written to: /home/loaf/Pinocchio_ws/build/motor_control_msgs
[  3%] [34m[1mGenerating C code for ROS interfaces[0m
[  6%] [34m[1mGenerating Rust code for ROS interfaces[0m
[  9%] [34m[1mGenerating C++ code for ROS interfaces[0m
[  9%] Built target ament_cmake_python_copy_motor_control_msgs
[  9%] Built target motor_control_msgs__rs
running egg_info
writing motor_control_msgs.egg-info/PKG-INFO
writing dependency_links to motor_control_msgs.egg-info/dependency_links.txt
writing top-level names to motor_control_msgs.egg-info/top_level.txt
[35m[1mConsolidate compiler generated dependencies of target motor_control_msgs__rosidl_generator_c[0m
reading manifest file 'motor_control_msgs.egg-info/SOURCES.txt'
[  9%] Built target motor_control_msgs__cpp
writing manifest file 'motor_control_msgs.egg-info/SOURCES.txt'
[ 12%] [34m[1mGenerating C++ type support dispatch for ROS interfaces[0m
[ 15%] [34m[1mGenerating C++ introspection for ROS interfaces[0m
[ 18%] [34m[1mGenerating C++ type support for eProsima Fast-RTPS[0m
[ 21%] [32mBuilding C object CMakeFiles/motor_control_msgs__rosidl_generator_c.dir/rosidl_generator_c/motor_control_msgs/msg/detail/dm_interface__functions.c.o[0m
[ 21%] Built target ament_cmake_python_build_motor_control_msgs_egg
[ 25%] [32m[1mLinking C shared library libmotor_control_msgs__rosidl_generator_c.so[0m
[ 25%] Built target motor_control_msgs__rosidl_generator_c
[ 28%] [34m[1mGenerating C type support dispatch for ROS interfaces[0m
[35m[1mConsolidate compiler generated dependencies of target motor_control_msgs__rosidl_typesupport_cpp[0m
[ 31%] [34m[1mGenerating C introspection for ROS interfaces[0m
[ 34%] [34m[1mGenerating C type support for eProsima Fast-RTPS[0m
[ 37%] [32mBuilding CXX object CMakeFiles/motor_control_msgs__rosidl_typesupport_cpp.dir/rosidl_typesupport_cpp/motor_control_msgs/msg/dm_interface__type_support.cpp.o[0m
[35m[1mConsolidate compiler generated dependencies of target motor_control_msgs__rosidl_typesupport_introspection_cpp[0m
[ 40%] [32mBuilding CXX object CMakeFiles/motor_control_msgs__rosidl_typesupport_introspection_cpp.dir/rosidl_typesupport_introspection_cpp/motor_control_msgs/msg/detail/dm_interface__type_support.cpp.o[0m
[35m[1mConsolidate compiler generated dependencies of target motor_control_msgs__rosidl_typesupport_fastrtps_cpp[0m
[ 43%] [32mBuilding CXX object CMakeFiles/motor_control_msgs__rosidl_typesupport_fastrtps_cpp.dir/rosidl_typesupport_fastrtps_cpp/motor_control_msgs/msg/detail/dds_fastrtps/dm_interface__type_support.cpp.o[0m
[35m[1mConsolidate compiler generated dependencies of target motor_control_msgs__rosidl_typesupport_c[0m
[ 46%] [32mBuilding CXX object CMakeFiles/motor_control_msgs__rosidl_typesupport_c.dir/rosidl_typesupport_c/motor_control_msgs/msg/dm_interface__type_support.cpp.o[0m
[35m[1mConsolidate compiler generated dependencies of target motor_control_msgs__rosidl_typesupport_introspection_c[0m
[35m[1mConsolidate compiler generated dependencies of target motor_control_msgs__rosidl_typesupport_fastrtps_c[0m
[ 50%] [32mBuilding C object CMakeFiles/motor_control_msgs__rosidl_typesupport_introspection_c.dir/rosidl_typesupport_introspection_c/motor_control_msgs/msg/detail/dm_interface__type_support.c.o[0m
[ 53%] [32mBuilding CXX object CMakeFiles/motor_control_msgs__rosidl_typesupport_fastrtps_c.dir/rosidl_typesupport_fastrtps_c/motor_control_msgs/msg/detail/dm_interface__type_support_c.cpp.o[0m
[ 56%] [32m[1mLinking CXX shared library libmotor_control_msgs__rosidl_typesupport_c.so[0m
[ 59%] [32m[1mLinking CXX shared library libmotor_control_msgs__rosidl_typesupport_cpp.so[0m
[ 62%] [32m[1mLinking C shared library libmotor_control_msgs__rosidl_typesupport_introspection_c.so[0m
[ 62%] Built target motor_control_msgs__rosidl_typesupport_c
[ 62%] Built target motor_control_msgs__rosidl_typesupport_introspection_c
[ 62%] Built target motor_control_msgs__rosidl_typesupport_cpp
[ 65%] [32m[1mLinking CXX shared library libmotor_control_msgs__rosidl_typesupport_introspection_cpp.so[0m
[ 68%] [32m[1mLinking CXX shared library libmotor_control_msgs__rosidl_typesupport_fastrtps_cpp.so[0m
[ 71%] [32m[1mLinking CXX shared library libmotor_control_msgs__rosidl_typesupport_fastrtps_c.so[0m
[ 71%] Built target motor_control_msgs__rosidl_typesupport_introspection_cpp
[ 71%] Built target motor_control_msgs__rosidl_typesupport_fastrtps_cpp
[ 71%] Built target motor_control_msgs__rosidl_typesupport_fastrtps_c
[ 71%] Built target motor_control_msgs
[ 75%] [34m[1mGenerating Python code for ROS interfaces[0m
[ 75%] Built target motor_control_msgs__py
[35m[1mConsolidate compiler generated dependencies of target motor_control_msgs__rosidl_generator_py[0m
[ 78%] [32mBuilding C object CMakeFiles/motor_control_msgs__rosidl_generator_py.dir/rosidl_generator_py/motor_control_msgs/msg/_dm_interface_s.c.o[0m
[ 81%] [32m[1mLinking C shared library rosidl_generator_py/motor_control_msgs/libmotor_control_msgs__rosidl_generator_py.so[0m
[ 81%] Built target motor_control_msgs__rosidl_generator_py
[35m[1mConsolidate compiler generated dependencies of target motor_control_msgs__rosidl_typesupport_c__pyext[0m
[35m[1mConsolidate compiler generated dependencies of target motor_control_msgs__rosidl_typesupport_fastrtps_c__pyext[0m
[35m[1mConsolidate compiler generated dependencies of target motor_control_msgs__rosidl_typesupport_introspection_c__pyext[0m
[ 84%] [32mBuilding C object CMakeFiles/motor_control_msgs__rosidl_typesupport_c__pyext.dir/rosidl_generator_py/motor_control_msgs/_motor_control_msgs_s.ep.rosidl_typesupport_c.c.o[0m
[ 87%] [32mBuilding C object CMakeFiles/motor_control_msgs__rosidl_typesupport_fastrtps_c__pyext.dir/rosidl_generator_py/motor_control_msgs/_motor_control_msgs_s.ep.rosidl_typesupport_fastrtps_c.c.o[0m
[ 90%] [32mBuilding C object CMakeFiles/motor_control_msgs__rosidl_typesupport_introspection_c__pyext.dir/rosidl_generator_py/motor_control_msgs/_motor_control_msgs_s.ep.rosidl_typesupport_introspection_c.c.o[0m
[ 93%] [32m[1mLinking C shared library rosidl_generator_py/motor_control_msgs/motor_control_msgs_s__rosidl_typesupport_c.cpython-310-x86_64-linux-gnu.so[0m
[ 96%] [32m[1mLinking C shared library rosidl_generator_py/motor_control_msgs/motor_control_msgs_s__rosidl_typesupport_introspection_c.cpython-310-x86_64-linux-gnu.so[0m
[100%] [32m[1mLinking C shared library rosidl_generator_py/motor_control_msgs/motor_control_msgs_s__rosidl_typesupport_fastrtps_c.cpython-310-x86_64-linux-gnu.so[0m
[100%] Built target motor_control_msgs__rosidl_typesupport_fastrtps_c__pyext
[100%] Built target motor_control_msgs__rosidl_typesupport_introspection_c__pyext
[100%] Built target motor_control_msgs__rosidl_typesupport_c__pyext
-- Install configuration: ""
-- Up-to-date: /home/loaf/Pinocchio_ws/install/motor_control_msgs/share/ament_index/resource_index/rosidl_interfaces/motor_control_msgs
-- Up-to-date: /home/loaf/Pinocchio_ws/install/motor_control_msgs/include/motor_control_msgs/motor_control_msgs
-- Up-to-date: /home/loaf/Pinocchio_ws/install/motor_control_msgs/include/motor_control_msgs/motor_control_msgs/msg
-- Up-to-date: /home/loaf/Pinocchio_ws/install/motor_control_msgs/include/motor_control_msgs/motor_control_msgs/msg/detail
-- Installing: /home/loaf/Pinocchio_ws/install/motor_control_msgs/include/motor_control_msgs/motor_control_msgs/msg/detail/dm_interface__type_support.h
-- Installing: /home/loaf/Pinocchio_ws/install/motor_control_msgs/include/motor_control_msgs/motor_control_msgs/msg/detail/dm_interface__struct.h
-- Installing: /home/loaf/Pinocchio_ws/install/motor_control_msgs/include/motor_control_msgs/motor_control_msgs/msg/detail/dm_interface__functions.h
-- Installing: /home/loaf/Pinocchio_ws/install/motor_control_msgs/include/motor_control_msgs/motor_control_msgs/msg/detail/dm_interface__functions.c
-- Installing: /home/loaf/Pinocchio_ws/install/motor_control_msgs/include/motor_control_msgs/motor_control_msgs/msg/dm_interface.h
-- Up-to-date: /home/loaf/Pinocchio_ws/install/motor_control_msgs/include/motor_control_msgs/motor_control_msgs/msg/rosidl_generator_c__visibility_control.h
-- Up-to-date: /home/loaf/Pinocchio_ws/install/motor_control_msgs/share/motor_control_msgs/environment/library_path.sh
-- Installing: /home/loaf/Pinocchio_ws/install/motor_control_msgs/share/motor_control_msgs/environment/library_path.dsv
-- Installing: /home/loaf/Pinocchio_ws/install/motor_control_msgs/lib/libmotor_control_msgs__rosidl_generator_c.so
-- Set runtime path of "/home/loaf/Pinocchio_ws/install/motor_control_msgs/lib/libmotor_control_msgs__rosidl_generator_c.so" to ""
-- Up-to-date: /home/loaf/Pinocchio_ws/install/motor_control_msgs/include/motor_control_msgs/motor_control_msgs
-- Up-to-date: /home/loaf/Pinocchio_ws/install/motor_control_msgs/include/motor_control_msgs/motor_control_msgs/msg
-- Up-to-date: /home/loaf/Pinocchio_ws/install/motor_control_msgs/include/motor_control_msgs/motor_control_msgs/msg/detail
-- Installing: /home/loaf/Pinocchio_ws/install/motor_control_msgs/include/motor_control_msgs/motor_control_msgs/msg/detail/dm_interface__rosidl_typesupport_fastrtps_c.h
-- Up-to-date: /home/loaf/Pinocchio_ws/install/motor_control_msgs/include/motor_control_msgs/motor_control_msgs/msg/rosidl_typesupport_fastrtps_c__visibility_control.h
-- Installing: /home/loaf/Pinocchio_ws/install/motor_control_msgs/lib/libmotor_control_msgs__rosidl_typesupport_fastrtps_c.so
-- Set runtime path of "/home/loaf/Pinocchio_ws/install/motor_control_msgs/lib/libmotor_control_msgs__rosidl_typesupport_fastrtps_c.so" to ""
-- Up-to-date: /home/loaf/Pinocchio_ws/install/motor_control_msgs/include/motor_control_msgs/motor_control_msgs
-- Up-to-date: /home/loaf/Pinocchio_ws/install/motor_control_msgs/include/motor_control_msgs/motor_control_msgs/msg
-- Up-to-date: /home/loaf/Pinocchio_ws/install/motor_control_msgs/include/motor_control_msgs/motor_control_msgs/msg/detail
-- Installing: /home/loaf/Pinocchio_ws/install/motor_control_msgs/include/motor_control_msgs/motor_control_msgs/msg/detail/dm_interface__type_support.c
-- Installing: /home/loaf/Pinocchio_ws/install/motor_control_msgs/include/motor_control_msgs/motor_control_msgs/msg/detail/dm_interface__rosidl_typesupport_introspection_c.h
-- Up-to-date: /home/loaf/Pinocchio_ws/install/motor_control_msgs/include/motor_control_msgs/motor_control_msgs/msg/rosidl_typesupport_introspection_c__visibility_control.h
-- Installing: /home/loaf/Pinocchio_ws/install/motor_control_msgs/lib/libmotor_control_msgs__rosidl_typesupport_introspection_c.so
-- Set runtime path of "/home/loaf/Pinocchio_ws/install/motor_control_msgs/lib/libmotor_control_msgs__rosidl_typesupport_introspection_c.so" to ""
-- Installing: /home/loaf/Pinocchio_ws/install/motor_control_msgs/lib/libmotor_control_msgs__rosidl_typesupport_c.so
-- Set runtime path of "/home/loaf/Pinocchio_ws/install/motor_control_msgs/lib/libmotor_control_msgs__rosidl_typesupport_c.so" to ""
-- Up-to-date: /home/loaf/Pinocchio_ws/install/motor_control_msgs/include/motor_control_msgs/motor_control_msgs
-- Up-to-date: /home/loaf/Pinocchio_ws/install/motor_control_msgs/include/motor_control_msgs/motor_control_msgs/msg
-- Installing: /home/loaf/Pinocchio_ws/install/motor_control_msgs/include/motor_control_msgs/motor_control_msgs/msg/dm_interface.hpp
-- Up-to-date: /home/loaf/Pinocchio_ws/install/motor_control_msgs/include/motor_control_msgs/motor_control_msgs/msg/detail
-- Installing: /home/loaf/Pinocchio_ws/install/motor_control_msgs/include/motor_control_msgs/motor_control_msgs/msg/detail/dm_interface__struct.hpp
-- Installing: /home/loaf/Pinocchio_ws/install/motor_control_msgs/include/motor_control_msgs/motor_control_msgs/msg/detail/dm_interface__builder.hpp
-- Installing: /home/loaf/Pinocchio_ws/install/motor_control_msgs/include/motor_control_msgs/motor_control_msgs/msg/detail/dm_interface__traits.hpp
-- Installing: /home/loaf/Pinocchio_ws/install/motor_control_msgs/include/motor_control_msgs/motor_control_msgs/msg/detail/dm_interface__type_support.hpp
-- Up-to-date: /home/loaf/Pinocchio_ws/install/motor_control_msgs/include/motor_control_msgs/motor_control_msgs/msg/rosidl_generator_cpp__visibility_control.hpp
-- Up-to-date: /home/loaf/Pinocchio_ws/install/motor_control_msgs/include/motor_control_msgs/motor_control_msgs
-- Up-to-date: /home/loaf/Pinocchio_ws/install/motor_control_msgs/include/motor_control_msgs/motor_control_msgs/msg
-- Up-to-date: /home/loaf/Pinocchio_ws/install/motor_control_msgs/include/motor_control_msgs/motor_control_msgs/msg/detail
-- Installing: /home/loaf/Pinocchio_ws/install/motor_control_msgs/include/motor_control_msgs/motor_control_msgs/msg/detail/dm_interface__rosidl_typesupport_fastrtps_cpp.hpp
-- Up-to-date: /home/loaf/Pinocchio_ws/install/motor_control_msgs/include/motor_control_msgs/motor_control_msgs/msg/detail/dds_fastrtps
-- Up-to-date: /home/loaf/Pinocchio_ws/install/motor_control_msgs/include/motor_control_msgs/motor_control_msgs/msg/rosidl_typesupport_fastrtps_cpp__visibility_control.h
-- Installing: /home/loaf/Pinocchio_ws/install/motor_control_msgs/lib/libmotor_control_msgs__rosidl_typesupport_fastrtps_cpp.so
-- Set runtime path of "/home/loaf/Pinocchio_ws/install/motor_control_msgs/lib/libmotor_control_msgs__rosidl_typesupport_fastrtps_cpp.so" to ""
-- Up-to-date: /home/loaf/Pinocchio_ws/install/motor_control_msgs/include/motor_control_msgs/motor_control_msgs
-- Up-to-date: /home/loaf/Pinocchio_ws/install/motor_control_msgs/include/motor_control_msgs/motor_control_msgs/msg
-- Up-to-date: /home/loaf/Pinocchio_ws/install/motor_control_msgs/include/motor_control_msgs/motor_control_msgs/msg/detail
-- Installing: /home/loaf/Pinocchio_ws/install/motor_control_msgs/include/motor_control_msgs/motor_control_msgs/msg/detail/dm_interface__rosidl_typesupport_introspection_cpp.hpp
-- Installing: /home/loaf/Pinocchio_ws/install/motor_control_msgs/include/motor_control_msgs/motor_control_msgs/msg/detail/dm_interface__type_support.cpp
-- Installing: /home/loaf/Pinocchio_ws/install/motor_control_msgs/lib/libmotor_control_msgs__rosidl_typesupport_introspection_cpp.so
-- Set runtime path of "/home/loaf/Pinocchio_ws/install/motor_control_msgs/lib/libmotor_control_msgs__rosidl_typesupport_introspection_cpp.so" to ""
-- Installing: /home/loaf/Pinocchio_ws/install/motor_control_msgs/lib/libmotor_control_msgs__rosidl_typesupport_cpp.so
-- Set runtime path of "/home/loaf/Pinocchio_ws/install/motor_control_msgs/lib/libmotor_control_msgs__rosidl_typesupport_cpp.so" to ""
-- Up-to-date: /home/loaf/Pinocchio_ws/install/motor_control_msgs/share/motor_control_msgs/environment/pythonpath.sh
-- Installing: /home/loaf/Pinocchio_ws/install/motor_control_msgs/share/motor_control_msgs/environment/pythonpath.dsv
-- Up-to-date: /home/loaf/Pinocchio_ws/install/motor_control_msgs/local/lib/python3.10/dist-packages/motor_control_msgs-0.0.0-py3.10.egg-info
-- Installing: /home/loaf/Pinocchio_ws/install/motor_control_msgs/local/lib/python3.10/dist-packages/motor_control_msgs-0.0.0-py3.10.egg-info/PKG-INFO
-- Installing: /home/loaf/Pinocchio_ws/install/motor_control_msgs/local/lib/python3.10/dist-packages/motor_control_msgs-0.0.0-py3.10.egg-info/SOURCES.txt
-- Installing: /home/loaf/Pinocchio_ws/install/motor_control_msgs/local/lib/python3.10/dist-packages/motor_control_msgs-0.0.0-py3.10.egg-info/top_level.txt
-- Installing: /home/loaf/Pinocchio_ws/install/motor_control_msgs/local/lib/python3.10/dist-packages/motor_control_msgs-0.0.0-py3.10.egg-info/dependency_links.txt
-- Up-to-date: /home/loaf/Pinocchio_ws/install/motor_control_msgs/local/lib/python3.10/dist-packages/motor_control_msgs
-- Installing: /home/loaf/Pinocchio_ws/install/motor_control_msgs/local/lib/python3.10/dist-packages/motor_control_msgs/motor_control_msgs_s__rosidl_typesupport_introspection_c.cpython-310-x86_64-linux-gnu.so
-- Installing: /home/loaf/Pinocchio_ws/install/motor_control_msgs/local/lib/python3.10/dist-packages/motor_control_msgs/_motor_control_msgs_s.ep.rosidl_typesupport_c.c
-- Installing: /home/loaf/Pinocchio_ws/install/motor_control_msgs/local/lib/python3.10/dist-packages/motor_control_msgs/_motor_control_msgs_s.ep.rosidl_typesupport_fastrtps_c.c
-- Installing: /home/loaf/Pinocchio_ws/install/motor_control_msgs/local/lib/python3.10/dist-packages/motor_control_msgs/libmotor_control_msgs__rosidl_generator_py.so
-- Installing: /home/loaf/Pinocchio_ws/install/motor_control_msgs/local/lib/python3.10/dist-packages/motor_control_msgs/_motor_control_msgs_s.ep.rosidl_typesupport_introspection_c.c
-- Installing: /home/loaf/Pinocchio_ws/install/motor_control_msgs/local/lib/python3.10/dist-packages/motor_control_msgs/motor_control_msgs_s__rosidl_typesupport_c.cpython-310-x86_64-linux-gnu.so
-- Up-to-date: /home/loaf/Pinocchio_ws/install/motor_control_msgs/local/lib/python3.10/dist-packages/motor_control_msgs/msg
-- Installing: /home/loaf/Pinocchio_ws/install/motor_control_msgs/local/lib/python3.10/dist-packages/motor_control_msgs/msg/_dm_interface.py
-- Installing: /home/loaf/Pinocchio_ws/install/motor_control_msgs/local/lib/python3.10/dist-packages/motor_control_msgs/msg/__init__.py
-- Installing: /home/loaf/Pinocchio_ws/install/motor_control_msgs/local/lib/python3.10/dist-packages/motor_control_msgs/msg/_dm_interface_s.c
-- Installing: /home/loaf/Pinocchio_ws/install/motor_control_msgs/local/lib/python3.10/dist-packages/motor_control_msgs/__init__.py
-- Installing: /home/loaf/Pinocchio_ws/install/motor_control_msgs/local/lib/python3.10/dist-packages/motor_control_msgs/motor_control_msgs_s__rosidl_typesupport_fastrtps_c.cpython-310-x86_64-linux-gnu.so
Listing '/home/loaf/Pinocchio_ws/install/motor_control_msgs/local/lib/python3.10/dist-packages/motor_control_msgs'...
Compiling '/home/loaf/Pinocchio_ws/install/motor_control_msgs/local/lib/python3.10/dist-packages/motor_control_msgs/__init__.py'...
Listing '/home/loaf/Pinocchio_ws/install/motor_control_msgs/local/lib/python3.10/dist-packages/motor_control_msgs/msg'...
Compiling '/home/loaf/Pinocchio_ws/install/motor_control_msgs/local/lib/python3.10/dist-packages/motor_control_msgs/msg/__init__.py'...
Compiling '/home/loaf/Pinocchio_ws/install/motor_control_msgs/local/lib/python3.10/dist-packages/motor_control_msgs/msg/_dm_interface.py'...
-- Installing: /home/loaf/Pinocchio_ws/install/motor_control_msgs/local/lib/python3.10/dist-packages/motor_control_msgs/motor_control_msgs_s__rosidl_typesupport_fastrtps_c.cpython-310-x86_64-linux-gnu.so
-- Set runtime path of "/home/loaf/Pinocchio_ws/install/motor_control_msgs/local/lib/python3.10/dist-packages/motor_control_msgs/motor_control_msgs_s__rosidl_typesupport_fastrtps_c.cpython-310-x86_64-linux-gnu.so" to ""
-- Installing: /home/loaf/Pinocchio_ws/install/motor_control_msgs/local/lib/python3.10/dist-packages/motor_control_msgs/motor_control_msgs_s__rosidl_typesupport_introspection_c.cpython-310-x86_64-linux-gnu.so
-- Set runtime path of "/home/loaf/Pinocchio_ws/install/motor_control_msgs/local/lib/python3.10/dist-packages/motor_control_msgs/motor_control_msgs_s__rosidl_typesupport_introspection_c.cpython-310-x86_64-linux-gnu.so" to ""
-- Installing: /home/loaf/Pinocchio_ws/install/motor_control_msgs/local/lib/python3.10/dist-packages/motor_control_msgs/motor_control_msgs_s__rosidl_typesupport_c.cpython-310-x86_64-linux-gnu.so
-- Set runtime path of "/home/loaf/Pinocchio_ws/install/motor_control_msgs/local/lib/python3.10/dist-packages/motor_control_msgs/motor_control_msgs_s__rosidl_typesupport_c.cpython-310-x86_64-linux-gnu.so" to ""
-- Installing: /home/loaf/Pinocchio_ws/install/motor_control_msgs/lib/libmotor_control_msgs__rosidl_generator_py.so
-- Set runtime path of "/home/loaf/Pinocchio_ws/install/motor_control_msgs/lib/libmotor_control_msgs__rosidl_generator_py.so" to ""
-- Up-to-date: /home/loaf/Pinocchio_ws/install/motor_control_msgs/share/ament_index/resource_index/rust_packages/motor_control_msgs
-- Up-to-date: /home/loaf/Pinocchio_ws/install/motor_control_msgs/share/motor_control_msgs/rust
-- Installing: /home/loaf/Pinocchio_ws/install/motor_control_msgs/share/motor_control_msgs/rust/build.rs
-- Installing: /home/loaf/Pinocchio_ws/install/motor_control_msgs/share/motor_control_msgs/rust/Cargo.toml
-- Up-to-date: /home/loaf/Pinocchio_ws/install/motor_control_msgs/share/motor_control_msgs/rust/src
-- Installing: /home/loaf/Pinocchio_ws/install/motor_control_msgs/share/motor_control_msgs/rust/src/msg.rs
-- Up-to-date: /home/loaf/Pinocchio_ws/install/motor_control_msgs/share/motor_control_msgs/rust/src/msg
-- Installing: /home/loaf/Pinocchio_ws/install/motor_control_msgs/share/motor_control_msgs/rust/src/msg/rmw.rs
-- Installing: /home/loaf/Pinocchio_ws/install/motor_control_msgs/share/motor_control_msgs/rust/src/lib.rs
-- Installing: /home/loaf/Pinocchio_ws/install/motor_control_msgs/share/motor_control_msgs/msg/DmInterface.idl
-- Installing: /home/loaf/Pinocchio_ws/install/motor_control_msgs/share/motor_control_msgs/msg/DmInterface.msg
-- Installing: /home/loaf/Pinocchio_ws/install/motor_control_msgs/share/ament_index/resource_index/package_run_dependencies/motor_control_msgs
-- Installing: /home/loaf/Pinocchio_ws/install/motor_control_msgs/share/ament_index/resource_index/parent_prefix_path/motor_control_msgs
-- Up-to-date: /home/loaf/Pinocchio_ws/install/motor_control_msgs/share/motor_control_msgs/environment/ament_prefix_path.sh
-- Installing: /home/loaf/Pinocchio_ws/install/motor_control_msgs/share/motor_control_msgs/environment/ament_prefix_path.dsv
-- Up-to-date: /home/loaf/Pinocchio_ws/install/motor_control_msgs/share/motor_control_msgs/environment/path.sh
-- Installing: /home/loaf/Pinocchio_ws/install/motor_control_msgs/share/motor_control_msgs/environment/path.dsv
-- Up-to-date: /home/loaf/Pinocchio_ws/install/motor_control_msgs/share/motor_control_msgs/local_setup.bash
-- Up-to-date: /home/loaf/Pinocchio_ws/install/motor_control_msgs/share/motor_control_msgs/local_setup.sh
-- Up-to-date: /home/loaf/Pinocchio_ws/install/motor_control_msgs/share/motor_control_msgs/local_setup.zsh
-- Installing: /home/loaf/Pinocchio_ws/install/motor_control_msgs/share/motor_control_msgs/local_setup.dsv
-- Installing: /home/loaf/Pinocchio_ws/install/motor_control_msgs/share/motor_control_msgs/package.dsv
-- Up-to-date: /home/loaf/Pinocchio_ws/install/motor_control_msgs/share/ament_index/resource_index/packages/motor_control_msgs
-- Old export file "/home/loaf/Pinocchio_ws/install/motor_control_msgs/share/motor_control_msgs/cmake/export_motor_control_msgs__rosidl_generator_cExport.cmake" will be replaced.  Removing files [/home/loaf/Pinocchio_ws/install/motor_control_msgs/share/motor_control_msgs/cmake/export_motor_control_msgs__rosidl_generator_cExport-noconfig.cmake].
-- Installing: /home/loaf/Pinocchio_ws/install/motor_control_msgs/share/motor_control_msgs/cmake/export_motor_control_msgs__rosidl_generator_cExport.cmake
-- Installing: /home/loaf/Pinocchio_ws/install/motor_control_msgs/share/motor_control_msgs/cmake/export_motor_control_msgs__rosidl_generator_cExport-noconfig.cmake
-- Old export file "/home/loaf/Pinocchio_ws/install/motor_control_msgs/share/motor_control_msgs/cmake/export_motor_control_msgs__rosidl_typesupport_fastrtps_cExport.cmake" will be replaced.  Removing files [/home/loaf/Pinocchio_ws/install/motor_control_msgs/share/motor_control_msgs/cmake/export_motor_control_msgs__rosidl_typesupport_fastrtps_cExport-noconfig.cmake].
-- Installing: /home/loaf/Pinocchio_ws/install/motor_control_msgs/share/motor_control_msgs/cmake/export_motor_control_msgs__rosidl_typesupport_fastrtps_cExport.cmake
-- Installing: /home/loaf/Pinocchio_ws/install/motor_control_msgs/share/motor_control_msgs/cmake/export_motor_control_msgs__rosidl_typesupport_fastrtps_cExport-noconfig.cmake
-- Old export file "/home/loaf/Pinocchio_ws/install/motor_control_msgs/share/motor_control_msgs/cmake/motor_control_msgs__rosidl_typesupport_introspection_cExport.cmake" will be replaced.  Removing files [/home/loaf/Pinocchio_ws/install/motor_control_msgs/share/motor_control_msgs/cmake/motor_control_msgs__rosidl_typesupport_introspection_cExport-noconfig.cmake].
-- Installing: /home/loaf/Pinocchio_ws/install/motor_control_msgs/share/motor_control_msgs/cmake/motor_control_msgs__rosidl_typesupport_introspection_cExport.cmake
-- Installing: /home/loaf/Pinocchio_ws/install/motor_control_msgs/share/motor_control_msgs/cmake/motor_control_msgs__rosidl_typesupport_introspection_cExport-noconfig.cmake
-- Old export file "/home/loaf/Pinocchio_ws/install/motor_control_msgs/share/motor_control_msgs/cmake/motor_control_msgs__rosidl_typesupport_cExport.cmake" will be replaced.  Removing files [/home/loaf/Pinocchio_ws/install/motor_control_msgs/share/motor_control_msgs/cmake/motor_control_msgs__rosidl_typesupport_cExport-noconfig.cmake].
-- Installing: /home/loaf/Pinocchio_ws/install/motor_control_msgs/share/motor_control_msgs/cmake/motor_control_msgs__rosidl_typesupport_cExport.cmake
-- Installing: /home/loaf/Pinocchio_ws/install/motor_control_msgs/share/motor_control_msgs/cmake/motor_control_msgs__rosidl_typesupport_cExport-noconfig.cmake
-- Installing: /home/loaf/Pinocchio_ws/install/motor_control_msgs/share/motor_control_msgs/cmake/export_motor_control_msgs__rosidl_generator_cppExport.cmake
-- Old export file "/home/loaf/Pinocchio_ws/install/motor_control_msgs/share/motor_control_msgs/cmake/export_motor_control_msgs__rosidl_typesupport_fastrtps_cppExport.cmake" will be replaced.  Removing files [/home/loaf/Pinocchio_ws/install/motor_control_msgs/share/motor_control_msgs/cmake/export_motor_control_msgs__rosidl_typesupport_fastrtps_cppExport-noconfig.cmake].
-- Installing: /home/loaf/Pinocchio_ws/install/motor_control_msgs/share/motor_control_msgs/cmake/export_motor_control_msgs__rosidl_typesupport_fastrtps_cppExport.cmake
-- Installing: /home/loaf/Pinocchio_ws/install/motor_control_msgs/share/motor_control_msgs/cmake/export_motor_control_msgs__rosidl_typesupport_fastrtps_cppExport-noconfig.cmake
-- Old export file "/home/loaf/Pinocchio_ws/install/motor_control_msgs/share/motor_control_msgs/cmake/motor_control_msgs__rosidl_typesupport_introspection_cppExport.cmake" will be replaced.  Removing files [/home/loaf/Pinocchio_ws/install/motor_control_msgs/share/motor_control_msgs/cmake/motor_control_msgs__rosidl_typesupport_introspection_cppExport-noconfig.cmake].
-- Installing: /home/loaf/Pinocchio_ws/install/motor_control_msgs/share/motor_control_msgs/cmake/motor_control_msgs__rosidl_typesupport_introspection_cppExport.cmake
-- Installing: /home/loaf/Pinocchio_ws/install/motor_control_msgs/share/motor_control_msgs/cmake/motor_control_msgs__rosidl_typesupport_introspection_cppExport-noconfig.cmake
-- Old export file "/home/loaf/Pinocchio_ws/install/motor_control_msgs/share/motor_control_msgs/cmake/motor_control_msgs__rosidl_typesupport_cppExport.cmake" will be replaced.  Removing files [/home/loaf/Pinocchio_ws/install/motor_control_msgs/share/motor_control_msgs/cmake/motor_control_msgs__rosidl_typesupport_cppExport-noconfig.cmake].
-- Installing: /home/loaf/Pinocchio_ws/install/motor_control_msgs/share/motor_control_msgs/cmake/motor_control_msgs__rosidl_typesupport_cppExport.cmake
-- Installing: /home/loaf/Pinocchio_ws/install/motor_control_msgs/share/motor_control_msgs/cmake/motor_control_msgs__rosidl_typesupport_cppExport-noconfig.cmake
-- Old export file "/home/loaf/Pinocchio_ws/install/motor_control_msgs/share/motor_control_msgs/cmake/export_motor_control_msgs__rosidl_generator_pyExport.cmake" will be replaced.  Removing files [/home/loaf/Pinocchio_ws/install/motor_control_msgs/share/motor_control_msgs/cmake/export_motor_control_msgs__rosidl_generator_pyExport-noconfig.cmake].
-- Installing: /home/loaf/Pinocchio_ws/install/motor_control_msgs/share/motor_control_msgs/cmake/export_motor_control_msgs__rosidl_generator_pyExport.cmake
-- Installing: /home/loaf/Pinocchio_ws/install/motor_control_msgs/share/motor_control_msgs/cmake/export_motor_control_msgs__rosidl_generator_pyExport-noconfig.cmake
-- Up-to-date: /home/loaf/Pinocchio_ws/install/motor_control_msgs/share/motor_control_msgs/cmake/rosidl_cmake-extras.cmake
-- Installing: /home/loaf/Pinocchio_ws/install/motor_control_msgs/share/motor_control_msgs/cmake/ament_cmake_export_dependencies-extras.cmake
-- Up-to-date: /home/loaf/Pinocchio_ws/install/motor_control_msgs/share/motor_control_msgs/cmake/ament_cmake_export_include_directories-extras.cmake
-- Up-to-date: /home/loaf/Pinocchio_ws/install/motor_control_msgs/share/motor_control_msgs/cmake/ament_cmake_export_libraries-extras.cmake
-- Up-to-date: /home/loaf/Pinocchio_ws/install/motor_control_msgs/share/motor_control_msgs/cmake/ament_cmake_export_targets-extras.cmake
-- Up-to-date: /home/loaf/Pinocchio_ws/install/motor_control_msgs/share/motor_control_msgs/cmake/rosidl_cmake_export_typesupport_targets-extras.cmake
-- Up-to-date: /home/loaf/Pinocchio_ws/install/motor_control_msgs/share/motor_control_msgs/cmake/rosidl_cmake_export_typesupport_libraries-extras.cmake
-- Installing: /home/loaf/Pinocchio_ws/install/motor_control_msgs/share/motor_control_msgs/cmake/motor_control_msgsConfig.cmake
-- Up-to-date: /home/loaf/Pinocchio_ws/install/motor_control_msgs/share/motor_control_msgs/cmake/motor_control_msgsConfig-version.cmake
-- Installing: /home/loaf/Pinocchio_ws/install/motor_control_msgs/share/motor_control_msgs/package.xml
