[0.011s] Invoking command in '/home/loaf/Pinocchio_ws/build/motor_control_msgs': CMAKE_PREFIX_PATH=${CMAKE_PREFIX_PATH}:/opt/ros/humble /usr/bin/cmake --build /home/loaf/Pinocchio_ws/build/motor_control_msgs -- -j24 -l24
[0.058s] -- Found ament_cmake: 1.3.14 (/opt/ros/humble/share/ament_cmake/cmake)
[0.169s] -- Found rosidl_default_generators: 1.2.1 (/opt/ros/humble/share/rosidl_default_generators/cmake)
[0.172s] -- Using all available rosidl_typesupport_c: rosidl_typesupport_fastrtps_c;rosidl_typesupport_introspection_c
[0.175s] -- Found rosidl_adapter: 3.1.8 (/opt/ros/humble/share/rosidl_adapter/cmake)
[0.205s] -- Using all available rosidl_typesupport_cpp: rosidl_typesupport_fastrtps_cpp;rosidl_typesupport_introspection_cpp
[0.236s] -- Found std_msgs: 4.9.1 (/opt/ros/humble/share/std_msgs/cmake)
[0.427s] -- Found ament_cmake_ros: 0.10.0 (/opt/ros/humble/share/ament_cmake_ros/cmake)
[0.598s] -- Using all available rosidl_typesupport_c: rosidl_typesupport_fastrtps_c;rosidl_typesupport_introspection_c
[0.778s] -- Using all available rosidl_typesupport_cpp: rosidl_typesupport_fastrtps_cpp;rosidl_typesupport_introspection_cpp
[0.802s] -- Found python_cmake_module: 0.10.0 (/opt/ros/humble/share/python_cmake_module/cmake)
[0.822s] -- Using PYTHON_EXECUTABLE: /usr/bin/python3
[0.823s] -- Using PYTHON_INCLUDE_DIRS: /usr/include/python3.10
[0.823s] -- Using PYTHON_LIBRARIES: /usr/lib/x86_64-linux-gnu/libpython3.10.so
[0.889s] -- Configuring done
[0.913s] -- Generating done
[0.919s] -- Build files have been written to: /home/loaf/Pinocchio_ws/build/motor_control_msgs
[0.938s] [  3%] [34m[1mGenerating C code for ROS interfaces[0m
[0.945s] [  6%] [34m[1mGenerating Rust code for ROS interfaces[0m
[0.948s] [  9%] [34m[1mGenerating C++ code for ROS interfaces[0m
[0.954s] [  9%] Built target ament_cmake_python_copy_motor_control_msgs
[1.085s] [  9%] Built target motor_control_msgs__rs
[1.092s] running egg_info
[1.093s] writing motor_control_msgs.egg-info/PKG-INFO
[1.093s] writing dependency_links to motor_control_msgs.egg-info/dependency_links.txt
[1.093s] writing top-level names to motor_control_msgs.egg-info/top_level.txt
[1.094s] [35m[1mConsolidate compiler generated dependencies of target motor_control_msgs__rosidl_generator_c[0m
[1.094s] reading manifest file 'motor_control_msgs.egg-info/SOURCES.txt'
[1.095s] [  9%] Built target motor_control_msgs__cpp
[1.095s] writing manifest file 'motor_control_msgs.egg-info/SOURCES.txt'
[1.101s] [ 12%] [34m[1mGenerating C++ type support dispatch for ROS interfaces[0m
[1.101s] [ 15%] [34m[1mGenerating C++ introspection for ROS interfaces[0m
[1.102s] [ 18%] [34m[1mGenerating C++ type support for eProsima Fast-RTPS[0m
[1.102s] [ 21%] [32mBuilding C object CMakeFiles/motor_control_msgs__rosidl_generator_c.dir/rosidl_generator_c/motor_control_msgs/msg/detail/dm_interface__functions.c.o[0m
[1.114s] [ 21%] Built target ament_cmake_python_build_motor_control_msgs_egg
[1.186s] [ 25%] [32m[1mLinking C shared library libmotor_control_msgs__rosidl_generator_c.so[0m
[1.227s] [ 25%] Built target motor_control_msgs__rosidl_generator_c
[1.233s] [ 28%] [34m[1mGenerating C type support dispatch for ROS interfaces[0m
[1.234s] [35m[1mConsolidate compiler generated dependencies of target motor_control_msgs__rosidl_typesupport_cpp[0m
[1.236s] [ 31%] [34m[1mGenerating C introspection for ROS interfaces[0m
[1.236s] [ 34%] [34m[1mGenerating C type support for eProsima Fast-RTPS[0m
[1.242s] [ 37%] [32mBuilding CXX object CMakeFiles/motor_control_msgs__rosidl_typesupport_cpp.dir/rosidl_typesupport_cpp/motor_control_msgs/msg/dm_interface__type_support.cpp.o[0m
[1.249s] [35m[1mConsolidate compiler generated dependencies of target motor_control_msgs__rosidl_typesupport_introspection_cpp[0m
[1.258s] [ 40%] [32mBuilding CXX object CMakeFiles/motor_control_msgs__rosidl_typesupport_introspection_cpp.dir/rosidl_typesupport_introspection_cpp/motor_control_msgs/msg/detail/dm_interface__type_support.cpp.o[0m
[1.272s] [35m[1mConsolidate compiler generated dependencies of target motor_control_msgs__rosidl_typesupport_fastrtps_cpp[0m
[1.282s] [ 43%] [32mBuilding CXX object CMakeFiles/motor_control_msgs__rosidl_typesupport_fastrtps_cpp.dir/rosidl_typesupport_fastrtps_cpp/motor_control_msgs/msg/detail/dds_fastrtps/dm_interface__type_support.cpp.o[0m
[1.368s] [35m[1mConsolidate compiler generated dependencies of target motor_control_msgs__rosidl_typesupport_c[0m
[1.379s] [ 46%] [32mBuilding CXX object CMakeFiles/motor_control_msgs__rosidl_typesupport_c.dir/rosidl_typesupport_c/motor_control_msgs/msg/dm_interface__type_support.cpp.o[0m
[1.389s] [35m[1mConsolidate compiler generated dependencies of target motor_control_msgs__rosidl_typesupport_introspection_c[0m
[1.389s] [35m[1mConsolidate compiler generated dependencies of target motor_control_msgs__rosidl_typesupport_fastrtps_c[0m
[1.397s] [ 50%] [32mBuilding C object CMakeFiles/motor_control_msgs__rosidl_typesupport_introspection_c.dir/rosidl_typesupport_introspection_c/motor_control_msgs/msg/detail/dm_interface__type_support.c.o[0m
[1.398s] [ 53%] [32mBuilding CXX object CMakeFiles/motor_control_msgs__rosidl_typesupport_fastrtps_c.dir/rosidl_typesupport_fastrtps_c/motor_control_msgs/msg/detail/dm_interface__type_support_c.cpp.o[0m
[1.413s] [ 56%] [32m[1mLinking CXX shared library libmotor_control_msgs__rosidl_typesupport_c.so[0m
[1.425s] [ 59%] [32m[1mLinking CXX shared library libmotor_control_msgs__rosidl_typesupport_cpp.so[0m
[1.431s] [ 62%] [32m[1mLinking C shared library libmotor_control_msgs__rosidl_typesupport_introspection_c.so[0m
[1.449s] [ 62%] Built target motor_control_msgs__rosidl_typesupport_c
[1.452s] [ 62%] Built target motor_control_msgs__rosidl_typesupport_introspection_c
[1.458s] [ 62%] Built target motor_control_msgs__rosidl_typesupport_cpp
[1.536s] [ 65%] [32m[1mLinking CXX shared library libmotor_control_msgs__rosidl_typesupport_introspection_cpp.so[0m
[1.552s] [ 68%] [32m[1mLinking CXX shared library libmotor_control_msgs__rosidl_typesupport_fastrtps_cpp.so[0m
[1.578s] [ 71%] [32m[1mLinking CXX shared library libmotor_control_msgs__rosidl_typesupport_fastrtps_c.so[0m
[1.585s] [ 71%] Built target motor_control_msgs__rosidl_typesupport_introspection_cpp
[1.602s] [ 71%] Built target motor_control_msgs__rosidl_typesupport_fastrtps_cpp
[1.627s] [ 71%] Built target motor_control_msgs__rosidl_typesupport_fastrtps_c
[1.644s] [ 71%] Built target motor_control_msgs
[1.656s] [ 75%] [34m[1mGenerating Python code for ROS interfaces[0m
[1.838s] [ 75%] Built target motor_control_msgs__py
[1.845s] [35m[1mConsolidate compiler generated dependencies of target motor_control_msgs__rosidl_generator_py[0m
[1.853s] [ 78%] [32mBuilding C object CMakeFiles/motor_control_msgs__rosidl_generator_py.dir/rosidl_generator_py/motor_control_msgs/msg/_dm_interface_s.c.o[0m
[1.952s] [ 81%] [32m[1mLinking C shared library rosidl_generator_py/motor_control_msgs/libmotor_control_msgs__rosidl_generator_py.so[0m
[1.979s] [ 81%] Built target motor_control_msgs__rosidl_generator_py
[1.987s] [35m[1mConsolidate compiler generated dependencies of target motor_control_msgs__rosidl_typesupport_c__pyext[0m
[1.988s] [35m[1mConsolidate compiler generated dependencies of target motor_control_msgs__rosidl_typesupport_fastrtps_c__pyext[0m
[1.988s] [35m[1mConsolidate compiler generated dependencies of target motor_control_msgs__rosidl_typesupport_introspection_c__pyext[0m
[1.998s] [ 84%] [32mBuilding C object CMakeFiles/motor_control_msgs__rosidl_typesupport_c__pyext.dir/rosidl_generator_py/motor_control_msgs/_motor_control_msgs_s.ep.rosidl_typesupport_c.c.o[0m
[1.999s] [ 87%] [32mBuilding C object CMakeFiles/motor_control_msgs__rosidl_typesupport_fastrtps_c__pyext.dir/rosidl_generator_py/motor_control_msgs/_motor_control_msgs_s.ep.rosidl_typesupport_fastrtps_c.c.o[0m
[1.999s] [ 90%] [32mBuilding C object CMakeFiles/motor_control_msgs__rosidl_typesupport_introspection_c__pyext.dir/rosidl_generator_py/motor_control_msgs/_motor_control_msgs_s.ep.rosidl_typesupport_introspection_c.c.o[0m
[2.054s] [ 93%] [32m[1mLinking C shared library rosidl_generator_py/motor_control_msgs/motor_control_msgs_s__rosidl_typesupport_c.cpython-310-x86_64-linux-gnu.so[0m
[2.057s] [ 96%] [32m[1mLinking C shared library rosidl_generator_py/motor_control_msgs/motor_control_msgs_s__rosidl_typesupport_introspection_c.cpython-310-x86_64-linux-gnu.so[0m
[2.062s] [100%] [32m[1mLinking C shared library rosidl_generator_py/motor_control_msgs/motor_control_msgs_s__rosidl_typesupport_fastrtps_c.cpython-310-x86_64-linux-gnu.so[0m
[2.087s] [100%] Built target motor_control_msgs__rosidl_typesupport_fastrtps_c__pyext
[2.089s] [100%] Built target motor_control_msgs__rosidl_typesupport_introspection_c__pyext
[2.089s] [100%] Built target motor_control_msgs__rosidl_typesupport_c__pyext
[2.097s] Invoked command in '/home/loaf/Pinocchio_ws/build/motor_control_msgs' returned '0': CMAKE_PREFIX_PATH=${CMAKE_PREFIX_PATH}:/opt/ros/humble /usr/bin/cmake --build /home/loaf/Pinocchio_ws/build/motor_control_msgs -- -j24 -l24
[2.104s] Invoking command in '/home/loaf/Pinocchio_ws/build/motor_control_msgs': CMAKE_PREFIX_PATH=${CMAKE_PREFIX_PATH}:/opt/ros/humble /usr/bin/cmake --install /home/loaf/Pinocchio_ws/build/motor_control_msgs
[2.110s] -- Install configuration: ""
[2.110s] -- Up-to-date: /home/loaf/Pinocchio_ws/install/motor_control_msgs/share/ament_index/resource_index/rosidl_interfaces/motor_control_msgs
[2.110s] -- Up-to-date: /home/loaf/Pinocchio_ws/install/motor_control_msgs/include/motor_control_msgs/motor_control_msgs
[2.110s] -- Up-to-date: /home/loaf/Pinocchio_ws/install/motor_control_msgs/include/motor_control_msgs/motor_control_msgs/msg
[2.110s] -- Up-to-date: /home/loaf/Pinocchio_ws/install/motor_control_msgs/include/motor_control_msgs/motor_control_msgs/msg/detail
[2.110s] -- Installing: /home/loaf/Pinocchio_ws/install/motor_control_msgs/include/motor_control_msgs/motor_control_msgs/msg/detail/dm_interface__type_support.h
[2.110s] -- Installing: /home/loaf/Pinocchio_ws/install/motor_control_msgs/include/motor_control_msgs/motor_control_msgs/msg/detail/dm_interface__struct.h
[2.110s] -- Installing: /home/loaf/Pinocchio_ws/install/motor_control_msgs/include/motor_control_msgs/motor_control_msgs/msg/detail/dm_interface__functions.h
[2.110s] -- Installing: /home/loaf/Pinocchio_ws/install/motor_control_msgs/include/motor_control_msgs/motor_control_msgs/msg/detail/dm_interface__functions.c
[2.110s] -- Installing: /home/loaf/Pinocchio_ws/install/motor_control_msgs/include/motor_control_msgs/motor_control_msgs/msg/dm_interface.h
[2.110s] -- Up-to-date: /home/loaf/Pinocchio_ws/install/motor_control_msgs/include/motor_control_msgs/motor_control_msgs/msg/rosidl_generator_c__visibility_control.h
[2.110s] -- Up-to-date: /home/loaf/Pinocchio_ws/install/motor_control_msgs/share/motor_control_msgs/environment/library_path.sh
[2.110s] -- Installing: /home/loaf/Pinocchio_ws/install/motor_control_msgs/share/motor_control_msgs/environment/library_path.dsv
[2.110s] -- Installing: /home/loaf/Pinocchio_ws/install/motor_control_msgs/lib/libmotor_control_msgs__rosidl_generator_c.so
[2.110s] -- Set runtime path of "/home/loaf/Pinocchio_ws/install/motor_control_msgs/lib/libmotor_control_msgs__rosidl_generator_c.so" to ""
[2.110s] -- Up-to-date: /home/loaf/Pinocchio_ws/install/motor_control_msgs/include/motor_control_msgs/motor_control_msgs
[2.110s] -- Up-to-date: /home/loaf/Pinocchio_ws/install/motor_control_msgs/include/motor_control_msgs/motor_control_msgs/msg
[2.110s] -- Up-to-date: /home/loaf/Pinocchio_ws/install/motor_control_msgs/include/motor_control_msgs/motor_control_msgs/msg/detail
[2.110s] -- Installing: /home/loaf/Pinocchio_ws/install/motor_control_msgs/include/motor_control_msgs/motor_control_msgs/msg/detail/dm_interface__rosidl_typesupport_fastrtps_c.h
[2.110s] -- Up-to-date: /home/loaf/Pinocchio_ws/install/motor_control_msgs/include/motor_control_msgs/motor_control_msgs/msg/rosidl_typesupport_fastrtps_c__visibility_control.h
[2.110s] -- Installing: /home/loaf/Pinocchio_ws/install/motor_control_msgs/lib/libmotor_control_msgs__rosidl_typesupport_fastrtps_c.so
[2.110s] -- Set runtime path of "/home/loaf/Pinocchio_ws/install/motor_control_msgs/lib/libmotor_control_msgs__rosidl_typesupport_fastrtps_c.so" to ""
[2.110s] -- Up-to-date: /home/loaf/Pinocchio_ws/install/motor_control_msgs/include/motor_control_msgs/motor_control_msgs
[2.110s] -- Up-to-date: /home/loaf/Pinocchio_ws/install/motor_control_msgs/include/motor_control_msgs/motor_control_msgs/msg
[2.110s] -- Up-to-date: /home/loaf/Pinocchio_ws/install/motor_control_msgs/include/motor_control_msgs/motor_control_msgs/msg/detail
[2.111s] -- Installing: /home/loaf/Pinocchio_ws/install/motor_control_msgs/include/motor_control_msgs/motor_control_msgs/msg/detail/dm_interface__type_support.c
[2.111s] -- Installing: /home/loaf/Pinocchio_ws/install/motor_control_msgs/include/motor_control_msgs/motor_control_msgs/msg/detail/dm_interface__rosidl_typesupport_introspection_c.h
[2.111s] -- Up-to-date: /home/loaf/Pinocchio_ws/install/motor_control_msgs/include/motor_control_msgs/motor_control_msgs/msg/rosidl_typesupport_introspection_c__visibility_control.h
[2.111s] -- Installing: /home/loaf/Pinocchio_ws/install/motor_control_msgs/lib/libmotor_control_msgs__rosidl_typesupport_introspection_c.so
[2.111s] -- Set runtime path of "/home/loaf/Pinocchio_ws/install/motor_control_msgs/lib/libmotor_control_msgs__rosidl_typesupport_introspection_c.so" to ""
[2.111s] -- Installing: /home/loaf/Pinocchio_ws/install/motor_control_msgs/lib/libmotor_control_msgs__rosidl_typesupport_c.so
[2.111s] -- Set runtime path of "/home/loaf/Pinocchio_ws/install/motor_control_msgs/lib/libmotor_control_msgs__rosidl_typesupport_c.so" to ""
[2.111s] -- Up-to-date: /home/loaf/Pinocchio_ws/install/motor_control_msgs/include/motor_control_msgs/motor_control_msgs
[2.111s] -- Up-to-date: /home/loaf/Pinocchio_ws/install/motor_control_msgs/include/motor_control_msgs/motor_control_msgs/msg
[2.111s] -- Installing: /home/loaf/Pinocchio_ws/install/motor_control_msgs/include/motor_control_msgs/motor_control_msgs/msg/dm_interface.hpp
[2.112s] -- Up-to-date: /home/loaf/Pinocchio_ws/install/motor_control_msgs/include/motor_control_msgs/motor_control_msgs/msg/detail
[2.112s] -- Installing: /home/loaf/Pinocchio_ws/install/motor_control_msgs/include/motor_control_msgs/motor_control_msgs/msg/detail/dm_interface__struct.hpp
[2.112s] -- Installing: /home/loaf/Pinocchio_ws/install/motor_control_msgs/include/motor_control_msgs/motor_control_msgs/msg/detail/dm_interface__builder.hpp
[2.112s] -- Installing: /home/loaf/Pinocchio_ws/install/motor_control_msgs/include/motor_control_msgs/motor_control_msgs/msg/detail/dm_interface__traits.hpp
[2.112s] -- Installing: /home/loaf/Pinocchio_ws/install/motor_control_msgs/include/motor_control_msgs/motor_control_msgs/msg/detail/dm_interface__type_support.hpp
[2.112s] -- Up-to-date: /home/loaf/Pinocchio_ws/install/motor_control_msgs/include/motor_control_msgs/motor_control_msgs/msg/rosidl_generator_cpp__visibility_control.hpp
[2.112s] -- Up-to-date: /home/loaf/Pinocchio_ws/install/motor_control_msgs/include/motor_control_msgs/motor_control_msgs
[2.112s] -- Up-to-date: /home/loaf/Pinocchio_ws/install/motor_control_msgs/include/motor_control_msgs/motor_control_msgs/msg
[2.112s] -- Up-to-date: /home/loaf/Pinocchio_ws/install/motor_control_msgs/include/motor_control_msgs/motor_control_msgs/msg/detail
[2.112s] -- Installing: /home/loaf/Pinocchio_ws/install/motor_control_msgs/include/motor_control_msgs/motor_control_msgs/msg/detail/dm_interface__rosidl_typesupport_fastrtps_cpp.hpp
[2.112s] -- Up-to-date: /home/loaf/Pinocchio_ws/install/motor_control_msgs/include/motor_control_msgs/motor_control_msgs/msg/detail/dds_fastrtps
[2.112s] -- Up-to-date: /home/loaf/Pinocchio_ws/install/motor_control_msgs/include/motor_control_msgs/motor_control_msgs/msg/rosidl_typesupport_fastrtps_cpp__visibility_control.h
[2.112s] -- Installing: /home/loaf/Pinocchio_ws/install/motor_control_msgs/lib/libmotor_control_msgs__rosidl_typesupport_fastrtps_cpp.so
[2.112s] -- Set runtime path of "/home/loaf/Pinocchio_ws/install/motor_control_msgs/lib/libmotor_control_msgs__rosidl_typesupport_fastrtps_cpp.so" to ""
[2.112s] -- Up-to-date: /home/loaf/Pinocchio_ws/install/motor_control_msgs/include/motor_control_msgs/motor_control_msgs
[2.112s] -- Up-to-date: /home/loaf/Pinocchio_ws/install/motor_control_msgs/include/motor_control_msgs/motor_control_msgs/msg
[2.112s] -- Up-to-date: /home/loaf/Pinocchio_ws/install/motor_control_msgs/include/motor_control_msgs/motor_control_msgs/msg/detail
[2.112s] -- Installing: /home/loaf/Pinocchio_ws/install/motor_control_msgs/include/motor_control_msgs/motor_control_msgs/msg/detail/dm_interface__rosidl_typesupport_introspection_cpp.hpp
[2.113s] -- Installing: /home/loaf/Pinocchio_ws/install/motor_control_msgs/include/motor_control_msgs/motor_control_msgs/msg/detail/dm_interface__type_support.cpp
[2.113s] -- Installing: /home/loaf/Pinocchio_ws/install/motor_control_msgs/lib/libmotor_control_msgs__rosidl_typesupport_introspection_cpp.so
[2.113s] -- Set runtime path of "/home/loaf/Pinocchio_ws/install/motor_control_msgs/lib/libmotor_control_msgs__rosidl_typesupport_introspection_cpp.so" to ""
[2.114s] -- Installing: /home/loaf/Pinocchio_ws/install/motor_control_msgs/lib/libmotor_control_msgs__rosidl_typesupport_cpp.so
[2.114s] -- Set runtime path of "/home/loaf/Pinocchio_ws/install/motor_control_msgs/lib/libmotor_control_msgs__rosidl_typesupport_cpp.so" to ""
[2.114s] -- Up-to-date: /home/loaf/Pinocchio_ws/install/motor_control_msgs/share/motor_control_msgs/environment/pythonpath.sh
[2.114s] -- Installing: /home/loaf/Pinocchio_ws/install/motor_control_msgs/share/motor_control_msgs/environment/pythonpath.dsv
[2.114s] -- Up-to-date: /home/loaf/Pinocchio_ws/install/motor_control_msgs/local/lib/python3.10/dist-packages/motor_control_msgs-0.0.0-py3.10.egg-info
[2.114s] -- Installing: /home/loaf/Pinocchio_ws/install/motor_control_msgs/local/lib/python3.10/dist-packages/motor_control_msgs-0.0.0-py3.10.egg-info/PKG-INFO
[2.114s] -- Installing: /home/loaf/Pinocchio_ws/install/motor_control_msgs/local/lib/python3.10/dist-packages/motor_control_msgs-0.0.0-py3.10.egg-info/SOURCES.txt
[2.114s] -- Installing: /home/loaf/Pinocchio_ws/install/motor_control_msgs/local/lib/python3.10/dist-packages/motor_control_msgs-0.0.0-py3.10.egg-info/top_level.txt
[2.114s] -- Installing: /home/loaf/Pinocchio_ws/install/motor_control_msgs/local/lib/python3.10/dist-packages/motor_control_msgs-0.0.0-py3.10.egg-info/dependency_links.txt
[2.114s] -- Up-to-date: /home/loaf/Pinocchio_ws/install/motor_control_msgs/local/lib/python3.10/dist-packages/motor_control_msgs
[2.114s] -- Installing: /home/loaf/Pinocchio_ws/install/motor_control_msgs/local/lib/python3.10/dist-packages/motor_control_msgs/motor_control_msgs_s__rosidl_typesupport_introspection_c.cpython-310-x86_64-linux-gnu.so
[2.114s] -- Installing: /home/loaf/Pinocchio_ws/install/motor_control_msgs/local/lib/python3.10/dist-packages/motor_control_msgs/_motor_control_msgs_s.ep.rosidl_typesupport_c.c
[2.114s] -- Installing: /home/loaf/Pinocchio_ws/install/motor_control_msgs/local/lib/python3.10/dist-packages/motor_control_msgs/_motor_control_msgs_s.ep.rosidl_typesupport_fastrtps_c.c
[2.114s] -- Installing: /home/loaf/Pinocchio_ws/install/motor_control_msgs/local/lib/python3.10/dist-packages/motor_control_msgs/libmotor_control_msgs__rosidl_generator_py.so
[2.114s] -- Installing: /home/loaf/Pinocchio_ws/install/motor_control_msgs/local/lib/python3.10/dist-packages/motor_control_msgs/_motor_control_msgs_s.ep.rosidl_typesupport_introspection_c.c
[2.114s] -- Installing: /home/loaf/Pinocchio_ws/install/motor_control_msgs/local/lib/python3.10/dist-packages/motor_control_msgs/motor_control_msgs_s__rosidl_typesupport_c.cpython-310-x86_64-linux-gnu.so
[2.115s] -- Up-to-date: /home/loaf/Pinocchio_ws/install/motor_control_msgs/local/lib/python3.10/dist-packages/motor_control_msgs/msg
[2.115s] -- Installing: /home/loaf/Pinocchio_ws/install/motor_control_msgs/local/lib/python3.10/dist-packages/motor_control_msgs/msg/_dm_interface.py
[2.115s] -- Installing: /home/loaf/Pinocchio_ws/install/motor_control_msgs/local/lib/python3.10/dist-packages/motor_control_msgs/msg/__init__.py
[2.115s] -- Installing: /home/loaf/Pinocchio_ws/install/motor_control_msgs/local/lib/python3.10/dist-packages/motor_control_msgs/msg/_dm_interface_s.c
[2.115s] -- Installing: /home/loaf/Pinocchio_ws/install/motor_control_msgs/local/lib/python3.10/dist-packages/motor_control_msgs/__init__.py
[2.115s] -- Installing: /home/loaf/Pinocchio_ws/install/motor_control_msgs/local/lib/python3.10/dist-packages/motor_control_msgs/motor_control_msgs_s__rosidl_typesupport_fastrtps_c.cpython-310-x86_64-linux-gnu.so
[2.137s] Listing '/home/loaf/Pinocchio_ws/install/motor_control_msgs/local/lib/python3.10/dist-packages/motor_control_msgs'...
[2.137s] Compiling '/home/loaf/Pinocchio_ws/install/motor_control_msgs/local/lib/python3.10/dist-packages/motor_control_msgs/__init__.py'...
[2.137s] Listing '/home/loaf/Pinocchio_ws/install/motor_control_msgs/local/lib/python3.10/dist-packages/motor_control_msgs/msg'...
[2.137s] Compiling '/home/loaf/Pinocchio_ws/install/motor_control_msgs/local/lib/python3.10/dist-packages/motor_control_msgs/msg/__init__.py'...
[2.137s] Compiling '/home/loaf/Pinocchio_ws/install/motor_control_msgs/local/lib/python3.10/dist-packages/motor_control_msgs/msg/_dm_interface.py'...
[2.140s] -- Installing: /home/loaf/Pinocchio_ws/install/motor_control_msgs/local/lib/python3.10/dist-packages/motor_control_msgs/motor_control_msgs_s__rosidl_typesupport_fastrtps_c.cpython-310-x86_64-linux-gnu.so
[2.140s] -- Set runtime path of "/home/loaf/Pinocchio_ws/install/motor_control_msgs/local/lib/python3.10/dist-packages/motor_control_msgs/motor_control_msgs_s__rosidl_typesupport_fastrtps_c.cpython-310-x86_64-linux-gnu.so" to ""
[2.140s] -- Installing: /home/loaf/Pinocchio_ws/install/motor_control_msgs/local/lib/python3.10/dist-packages/motor_control_msgs/motor_control_msgs_s__rosidl_typesupport_introspection_c.cpython-310-x86_64-linux-gnu.so
[2.140s] -- Set runtime path of "/home/loaf/Pinocchio_ws/install/motor_control_msgs/local/lib/python3.10/dist-packages/motor_control_msgs/motor_control_msgs_s__rosidl_typesupport_introspection_c.cpython-310-x86_64-linux-gnu.so" to ""
[2.140s] -- Installing: /home/loaf/Pinocchio_ws/install/motor_control_msgs/local/lib/python3.10/dist-packages/motor_control_msgs/motor_control_msgs_s__rosidl_typesupport_c.cpython-310-x86_64-linux-gnu.so
[2.141s] -- Set runtime path of "/home/loaf/Pinocchio_ws/install/motor_control_msgs/local/lib/python3.10/dist-packages/motor_control_msgs/motor_control_msgs_s__rosidl_typesupport_c.cpython-310-x86_64-linux-gnu.so" to ""
[2.141s] -- Installing: /home/loaf/Pinocchio_ws/install/motor_control_msgs/lib/libmotor_control_msgs__rosidl_generator_py.so
[2.141s] -- Set runtime path of "/home/loaf/Pinocchio_ws/install/motor_control_msgs/lib/libmotor_control_msgs__rosidl_generator_py.so" to ""
[2.141s] -- Up-to-date: /home/loaf/Pinocchio_ws/install/motor_control_msgs/share/ament_index/resource_index/rust_packages/motor_control_msgs
[2.141s] -- Up-to-date: /home/loaf/Pinocchio_ws/install/motor_control_msgs/share/motor_control_msgs/rust
[2.141s] -- Installing: /home/loaf/Pinocchio_ws/install/motor_control_msgs/share/motor_control_msgs/rust/build.rs
[2.141s] -- Installing: /home/loaf/Pinocchio_ws/install/motor_control_msgs/share/motor_control_msgs/rust/Cargo.toml
[2.141s] -- Up-to-date: /home/loaf/Pinocchio_ws/install/motor_control_msgs/share/motor_control_msgs/rust/src
[2.141s] -- Installing: /home/loaf/Pinocchio_ws/install/motor_control_msgs/share/motor_control_msgs/rust/src/msg.rs
[2.141s] -- Up-to-date: /home/loaf/Pinocchio_ws/install/motor_control_msgs/share/motor_control_msgs/rust/src/msg
[2.141s] -- Installing: /home/loaf/Pinocchio_ws/install/motor_control_msgs/share/motor_control_msgs/rust/src/msg/rmw.rs
[2.141s] -- Installing: /home/loaf/Pinocchio_ws/install/motor_control_msgs/share/motor_control_msgs/rust/src/lib.rs
[2.141s] -- Installing: /home/loaf/Pinocchio_ws/install/motor_control_msgs/share/motor_control_msgs/msg/DmInterface.idl
[2.141s] -- Installing: /home/loaf/Pinocchio_ws/install/motor_control_msgs/share/motor_control_msgs/msg/DmInterface.msg
[2.141s] -- Installing: /home/loaf/Pinocchio_ws/install/motor_control_msgs/share/ament_index/resource_index/package_run_dependencies/motor_control_msgs
[2.141s] -- Installing: /home/loaf/Pinocchio_ws/install/motor_control_msgs/share/ament_index/resource_index/parent_prefix_path/motor_control_msgs
[2.141s] -- Up-to-date: /home/loaf/Pinocchio_ws/install/motor_control_msgs/share/motor_control_msgs/environment/ament_prefix_path.sh
[2.141s] -- Installing: /home/loaf/Pinocchio_ws/install/motor_control_msgs/share/motor_control_msgs/environment/ament_prefix_path.dsv
[2.141s] -- Up-to-date: /home/loaf/Pinocchio_ws/install/motor_control_msgs/share/motor_control_msgs/environment/path.sh
[2.141s] -- Installing: /home/loaf/Pinocchio_ws/install/motor_control_msgs/share/motor_control_msgs/environment/path.dsv
[2.142s] -- Up-to-date: /home/loaf/Pinocchio_ws/install/motor_control_msgs/share/motor_control_msgs/local_setup.bash
[2.142s] -- Up-to-date: /home/loaf/Pinocchio_ws/install/motor_control_msgs/share/motor_control_msgs/local_setup.sh
[2.142s] -- Up-to-date: /home/loaf/Pinocchio_ws/install/motor_control_msgs/share/motor_control_msgs/local_setup.zsh
[2.142s] -- Installing: /home/loaf/Pinocchio_ws/install/motor_control_msgs/share/motor_control_msgs/local_setup.dsv
[2.142s] -- Installing: /home/loaf/Pinocchio_ws/install/motor_control_msgs/share/motor_control_msgs/package.dsv
[2.142s] -- Up-to-date: /home/loaf/Pinocchio_ws/install/motor_control_msgs/share/ament_index/resource_index/packages/motor_control_msgs
[2.142s] -- Old export file "/home/loaf/Pinocchio_ws/install/motor_control_msgs/share/motor_control_msgs/cmake/export_motor_control_msgs__rosidl_generator_cExport.cmake" will be replaced.  Removing files [/home/loaf/Pinocchio_ws/install/motor_control_msgs/share/motor_control_msgs/cmake/export_motor_control_msgs__rosidl_generator_cExport-noconfig.cmake].
[2.142s] -- Installing: /home/loaf/Pinocchio_ws/install/motor_control_msgs/share/motor_control_msgs/cmake/export_motor_control_msgs__rosidl_generator_cExport.cmake
[2.142s] -- Installing: /home/loaf/Pinocchio_ws/install/motor_control_msgs/share/motor_control_msgs/cmake/export_motor_control_msgs__rosidl_generator_cExport-noconfig.cmake
[2.142s] -- Old export file "/home/loaf/Pinocchio_ws/install/motor_control_msgs/share/motor_control_msgs/cmake/export_motor_control_msgs__rosidl_typesupport_fastrtps_cExport.cmake" will be replaced.  Removing files [/home/loaf/Pinocchio_ws/install/motor_control_msgs/share/motor_control_msgs/cmake/export_motor_control_msgs__rosidl_typesupport_fastrtps_cExport-noconfig.cmake].
[2.142s] -- Installing: /home/loaf/Pinocchio_ws/install/motor_control_msgs/share/motor_control_msgs/cmake/export_motor_control_msgs__rosidl_typesupport_fastrtps_cExport.cmake
[2.142s] -- Installing: /home/loaf/Pinocchio_ws/install/motor_control_msgs/share/motor_control_msgs/cmake/export_motor_control_msgs__rosidl_typesupport_fastrtps_cExport-noconfig.cmake
[2.142s] -- Old export file "/home/loaf/Pinocchio_ws/install/motor_control_msgs/share/motor_control_msgs/cmake/motor_control_msgs__rosidl_typesupport_introspection_cExport.cmake" will be replaced.  Removing files [/home/loaf/Pinocchio_ws/install/motor_control_msgs/share/motor_control_msgs/cmake/motor_control_msgs__rosidl_typesupport_introspection_cExport-noconfig.cmake].
[2.142s] -- Installing: /home/loaf/Pinocchio_ws/install/motor_control_msgs/share/motor_control_msgs/cmake/motor_control_msgs__rosidl_typesupport_introspection_cExport.cmake
[2.142s] -- Installing: /home/loaf/Pinocchio_ws/install/motor_control_msgs/share/motor_control_msgs/cmake/motor_control_msgs__rosidl_typesupport_introspection_cExport-noconfig.cmake
[2.142s] -- Old export file "/home/loaf/Pinocchio_ws/install/motor_control_msgs/share/motor_control_msgs/cmake/motor_control_msgs__rosidl_typesupport_cExport.cmake" will be replaced.  Removing files [/home/loaf/Pinocchio_ws/install/motor_control_msgs/share/motor_control_msgs/cmake/motor_control_msgs__rosidl_typesupport_cExport-noconfig.cmake].
[2.142s] -- Installing: /home/loaf/Pinocchio_ws/install/motor_control_msgs/share/motor_control_msgs/cmake/motor_control_msgs__rosidl_typesupport_cExport.cmake
[2.142s] -- Installing: /home/loaf/Pinocchio_ws/install/motor_control_msgs/share/motor_control_msgs/cmake/motor_control_msgs__rosidl_typesupport_cExport-noconfig.cmake
[2.142s] -- Installing: /home/loaf/Pinocchio_ws/install/motor_control_msgs/share/motor_control_msgs/cmake/export_motor_control_msgs__rosidl_generator_cppExport.cmake
[2.143s] -- Old export file "/home/loaf/Pinocchio_ws/install/motor_control_msgs/share/motor_control_msgs/cmake/export_motor_control_msgs__rosidl_typesupport_fastrtps_cppExport.cmake" will be replaced.  Removing files [/home/loaf/Pinocchio_ws/install/motor_control_msgs/share/motor_control_msgs/cmake/export_motor_control_msgs__rosidl_typesupport_fastrtps_cppExport-noconfig.cmake].
[2.143s] -- Installing: /home/loaf/Pinocchio_ws/install/motor_control_msgs/share/motor_control_msgs/cmake/export_motor_control_msgs__rosidl_typesupport_fastrtps_cppExport.cmake
[2.143s] -- Installing: /home/loaf/Pinocchio_ws/install/motor_control_msgs/share/motor_control_msgs/cmake/export_motor_control_msgs__rosidl_typesupport_fastrtps_cppExport-noconfig.cmake
[2.143s] -- Old export file "/home/loaf/Pinocchio_ws/install/motor_control_msgs/share/motor_control_msgs/cmake/motor_control_msgs__rosidl_typesupport_introspection_cppExport.cmake" will be replaced.  Removing files [/home/loaf/Pinocchio_ws/install/motor_control_msgs/share/motor_control_msgs/cmake/motor_control_msgs__rosidl_typesupport_introspection_cppExport-noconfig.cmake].
[2.143s] -- Installing: /home/loaf/Pinocchio_ws/install/motor_control_msgs/share/motor_control_msgs/cmake/motor_control_msgs__rosidl_typesupport_introspection_cppExport.cmake
[2.143s] -- Installing: /home/loaf/Pinocchio_ws/install/motor_control_msgs/share/motor_control_msgs/cmake/motor_control_msgs__rosidl_typesupport_introspection_cppExport-noconfig.cmake
[2.143s] -- Old export file "/home/loaf/Pinocchio_ws/install/motor_control_msgs/share/motor_control_msgs/cmake/motor_control_msgs__rosidl_typesupport_cppExport.cmake" will be replaced.  Removing files [/home/loaf/Pinocchio_ws/install/motor_control_msgs/share/motor_control_msgs/cmake/motor_control_msgs__rosidl_typesupport_cppExport-noconfig.cmake].
[2.143s] -- Installing: /home/loaf/Pinocchio_ws/install/motor_control_msgs/share/motor_control_msgs/cmake/motor_control_msgs__rosidl_typesupport_cppExport.cmake
[2.143s] -- Installing: /home/loaf/Pinocchio_ws/install/motor_control_msgs/share/motor_control_msgs/cmake/motor_control_msgs__rosidl_typesupport_cppExport-noconfig.cmake
[2.143s] -- Old export file "/home/loaf/Pinocchio_ws/install/motor_control_msgs/share/motor_control_msgs/cmake/export_motor_control_msgs__rosidl_generator_pyExport.cmake" will be replaced.  Removing files [/home/loaf/Pinocchio_ws/install/motor_control_msgs/share/motor_control_msgs/cmake/export_motor_control_msgs__rosidl_generator_pyExport-noconfig.cmake].
[2.143s] -- Installing: /home/loaf/Pinocchio_ws/install/motor_control_msgs/share/motor_control_msgs/cmake/export_motor_control_msgs__rosidl_generator_pyExport.cmake
[2.143s] -- Installing: /home/loaf/Pinocchio_ws/install/motor_control_msgs/share/motor_control_msgs/cmake/export_motor_control_msgs__rosidl_generator_pyExport-noconfig.cmake
[2.143s] -- Up-to-date: /home/loaf/Pinocchio_ws/install/motor_control_msgs/share/motor_control_msgs/cmake/rosidl_cmake-extras.cmake
[2.143s] -- Installing: /home/loaf/Pinocchio_ws/install/motor_control_msgs/share/motor_control_msgs/cmake/ament_cmake_export_dependencies-extras.cmake
[2.143s] -- Up-to-date: /home/loaf/Pinocchio_ws/install/motor_control_msgs/share/motor_control_msgs/cmake/ament_cmake_export_include_directories-extras.cmake
[2.143s] -- Up-to-date: /home/loaf/Pinocchio_ws/install/motor_control_msgs/share/motor_control_msgs/cmake/ament_cmake_export_libraries-extras.cmake
[2.143s] -- Up-to-date: /home/loaf/Pinocchio_ws/install/motor_control_msgs/share/motor_control_msgs/cmake/ament_cmake_export_targets-extras.cmake
[2.143s] -- Up-to-date: /home/loaf/Pinocchio_ws/install/motor_control_msgs/share/motor_control_msgs/cmake/rosidl_cmake_export_typesupport_targets-extras.cmake
[2.143s] -- Up-to-date: /home/loaf/Pinocchio_ws/install/motor_control_msgs/share/motor_control_msgs/cmake/rosidl_cmake_export_typesupport_libraries-extras.cmake
[2.143s] -- Installing: /home/loaf/Pinocchio_ws/install/motor_control_msgs/share/motor_control_msgs/cmake/motor_control_msgsConfig.cmake
[2.143s] -- Up-to-date: /home/loaf/Pinocchio_ws/install/motor_control_msgs/share/motor_control_msgs/cmake/motor_control_msgsConfig-version.cmake
[2.144s] -- Installing: /home/loaf/Pinocchio_ws/install/motor_control_msgs/share/motor_control_msgs/package.xml
[2.145s] Invoked command in '/home/loaf/Pinocchio_ws/build/motor_control_msgs' returned '0': CMAKE_PREFIX_PATH=${CMAKE_PREFIX_PATH}:/opt/ros/humble /usr/bin/cmake --install /home/loaf/Pinocchio_ws/build/motor_control_msgs
