[35m[1mConsolidate compiler generated dependencies of target mujoco[0m
[ 60%] Built target mj
[ 80%] [32mBuilding CXX object CMakeFiles/mujoco.dir/src/mujoco.cpp.o[0m
[01m[K/home/loaf/Pinocchio_ws/src/mujoco_pkg/src/mujoco.cpp:129:45:[m[K [01;31m[Kerror: [m[K‘[01m[Ks_name[m[K’ was not declared in this scope; did you mean ‘[01m[Ktzname[m[K’?
  129 |   int sensor_id = mj_name2id(m,mjOBJ_SENSOR,[01;31m[Ks_name[m[K.c_str());
      |                                             [01;31m[K^~~~~~[m[K
      |                                             [32m[Ktzname[m[K
[01m[K/home/loaf/Pinocchio_ws/src/mujoco_pkg/src/mujoco.cpp:133:3:[m[K [01;31m[Kerror: [m[Kexpected unqualified-id before ‘[01m[Kfor[m[K’
  133 |   [01;31m[Kfor[m[K (int i = 0; i < sensor_data.size(); i++){
      |   [01;31m[K^~~[m[K
[01m[K/home/loaf/Pinocchio_ws/src/mujoco_pkg/src/mujoco.cpp:133:19:[m[K [01;31m[Kerror: [m[K‘[01m[Ki[m[K’ does not name a type
  133 |   for (int i = 0; [01;31m[Ki[m[K < sensor_data.size(); i++){
      |                   [01;31m[K^[m[K
[01m[K/home/loaf/Pinocchio_ws/src/mujoco_pkg/src/mujoco.cpp:133:43:[m[K [01;31m[Kerror: [m[K‘[01m[Ki[m[K’ does not name a type
  133 |   for (int i = 0; i < sensor_data.size(); [01;31m[Ki[m[K++){
      |                                           [01;31m[K^[m[K
[01m[K/home/loaf/Pinocchio_ws/src/mujoco_pkg/src/mujoco.cpp:136:3:[m[K [01;31m[Kerror: [m[Kexpected unqualified-id before ‘[01m[Kreturn[m[K’
  136 |   [01;31m[Kreturn[m[K sensor_data;
      |   [01;31m[K^~~~~~[m[K
[01m[K/home/loaf/Pinocchio_ws/src/mujoco_pkg/src/mujoco.cpp:137:1:[m[K [01;31m[Kerror: [m[Kexpected declaration before ‘[01m[K}[m[K’ token
  137 | [01;31m[K}[m[K
      | [01;31m[K^[m[K
gmake[2]: *** [CMakeFiles/mujoco.dir/build.make:76：CMakeFiles/mujoco.dir/src/mujoco.cpp.o] 错误 1
gmake[1]: *** [CMakeFiles/Makefile2:165：CMakeFiles/mujoco.dir/all] 错误 2
gmake: *** [Makefile:146：all] 错误 2
