[0.008s] Invoking command in '/home/loaf/Pinocchio_ws/build/mujoco_pkg': CMAKE_PREFIX_PATH=${CMAKE_PREFIX_PATH}:/opt/ros/humble /usr/bin/cmake --build /home/loaf/Pinocchio_ws/build/mujoco_pkg -- -j24 -l24
[0.039s] [35m[1mConsolidate compiler generated dependencies of target mujoco[0m
[0.048s] [ 60%] Built target mj
[0.050s] [ 80%] [32mBuilding CXX object CMakeFiles/mujoco.dir/src/mujoco.cpp.o[0m
[1.383s] [01m[K/home/loaf/Pinocchio_ws/src/mujoco_pkg/src/mujoco.cpp:129:45:[m[K [01;31m[Kerror: [m[K‘[01m[Ks_name[m[K’ was not declared in this scope; did you mean ‘[01m[Ktzname[m[K’?
[1.383s]   129 |   int sensor_id = mj_name2id(m,mjOBJ_SENSOR,[01;31m[Ks_name[m[K.c_str());
[1.383s]       |                                             [01;31m[K^~~~~~[m[K
[1.383s]       |                                             [32m[Ktzname[m[K
[1.383s] [01m[K/home/loaf/Pinocchio_ws/src/mujoco_pkg/src/mujoco.cpp:133:3:[m[K [01;31m[Kerror: [m[Kexpected unqualified-id before ‘[01m[Kfor[m[K’
[1.383s]   133 |   [01;31m[Kfor[m[K (int i = 0; i < sensor_data.size(); i++){
[1.383s]       |   [01;31m[K^~~[m[K
[1.384s] [01m[K/home/loaf/Pinocchio_ws/src/mujoco_pkg/src/mujoco.cpp:133:19:[m[K [01;31m[Kerror: [m[K‘[01m[Ki[m[K’ does not name a type
[1.384s]   133 |   for (int i = 0; [01;31m[Ki[m[K < sensor_data.size(); i++){
[1.384s]       |                   [01;31m[K^[m[K
[1.385s] [01m[K/home/loaf/Pinocchio_ws/src/mujoco_pkg/src/mujoco.cpp:133:43:[m[K [01;31m[Kerror: [m[K‘[01m[Ki[m[K’ does not name a type
[1.385s]   133 |   for (int i = 0; i < sensor_data.size(); [01;31m[Ki[m[K++){
[1.385s]       |                                           [01;31m[K^[m[K
[1.385s] [01m[K/home/loaf/Pinocchio_ws/src/mujoco_pkg/src/mujoco.cpp:136:3:[m[K [01;31m[Kerror: [m[Kexpected unqualified-id before ‘[01m[Kreturn[m[K’
[1.385s]   136 |   [01;31m[Kreturn[m[K sensor_data;
[1.385s]       |   [01;31m[K^~~~~~[m[K
[1.385s] [01m[K/home/loaf/Pinocchio_ws/src/mujoco_pkg/src/mujoco.cpp:137:1:[m[K [01;31m[Kerror: [m[Kexpected declaration before ‘[01m[K}[m[K’ token
[1.385s]   137 | [01;31m[K}[m[K
[1.386s]       | [01;31m[K^[m[K
[1.776s] gmake[2]: *** [CMakeFiles/mujoco.dir/build.make:76：CMakeFiles/mujoco.dir/src/mujoco.cpp.o] 错误 1
[1.776s] gmake[1]: *** [CMakeFiles/Makefile2:165：CMakeFiles/mujoco.dir/all] 错误 2
[1.776s] gmake: *** [Makefile:146：all] 错误 2
[1.778s] Invoked command in '/home/loaf/Pinocchio_ws/build/mujoco_pkg' returned '2': CMAKE_PREFIX_PATH=${CMAKE_PREFIX_PATH}:/opt/ros/humble /usr/bin/cmake --build /home/loaf/Pinocchio_ws/build/mujoco_pkg -- -j24 -l24
