[0.008s] Invoking command in '/home/loaf/Pinocchio_ws/build/control_pkg': CMAKE_PREFIX_PATH=/opt/ros/humble /usr/bin/cmake /home/loaf/Pinocchio_ws/src/control_pkg -DCMAKE_INSTALL_PREFIX=/home/loaf/Pinocchio_ws/install/control_pkg
[0.142s] -- The C compiler identification is GNU 11.4.0
[0.264s] -- The CXX compiler identification is GNU 11.4.0
[0.272s] -- Detecting C compiler ABI info
[0.345s] -- Detecting C compiler ABI info - done
[0.350s] -- Check for working C compiler: /usr/bin/cc - skipped
[0.351s] -- Detecting C compile features
[0.351s] -- Detecting C compile features - done
[0.354s] -- Detecting CXX compiler ABI info
[0.431s] -- Detecting CXX compiler ABI info - done
[0.435s] -- Check for working CXX compiler: /usr/bin/c++ - skipped
[0.436s] -- Detecting CXX compile features
[0.436s] -- Detecting CXX compile features - done
[0.441s] -- Found ament_cmake: 1.3.13 (/opt/ros/humble/share/ament_cmake/cmake)
[0.553s] -- Found Python3: /usr/bin/python3 (found version "3.10.12") found components: Interpreter 
[0.622s] -- Found ament_lint_auto: 0.12.15 (/opt/ros/humble/share/ament_lint_auto/cmake)
[0.674s] -- Added test 'flake8' to check Python code syntax and style conventions
[0.674s] -- Added test 'lint_cmake' to check CMake code style
[0.674s] -- Added test 'pep257' to check Python code against some of the docstring style conventions in PEP 257
[0.675s] -- Added test 'xmllint' to check XML markup files
[0.676s] -- Configuring done
[0.677s] -- Generating done
[0.678s] -- Build files have been written to: /home/loaf/Pinocchio_ws/build/control_pkg
[0.681s] Invoked command in '/home/loaf/Pinocchio_ws/build/control_pkg' returned '0': CMAKE_PREFIX_PATH=/opt/ros/humble /usr/bin/cmake /home/loaf/Pinocchio_ws/src/control_pkg -DCMAKE_INSTALL_PREFIX=/home/loaf/Pinocchio_ws/install/control_pkg
[0.681s] Invoking command in '/home/loaf/Pinocchio_ws/build/control_pkg': CMAKE_PREFIX_PATH=/opt/ros/humble /usr/bin/cmake --build /home/loaf/Pinocchio_ws/build/control_pkg -- -j24 -l24
[0.714s] Invoked command in '/home/loaf/Pinocchio_ws/build/control_pkg' returned '0': CMAKE_PREFIX_PATH=/opt/ros/humble /usr/bin/cmake --build /home/loaf/Pinocchio_ws/build/control_pkg -- -j24 -l24
[0.717s] Invoking command in '/home/loaf/Pinocchio_ws/build/control_pkg': CMAKE_PREFIX_PATH=/opt/ros/humble /usr/bin/cmake --install /home/loaf/Pinocchio_ws/build/control_pkg
[0.725s] -- Install configuration: ""
[0.725s] -- Installing: /home/loaf/Pinocchio_ws/install/control_pkg/share/control_pkg/launch
[0.725s] -- Installing: /home/loaf/Pinocchio_ws/install/control_pkg/share/control_pkg/launch/bringup.launch.py
[0.725s] -- Installing: /home/loaf/Pinocchio_ws/install/control_pkg/share/control_pkg/controller_config
[0.725s] -- Installing: /home/loaf/Pinocchio_ws/install/control_pkg/share/control_pkg/controller_config/config.yaml
[0.726s] -- Installing: /home/loaf/Pinocchio_ws/install/control_pkg/share/control_pkg/ros2_control_config
[0.726s] -- Installing: /home/loaf/Pinocchio_ws/install/control_pkg/share/control_pkg/ros2_control_config/control.ros2_control.xacro
[0.726s] -- Installing: /home/loaf/Pinocchio_ws/install/control_pkg/share/control_pkg/rviz_config
[0.726s] -- Installing: /home/loaf/Pinocchio_ws/install/control_pkg/share/control_pkg/rviz_config/rviz.rviz
[0.726s] -- Installing: /home/loaf/Pinocchio_ws/install/control_pkg/share/ament_index/resource_index/package_run_dependencies/control_pkg
[0.726s] -- Installing: /home/loaf/Pinocchio_ws/install/control_pkg/share/ament_index/resource_index/parent_prefix_path/control_pkg
[0.726s] -- Installing: /home/loaf/Pinocchio_ws/install/control_pkg/share/control_pkg/environment/ament_prefix_path.sh
[0.726s] -- Installing: /home/loaf/Pinocchio_ws/install/control_pkg/share/control_pkg/environment/ament_prefix_path.dsv
[0.726s] -- Installing: /home/loaf/Pinocchio_ws/install/control_pkg/share/control_pkg/environment/path.sh
[0.727s] -- Installing: /home/loaf/Pinocchio_ws/install/control_pkg/share/control_pkg/environment/path.dsv
[0.727s] -- Installing: /home/loaf/Pinocchio_ws/install/control_pkg/share/control_pkg/local_setup.bash
[0.727s] -- Installing: /home/loaf/Pinocchio_ws/install/control_pkg/share/control_pkg/local_setup.sh
[0.727s] -- Installing: /home/loaf/Pinocchio_ws/install/control_pkg/share/control_pkg/local_setup.zsh
[0.727s] -- Installing: /home/loaf/Pinocchio_ws/install/control_pkg/share/control_pkg/local_setup.dsv
[0.727s] -- Installing: /home/loaf/Pinocchio_ws/install/control_pkg/share/control_pkg/package.dsv
[0.727s] -- Installing: /home/loaf/Pinocchio_ws/install/control_pkg/share/ament_index/resource_index/packages/control_pkg
[0.727s] -- Installing: /home/loaf/Pinocchio_ws/install/control_pkg/share/control_pkg/cmake/control_pkgConfig.cmake
[0.727s] -- Installing: /home/loaf/Pinocchio_ws/install/control_pkg/share/control_pkg/cmake/control_pkgConfig-version.cmake
[0.727s] -- Installing: /home/loaf/Pinocchio_ws/install/control_pkg/share/control_pkg/package.xml
[0.729s] Invoked command in '/home/loaf/Pinocchio_ws/build/control_pkg' returned '0': CMAKE_PREFIX_PATH=/opt/ros/humble /usr/bin/cmake --install /home/loaf/Pinocchio_ws/build/control_pkg
