[0.008s] Invoking command in '/home/loaf/Pinocchio_ws/build/mit_controllers': CMAKE_PREFIX_PATH=/home/loaf/Pinocchio_ws/install/motor_control_msgs:/home/loaf/Pinocchio_ws/install/mujoco_pkg:/home/loaf/Pinocchio_ws/install/mit_controllers:/home/loaf/Pinocchio_ws/install/control_pkg:/home/loaf/Pinocchio_ws/install/descrip_pino:/opt/ros/humble LD_LIBRARY_PATH=/home/loaf/Pinocchio_ws/install/motor_control_msgs/lib:/home/loaf/Pinocchio_ws/install/mit_controllers/lib:/usr/lib/x86_64-linux-gnu/gazebo-11/plugins:/opt/ros/humble/opt/rviz_ogre_vendor/lib:/opt/ros/humble/lib/x86_64-linux-gnu:/opt/ros/humble/lib /usr/bin/cmake --build /home/loaf/Pinocchio_ws/build/mit_controllers -- -j24 -l24
[0.039s] [35m[1mConsolidate compiler generated dependencies of target mit_controllers[0m
[0.058s] [ 50%] [32mBuilding CXX object CMakeFiles/mit_controllers.dir/src/mit_controllers.cpp.o[0m
[4.645s] [100%] [32m[1mLinking CXX shared library libmit_controllers.so[0m
[4.908s] [100%] Built target mit_controllers
[4.916s] Invoked command in '/home/loaf/Pinocchio_ws/build/mit_controllers' returned '0': CMAKE_PREFIX_PATH=/home/loaf/Pinocchio_ws/install/motor_control_msgs:/home/loaf/Pinocchio_ws/install/mujoco_pkg:/home/loaf/Pinocchio_ws/install/mit_controllers:/home/loaf/Pinocchio_ws/install/control_pkg:/home/loaf/Pinocchio_ws/install/descrip_pino:/opt/ros/humble LD_LIBRARY_PATH=/home/loaf/Pinocchio_ws/install/motor_control_msgs/lib:/home/loaf/Pinocchio_ws/install/mit_controllers/lib:/usr/lib/x86_64-linux-gnu/gazebo-11/plugins:/opt/ros/humble/opt/rviz_ogre_vendor/lib:/opt/ros/humble/lib/x86_64-linux-gnu:/opt/ros/humble/lib /usr/bin/cmake --build /home/loaf/Pinocchio_ws/build/mit_controllers -- -j24 -l24
[4.917s] Invoking command in '/home/loaf/Pinocchio_ws/build/mit_controllers': CMAKE_PREFIX_PATH=/home/loaf/Pinocchio_ws/install/motor_control_msgs:/home/loaf/Pinocchio_ws/install/mujoco_pkg:/home/loaf/Pinocchio_ws/install/mit_controllers:/home/loaf/Pinocchio_ws/install/control_pkg:/home/loaf/Pinocchio_ws/install/descrip_pino:/opt/ros/humble LD_LIBRARY_PATH=/home/loaf/Pinocchio_ws/install/motor_control_msgs/lib:/home/loaf/Pinocchio_ws/install/mit_controllers/lib:/usr/lib/x86_64-linux-gnu/gazebo-11/plugins:/opt/ros/humble/opt/rviz_ogre_vendor/lib:/opt/ros/humble/lib/x86_64-linux-gnu:/opt/ros/humble/lib /usr/bin/cmake --install /home/loaf/Pinocchio_ws/build/mit_controllers
[4.921s] -- Install configuration: ""
[4.921s] -- Up-to-date: /home/loaf/Pinocchio_ws/install/mit_controllers/share/mit_controllers/mit_controller_plugin.xml
[4.921s] -- Installing: /home/loaf/Pinocchio_ws/install/mit_controllers/lib/libmit_controllers.so
[4.926s] -- Set runtime path of "/home/loaf/Pinocchio_ws/install/mit_controllers/lib/libmit_controllers.so" to ""
[4.927s] -- Up-to-date: /home/loaf/Pinocchio_ws/install/mit_controllers/include/include
[4.927s] -- Up-to-date: /home/loaf/Pinocchio_ws/install/mit_controllers/include/include/mit_controllers.hpp
[4.927s] -- Up-to-date: /home/loaf/Pinocchio_ws/install/mit_controllers/share/mit_controllers/environment/library_path.sh
[4.927s] -- Up-to-date: /home/loaf/Pinocchio_ws/install/mit_controllers/share/mit_controllers/environment/library_path.dsv
[4.927s] -- Up-to-date: /home/loaf/Pinocchio_ws/install/mit_controllers/share/ament_index/resource_index/package_run_dependencies/mit_controllers
[4.927s] -- Up-to-date: /home/loaf/Pinocchio_ws/install/mit_controllers/share/ament_index/resource_index/parent_prefix_path/mit_controllers
[4.927s] -- Up-to-date: /home/loaf/Pinocchio_ws/install/mit_controllers/share/mit_controllers/environment/ament_prefix_path.sh
[4.927s] -- Up-to-date: /home/loaf/Pinocchio_ws/install/mit_controllers/share/mit_controllers/environment/ament_prefix_path.dsv
[4.927s] -- Up-to-date: /home/loaf/Pinocchio_ws/install/mit_controllers/share/mit_controllers/environment/path.sh
[4.927s] -- Up-to-date: /home/loaf/Pinocchio_ws/install/mit_controllers/share/mit_controllers/environment/path.dsv
[4.927s] -- Up-to-date: /home/loaf/Pinocchio_ws/install/mit_controllers/share/mit_controllers/local_setup.bash
[4.927s] -- Up-to-date: /home/loaf/Pinocchio_ws/install/mit_controllers/share/mit_controllers/local_setup.sh
[4.927s] -- Up-to-date: /home/loaf/Pinocchio_ws/install/mit_controllers/share/mit_controllers/local_setup.zsh
[4.927s] -- Up-to-date: /home/loaf/Pinocchio_ws/install/mit_controllers/share/mit_controllers/local_setup.dsv
[4.927s] -- Installing: /home/loaf/Pinocchio_ws/install/mit_controllers/share/mit_controllers/package.dsv
[4.927s] -- Up-to-date: /home/loaf/Pinocchio_ws/install/mit_controllers/share/ament_index/resource_index/packages/mit_controllers
[4.928s] -- Up-to-date: /home/loaf/Pinocchio_ws/install/mit_controllers/share/ament_index/resource_index/controller_interface__pluginlib__plugin/mit_controllers
[4.928s] -- Up-to-date: /home/loaf/Pinocchio_ws/install/mit_controllers/share/mit_controllers/cmake/ament_cmake_export_libraries-extras.cmake
[4.928s] -- Up-to-date: /home/loaf/Pinocchio_ws/install/mit_controllers/share/mit_controllers/cmake/ament_cmake_export_dependencies-extras.cmake
[4.928s] -- Up-to-date: /home/loaf/Pinocchio_ws/install/mit_controllers/share/mit_controllers/cmake/mit_controllersConfig.cmake
[4.928s] -- Up-to-date: /home/loaf/Pinocchio_ws/install/mit_controllers/share/mit_controllers/cmake/mit_controllersConfig-version.cmake
[4.928s] -- Up-to-date: /home/loaf/Pinocchio_ws/install/mit_controllers/share/mit_controllers/package.xml
[4.930s] Invoked command in '/home/loaf/Pinocchio_ws/build/mit_controllers' returned '0': CMAKE_PREFIX_PATH=/home/loaf/Pinocchio_ws/install/motor_control_msgs:/home/loaf/Pinocchio_ws/install/mujoco_pkg:/home/loaf/Pinocchio_ws/install/mit_controllers:/home/loaf/Pinocchio_ws/install/control_pkg:/home/loaf/Pinocchio_ws/install/descrip_pino:/opt/ros/humble LD_LIBRARY_PATH=/home/loaf/Pinocchio_ws/install/motor_control_msgs/lib:/home/loaf/Pinocchio_ws/install/mit_controllers/lib:/usr/lib/x86_64-linux-gnu/gazebo-11/plugins:/opt/ros/humble/opt/rviz_ogre_vendor/lib:/opt/ros/humble/lib/x86_64-linux-gnu:/opt/ros/humble/lib /usr/bin/cmake --install /home/loaf/Pinocchio_ws/build/mit_controllers
