[0.013s] Invoking command in '/home/loaf/Pinocchio_ws/build/motor_control_msgs': CMAKE_PREFIX_PATH=${CMAKE_PREFIX_PATH}:/opt/ros/humble /usr/bin/cmake /home/loaf/Pinocchio_ws/src/motor_control_msgs -DCMAKE_INSTALL_PREFIX=/home/loaf/Pinocchio_ws/install/motor_control_msgs
[0.062s] -- The C compiler identification is GNU 11.4.0
[0.109s] -- The CXX compiler identification is GNU 11.4.0
[0.115s] -- Detecting C compiler ABI info
[0.162s] -- Detecting C compiler ABI info - done
[0.167s] -- Check for working C compiler: /usr/bin/cc - skipped
[0.167s] -- Detecting C compile features
[0.167s] -- Detecting C compile features - done
[0.169s] -- Detecting CXX compiler ABI info
[0.225s] -- Detecting CXX compiler ABI info - done
[0.230s] -- Check for working CXX compiler: /usr/bin/c++ - skipped
[0.230s] -- Detecting CXX compile features
[0.231s] -- Detecting CXX compile features - done
[0.232s] -- Found ament_cmake: 1.3.14 (/opt/ros/humble/share/ament_cmake/cmake)
[0.337s] -- Found Python3: /usr/bin/python3 (found version "3.10.12") found components: Interpreter 
[0.397s] -- Found rosidl_default_generators: 1.2.1 (/opt/ros/humble/share/rosidl_default_generators/cmake)
[0.401s] -- Using all available rosidl_typesupport_c: rosidl_typesupport_fastrtps_c;rosidl_typesupport_introspection_c
[0.405s] -- Found rosidl_adapter: 3.1.8 (/opt/ros/humble/share/rosidl_adapter/cmake)
[0.432s] -- Using all available rosidl_typesupport_cpp: rosidl_typesupport_fastrtps_cpp;rosidl_typesupport_introspection_cpp
[0.623s] -- Found ament_cmake_ros: 0.10.0 (/opt/ros/humble/share/ament_cmake_ros/cmake)
[0.749s] -- Using all available rosidl_typesupport_c: rosidl_typesupport_fastrtps_c;rosidl_typesupport_introspection_c
[0.919s] -- Using all available rosidl_typesupport_cpp: rosidl_typesupport_fastrtps_cpp;rosidl_typesupport_introspection_cpp
[0.936s] -- Found PythonInterp: /usr/bin/python3 (found suitable version "3.10.12", minimum required is "3.6") 
[0.937s] -- Found python_cmake_module: 0.10.0 (/opt/ros/humble/share/python_cmake_module/cmake)
[0.954s] -- Found PythonLibs: /usr/lib/x86_64-linux-gnu/libpython3.10.so (found suitable version "3.10.12", minimum required is "3.5") 
[0.954s] -- Using PYTHON_EXECUTABLE: /usr/bin/python3
[0.954s] -- Using PYTHON_INCLUDE_DIRS: /usr/include/python3.10
[0.954s] -- Using PYTHON_LIBRARIES: /usr/lib/x86_64-linux-gnu/libpython3.10.so
[0.970s] -- Found PythonExtra: .so  
[1.036s] -- Configuring done
[1.051s] -- Generating done
[1.057s] -- Build files have been written to: /home/loaf/Pinocchio_ws/build/motor_control_msgs
[1.064s] Invoked command in '/home/loaf/Pinocchio_ws/build/motor_control_msgs' returned '0': CMAKE_PREFIX_PATH=${CMAKE_PREFIX_PATH}:/opt/ros/humble /usr/bin/cmake /home/loaf/Pinocchio_ws/src/motor_control_msgs -DCMAKE_INSTALL_PREFIX=/home/loaf/Pinocchio_ws/install/motor_control_msgs
[1.065s] Invoking command in '/home/loaf/Pinocchio_ws/build/motor_control_msgs': CMAKE_PREFIX_PATH=${CMAKE_PREFIX_PATH}:/opt/ros/humble /usr/bin/cmake --build /home/loaf/Pinocchio_ws/build/motor_control_msgs -- -j24 -l24
[1.095s] [  3%] [34m[1mGenerating C code for ROS interfaces[0m
[1.101s] [  6%] [34m[1mGenerating C++ code for ROS interfaces[0m
[1.102s] [  9%] [34m[1mGenerating Rust code for ROS interfaces[0m
[1.108s] [  9%] Built target ament_cmake_python_copy_motor_control_msgs
[1.269s] [  9%] Built target motor_control_msgs__rs
[1.272s] [ 12%] [32mBuilding C object CMakeFiles/motor_control_msgs__rosidl_generator_c.dir/rosidl_generator_c/motor_control_msgs/msg/detail/dm_interface__functions.c.o[0m
[1.276s] running egg_info
[1.276s] creating motor_control_msgs.egg-info
[1.277s] writing motor_control_msgs.egg-info/PKG-INFO
[1.277s] writing dependency_links to motor_control_msgs.egg-info/dependency_links.txt
[1.277s] writing top-level names to motor_control_msgs.egg-info/top_level.txt
[1.277s] writing manifest file 'motor_control_msgs.egg-info/SOURCES.txt'
[1.279s] reading manifest file 'motor_control_msgs.egg-info/SOURCES.txt'
[1.279s] writing manifest file 'motor_control_msgs.egg-info/SOURCES.txt'
[1.288s] [ 12%] Built target motor_control_msgs__cpp
[1.296s] [ 18%] [34m[1mGenerating C++ type support for eProsima Fast-RTPS[0m
[1.296s] [ 18%] [34m[1mGenerating C++ type support dispatch for ROS interfaces[0m
[1.296s] [ 21%] [34m[1mGenerating C++ introspection for ROS interfaces[0m
[1.300s] [ 21%] Built target ament_cmake_python_build_motor_control_msgs_egg
[1.306s] [ 25%] [32m[1mLinking C shared library libmotor_control_msgs__rosidl_generator_c.so[0m
[1.343s] [ 25%] Built target motor_control_msgs__rosidl_generator_c
[1.350s] [ 31%] [34m[1mGenerating C introspection for ROS interfaces[0m
[1.350s] [ 31%] [34m[1mGenerating C type support dispatch for ROS interfaces[0m
[1.352s] [ 34%] [34m[1mGenerating C type support for eProsima Fast-RTPS[0m
[1.447s] [ 37%] [32mBuilding CXX object CMakeFiles/motor_control_msgs__rosidl_typesupport_cpp.dir/rosidl_typesupport_cpp/motor_control_msgs/msg/dm_interface__type_support.cpp.o[0m
[1.460s] [ 40%] [32mBuilding CXX object CMakeFiles/motor_control_msgs__rosidl_typesupport_introspection_cpp.dir/rosidl_typesupport_introspection_cpp/motor_control_msgs/msg/detail/dm_interface__type_support.cpp.o[0m
[1.466s] [ 43%] [32mBuilding CXX object CMakeFiles/motor_control_msgs__rosidl_typesupport_fastrtps_cpp.dir/rosidl_typesupport_fastrtps_cpp/motor_control_msgs/msg/detail/dds_fastrtps/dm_interface__type_support.cpp.o[0m
[1.523s] [ 46%] [32mBuilding CXX object CMakeFiles/motor_control_msgs__rosidl_typesupport_fastrtps_c.dir/rosidl_typesupport_fastrtps_c/motor_control_msgs/msg/detail/dm_interface__type_support_c.cpp.o[0m
[1.533s] [ 50%] [32mBuilding C object CMakeFiles/motor_control_msgs__rosidl_typesupport_introspection_c.dir/rosidl_typesupport_introspection_c/motor_control_msgs/msg/detail/dm_interface__type_support.c.o[0m
[1.552s] [ 53%] [32mBuilding CXX object CMakeFiles/motor_control_msgs__rosidl_typesupport_c.dir/rosidl_typesupport_c/motor_control_msgs/msg/dm_interface__type_support.cpp.o[0m
[1.572s] [ 56%] [32m[1mLinking C shared library libmotor_control_msgs__rosidl_typesupport_introspection_c.so[0m
[1.577s] [ 59%] [32m[1mLinking CXX shared library libmotor_control_msgs__rosidl_typesupport_c.so[0m
[1.599s] [ 59%] Built target motor_control_msgs__rosidl_typesupport_introspection_c
[1.609s] [ 59%] Built target motor_control_msgs__rosidl_typesupport_c
[1.614s] [ 62%] [32m[1mLinking CXX shared library libmotor_control_msgs__rosidl_typesupport_cpp.so[0m
[1.648s] [ 62%] Built target motor_control_msgs__rosidl_typesupport_cpp
[1.729s] [ 65%] [32m[1mLinking CXX shared library libmotor_control_msgs__rosidl_typesupport_fastrtps_c.so[0m
[1.766s] [ 68%] [32m[1mLinking CXX shared library libmotor_control_msgs__rosidl_typesupport_fastrtps_cpp.so[0m
[1.789s] [ 68%] Built target motor_control_msgs__rosidl_typesupport_fastrtps_c
[1.813s] [ 71%] [32m[1mLinking CXX shared library libmotor_control_msgs__rosidl_typesupport_introspection_cpp.so[0m
[1.824s] [ 71%] Built target motor_control_msgs__rosidl_typesupport_fastrtps_cpp
[1.866s] [ 71%] Built target motor_control_msgs__rosidl_typesupport_introspection_cpp
[1.882s] [ 71%] Built target motor_control_msgs
[1.897s] [ 75%] [34m[1mGenerating Python code for ROS interfaces[0m
[2.093s] [ 75%] Built target motor_control_msgs__py
[2.108s] [ 78%] [32mBuilding C object CMakeFiles/motor_control_msgs__rosidl_generator_py.dir/rosidl_generator_py/motor_control_msgs/msg/_dm_interface_s.c.o[0m
[2.193s] [ 81%] [32m[1mLinking C shared library rosidl_generator_py/motor_control_msgs/libmotor_control_msgs__rosidl_generator_py.so[0m
[2.224s] [ 81%] Built target motor_control_msgs__rosidl_generator_py
[2.242s] [ 84%] [32mBuilding C object CMakeFiles/motor_control_msgs__rosidl_typesupport_introspection_c__pyext.dir/rosidl_generator_py/motor_control_msgs/_motor_control_msgs_s.ep.rosidl_typesupport_introspection_c.c.o[0m
[2.242s] [ 90%] [32mBuilding C object CMakeFiles/motor_control_msgs__rosidl_typesupport_c__pyext.dir/rosidl_generator_py/motor_control_msgs/_motor_control_msgs_s.ep.rosidl_typesupport_c.c.o[0m
[2.242s] [ 90%] [32mBuilding C object CMakeFiles/motor_control_msgs__rosidl_typesupport_fastrtps_c__pyext.dir/rosidl_generator_py/motor_control_msgs/_motor_control_msgs_s.ep.rosidl_typesupport_fastrtps_c.c.o[0m
[2.301s] [100%] [32m[1mLinking C shared library rosidl_generator_py/motor_control_msgs/motor_control_msgs_s__rosidl_typesupport_fastrtps_c.cpython-310-x86_64-linux-gnu.so[0m
[2.301s] [100%] [32m[1mLinking C shared library rosidl_generator_py/motor_control_msgs/motor_control_msgs_s__rosidl_typesupport_c.cpython-310-x86_64-linux-gnu.so[0m
[2.302s] [100%] [32m[1mLinking C shared library rosidl_generator_py/motor_control_msgs/motor_control_msgs_s__rosidl_typesupport_introspection_c.cpython-310-x86_64-linux-gnu.so[0m
[2.325s] [100%] Built target motor_control_msgs__rosidl_typesupport_introspection_c__pyext
[2.325s] [100%] Built target motor_control_msgs__rosidl_typesupport_c__pyext
[2.327s] [100%] Built target motor_control_msgs__rosidl_typesupport_fastrtps_c__pyext
[2.338s] Invoked command in '/home/loaf/Pinocchio_ws/build/motor_control_msgs' returned '0': CMAKE_PREFIX_PATH=${CMAKE_PREFIX_PATH}:/opt/ros/humble /usr/bin/cmake --build /home/loaf/Pinocchio_ws/build/motor_control_msgs -- -j24 -l24
[2.339s] Invoking command in '/home/loaf/Pinocchio_ws/build/motor_control_msgs': CMAKE_PREFIX_PATH=${CMAKE_PREFIX_PATH}:/opt/ros/humble /usr/bin/cmake --install /home/loaf/Pinocchio_ws/build/motor_control_msgs
[2.344s] -- Install configuration: ""
[2.345s] -- Installing: /home/loaf/Pinocchio_ws/install/motor_control_msgs/share/ament_index/resource_index/rosidl_interfaces/motor_control_msgs
[2.345s] -- Installing: /home/loaf/Pinocchio_ws/install/motor_control_msgs/include/motor_control_msgs/motor_control_msgs
[2.345s] -- Installing: /home/loaf/Pinocchio_ws/install/motor_control_msgs/include/motor_control_msgs/motor_control_msgs/msg
[2.345s] -- Installing: /home/loaf/Pinocchio_ws/install/motor_control_msgs/include/motor_control_msgs/motor_control_msgs/msg/detail
[2.345s] -- Installing: /home/loaf/Pinocchio_ws/install/motor_control_msgs/include/motor_control_msgs/motor_control_msgs/msg/detail/dm_interface__type_support.h
[2.345s] -- Installing: /home/loaf/Pinocchio_ws/install/motor_control_msgs/include/motor_control_msgs/motor_control_msgs/msg/detail/dm_interface__struct.h
[2.345s] -- Installing: /home/loaf/Pinocchio_ws/install/motor_control_msgs/include/motor_control_msgs/motor_control_msgs/msg/detail/dm_interface__functions.h
[2.345s] -- Installing: /home/loaf/Pinocchio_ws/install/motor_control_msgs/include/motor_control_msgs/motor_control_msgs/msg/detail/dm_interface__functions.c
[2.345s] -- Installing: /home/loaf/Pinocchio_ws/install/motor_control_msgs/include/motor_control_msgs/motor_control_msgs/msg/dm_interface.h
[2.345s] -- Installing: /home/loaf/Pinocchio_ws/install/motor_control_msgs/include/motor_control_msgs/motor_control_msgs/msg/rosidl_generator_c__visibility_control.h
[2.345s] -- Installing: /home/loaf/Pinocchio_ws/install/motor_control_msgs/share/motor_control_msgs/environment/library_path.sh
[2.346s] -- Installing: /home/loaf/Pinocchio_ws/install/motor_control_msgs/share/motor_control_msgs/environment/library_path.dsv
[2.346s] -- Installing: /home/loaf/Pinocchio_ws/install/motor_control_msgs/lib/libmotor_control_msgs__rosidl_generator_c.so
[2.346s] -- Set runtime path of "/home/loaf/Pinocchio_ws/install/motor_control_msgs/lib/libmotor_control_msgs__rosidl_generator_c.so" to ""
[2.346s] -- Up-to-date: /home/loaf/Pinocchio_ws/install/motor_control_msgs/include/motor_control_msgs/motor_control_msgs
[2.346s] -- Up-to-date: /home/loaf/Pinocchio_ws/install/motor_control_msgs/include/motor_control_msgs/motor_control_msgs/msg
[2.346s] -- Up-to-date: /home/loaf/Pinocchio_ws/install/motor_control_msgs/include/motor_control_msgs/motor_control_msgs/msg/detail
[2.346s] -- Installing: /home/loaf/Pinocchio_ws/install/motor_control_msgs/include/motor_control_msgs/motor_control_msgs/msg/detail/dm_interface__rosidl_typesupport_fastrtps_c.h
[2.346s] -- Installing: /home/loaf/Pinocchio_ws/install/motor_control_msgs/include/motor_control_msgs/motor_control_msgs/msg/rosidl_typesupport_fastrtps_c__visibility_control.h
[2.346s] -- Installing: /home/loaf/Pinocchio_ws/install/motor_control_msgs/lib/libmotor_control_msgs__rosidl_typesupport_fastrtps_c.so
[2.346s] -- Set runtime path of "/home/loaf/Pinocchio_ws/install/motor_control_msgs/lib/libmotor_control_msgs__rosidl_typesupport_fastrtps_c.so" to ""
[2.346s] -- Up-to-date: /home/loaf/Pinocchio_ws/install/motor_control_msgs/include/motor_control_msgs/motor_control_msgs
[2.346s] -- Up-to-date: /home/loaf/Pinocchio_ws/install/motor_control_msgs/include/motor_control_msgs/motor_control_msgs/msg
[2.347s] -- Up-to-date: /home/loaf/Pinocchio_ws/install/motor_control_msgs/include/motor_control_msgs/motor_control_msgs/msg/detail
[2.347s] -- Installing: /home/loaf/Pinocchio_ws/install/motor_control_msgs/include/motor_control_msgs/motor_control_msgs/msg/detail/dm_interface__type_support.c
[2.347s] -- Installing: /home/loaf/Pinocchio_ws/install/motor_control_msgs/include/motor_control_msgs/motor_control_msgs/msg/detail/dm_interface__rosidl_typesupport_introspection_c.h
[2.347s] -- Installing: /home/loaf/Pinocchio_ws/install/motor_control_msgs/include/motor_control_msgs/motor_control_msgs/msg/rosidl_typesupport_introspection_c__visibility_control.h
[2.347s] -- Installing: /home/loaf/Pinocchio_ws/install/motor_control_msgs/lib/libmotor_control_msgs__rosidl_typesupport_introspection_c.so
[2.347s] -- Set runtime path of "/home/loaf/Pinocchio_ws/install/motor_control_msgs/lib/libmotor_control_msgs__rosidl_typesupport_introspection_c.so" to ""
[2.347s] -- Installing: /home/loaf/Pinocchio_ws/install/motor_control_msgs/lib/libmotor_control_msgs__rosidl_typesupport_c.so
[2.347s] -- Set runtime path of "/home/loaf/Pinocchio_ws/install/motor_control_msgs/lib/libmotor_control_msgs__rosidl_typesupport_c.so" to ""
[2.347s] -- Up-to-date: /home/loaf/Pinocchio_ws/install/motor_control_msgs/include/motor_control_msgs/motor_control_msgs
[2.347s] -- Up-to-date: /home/loaf/Pinocchio_ws/install/motor_control_msgs/include/motor_control_msgs/motor_control_msgs/msg
[2.347s] -- Installing: /home/loaf/Pinocchio_ws/install/motor_control_msgs/include/motor_control_msgs/motor_control_msgs/msg/dm_interface.hpp
[2.347s] -- Up-to-date: /home/loaf/Pinocchio_ws/install/motor_control_msgs/include/motor_control_msgs/motor_control_msgs/msg/detail
[2.348s] -- Installing: /home/loaf/Pinocchio_ws/install/motor_control_msgs/include/motor_control_msgs/motor_control_msgs/msg/detail/dm_interface__struct.hpp
[2.348s] -- Installing: /home/loaf/Pinocchio_ws/install/motor_control_msgs/include/motor_control_msgs/motor_control_msgs/msg/detail/dm_interface__builder.hpp
[2.348s] -- Installing: /home/loaf/Pinocchio_ws/install/motor_control_msgs/include/motor_control_msgs/motor_control_msgs/msg/detail/dm_interface__traits.hpp
[2.348s] -- Installing: /home/loaf/Pinocchio_ws/install/motor_control_msgs/include/motor_control_msgs/motor_control_msgs/msg/detail/dm_interface__type_support.hpp
[2.348s] -- Installing: /home/loaf/Pinocchio_ws/install/motor_control_msgs/include/motor_control_msgs/motor_control_msgs/msg/rosidl_generator_cpp__visibility_control.hpp
[2.348s] -- Up-to-date: /home/loaf/Pinocchio_ws/install/motor_control_msgs/include/motor_control_msgs/motor_control_msgs
[2.348s] -- Up-to-date: /home/loaf/Pinocchio_ws/install/motor_control_msgs/include/motor_control_msgs/motor_control_msgs/msg
[2.348s] -- Up-to-date: /home/loaf/Pinocchio_ws/install/motor_control_msgs/include/motor_control_msgs/motor_control_msgs/msg/detail
[2.348s] -- Installing: /home/loaf/Pinocchio_ws/install/motor_control_msgs/include/motor_control_msgs/motor_control_msgs/msg/detail/dm_interface__rosidl_typesupport_fastrtps_cpp.hpp
[2.348s] -- Installing: /home/loaf/Pinocchio_ws/install/motor_control_msgs/include/motor_control_msgs/motor_control_msgs/msg/detail/dds_fastrtps
[2.348s] -- Installing: /home/loaf/Pinocchio_ws/install/motor_control_msgs/include/motor_control_msgs/motor_control_msgs/msg/rosidl_typesupport_fastrtps_cpp__visibility_control.h
[2.348s] -- Installing: /home/loaf/Pinocchio_ws/install/motor_control_msgs/lib/libmotor_control_msgs__rosidl_typesupport_fastrtps_cpp.so
[2.348s] -- Set runtime path of "/home/loaf/Pinocchio_ws/install/motor_control_msgs/lib/libmotor_control_msgs__rosidl_typesupport_fastrtps_cpp.so" to ""
[2.349s] -- Up-to-date: /home/loaf/Pinocchio_ws/install/motor_control_msgs/include/motor_control_msgs/motor_control_msgs
[2.349s] -- Up-to-date: /home/loaf/Pinocchio_ws/install/motor_control_msgs/include/motor_control_msgs/motor_control_msgs/msg
[2.349s] -- Up-to-date: /home/loaf/Pinocchio_ws/install/motor_control_msgs/include/motor_control_msgs/motor_control_msgs/msg/detail
[2.349s] -- Installing: /home/loaf/Pinocchio_ws/install/motor_control_msgs/include/motor_control_msgs/motor_control_msgs/msg/detail/dm_interface__rosidl_typesupport_introspection_cpp.hpp
[2.349s] -- Installing: /home/loaf/Pinocchio_ws/install/motor_control_msgs/include/motor_control_msgs/motor_control_msgs/msg/detail/dm_interface__type_support.cpp
[2.349s] -- Installing: /home/loaf/Pinocchio_ws/install/motor_control_msgs/lib/libmotor_control_msgs__rosidl_typesupport_introspection_cpp.so
[2.349s] -- Set runtime path of "/home/loaf/Pinocchio_ws/install/motor_control_msgs/lib/libmotor_control_msgs__rosidl_typesupport_introspection_cpp.so" to ""
[2.349s] -- Installing: /home/loaf/Pinocchio_ws/install/motor_control_msgs/lib/libmotor_control_msgs__rosidl_typesupport_cpp.so
[2.349s] -- Set runtime path of "/home/loaf/Pinocchio_ws/install/motor_control_msgs/lib/libmotor_control_msgs__rosidl_typesupport_cpp.so" to ""
[2.349s] -- Installing: /home/loaf/Pinocchio_ws/install/motor_control_msgs/share/motor_control_msgs/environment/pythonpath.sh
[2.349s] -- Installing: /home/loaf/Pinocchio_ws/install/motor_control_msgs/share/motor_control_msgs/environment/pythonpath.dsv
[2.349s] -- Installing: /home/loaf/Pinocchio_ws/install/motor_control_msgs/local/lib/python3.10/dist-packages/motor_control_msgs-0.0.0-py3.10.egg-info
[2.349s] -- Installing: /home/loaf/Pinocchio_ws/install/motor_control_msgs/local/lib/python3.10/dist-packages/motor_control_msgs-0.0.0-py3.10.egg-info/PKG-INFO
[2.349s] -- Installing: /home/loaf/Pinocchio_ws/install/motor_control_msgs/local/lib/python3.10/dist-packages/motor_control_msgs-0.0.0-py3.10.egg-info/SOURCES.txt
[2.349s] -- Installing: /home/loaf/Pinocchio_ws/install/motor_control_msgs/local/lib/python3.10/dist-packages/motor_control_msgs-0.0.0-py3.10.egg-info/top_level.txt
[2.349s] -- Installing: /home/loaf/Pinocchio_ws/install/motor_control_msgs/local/lib/python3.10/dist-packages/motor_control_msgs-0.0.0-py3.10.egg-info/dependency_links.txt
[2.349s] -- Installing: /home/loaf/Pinocchio_ws/install/motor_control_msgs/local/lib/python3.10/dist-packages/motor_control_msgs
[2.350s] -- Installing: /home/loaf/Pinocchio_ws/install/motor_control_msgs/local/lib/python3.10/dist-packages/motor_control_msgs/motor_control_msgs_s__rosidl_typesupport_introspection_c.cpython-310-x86_64-linux-gnu.so
[2.350s] -- Installing: /home/loaf/Pinocchio_ws/install/motor_control_msgs/local/lib/python3.10/dist-packages/motor_control_msgs/_motor_control_msgs_s.ep.rosidl_typesupport_c.c
[2.350s] -- Installing: /home/loaf/Pinocchio_ws/install/motor_control_msgs/local/lib/python3.10/dist-packages/motor_control_msgs/_motor_control_msgs_s.ep.rosidl_typesupport_fastrtps_c.c
[2.350s] -- Installing: /home/loaf/Pinocchio_ws/install/motor_control_msgs/local/lib/python3.10/dist-packages/motor_control_msgs/libmotor_control_msgs__rosidl_generator_py.so
[2.350s] -- Installing: /home/loaf/Pinocchio_ws/install/motor_control_msgs/local/lib/python3.10/dist-packages/motor_control_msgs/_motor_control_msgs_s.ep.rosidl_typesupport_introspection_c.c
[2.350s] -- Installing: /home/loaf/Pinocchio_ws/install/motor_control_msgs/local/lib/python3.10/dist-packages/motor_control_msgs/motor_control_msgs_s__rosidl_typesupport_c.cpython-310-x86_64-linux-gnu.so
[2.350s] -- Installing: /home/loaf/Pinocchio_ws/install/motor_control_msgs/local/lib/python3.10/dist-packages/motor_control_msgs/msg
[2.350s] -- Installing: /home/loaf/Pinocchio_ws/install/motor_control_msgs/local/lib/python3.10/dist-packages/motor_control_msgs/msg/_dm_interface.py
[2.350s] -- Installing: /home/loaf/Pinocchio_ws/install/motor_control_msgs/local/lib/python3.10/dist-packages/motor_control_msgs/msg/__init__.py
[2.350s] -- Installing: /home/loaf/Pinocchio_ws/install/motor_control_msgs/local/lib/python3.10/dist-packages/motor_control_msgs/msg/_dm_interface_s.c
[2.350s] -- Installing: /home/loaf/Pinocchio_ws/install/motor_control_msgs/local/lib/python3.10/dist-packages/motor_control_msgs/__init__.py
[2.350s] -- Installing: /home/loaf/Pinocchio_ws/install/motor_control_msgs/local/lib/python3.10/dist-packages/motor_control_msgs/motor_control_msgs_s__rosidl_typesupport_fastrtps_c.cpython-310-x86_64-linux-gnu.so
[2.373s] Listing '/home/loaf/Pinocchio_ws/install/motor_control_msgs/local/lib/python3.10/dist-packages/motor_control_msgs'...
[2.373s] Compiling '/home/loaf/Pinocchio_ws/install/motor_control_msgs/local/lib/python3.10/dist-packages/motor_control_msgs/__init__.py'...
[2.373s] Listing '/home/loaf/Pinocchio_ws/install/motor_control_msgs/local/lib/python3.10/dist-packages/motor_control_msgs/msg'...
[2.373s] Compiling '/home/loaf/Pinocchio_ws/install/motor_control_msgs/local/lib/python3.10/dist-packages/motor_control_msgs/msg/__init__.py'...
[2.373s] Compiling '/home/loaf/Pinocchio_ws/install/motor_control_msgs/local/lib/python3.10/dist-packages/motor_control_msgs/msg/_dm_interface.py'...
[2.376s] -- Installing: /home/loaf/Pinocchio_ws/install/motor_control_msgs/local/lib/python3.10/dist-packages/motor_control_msgs/motor_control_msgs_s__rosidl_typesupport_fastrtps_c.cpython-310-x86_64-linux-gnu.so
[2.376s] -- Set runtime path of "/home/loaf/Pinocchio_ws/install/motor_control_msgs/local/lib/python3.10/dist-packages/motor_control_msgs/motor_control_msgs_s__rosidl_typesupport_fastrtps_c.cpython-310-x86_64-linux-gnu.so" to ""
[2.377s] -- Installing: /home/loaf/Pinocchio_ws/install/motor_control_msgs/local/lib/python3.10/dist-packages/motor_control_msgs/motor_control_msgs_s__rosidl_typesupport_introspection_c.cpython-310-x86_64-linux-gnu.so
[2.377s] -- Set runtime path of "/home/loaf/Pinocchio_ws/install/motor_control_msgs/local/lib/python3.10/dist-packages/motor_control_msgs/motor_control_msgs_s__rosidl_typesupport_introspection_c.cpython-310-x86_64-linux-gnu.so" to ""
[2.377s] -- Installing: /home/loaf/Pinocchio_ws/install/motor_control_msgs/local/lib/python3.10/dist-packages/motor_control_msgs/motor_control_msgs_s__rosidl_typesupport_c.cpython-310-x86_64-linux-gnu.so
[2.377s] -- Set runtime path of "/home/loaf/Pinocchio_ws/install/motor_control_msgs/local/lib/python3.10/dist-packages/motor_control_msgs/motor_control_msgs_s__rosidl_typesupport_c.cpython-310-x86_64-linux-gnu.so" to ""
[2.377s] -- Installing: /home/loaf/Pinocchio_ws/install/motor_control_msgs/lib/libmotor_control_msgs__rosidl_generator_py.so
[2.377s] -- Set runtime path of "/home/loaf/Pinocchio_ws/install/motor_control_msgs/lib/libmotor_control_msgs__rosidl_generator_py.so" to ""
[2.377s] -- Installing: /home/loaf/Pinocchio_ws/install/motor_control_msgs/share/ament_index/resource_index/rust_packages/motor_control_msgs
[2.377s] -- Installing: /home/loaf/Pinocchio_ws/install/motor_control_msgs/share/motor_control_msgs/rust
[2.377s] -- Installing: /home/loaf/Pinocchio_ws/install/motor_control_msgs/share/motor_control_msgs/rust/build.rs
[2.378s] -- Installing: /home/loaf/Pinocchio_ws/install/motor_control_msgs/share/motor_control_msgs/rust/Cargo.toml
[2.378s] -- Installing: /home/loaf/Pinocchio_ws/install/motor_control_msgs/share/motor_control_msgs/rust/src
[2.378s] -- Installing: /home/loaf/Pinocchio_ws/install/motor_control_msgs/share/motor_control_msgs/rust/src/msg.rs
[2.378s] -- Installing: /home/loaf/Pinocchio_ws/install/motor_control_msgs/share/motor_control_msgs/rust/src/msg
[2.378s] -- Installing: /home/loaf/Pinocchio_ws/install/motor_control_msgs/share/motor_control_msgs/rust/src/msg/rmw.rs
[2.378s] -- Installing: /home/loaf/Pinocchio_ws/install/motor_control_msgs/share/motor_control_msgs/rust/src/lib.rs
[2.378s] -- Installing: /home/loaf/Pinocchio_ws/install/motor_control_msgs/share/motor_control_msgs/msg/DmInterface.idl
[2.378s] -- Installing: /home/loaf/Pinocchio_ws/install/motor_control_msgs/share/motor_control_msgs/msg/DmInterface.msg
[2.378s] -- Installing: /home/loaf/Pinocchio_ws/install/motor_control_msgs/share/ament_index/resource_index/package_run_dependencies/motor_control_msgs
[2.378s] -- Installing: /home/loaf/Pinocchio_ws/install/motor_control_msgs/share/ament_index/resource_index/parent_prefix_path/motor_control_msgs
[2.378s] -- Installing: /home/loaf/Pinocchio_ws/install/motor_control_msgs/share/motor_control_msgs/environment/ament_prefix_path.sh
[2.378s] -- Installing: /home/loaf/Pinocchio_ws/install/motor_control_msgs/share/motor_control_msgs/environment/ament_prefix_path.dsv
[2.378s] -- Installing: /home/loaf/Pinocchio_ws/install/motor_control_msgs/share/motor_control_msgs/environment/path.sh
[2.379s] -- Installing: /home/loaf/Pinocchio_ws/install/motor_control_msgs/share/motor_control_msgs/environment/path.dsv
[2.379s] -- Installing: /home/loaf/Pinocchio_ws/install/motor_control_msgs/share/motor_control_msgs/local_setup.bash
[2.379s] -- Installing: /home/loaf/Pinocchio_ws/install/motor_control_msgs/share/motor_control_msgs/local_setup.sh
[2.379s] -- Installing: /home/loaf/Pinocchio_ws/install/motor_control_msgs/share/motor_control_msgs/local_setup.zsh
[2.379s] -- Installing: /home/loaf/Pinocchio_ws/install/motor_control_msgs/share/motor_control_msgs/local_setup.dsv
[2.379s] -- Installing: /home/loaf/Pinocchio_ws/install/motor_control_msgs/share/motor_control_msgs/package.dsv
[2.379s] -- Installing: /home/loaf/Pinocchio_ws/install/motor_control_msgs/share/ament_index/resource_index/packages/motor_control_msgs
[2.379s] -- Installing: /home/loaf/Pinocchio_ws/install/motor_control_msgs/share/motor_control_msgs/cmake/export_motor_control_msgs__rosidl_generator_cExport.cmake
[2.379s] -- Installing: /home/loaf/Pinocchio_ws/install/motor_control_msgs/share/motor_control_msgs/cmake/export_motor_control_msgs__rosidl_generator_cExport-noconfig.cmake
[2.379s] -- Installing: /home/loaf/Pinocchio_ws/install/motor_control_msgs/share/motor_control_msgs/cmake/export_motor_control_msgs__rosidl_typesupport_fastrtps_cExport.cmake
[2.379s] -- Installing: /home/loaf/Pinocchio_ws/install/motor_control_msgs/share/motor_control_msgs/cmake/export_motor_control_msgs__rosidl_typesupport_fastrtps_cExport-noconfig.cmake
[2.379s] -- Installing: /home/loaf/Pinocchio_ws/install/motor_control_msgs/share/motor_control_msgs/cmake/motor_control_msgs__rosidl_typesupport_introspection_cExport.cmake
[2.380s] -- Installing: /home/loaf/Pinocchio_ws/install/motor_control_msgs/share/motor_control_msgs/cmake/motor_control_msgs__rosidl_typesupport_introspection_cExport-noconfig.cmake
[2.380s] -- Installing: /home/loaf/Pinocchio_ws/install/motor_control_msgs/share/motor_control_msgs/cmake/motor_control_msgs__rosidl_typesupport_cExport.cmake
[2.380s] -- Installing: /home/loaf/Pinocchio_ws/install/motor_control_msgs/share/motor_control_msgs/cmake/motor_control_msgs__rosidl_typesupport_cExport-noconfig.cmake
[2.380s] -- Installing: /home/loaf/Pinocchio_ws/install/motor_control_msgs/share/motor_control_msgs/cmake/export_motor_control_msgs__rosidl_generator_cppExport.cmake
[2.380s] -- Installing: /home/loaf/Pinocchio_ws/install/motor_control_msgs/share/motor_control_msgs/cmake/export_motor_control_msgs__rosidl_typesupport_fastrtps_cppExport.cmake
[2.380s] -- Installing: /home/loaf/Pinocchio_ws/install/motor_control_msgs/share/motor_control_msgs/cmake/export_motor_control_msgs__rosidl_typesupport_fastrtps_cppExport-noconfig.cmake
[2.380s] -- Installing: /home/loaf/Pinocchio_ws/install/motor_control_msgs/share/motor_control_msgs/cmake/motor_control_msgs__rosidl_typesupport_introspection_cppExport.cmake
[2.381s] -- Installing: /home/loaf/Pinocchio_ws/install/motor_control_msgs/share/motor_control_msgs/cmake/motor_control_msgs__rosidl_typesupport_introspection_cppExport-noconfig.cmake
[2.381s] -- Installing: /home/loaf/Pinocchio_ws/install/motor_control_msgs/share/motor_control_msgs/cmake/motor_control_msgs__rosidl_typesupport_cppExport.cmake
[2.381s] -- Installing: /home/loaf/Pinocchio_ws/install/motor_control_msgs/share/motor_control_msgs/cmake/motor_control_msgs__rosidl_typesupport_cppExport-noconfig.cmake
[2.381s] -- Installing: /home/loaf/Pinocchio_ws/install/motor_control_msgs/share/motor_control_msgs/cmake/export_motor_control_msgs__rosidl_generator_pyExport.cmake
[2.381s] -- Installing: /home/loaf/Pinocchio_ws/install/motor_control_msgs/share/motor_control_msgs/cmake/export_motor_control_msgs__rosidl_generator_pyExport-noconfig.cmake
[2.381s] -- Installing: /home/loaf/Pinocchio_ws/install/motor_control_msgs/share/motor_control_msgs/cmake/rosidl_cmake-extras.cmake
[2.381s] -- Installing: /home/loaf/Pinocchio_ws/install/motor_control_msgs/share/motor_control_msgs/cmake/ament_cmake_export_include_directories-extras.cmake
[2.381s] -- Installing: /home/loaf/Pinocchio_ws/install/motor_control_msgs/share/motor_control_msgs/cmake/ament_cmake_export_libraries-extras.cmake
[2.381s] -- Installing: /home/loaf/Pinocchio_ws/install/motor_control_msgs/share/motor_control_msgs/cmake/ament_cmake_export_targets-extras.cmake
[2.382s] -- Installing: /home/loaf/Pinocchio_ws/install/motor_control_msgs/share/motor_control_msgs/cmake/rosidl_cmake_export_typesupport_targets-extras.cmake
[2.382s] -- Installing: /home/loaf/Pinocchio_ws/install/motor_control_msgs/share/motor_control_msgs/cmake/ament_cmake_export_dependencies-extras.cmake
[2.382s] -- Installing: /home/loaf/Pinocchio_ws/install/motor_control_msgs/share/motor_control_msgs/cmake/rosidl_cmake_export_typesupport_libraries-extras.cmake
[2.382s] -- Installing: /home/loaf/Pinocchio_ws/install/motor_control_msgs/share/motor_control_msgs/cmake/motor_control_msgsConfig.cmake
[2.382s] -- Installing: /home/loaf/Pinocchio_ws/install/motor_control_msgs/share/motor_control_msgs/cmake/motor_control_msgsConfig-version.cmake
[2.382s] -- Installing: /home/loaf/Pinocchio_ws/install/motor_control_msgs/share/motor_control_msgs/package.xml
[2.384s] Invoked command in '/home/loaf/Pinocchio_ws/build/motor_control_msgs' returned '0': CMAKE_PREFIX_PATH=${CMAKE_PREFIX_PATH}:/opt/ros/humble /usr/bin/cmake --install /home/loaf/Pinocchio_ws/build/motor_control_msgs
