[0.007s] Invoking command in '/home/loaf/Pinocchio_ws/build/control_pkg': CMAKE_PREFIX_PATH=/home/loaf/Pinocchio_ws/install/motor_control_msgs:/home/loaf/Pinocchio_ws/install/mujoco_pkg:/home/loaf/Pinocchio_ws/install/mit_controllers:/home/loaf/Pinocchio_ws/install/control_pkg:/home/loaf/Pinocchio_ws/install/descrip_pino:/opt/ros/humble LD_LIBRARY_PATH=/home/loaf/Pinocchio_ws/install/motor_control_msgs/lib:/home/loaf/Pinocchio_ws/install/mit_controllers/lib:/usr/lib/x86_64-linux-gnu/gazebo-11/plugins:/opt/ros/humble/opt/rviz_ogre_vendor/lib:/opt/ros/humble/lib/x86_64-linux-gnu:/opt/ros/humble/lib /usr/bin/cmake --build /home/loaf/Pinocchio_ws/build/control_pkg -- -j24 -l24
[0.042s] [35m[1mConsolidate compiler generated dependencies of target start[0m
[0.078s] [  4%] [32mBuilding CXX object CMakeFiles/start.dir/src/IOPort/IORos.cpp.o[0m
[7.593s] [  8%] [32m[1mLinking CXX executable start[0m
[8.577s] [100%] Built target start
[8.586s] Invoked command in '/home/loaf/Pinocchio_ws/build/control_pkg' returned '0': CMAKE_PREFIX_PATH=/home/loaf/Pinocchio_ws/install/motor_control_msgs:/home/loaf/Pinocchio_ws/install/mujoco_pkg:/home/loaf/Pinocchio_ws/install/mit_controllers:/home/loaf/Pinocchio_ws/install/control_pkg:/home/loaf/Pinocchio_ws/install/descrip_pino:/opt/ros/humble LD_LIBRARY_PATH=/home/loaf/Pinocchio_ws/install/motor_control_msgs/lib:/home/loaf/Pinocchio_ws/install/mit_controllers/lib:/usr/lib/x86_64-linux-gnu/gazebo-11/plugins:/opt/ros/humble/opt/rviz_ogre_vendor/lib:/opt/ros/humble/lib/x86_64-linux-gnu:/opt/ros/humble/lib /usr/bin/cmake --build /home/loaf/Pinocchio_ws/build/control_pkg -- -j24 -l24
[8.587s] Invoking command in '/home/loaf/Pinocchio_ws/build/control_pkg': CMAKE_PREFIX_PATH=/home/loaf/Pinocchio_ws/install/motor_control_msgs:/home/loaf/Pinocchio_ws/install/mujoco_pkg:/home/loaf/Pinocchio_ws/install/mit_controllers:/home/loaf/Pinocchio_ws/install/control_pkg:/home/loaf/Pinocchio_ws/install/descrip_pino:/opt/ros/humble LD_LIBRARY_PATH=/home/loaf/Pinocchio_ws/install/motor_control_msgs/lib:/home/loaf/Pinocchio_ws/install/mit_controllers/lib:/usr/lib/x86_64-linux-gnu/gazebo-11/plugins:/opt/ros/humble/opt/rviz_ogre_vendor/lib:/opt/ros/humble/lib/x86_64-linux-gnu:/opt/ros/humble/lib /usr/bin/cmake --install /home/loaf/Pinocchio_ws/build/control_pkg
[8.591s] -- Install configuration: ""
[8.591s] -- Up-to-date: /home/loaf/Pinocchio_ws/install/control_pkg/share/control_pkg/launch
[8.591s] -- Up-to-date: /home/loaf/Pinocchio_ws/install/control_pkg/share/control_pkg/launch/mujoco_bringup.launch.py
[8.591s] -- Up-to-date: /home/loaf/Pinocchio_ws/install/control_pkg/share/control_pkg/launch/bringup.launch.py
[8.591s] -- Up-to-date: /home/loaf/Pinocchio_ws/install/control_pkg/share/control_pkg/controller_config
[8.591s] -- Up-to-date: /home/loaf/Pinocchio_ws/install/control_pkg/share/control_pkg/controller_config/mujoco_ros2_control_plugins.yaml
[8.591s] -- Up-to-date: /home/loaf/Pinocchio_ws/install/control_pkg/share/control_pkg/controller_config/config.yaml
[8.592s] -- Up-to-date: /home/loaf/Pinocchio_ws/install/control_pkg/share/control_pkg/controller_config/pid_config.yaml
[8.592s] -- Up-to-date: /home/loaf/Pinocchio_ws/install/control_pkg/share/control_pkg/ros2_control_config
[8.592s] -- Up-to-date: /home/loaf/Pinocchio_ws/install/control_pkg/share/control_pkg/ros2_control_config/control.ros2_control.xacro
[8.592s] -- Up-to-date: /home/loaf/Pinocchio_ws/install/control_pkg/share/control_pkg/rviz_config
[8.592s] -- Up-to-date: /home/loaf/Pinocchio_ws/install/control_pkg/share/control_pkg/rviz_config/rviz.rviz
[8.592s] -- Installing: /home/loaf/Pinocchio_ws/install/control_pkg/lib/control_pkg/start
[8.600s] -- Set runtime path of "/home/loaf/Pinocchio_ws/install/control_pkg/lib/control_pkg/start" to ""
[8.600s] -- Up-to-date: /home/loaf/Pinocchio_ws/install/control_pkg/share/ament_index/resource_index/package_run_dependencies/control_pkg
[8.600s] -- Up-to-date: /home/loaf/Pinocchio_ws/install/control_pkg/share/ament_index/resource_index/parent_prefix_path/control_pkg
[8.600s] -- Up-to-date: /home/loaf/Pinocchio_ws/install/control_pkg/share/control_pkg/environment/ament_prefix_path.sh
[8.600s] -- Up-to-date: /home/loaf/Pinocchio_ws/install/control_pkg/share/control_pkg/environment/ament_prefix_path.dsv
[8.600s] -- Up-to-date: /home/loaf/Pinocchio_ws/install/control_pkg/share/control_pkg/environment/path.sh
[8.600s] -- Up-to-date: /home/loaf/Pinocchio_ws/install/control_pkg/share/control_pkg/environment/path.dsv
[8.600s] -- Up-to-date: /home/loaf/Pinocchio_ws/install/control_pkg/share/control_pkg/local_setup.bash
[8.600s] -- Up-to-date: /home/loaf/Pinocchio_ws/install/control_pkg/share/control_pkg/local_setup.sh
[8.600s] -- Up-to-date: /home/loaf/Pinocchio_ws/install/control_pkg/share/control_pkg/local_setup.zsh
[8.600s] -- Up-to-date: /home/loaf/Pinocchio_ws/install/control_pkg/share/control_pkg/local_setup.dsv
[8.601s] -- Installing: /home/loaf/Pinocchio_ws/install/control_pkg/share/control_pkg/package.dsv
[8.601s] -- Up-to-date: /home/loaf/Pinocchio_ws/install/control_pkg/share/ament_index/resource_index/packages/control_pkg
[8.601s] -- Up-to-date: /home/loaf/Pinocchio_ws/install/control_pkg/share/control_pkg/cmake/control_pkgConfig.cmake
[8.601s] -- Up-to-date: /home/loaf/Pinocchio_ws/install/control_pkg/share/control_pkg/cmake/control_pkgConfig-version.cmake
[8.601s] -- Up-to-date: /home/loaf/Pinocchio_ws/install/control_pkg/share/control_pkg/package.xml
[8.602s] Invoked command in '/home/loaf/Pinocchio_ws/build/control_pkg' returned '0': CMAKE_PREFIX_PATH=/home/loaf/Pinocchio_ws/install/motor_control_msgs:/home/loaf/Pinocchio_ws/install/mujoco_pkg:/home/loaf/Pinocchio_ws/install/mit_controllers:/home/loaf/Pinocchio_ws/install/control_pkg:/home/loaf/Pinocchio_ws/install/descrip_pino:/opt/ros/humble LD_LIBRARY_PATH=/home/loaf/Pinocchio_ws/install/motor_control_msgs/lib:/home/loaf/Pinocchio_ws/install/mit_controllers/lib:/usr/lib/x86_64-linux-gnu/gazebo-11/plugins:/opt/ros/humble/opt/rviz_ogre_vendor/lib:/opt/ros/humble/lib/x86_64-linux-gnu:/opt/ros/humble/lib /usr/bin/cmake --install /home/loaf/Pinocchio_ws/build/control_pkg
