[0.012s] Invoking command in '/home/loaf/Pinocchio_ws/build/control_pkg': CMAKE_PREFIX_PATH=${CMAKE_PREFIX_PATH}:/opt/ros/humble /usr/bin/cmake --build /home/loaf/Pinocchio_ws/build/control_pkg -- -j24 -l24
[0.055s] [100%] Built target start
[0.068s] Invoked command in '/home/loaf/Pinocchio_ws/build/control_pkg' returned '0': CMAKE_PREFIX_PATH=${CMAKE_PREFIX_PATH}:/opt/ros/humble /usr/bin/cmake --build /home/loaf/Pinocchio_ws/build/control_pkg -- -j24 -l24
[0.069s] Invoking command in '/home/loaf/Pinocchio_ws/build/control_pkg': CMAKE_PREFIX_PATH=${CMAKE_PREFIX_PATH}:/opt/ros/humble /usr/bin/cmake --install /home/loaf/Pinocchio_ws/build/control_pkg
[0.073s] -- Install configuration: ""
[0.073s] -- Up-to-date: /home/loaf/Pinocchio_ws/install/control_pkg/share/control_pkg/launch
[0.073s] -- Up-to-date: /home/loaf/Pinocchio_ws/install/control_pkg/share/control_pkg/launch/mujoco_bringup.launch.py
[0.073s] -- Up-to-date: /home/loaf/Pinocchio_ws/install/control_pkg/share/control_pkg/launch/bringup.launch.py
[0.073s] -- Up-to-date: /home/loaf/Pinocchio_ws/install/control_pkg/share/control_pkg/controller_config
[0.073s] -- Up-to-date: /home/loaf/Pinocchio_ws/install/control_pkg/share/control_pkg/controller_config/mujoco_ros2_control_plugins.yaml
[0.074s] -- Up-to-date: /home/loaf/Pinocchio_ws/install/control_pkg/share/control_pkg/controller_config/config.yaml
[0.074s] -- Up-to-date: /home/loaf/Pinocchio_ws/install/control_pkg/share/control_pkg/controller_config/pid_config.yaml
[0.074s] -- Up-to-date: /home/loaf/Pinocchio_ws/install/control_pkg/share/control_pkg/ros2_control_config
[0.074s] -- Installing: /home/loaf/Pinocchio_ws/install/control_pkg/share/control_pkg/ros2_control_config/control.ros2_control.xacro
[0.074s] -- Up-to-date: /home/loaf/Pinocchio_ws/install/control_pkg/share/control_pkg/rviz_config
[0.074s] -- Up-to-date: /home/loaf/Pinocchio_ws/install/control_pkg/share/control_pkg/rviz_config/rviz.rviz
[0.074s] -- Up-to-date: /home/loaf/Pinocchio_ws/install/control_pkg/lib/control_pkg/start
[0.074s] -- Up-to-date: /home/loaf/Pinocchio_ws/install/control_pkg/share/ament_index/resource_index/package_run_dependencies/control_pkg
[0.074s] -- Up-to-date: /home/loaf/Pinocchio_ws/install/control_pkg/share/ament_index/resource_index/parent_prefix_path/control_pkg
[0.074s] -- Up-to-date: /home/loaf/Pinocchio_ws/install/control_pkg/share/control_pkg/environment/ament_prefix_path.sh
[0.074s] -- Up-to-date: /home/loaf/Pinocchio_ws/install/control_pkg/share/control_pkg/environment/ament_prefix_path.dsv
[0.074s] -- Up-to-date: /home/loaf/Pinocchio_ws/install/control_pkg/share/control_pkg/environment/path.sh
[0.074s] -- Up-to-date: /home/loaf/Pinocchio_ws/install/control_pkg/share/control_pkg/environment/path.dsv
[0.074s] -- Up-to-date: /home/loaf/Pinocchio_ws/install/control_pkg/share/control_pkg/local_setup.bash
[0.074s] -- Up-to-date: /home/loaf/Pinocchio_ws/install/control_pkg/share/control_pkg/local_setup.sh
[0.074s] -- Up-to-date: /home/loaf/Pinocchio_ws/install/control_pkg/share/control_pkg/local_setup.zsh
[0.074s] -- Up-to-date: /home/loaf/Pinocchio_ws/install/control_pkg/share/control_pkg/local_setup.dsv
[0.074s] -- Installing: /home/loaf/Pinocchio_ws/install/control_pkg/share/control_pkg/package.dsv
[0.074s] -- Up-to-date: /home/loaf/Pinocchio_ws/install/control_pkg/share/ament_index/resource_index/packages/control_pkg
[0.074s] -- Up-to-date: /home/loaf/Pinocchio_ws/install/control_pkg/share/control_pkg/cmake/control_pkgConfig.cmake
[0.074s] -- Up-to-date: /home/loaf/Pinocchio_ws/install/control_pkg/share/control_pkg/cmake/control_pkgConfig-version.cmake
[0.074s] -- Up-to-date: /home/loaf/Pinocchio_ws/install/control_pkg/share/control_pkg/package.xml
[0.077s] Invoked command in '/home/loaf/Pinocchio_ws/build/control_pkg' returned '0': CMAKE_PREFIX_PATH=${CMAKE_PREFIX_PATH}:/opt/ros/humble /usr/bin/cmake --install /home/loaf/Pinocchio_ws/build/control_pkg
