-- Found ament_cmake: 1.3.14 (/opt/ros/humble/share/ament_cmake/cmake)
-- Found rclcpp_lifecycle: 16.0.19 (/opt/ros/humble/share/rclcpp_lifecycle/cmake)
-- Found rosidl_generator_c: 3.1.8 (/opt/ros/humble/share/rosidl_generator_c/cmake)
-- Found rosidl_adapter: 3.1.8 (/opt/ros/humble/share/rosidl_adapter/cmake)
-- Found rosidl_generator_cpp: 3.1.8 (/opt/ros/humble/share/rosidl_generator_cpp/cmake)
-- Using all available rosidl_typesupport_c: rosidl_typesupport_fastrtps_c;rosidl_typesupport_introspection_c
-- Using all available rosidl_typesupport_cpp: rosidl_typesupport_fastrtps_cpp;rosidl_typesupport_introspection_cpp
-- Found rmw_implementation_cmake: 6.1.2 (/opt/ros/humble/share/rmw_implementation_cmake/cmake)
-- Found rmw_fastrtps_cpp: 6.2.10 (/opt/ros/humble/share/rmw_fastrtps_cpp/cmake)
-- Using RMW implementation 'rmw_fastrtps_cpp' as default
-- Found pluginlib: 5.1.3 (/opt/ros/humble/share/pluginlib/cmake)
-- Found controller_interface: 2.53.1 (/opt/ros/humble/share/controller_interface/cmake)
-- Found motor_control_msgs: 0.0.0 (/home/loaf/Pinocchio_ws/install/motor_control_msgs/share/motor_control_msgs/cmake)
-- Configuring done
-- Generating done
-- Build files have been written to: /home/loaf/Pinocchio_ws/build/mit_controllers
[35m[1mConsolidate compiler generated dependencies of target mit_controllers[0m
[ 50%] [32mBuilding CXX object CMakeFiles/mit_controllers.dir/src/mit_controllers.cpp.o[0m
[100%] [32m[1mLinking CXX shared library libmit_controllers.so[0m
[100%] Built target mit_controllers
-- Install configuration: ""
-- Up-to-date: /home/loaf/Pinocchio_ws/install/mit_controllers/share/mit_controllers/mit_controller_plugin.xml
-- Installing: /home/loaf/Pinocchio_ws/install/mit_controllers/lib/libmit_controllers.so
-- Set runtime path of "/home/loaf/Pinocchio_ws/install/mit_controllers/lib/libmit_controllers.so" to ""
-- Up-to-date: /home/loaf/Pinocchio_ws/install/mit_controllers/include/include
-- Up-to-date: /home/loaf/Pinocchio_ws/install/mit_controllers/include/include/mit_controllers.hpp
-- Up-to-date: /home/loaf/Pinocchio_ws/install/mit_controllers/share/mit_controllers/environment/library_path.sh
-- Installing: /home/loaf/Pinocchio_ws/install/mit_controllers/share/mit_controllers/environment/library_path.dsv
-- Up-to-date: /home/loaf/Pinocchio_ws/install/mit_controllers/share/ament_index/resource_index/package_run_dependencies/mit_controllers
-- Installing: /home/loaf/Pinocchio_ws/install/mit_controllers/share/ament_index/resource_index/parent_prefix_path/mit_controllers
-- Up-to-date: /home/loaf/Pinocchio_ws/install/mit_controllers/share/mit_controllers/environment/ament_prefix_path.sh
-- Installing: /home/loaf/Pinocchio_ws/install/mit_controllers/share/mit_controllers/environment/ament_prefix_path.dsv
-- Up-to-date: /home/loaf/Pinocchio_ws/install/mit_controllers/share/mit_controllers/environment/path.sh
-- Installing: /home/loaf/Pinocchio_ws/install/mit_controllers/share/mit_controllers/environment/path.dsv
-- Up-to-date: /home/loaf/Pinocchio_ws/install/mit_controllers/share/mit_controllers/local_setup.bash
-- Up-to-date: /home/loaf/Pinocchio_ws/install/mit_controllers/share/mit_controllers/local_setup.sh
-- Up-to-date: /home/loaf/Pinocchio_ws/install/mit_controllers/share/mit_controllers/local_setup.zsh
-- Installing: /home/loaf/Pinocchio_ws/install/mit_controllers/share/mit_controllers/local_setup.dsv
-- Installing: /home/loaf/Pinocchio_ws/install/mit_controllers/share/mit_controllers/package.dsv
-- Up-to-date: /home/loaf/Pinocchio_ws/install/mit_controllers/share/ament_index/resource_index/packages/mit_controllers
-- Up-to-date: /home/loaf/Pinocchio_ws/install/mit_controllers/share/ament_index/resource_index/controller_interface__pluginlib__plugin/mit_controllers
-- Up-to-date: /home/loaf/Pinocchio_ws/install/mit_controllers/share/mit_controllers/cmake/ament_cmake_export_libraries-extras.cmake
-- Up-to-date: /home/loaf/Pinocchio_ws/install/mit_controllers/share/mit_controllers/cmake/ament_cmake_export_dependencies-extras.cmake
-- Up-to-date: /home/loaf/Pinocchio_ws/install/mit_controllers/share/mit_controllers/cmake/mit_controllersConfig.cmake
-- Up-to-date: /home/loaf/Pinocchio_ws/install/mit_controllers/share/mit_controllers/cmake/mit_controllersConfig-version.cmake
-- Up-to-date: /home/loaf/Pinocchio_ws/install/mit_controllers/share/mit_controllers/package.xml
