[0.055s] Invoking command in '/home/loaf/Pinocchio_ws/build/mit_controllers': CMAKE_PREFIX_PATH=/home/loaf/Pinocchio_ws/install/motor_control_msgs:/home/loaf/Pinocchio_ws/install/mujoco_pkg:/home/loaf/Pinocchio_ws/install/mit_controllers:/home/loaf/Pinocchio_ws/install/control_pkg:/home/loaf/Pinocchio_ws/install/descrip_pino:/opt/ros/humble LD_LIBRARY_PATH=/home/loaf/Pinocchio_ws/install/motor_control_msgs/lib:/home/loaf/Pinocchio_ws/install/mit_controllers/lib:/usr/lib/x86_64-linux-gnu/gazebo-11/plugins:/opt/ros/humble/opt/rviz_ogre_vendor/lib:/opt/ros/humble/lib/x86_64-linux-gnu:/opt/ros/humble/lib /usr/bin/cmake --build /home/loaf/Pinocchio_ws/build/mit_controllers -- -j24 -l24
[0.111s] -- Found ament_cmake: 1.3.14 (/opt/ros/humble/share/ament_cmake/cmake)
[0.195s] -- Found rclcpp_lifecycle: 16.0.19 (/opt/ros/humble/share/rclcpp_lifecycle/cmake)
[0.217s] -- Found rosidl_generator_c: 3.1.8 (/opt/ros/humble/share/rosidl_generator_c/cmake)
[0.218s] -- Found rosidl_adapter: 3.1.8 (/opt/ros/humble/share/rosidl_adapter/cmake)
[0.221s] -- Found rosidl_generator_cpp: 3.1.8 (/opt/ros/humble/share/rosidl_generator_cpp/cmake)
[0.227s] -- Using all available rosidl_typesupport_c: rosidl_typesupport_fastrtps_c;rosidl_typesupport_introspection_c
[0.233s] -- Using all available rosidl_typesupport_cpp: rosidl_typesupport_fastrtps_cpp;rosidl_typesupport_introspection_cpp
[0.260s] -- Found rmw_implementation_cmake: 6.1.2 (/opt/ros/humble/share/rmw_implementation_cmake/cmake)
[0.261s] -- Found rmw_fastrtps_cpp: 6.2.10 (/opt/ros/humble/share/rmw_fastrtps_cpp/cmake)
[0.343s] -- Using RMW implementation 'rmw_fastrtps_cpp' as default
[0.426s] -- Found pluginlib: 5.1.3 (/opt/ros/humble/share/pluginlib/cmake)
[0.446s] -- Found controller_interface: 2.53.1 (/opt/ros/humble/share/controller_interface/cmake)
[0.531s] -- Found motor_control_msgs: 0.0.0 (/home/loaf/Pinocchio_ws/install/motor_control_msgs/share/motor_control_msgs/cmake)
[0.584s] -- Configuring done
[0.595s] -- Generating done
[0.597s] -- Build files have been written to: /home/loaf/Pinocchio_ws/build/mit_controllers
[0.619s] [35m[1mConsolidate compiler generated dependencies of target mit_controllers[0m
[0.645s] [ 50%] [32mBuilding CXX object CMakeFiles/mit_controllers.dir/src/mit_controllers.cpp.o[0m
[5.320s] [100%] [32m[1mLinking CXX shared library libmit_controllers.so[0m
[5.665s] [100%] Built target mit_controllers
[5.673s] Invoked command in '/home/loaf/Pinocchio_ws/build/mit_controllers' returned '0': CMAKE_PREFIX_PATH=/home/loaf/Pinocchio_ws/install/motor_control_msgs:/home/loaf/Pinocchio_ws/install/mujoco_pkg:/home/loaf/Pinocchio_ws/install/mit_controllers:/home/loaf/Pinocchio_ws/install/control_pkg:/home/loaf/Pinocchio_ws/install/descrip_pino:/opt/ros/humble LD_LIBRARY_PATH=/home/loaf/Pinocchio_ws/install/motor_control_msgs/lib:/home/loaf/Pinocchio_ws/install/mit_controllers/lib:/usr/lib/x86_64-linux-gnu/gazebo-11/plugins:/opt/ros/humble/opt/rviz_ogre_vendor/lib:/opt/ros/humble/lib/x86_64-linux-gnu:/opt/ros/humble/lib /usr/bin/cmake --build /home/loaf/Pinocchio_ws/build/mit_controllers -- -j24 -l24
[5.682s] Invoking command in '/home/loaf/Pinocchio_ws/build/mit_controllers': CMAKE_PREFIX_PATH=/home/loaf/Pinocchio_ws/install/motor_control_msgs:/home/loaf/Pinocchio_ws/install/mujoco_pkg:/home/loaf/Pinocchio_ws/install/mit_controllers:/home/loaf/Pinocchio_ws/install/control_pkg:/home/loaf/Pinocchio_ws/install/descrip_pino:/opt/ros/humble LD_LIBRARY_PATH=/home/loaf/Pinocchio_ws/install/motor_control_msgs/lib:/home/loaf/Pinocchio_ws/install/mit_controllers/lib:/usr/lib/x86_64-linux-gnu/gazebo-11/plugins:/opt/ros/humble/opt/rviz_ogre_vendor/lib:/opt/ros/humble/lib/x86_64-linux-gnu:/opt/ros/humble/lib /usr/bin/cmake --install /home/loaf/Pinocchio_ws/build/mit_controllers
[5.687s] -- Install configuration: ""
[5.687s] -- Up-to-date: /home/loaf/Pinocchio_ws/install/mit_controllers/share/mit_controllers/mit_controller_plugin.xml
[5.689s] -- Installing: /home/loaf/Pinocchio_ws/install/mit_controllers/lib/libmit_controllers.so
[5.692s] -- Set runtime path of "/home/loaf/Pinocchio_ws/install/mit_controllers/lib/libmit_controllers.so" to ""
[5.693s] -- Up-to-date: /home/loaf/Pinocchio_ws/install/mit_controllers/include/include
[5.693s] -- Up-to-date: /home/loaf/Pinocchio_ws/install/mit_controllers/include/include/mit_controllers.hpp
[5.693s] -- Up-to-date: /home/loaf/Pinocchio_ws/install/mit_controllers/share/mit_controllers/environment/library_path.sh
[5.693s] -- Installing: /home/loaf/Pinocchio_ws/install/mit_controllers/share/mit_controllers/environment/library_path.dsv
[5.693s] -- Up-to-date: /home/loaf/Pinocchio_ws/install/mit_controllers/share/ament_index/resource_index/package_run_dependencies/mit_controllers
[5.693s] -- Installing: /home/loaf/Pinocchio_ws/install/mit_controllers/share/ament_index/resource_index/parent_prefix_path/mit_controllers
[5.693s] -- Up-to-date: /home/loaf/Pinocchio_ws/install/mit_controllers/share/mit_controllers/environment/ament_prefix_path.sh
[5.693s] -- Installing: /home/loaf/Pinocchio_ws/install/mit_controllers/share/mit_controllers/environment/ament_prefix_path.dsv
[5.693s] -- Up-to-date: /home/loaf/Pinocchio_ws/install/mit_controllers/share/mit_controllers/environment/path.sh
[5.693s] -- Installing: /home/loaf/Pinocchio_ws/install/mit_controllers/share/mit_controllers/environment/path.dsv
[5.693s] -- Up-to-date: /home/loaf/Pinocchio_ws/install/mit_controllers/share/mit_controllers/local_setup.bash
[5.693s] -- Up-to-date: /home/loaf/Pinocchio_ws/install/mit_controllers/share/mit_controllers/local_setup.sh
[5.693s] -- Up-to-date: /home/loaf/Pinocchio_ws/install/mit_controllers/share/mit_controllers/local_setup.zsh
[5.693s] -- Installing: /home/loaf/Pinocchio_ws/install/mit_controllers/share/mit_controllers/local_setup.dsv
[5.693s] -- Installing: /home/loaf/Pinocchio_ws/install/mit_controllers/share/mit_controllers/package.dsv
[5.693s] -- Up-to-date: /home/loaf/Pinocchio_ws/install/mit_controllers/share/ament_index/resource_index/packages/mit_controllers
[5.693s] -- Up-to-date: /home/loaf/Pinocchio_ws/install/mit_controllers/share/ament_index/resource_index/controller_interface__pluginlib__plugin/mit_controllers
[5.693s] -- Up-to-date: /home/loaf/Pinocchio_ws/install/mit_controllers/share/mit_controllers/cmake/ament_cmake_export_libraries-extras.cmake
[5.693s] -- Up-to-date: /home/loaf/Pinocchio_ws/install/mit_controllers/share/mit_controllers/cmake/ament_cmake_export_dependencies-extras.cmake
[5.693s] -- Up-to-date: /home/loaf/Pinocchio_ws/install/mit_controllers/share/mit_controllers/cmake/mit_controllersConfig.cmake
[5.693s] -- Up-to-date: /home/loaf/Pinocchio_ws/install/mit_controllers/share/mit_controllers/cmake/mit_controllersConfig-version.cmake
[5.693s] -- Up-to-date: /home/loaf/Pinocchio_ws/install/mit_controllers/share/mit_controllers/package.xml
[5.695s] Invoked command in '/home/loaf/Pinocchio_ws/build/mit_controllers' returned '0': CMAKE_PREFIX_PATH=/home/loaf/Pinocchio_ws/install/motor_control_msgs:/home/loaf/Pinocchio_ws/install/mujoco_pkg:/home/loaf/Pinocchio_ws/install/mit_controllers:/home/loaf/Pinocchio_ws/install/control_pkg:/home/loaf/Pinocchio_ws/install/descrip_pino:/opt/ros/humble LD_LIBRARY_PATH=/home/loaf/Pinocchio_ws/install/motor_control_msgs/lib:/home/loaf/Pinocchio_ws/install/mit_controllers/lib:/usr/lib/x86_64-linux-gnu/gazebo-11/plugins:/opt/ros/humble/opt/rviz_ogre_vendor/lib:/opt/ros/humble/lib/x86_64-linux-gnu:/opt/ros/humble/lib /usr/bin/cmake --install /home/loaf/Pinocchio_ws/build/mit_controllers
