In file included from [01m[K/home/loaf/Pinocchio_ws/src/control_pkg/include/Reversal_solution.h:7[m[K,
                 from [01m[K/home/loaf/Pinocchio_ws/src/control_pkg/src/math/Reversal_solution.cpp:1[m[K:
[01m[K/home/loaf/Pinocchio_ws/src/control_pkg/include/mathtool.h:[m[K In function ‘[01m[Kvoid UpdateCovariance(T1&, T2, T3, double)[m[K’:
[01m[K/home/loaf/Pinocchio_ws/src/control_pkg/include/mathtool.h:149:14:[m[K [01;31m[Kerror: [m[K‘[01m[Kcout[m[K’ is not a member of ‘[01m[Kstd[m[K’
  149 |         std::[01;31m[Kcout[m[K << "The size of updateCovariance is error" << std::endl;
      |              [01;31m[K^~~~[m[K
[01m[K/home/loaf/Pinocchio_ws/src/control_pkg/include/mathtool.h:6:1:[m[K [01;36m[Knote: [m[K‘[01m[Kstd::cout[m[K’ is defined in header ‘[01m[K<iostream>[m[K’; did you forget to ‘[01m[K#include <iostream>[m[K’?
    5 | #include "eigen3/Eigen/Dense"
  +++ |+[32m[K#include <iostream>[m[K
    6 | 
[01m[K/home/loaf/Pinocchio_ws/src/control_pkg/include/mathtool.h:[m[K In function ‘[01m[Kvoid UpdateAverage(T1&, T2, double)[m[K’:
[01m[K/home/loaf/Pinocchio_ws/src/control_pkg/include/mathtool.h:162:14:[m[K [01;31m[Kerror: [m[K‘[01m[Kcout[m[K’ is not a member of ‘[01m[Kstd[m[K’
  162 |         std::[01;31m[Kcout[m[K << "The size of updateAverage is error" << std::endl;
      |              [01;31m[K^~~~[m[K
[01m[K/home/loaf/Pinocchio_ws/src/control_pkg/include/mathtool.h:162:14:[m[K [01;36m[Knote: [m[K‘[01m[Kstd::cout[m[K’ is defined in header ‘[01m[K<iostream>[m[K’; did you forget to ‘[01m[K#include <iostream>[m[K’?
In file included from [01m[K/home/loaf/Pinocchio_ws/src/control_pkg/include/Reversal_solution.h:7[m[K,
                 from [01m[K/home/loaf/Pinocchio_ws/src/control_pkg/src/math/Reversal_solution.cpp:1[m[K:
[01m[K/home/loaf/Pinocchio_ws/src/control_pkg/include/mathtool.h:[m[K In member function ‘[01m[Kvoid AvgCov::Measure(Eigen::Matrix<double, -1, 1>)[m[K’:
[01m[K/home/loaf/Pinocchio_ws/src/control_pkg/include/mathtool.h:194:22:[m[K [01;31m[Kerror: [m[K‘[01m[Kcout[m[K’ is not a member of ‘[01m[Kstd[m[K’
  194 |                 std::[01;31m[Kcout[m[K << "******" << _valuename << " measured count: " << _measurecount-_waitcount << "******" << std::endl;
      |                      [01;31m[K^~~~[m[K
[01m[K/home/loaf/Pinocchio_ws/src/control_pkg/include/mathtool.h:194:22:[m[K [01;36m[Knote: [m[K‘[01m[Kstd::cout[m[K’ is defined in header ‘[01m[K<iostream>[m[K’; did you forget to ‘[01m[K#include <iostream>[m[K’?
[01m[K/home/loaf/Pinocchio_ws/src/control_pkg/include/mathtool.h:195:22:[m[K [01;31m[Kerror: [m[K‘[01m[Kcout[m[K’ is not a member of ‘[01m[Kstd[m[K’
  195 |                 std::[01;31m[Kcout[m[K << _zoomfactor << " Times Average of " << _valuename << std::endl << (_zoomfactor*_exp).transpose() << std::endl;
      |                      [01;31m[K^~~~[m[K
[01m[K/home/loaf/Pinocchio_ws/src/control_pkg/include/mathtool.h:195:22:[m[K [01;36m[Knote: [m[K‘[01m[Kstd::cout[m[K’ is defined in header ‘[01m[K<iostream>[m[K’; did you forget to ‘[01m[K#include <iostream>[m[K’?
[01m[K/home/loaf/Pinocchio_ws/src/control_pkg/include/mathtool.h:197:26:[m[K [01;31m[Kerror: [m[K‘[01m[Kcout[m[K’ is not a member of ‘[01m[Kstd[m[K’
  197 |                     std::[01;31m[Kcout[m[K << _zoomfactor << " Times Covariance of " << _valuename << std::endl << _zoomfactor*_cov << std::endl;
      |                          [01;31m[K^~~~[m[K
[01m[K/home/loaf/Pinocchio_ws/src/control_pkg/include/mathtool.h:197:26:[m[K [01;36m[Knote: [m[K‘[01m[Kstd::cout[m[K’ is defined in header ‘[01m[K<iostream>[m[K’; did you forget to ‘[01m[K#include <iostream>[m[K’?
[01m[K/home/loaf/Pinocchio_ws/src/control_pkg/include/mathtool.h:[m[K In function ‘[01m[KT windowFunc(T, T, T, T)[m[K’:
[01m[K/home/loaf/Pinocchio_ws/src/control_pkg/include/mathtool.h:229:14:[m[K [01;31m[Kerror: [m[K‘[01m[Kcout[m[K’ is not a member of ‘[01m[Kstd[m[K’
  229 |         std::[01;31m[Kcout[m[K << "[ERROR][windowFunc] The x=" << x << ", which should between [0, xRange]" << std::endl;
      |              [01;31m[K^~~~[m[K
[01m[K/home/loaf/Pinocchio_ws/src/control_pkg/include/mathtool.h:229:14:[m[K [01;36m[Knote: [m[K‘[01m[Kstd::cout[m[K’ is defined in header ‘[01m[K<iostream>[m[K’; did you forget to ‘[01m[K#include <iostream>[m[K’?
[01m[K/home/loaf/Pinocchio_ws/src/control_pkg/include/mathtool.h:232:14:[m[K [01;31m[Kerror: [m[K‘[01m[Kcout[m[K’ is not a member of ‘[01m[Kstd[m[K’
  232 |         std::[01;31m[Kcout[m[K << "[ERROR][windowFunc] The windowRatio=" << windowRatio << ", which should between [0, 0.5]" << std::endl;
      |              [01;31m[K^~~~[m[K
[01m[K/home/loaf/Pinocchio_ws/src/control_pkg/include/mathtool.h:232:14:[m[K [01;36m[Knote: [m[K‘[01m[Kstd::cout[m[K’ is defined in header ‘[01m[K<iostream>[m[K’; did you forget to ‘[01m[K#include <iostream>[m[K’?
In file included from [01m[K/home/loaf/Pinocchio_ws/src/control_pkg/include/Kenimatics_normal_solution.h:6[m[K,
                 from [01m[K/home/loaf/Pinocchio_ws/src/control_pkg/src/math/Kenimatics_normal_solution.cpp:1[m[K:
[01m[K/home/loaf/Pinocchio_ws/src/control_pkg/include/mathtool.h:[m[K In function ‘[01m[Kvoid UpdateCovariance(T1&, T2, T3, double)[m[K’:
[01m[K/home/loaf/Pinocchio_ws/src/control_pkg/include/mathtool.h:149:14:[m[K [01;31m[Kerror: [m[K‘[01m[Kcout[m[K’ is not a member of ‘[01m[Kstd[m[K’
  149 |         std::[01;31m[Kcout[m[K << "The size of updateCovariance is error" << std::endl;
      |              [01;31m[K^~~~[m[K
[01m[K/home/loaf/Pinocchio_ws/src/control_pkg/include/mathtool.h:6:1:[m[K [01;36m[Knote: [m[K‘[01m[Kstd::cout[m[K’ is defined in header ‘[01m[K<iostream>[m[K’; did you forget to ‘[01m[K#include <iostream>[m[K’?
    5 | #include "eigen3/Eigen/Dense"
  +++ |+[32m[K#include <iostream>[m[K
    6 | 
[01m[K/home/loaf/Pinocchio_ws/src/control_pkg/include/mathtool.h:[m[K In function ‘[01m[Kvoid UpdateAverage(T1&, T2, double)[m[K’:
[01m[K/home/loaf/Pinocchio_ws/src/control_pkg/include/mathtool.h:162:14:[m[K [01;31m[Kerror: [m[K‘[01m[Kcout[m[K’ is not a member of ‘[01m[Kstd[m[K’
  162 |         std::[01;31m[Kcout[m[K << "The size of updateAverage is error" << std::endl;
      |              [01;31m[K^~~~[m[K
[01m[K/home/loaf/Pinocchio_ws/src/control_pkg/include/mathtool.h:162:14:[m[K [01;36m[Knote: [m[K‘[01m[Kstd::cout[m[K’ is defined in header ‘[01m[K<iostream>[m[K’; did you forget to ‘[01m[K#include <iostream>[m[K’?
In file included from [01m[K/home/loaf/Pinocchio_ws/src/control_pkg/include/Kenimatics_normal_solution.h:6[m[K,
                 from [01m[K/home/loaf/Pinocchio_ws/src/control_pkg/src/math/Kenimatics_normal_solution.cpp:1[m[K:
[01m[K/home/loaf/Pinocchio_ws/src/control_pkg/include/mathtool.h:[m[K In member function ‘[01m[Kvoid AvgCov::Measure(Eigen::Matrix<double, -1, 1>)[m[K’:
[01m[K/home/loaf/Pinocchio_ws/src/control_pkg/include/mathtool.h:194:22:[m[K [01;31m[Kerror: [m[K‘[01m[Kcout[m[K’ is not a member of ‘[01m[Kstd[m[K’
  194 |                 std::[01;31m[Kcout[m[K << "******" << _valuename << " measured count: " << _measurecount-_waitcount << "******" << std::endl;
      |                      [01;31m[K^~~~[m[K
[01m[K/home/loaf/Pinocchio_ws/src/control_pkg/include/mathtool.h:194:22:[m[K [01;36m[Knote: [m[K‘[01m[Kstd::cout[m[K’ is defined in header ‘[01m[K<iostream>[m[K’; did you forget to ‘[01m[K#include <iostream>[m[K’?
[01m[K/home/loaf/Pinocchio_ws/src/control_pkg/include/mathtool.h:195:22:[m[K [01;31m[Kerror: [m[K‘[01m[Kcout[m[K’ is not a member of ‘[01m[Kstd[m[K’
  195 |                 std::[01;31m[Kcout[m[K << _zoomfactor << " Times Average of " << _valuename << std::endl << (_zoomfactor*_exp).transpose() << std::endl;
      |                      [01;31m[K^~~~[m[K
[01m[K/home/loaf/Pinocchio_ws/src/control_pkg/include/mathtool.h:195:22:[m[K [01;36m[Knote: [m[K‘[01m[Kstd::cout[m[K’ is defined in header ‘[01m[K<iostream>[m[K’; did you forget to ‘[01m[K#include <iostream>[m[K’?
[01m[K/home/loaf/Pinocchio_ws/src/control_pkg/include/mathtool.h:197:26:[m[K [01;31m[Kerror: [m[K‘[01m[Kcout[m[K’ is not a member of ‘[01m[Kstd[m[K’
  197 |                     std::[01;31m[Kcout[m[K << _zoomfactor << " Times Covariance of " << _valuename << std::endl << _zoomfactor*_cov << std::endl;
      |                          [01;31m[K^~~~[m[K
[01m[K/home/loaf/Pinocchio_ws/src/control_pkg/include/mathtool.h:197:26:[m[K [01;36m[Knote: [m[K‘[01m[Kstd::cout[m[K’ is defined in header ‘[01m[K<iostream>[m[K’; did you forget to ‘[01m[K#include <iostream>[m[K’?
[01m[K/home/loaf/Pinocchio_ws/src/control_pkg/include/mathtool.h:[m[K In function ‘[01m[KT windowFunc(T, T, T, T)[m[K’:
[01m[K/home/loaf/Pinocchio_ws/src/control_pkg/include/mathtool.h:229:14:[m[K [01;31m[Kerror: [m[K‘[01m[Kcout[m[K’ is not a member of ‘[01m[Kstd[m[K’
  229 |         std::[01;31m[Kcout[m[K << "[ERROR][windowFunc] The x=" << x << ", which should between [0, xRange]" << std::endl;
      |              [01;31m[K^~~~[m[K
[01m[K/home/loaf/Pinocchio_ws/src/control_pkg/include/mathtool.h:229:14:[m[K [01;36m[Knote: [m[K‘[01m[Kstd::cout[m[K’ is defined in header ‘[01m[K<iostream>[m[K’; did you forget to ‘[01m[K#include <iostream>[m[K’?
[01m[K/home/loaf/Pinocchio_ws/src/control_pkg/include/mathtool.h:232:14:[m[K [01;31m[Kerror: [m[K‘[01m[Kcout[m[K’ is not a member of ‘[01m[Kstd[m[K’
  232 |         std::[01;31m[Kcout[m[K << "[ERROR][windowFunc] The windowRatio=" << windowRatio << ", which should between [0, 0.5]" << std::endl;
      |              [01;31m[K^~~~[m[K
[01m[K/home/loaf/Pinocchio_ws/src/control_pkg/include/mathtool.h:232:14:[m[K [01;36m[Knote: [m[K‘[01m[Kstd::cout[m[K’ is defined in header ‘[01m[K<iostream>[m[K’; did you forget to ‘[01m[K#include <iostream>[m[K’?
gmake[2]: *** [CMakeFiles/start.dir/build.make:370：CMakeFiles/start.dir/src/math/Reversal_solution.cpp.o] 错误 1
gmake[2]: *** 正在等待未完成的任务....
gmake[2]: *** [CMakeFiles/start.dir/build.make:356：CMakeFiles/start.dir/src/math/Kenimatics_normal_solution.cpp.o] 错误 1
gmake[1]: *** [CMakeFiles/Makefile2:137：CMakeFiles/start.dir/all] 错误 2
gmake: *** [Makefile:146：all] 错误 2
