-- Found ament_cmake: 1.3.14 (/opt/ros/humble/share/ament_cmake/cmake)
-- Found rclcpp: 16.0.19 (/opt/ros/humble/share/rclcpp/cmake)
-- Found rosidl_generator_c: 3.1.8 (/opt/ros/humble/share/rosidl_generator_c/cmake)
-- Found rosidl_adapter: 3.1.8 (/opt/ros/humble/share/rosidl_adapter/cmake)
-- Found rosidl_generator_cpp: 3.1.8 (/opt/ros/humble/share/rosidl_generator_cpp/cmake)
-- Using all available rosidl_typesupport_c: rosidl_typesupport_fastrtps_c;rosidl_typesupport_introspection_c
-- Using all available rosidl_typesupport_cpp: rosidl_typesupport_fastrtps_cpp;rosidl_typesupport_introspection_cpp
-- Found rmw_implementation_cmake: 6.1.2 (/opt/ros/humble/share/rmw_implementation_cmake/cmake)
-- Found rmw_fastrtps_cpp: 6.2.10 (/opt/ros/humble/share/rmw_fastrtps_cpp/cmake)
-- Using RMW implementation 'rmw_fastrtps_cpp' as default
-- Found trajectory_msgs: 4.9.1 (/opt/ros/humble/share/trajectory_msgs/cmake)
-- Found control_msgs: 4.8.0 (/opt/ros/humble/share/control_msgs/cmake)
-- Found motor_control_msgs: 0.0.0 (/home/loaf/Pinocchio_ws/install/motor_control_msgs/share/motor_control_msgs/cmake)
-- Configuring done
-- Generating done
-- Build files have been written to: /home/loaf/Pinocchio_ws/build/control_pkg
[35m[1mConsolidate compiler generated dependencies of target start[0m
[  4%] [32mBuilding CXX object CMakeFiles/start.dir/src/common/BalanceCtrl.cpp.o[0m
[  8%] [32mBuilding CXX object CMakeFiles/start.dir/src/FSM/ControlComponent.cpp.o[0m
[ 13%] [32mBuilding CXX object CMakeFiles/start.dir/src/FSM/Free_Stand_State.cpp.o[0m
[ 17%] [32mBuilding CXX object CMakeFiles/start.dir/src/start.cpp.o[0m
[ 21%] [32mBuilding CXX object CMakeFiles/start.dir/src/FSM/Free_State.cpp.o[0m
[ 26%] [32mBuilding CXX object CMakeFiles/start.dir/src/common/Estimator.cpp.o[0m
[ 34%] [32mBuilding CXX object CMakeFiles/start.dir/src/FSM/FSM.cpp.o[0m
[ 34%] [32mBuilding CXX object CMakeFiles/start.dir/src/common/Imu.cpp.o[0m
[ 39%] [32mBuilding CXX object CMakeFiles/start.dir/src/FSM/Balance_State.cpp.o[0m
[ 43%] [32mBuilding CXX object CMakeFiles/start.dir/src/FSM/Passive_State.cpp.o[0m
[ 47%] [32mBuilding CXX object CMakeFiles/start.dir/src/FSM/Trotting_State.cpp.o[0m
[ 56%] [32mBuilding CXX object CMakeFiles/start.dir/src/FSM/FSMState.cpp.o[0m
[ 56%] [32mBuilding CXX object CMakeFiles/start.dir/src/FSM/Stand_State.cpp.o[0m
[ 60%] [32mBuilding CXX object CMakeFiles/start.dir/src/Gait/FeetEndCal.cpp.o[0m
[ 65%] [32mBuilding CXX object CMakeFiles/start.dir/src/Gait/GaitGenerator.cpp.o[0m
[ 69%] [32mBuilding CXX object CMakeFiles/start.dir/src/IOPort/IORos.cpp.o[0m
[ 73%] [32mBuilding CXX object CMakeFiles/start.dir/src/math/Kenimatics_normal_solution.cpp.o[0m
[ 78%] [32mBuilding CXX object CMakeFiles/start.dir/src/math/Reversal_solution.cpp.o[0m
In file included from [01m[K/home/loaf/Pinocchio_ws/src/control_pkg/include/Reversal_solution.h:7[m[K,
                 from [01m[K/home/loaf/Pinocchio_ws/src/control_pkg/src/math/Reversal_solution.cpp:1[m[K:
[01m[K/home/loaf/Pinocchio_ws/src/control_pkg/include/mathtool.h:[m[K In function ‘[01m[Kvoid UpdateCovariance(T1&, T2, T3, double)[m[K’:
[01m[K/home/loaf/Pinocchio_ws/src/control_pkg/include/mathtool.h:149:14:[m[K [01;31m[Kerror: [m[K‘[01m[Kcout[m[K’ is not a member of ‘[01m[Kstd[m[K’
  149 |         std::[01;31m[Kcout[m[K << "The size of updateCovariance is error" << std::endl;
      |              [01;31m[K^~~~[m[K
[01m[K/home/loaf/Pinocchio_ws/src/control_pkg/include/mathtool.h:6:1:[m[K [01;36m[Knote: [m[K‘[01m[Kstd::cout[m[K’ is defined in header ‘[01m[K<iostream>[m[K’; did you forget to ‘[01m[K#include <iostream>[m[K’?
    5 | #include "eigen3/Eigen/Dense"
  +++ |+[32m[K#include <iostream>[m[K
    6 | 
[01m[K/home/loaf/Pinocchio_ws/src/control_pkg/include/mathtool.h:[m[K In function ‘[01m[Kvoid UpdateAverage(T1&, T2, double)[m[K’:
[01m[K/home/loaf/Pinocchio_ws/src/control_pkg/include/mathtool.h:162:14:[m[K [01;31m[Kerror: [m[K‘[01m[Kcout[m[K’ is not a member of ‘[01m[Kstd[m[K’
  162 |         std::[01;31m[Kcout[m[K << "The size of updateAverage is error" << std::endl;
      |              [01;31m[K^~~~[m[K
[01m[K/home/loaf/Pinocchio_ws/src/control_pkg/include/mathtool.h:162:14:[m[K [01;36m[Knote: [m[K‘[01m[Kstd::cout[m[K’ is defined in header ‘[01m[K<iostream>[m[K’; did you forget to ‘[01m[K#include <iostream>[m[K’?
In file included from [01m[K/home/loaf/Pinocchio_ws/src/control_pkg/include/Reversal_solution.h:7[m[K,
                 from [01m[K/home/loaf/Pinocchio_ws/src/control_pkg/src/math/Reversal_solution.cpp:1[m[K:
[01m[K/home/loaf/Pinocchio_ws/src/control_pkg/include/mathtool.h:[m[K In member function ‘[01m[Kvoid AvgCov::Measure(Eigen::Matrix<double, -1, 1>)[m[K’:
[01m[K/home/loaf/Pinocchio_ws/src/control_pkg/include/mathtool.h:194:22:[m[K [01;31m[Kerror: [m[K‘[01m[Kcout[m[K’ is not a member of ‘[01m[Kstd[m[K’
  194 |                 std::[01;31m[Kcout[m[K << "******" << _valuename << " measured count: " << _measurecount-_waitcount << "******" << std::endl;
      |                      [01;31m[K^~~~[m[K
[01m[K/home/loaf/Pinocchio_ws/src/control_pkg/include/mathtool.h:194:22:[m[K [01;36m[Knote: [m[K‘[01m[Kstd::cout[m[K’ is defined in header ‘[01m[K<iostream>[m[K’; did you forget to ‘[01m[K#include <iostream>[m[K’?
[01m[K/home/loaf/Pinocchio_ws/src/control_pkg/include/mathtool.h:195:22:[m[K [01;31m[Kerror: [m[K‘[01m[Kcout[m[K’ is not a member of ‘[01m[Kstd[m[K’
  195 |                 std::[01;31m[Kcout[m[K << _zoomfactor << " Times Average of " << _valuename << std::endl << (_zoomfactor*_exp).transpose() << std::endl;
      |                      [01;31m[K^~~~[m[K
[01m[K/home/loaf/Pinocchio_ws/src/control_pkg/include/mathtool.h:195:22:[m[K [01;36m[Knote: [m[K‘[01m[Kstd::cout[m[K’ is defined in header ‘[01m[K<iostream>[m[K’; did you forget to ‘[01m[K#include <iostream>[m[K’?
[01m[K/home/loaf/Pinocchio_ws/src/control_pkg/include/mathtool.h:197:26:[m[K [01;31m[Kerror: [m[K‘[01m[Kcout[m[K’ is not a member of ‘[01m[Kstd[m[K’
  197 |                     std::[01;31m[Kcout[m[K << _zoomfactor << " Times Covariance of " << _valuename << std::endl << _zoomfactor*_cov << std::endl;
      |                          [01;31m[K^~~~[m[K
[01m[K/home/loaf/Pinocchio_ws/src/control_pkg/include/mathtool.h:197:26:[m[K [01;36m[Knote: [m[K‘[01m[Kstd::cout[m[K’ is defined in header ‘[01m[K<iostream>[m[K’; did you forget to ‘[01m[K#include <iostream>[m[K’?
[01m[K/home/loaf/Pinocchio_ws/src/control_pkg/include/mathtool.h:[m[K In function ‘[01m[KT windowFunc(T, T, T, T)[m[K’:
[01m[K/home/loaf/Pinocchio_ws/src/control_pkg/include/mathtool.h:229:14:[m[K [01;31m[Kerror: [m[K‘[01m[Kcout[m[K’ is not a member of ‘[01m[Kstd[m[K’
  229 |         std::[01;31m[Kcout[m[K << "[ERROR][windowFunc] The x=" << x << ", which should between [0, xRange]" << std::endl;
      |              [01;31m[K^~~~[m[K
[01m[K/home/loaf/Pinocchio_ws/src/control_pkg/include/mathtool.h:229:14:[m[K [01;36m[Knote: [m[K‘[01m[Kstd::cout[m[K’ is defined in header ‘[01m[K<iostream>[m[K’; did you forget to ‘[01m[K#include <iostream>[m[K’?
[01m[K/home/loaf/Pinocchio_ws/src/control_pkg/include/mathtool.h:232:14:[m[K [01;31m[Kerror: [m[K‘[01m[Kcout[m[K’ is not a member of ‘[01m[Kstd[m[K’
  232 |         std::[01;31m[Kcout[m[K << "[ERROR][windowFunc] The windowRatio=" << windowRatio << ", which should between [0, 0.5]" << std::endl;
      |              [01;31m[K^~~~[m[K
[01m[K/home/loaf/Pinocchio_ws/src/control_pkg/include/mathtool.h:232:14:[m[K [01;36m[Knote: [m[K‘[01m[Kstd::cout[m[K’ is defined in header ‘[01m[K<iostream>[m[K’; did you forget to ‘[01m[K#include <iostream>[m[K’?
In file included from [01m[K/home/loaf/Pinocchio_ws/src/control_pkg/include/Kenimatics_normal_solution.h:6[m[K,
                 from [01m[K/home/loaf/Pinocchio_ws/src/control_pkg/src/math/Kenimatics_normal_solution.cpp:1[m[K:
[01m[K/home/loaf/Pinocchio_ws/src/control_pkg/include/mathtool.h:[m[K In function ‘[01m[Kvoid UpdateCovariance(T1&, T2, T3, double)[m[K’:
[01m[K/home/loaf/Pinocchio_ws/src/control_pkg/include/mathtool.h:149:14:[m[K [01;31m[Kerror: [m[K‘[01m[Kcout[m[K’ is not a member of ‘[01m[Kstd[m[K’
  149 |         std::[01;31m[Kcout[m[K << "The size of updateCovariance is error" << std::endl;
      |              [01;31m[K^~~~[m[K
[01m[K/home/loaf/Pinocchio_ws/src/control_pkg/include/mathtool.h:6:1:[m[K [01;36m[Knote: [m[K‘[01m[Kstd::cout[m[K’ is defined in header ‘[01m[K<iostream>[m[K’; did you forget to ‘[01m[K#include <iostream>[m[K’?
    5 | #include "eigen3/Eigen/Dense"
  +++ |+[32m[K#include <iostream>[m[K
    6 | 
[01m[K/home/loaf/Pinocchio_ws/src/control_pkg/include/mathtool.h:[m[K In function ‘[01m[Kvoid UpdateAverage(T1&, T2, double)[m[K’:
[01m[K/home/loaf/Pinocchio_ws/src/control_pkg/include/mathtool.h:162:14:[m[K [01;31m[Kerror: [m[K‘[01m[Kcout[m[K’ is not a member of ‘[01m[Kstd[m[K’
  162 |         std::[01;31m[Kcout[m[K << "The size of updateAverage is error" << std::endl;
      |              [01;31m[K^~~~[m[K
[01m[K/home/loaf/Pinocchio_ws/src/control_pkg/include/mathtool.h:162:14:[m[K [01;36m[Knote: [m[K‘[01m[Kstd::cout[m[K’ is defined in header ‘[01m[K<iostream>[m[K’; did you forget to ‘[01m[K#include <iostream>[m[K’?
In file included from [01m[K/home/loaf/Pinocchio_ws/src/control_pkg/include/Kenimatics_normal_solution.h:6[m[K,
                 from [01m[K/home/loaf/Pinocchio_ws/src/control_pkg/src/math/Kenimatics_normal_solution.cpp:1[m[K:
[01m[K/home/loaf/Pinocchio_ws/src/control_pkg/include/mathtool.h:[m[K In member function ‘[01m[Kvoid AvgCov::Measure(Eigen::Matrix<double, -1, 1>)[m[K’:
[01m[K/home/loaf/Pinocchio_ws/src/control_pkg/include/mathtool.h:194:22:[m[K [01;31m[Kerror: [m[K‘[01m[Kcout[m[K’ is not a member of ‘[01m[Kstd[m[K’
  194 |                 std::[01;31m[Kcout[m[K << "******" << _valuename << " measured count: " << _measurecount-_waitcount << "******" << std::endl;
      |                      [01;31m[K^~~~[m[K
[01m[K/home/loaf/Pinocchio_ws/src/control_pkg/include/mathtool.h:194:22:[m[K [01;36m[Knote: [m[K‘[01m[Kstd::cout[m[K’ is defined in header ‘[01m[K<iostream>[m[K’; did you forget to ‘[01m[K#include <iostream>[m[K’?
[01m[K/home/loaf/Pinocchio_ws/src/control_pkg/include/mathtool.h:195:22:[m[K [01;31m[Kerror: [m[K‘[01m[Kcout[m[K’ is not a member of ‘[01m[Kstd[m[K’
  195 |                 std::[01;31m[Kcout[m[K << _zoomfactor << " Times Average of " << _valuename << std::endl << (_zoomfactor*_exp).transpose() << std::endl;
      |                      [01;31m[K^~~~[m[K
[01m[K/home/loaf/Pinocchio_ws/src/control_pkg/include/mathtool.h:195:22:[m[K [01;36m[Knote: [m[K‘[01m[Kstd::cout[m[K’ is defined in header ‘[01m[K<iostream>[m[K’; did you forget to ‘[01m[K#include <iostream>[m[K’?
[01m[K/home/loaf/Pinocchio_ws/src/control_pkg/include/mathtool.h:197:26:[m[K [01;31m[Kerror: [m[K‘[01m[Kcout[m[K’ is not a member of ‘[01m[Kstd[m[K’
  197 |                     std::[01;31m[Kcout[m[K << _zoomfactor << " Times Covariance of " << _valuename << std::endl << _zoomfactor*_cov << std::endl;
      |                          [01;31m[K^~~~[m[K
[01m[K/home/loaf/Pinocchio_ws/src/control_pkg/include/mathtool.h:197:26:[m[K [01;36m[Knote: [m[K‘[01m[Kstd::cout[m[K’ is defined in header ‘[01m[K<iostream>[m[K’; did you forget to ‘[01m[K#include <iostream>[m[K’?
[01m[K/home/loaf/Pinocchio_ws/src/control_pkg/include/mathtool.h:[m[K In function ‘[01m[KT windowFunc(T, T, T, T)[m[K’:
[01m[K/home/loaf/Pinocchio_ws/src/control_pkg/include/mathtool.h:229:14:[m[K [01;31m[Kerror: [m[K‘[01m[Kcout[m[K’ is not a member of ‘[01m[Kstd[m[K’
  229 |         std::[01;31m[Kcout[m[K << "[ERROR][windowFunc] The x=" << x << ", which should between [0, xRange]" << std::endl;
      |              [01;31m[K^~~~[m[K
[01m[K/home/loaf/Pinocchio_ws/src/control_pkg/include/mathtool.h:229:14:[m[K [01;36m[Knote: [m[K‘[01m[Kstd::cout[m[K’ is defined in header ‘[01m[K<iostream>[m[K’; did you forget to ‘[01m[K#include <iostream>[m[K’?
[01m[K/home/loaf/Pinocchio_ws/src/control_pkg/include/mathtool.h:232:14:[m[K [01;31m[Kerror: [m[K‘[01m[Kcout[m[K’ is not a member of ‘[01m[Kstd[m[K’
  232 |         std::[01;31m[Kcout[m[K << "[ERROR][windowFunc] The windowRatio=" << windowRatio << ", which should between [0, 0.5]" << std::endl;
      |              [01;31m[K^~~~[m[K
[01m[K/home/loaf/Pinocchio_ws/src/control_pkg/include/mathtool.h:232:14:[m[K [01;36m[Knote: [m[K‘[01m[Kstd::cout[m[K’ is defined in header ‘[01m[K<iostream>[m[K’; did you forget to ‘[01m[K#include <iostream>[m[K’?
gmake[2]: *** [CMakeFiles/start.dir/build.make:370：CMakeFiles/start.dir/src/math/Reversal_solution.cpp.o] 错误 1
gmake[2]: *** 正在等待未完成的任务....
gmake[2]: *** [CMakeFiles/start.dir/build.make:356：CMakeFiles/start.dir/src/math/Kenimatics_normal_solution.cpp.o] 错误 1
gmake[1]: *** [CMakeFiles/Makefile2:137：CMakeFiles/start.dir/all] 错误 2
gmake: *** [Makefile:146：all] 错误 2
