[0.008s] Invoking command in '/home/loaf/Pinocchio_ws/build/control_pkg': CMAKE_PREFIX_PATH=/home/loaf/Pinocchio_ws/install/motor_control_msgs:/home/loaf/Pinocchio_ws/install/mujoco_pkg:/home/loaf/Pinocchio_ws/install/mit_controllers:/home/loaf/Pinocchio_ws/install/control_pkg:/home/loaf/Pinocchio_ws/install/descrip_pino:/opt/ros/humble LD_LIBRARY_PATH=/home/loaf/Pinocchio_ws/install/motor_control_msgs/lib:/home/loaf/Pinocchio_ws/install/mit_controllers/lib:/usr/lib/x86_64-linux-gnu/gazebo-11/plugins:/opt/ros/humble/opt/rviz_ogre_vendor/lib:/opt/ros/humble/lib/x86_64-linux-gnu:/opt/ros/humble/lib /usr/bin/cmake --build /home/loaf/Pinocchio_ws/build/control_pkg -- -j24 -l24
[0.037s] -- Found ament_cmake: 1.3.14 (/opt/ros/humble/share/ament_cmake/cmake)
[0.150s] -- Found rclcpp: 16.0.19 (/opt/ros/humble/share/rclcpp/cmake)
[0.185s] -- Found rosidl_generator_c: 3.1.8 (/opt/ros/humble/share/rosidl_generator_c/cmake)
[0.187s] -- Found rosidl_adapter: 3.1.8 (/opt/ros/humble/share/rosidl_adapter/cmake)
[0.194s] -- Found rosidl_generator_cpp: 3.1.8 (/opt/ros/humble/share/rosidl_generator_cpp/cmake)
[0.206s] -- Using all available rosidl_typesupport_c: rosidl_typesupport_fastrtps_c;rosidl_typesupport_introspection_c
[0.218s] -- Using all available rosidl_typesupport_cpp: rosidl_typesupport_fastrtps_cpp;rosidl_typesupport_introspection_cpp
[0.251s] -- Found rmw_implementation_cmake: 6.1.2 (/opt/ros/humble/share/rmw_implementation_cmake/cmake)
[0.252s] -- Found rmw_fastrtps_cpp: 6.2.10 (/opt/ros/humble/share/rmw_fastrtps_cpp/cmake)
[0.336s] -- Using RMW implementation 'rmw_fastrtps_cpp' as default
[0.380s] -- Found trajectory_msgs: 4.9.1 (/opt/ros/humble/share/trajectory_msgs/cmake)
[0.406s] -- Found control_msgs: 4.8.0 (/opt/ros/humble/share/control_msgs/cmake)
[0.463s] -- Found motor_control_msgs: 0.0.0 (/home/loaf/Pinocchio_ws/install/motor_control_msgs/share/motor_control_msgs/cmake)
[0.513s] -- Configuring done
[0.523s] -- Generating done
[0.525s] -- Build files have been written to: /home/loaf/Pinocchio_ws/build/control_pkg
[0.554s] [35m[1mConsolidate compiler generated dependencies of target start[0m
[0.587s] [  4%] [32mBuilding CXX object CMakeFiles/start.dir/src/common/BalanceCtrl.cpp.o[0m
[0.588s] [  8%] [32mBuilding CXX object CMakeFiles/start.dir/src/FSM/ControlComponent.cpp.o[0m
[0.588s] [ 13%] [32mBuilding CXX object CMakeFiles/start.dir/src/FSM/Free_Stand_State.cpp.o[0m
[0.589s] [ 17%] [32mBuilding CXX object CMakeFiles/start.dir/src/start.cpp.o[0m
[0.589s] [ 21%] [32mBuilding CXX object CMakeFiles/start.dir/src/FSM/Free_State.cpp.o[0m
[0.589s] [ 26%] [32mBuilding CXX object CMakeFiles/start.dir/src/common/Estimator.cpp.o[0m
[0.590s] [ 34%] [32mBuilding CXX object CMakeFiles/start.dir/src/FSM/FSM.cpp.o[0m
[0.590s] [ 34%] [32mBuilding CXX object CMakeFiles/start.dir/src/common/Imu.cpp.o[0m
[0.590s] [ 39%] [32mBuilding CXX object CMakeFiles/start.dir/src/FSM/Balance_State.cpp.o[0m
[0.591s] [ 43%] [32mBuilding CXX object CMakeFiles/start.dir/src/FSM/Passive_State.cpp.o[0m
[0.593s] [ 47%] [32mBuilding CXX object CMakeFiles/start.dir/src/FSM/Trotting_State.cpp.o[0m
[0.593s] [ 56%] [32mBuilding CXX object CMakeFiles/start.dir/src/FSM/FSMState.cpp.o[0m
[0.593s] [ 56%] [32mBuilding CXX object CMakeFiles/start.dir/src/FSM/Stand_State.cpp.o[0m
[0.594s] [ 60%] [32mBuilding CXX object CMakeFiles/start.dir/src/Gait/FeetEndCal.cpp.o[0m
[0.595s] [ 65%] [32mBuilding CXX object CMakeFiles/start.dir/src/Gait/GaitGenerator.cpp.o[0m
[0.596s] [ 69%] [32mBuilding CXX object CMakeFiles/start.dir/src/IOPort/IORos.cpp.o[0m
[0.597s] [ 73%] [32mBuilding CXX object CMakeFiles/start.dir/src/math/Kenimatics_normal_solution.cpp.o[0m
[0.597s] [ 78%] [32mBuilding CXX object CMakeFiles/start.dir/src/math/Reversal_solution.cpp.o[0m
[1.313s] In file included from [01m[K/home/loaf/Pinocchio_ws/src/control_pkg/include/Reversal_solution.h:7[m[K,
[1.313s]                  from [01m[K/home/loaf/Pinocchio_ws/src/control_pkg/src/math/Reversal_solution.cpp:1[m[K:
[1.313s] [01m[K/home/loaf/Pinocchio_ws/src/control_pkg/include/mathtool.h:[m[K In function ‘[01m[Kvoid UpdateCovariance(T1&, T2, T3, double)[m[K’:
[1.313s] [01m[K/home/loaf/Pinocchio_ws/src/control_pkg/include/mathtool.h:149:14:[m[K [01;31m[Kerror: [m[K‘[01m[Kcout[m[K’ is not a member of ‘[01m[Kstd[m[K’
[1.313s]   149 |         std::[01;31m[Kcout[m[K << "The size of updateCovariance is error" << std::endl;
[1.313s]       |              [01;31m[K^~~~[m[K
[1.313s] [01m[K/home/loaf/Pinocchio_ws/src/control_pkg/include/mathtool.h:6:1:[m[K [01;36m[Knote: [m[K‘[01m[Kstd::cout[m[K’ is defined in header ‘[01m[K<iostream>[m[K’; did you forget to ‘[01m[K#include <iostream>[m[K’?
[1.313s]     5 | #include "eigen3/Eigen/Dense"
[1.313s]   +++ |+[32m[K#include <iostream>[m[K
[1.313s]     6 | 
[1.313s] [01m[K/home/loaf/Pinocchio_ws/src/control_pkg/include/mathtool.h:[m[K In function ‘[01m[Kvoid UpdateAverage(T1&, T2, double)[m[K’:
[1.313s] [01m[K/home/loaf/Pinocchio_ws/src/control_pkg/include/mathtool.h:162:14:[m[K [01;31m[Kerror: [m[K‘[01m[Kcout[m[K’ is not a member of ‘[01m[Kstd[m[K’
[1.314s]   162 |         std::[01;31m[Kcout[m[K << "The size of updateAverage is error" << std::endl;
[1.314s]       |              [01;31m[K^~~~[m[K
[1.314s] [01m[K/home/loaf/Pinocchio_ws/src/control_pkg/include/mathtool.h:162:14:[m[K [01;36m[Knote: [m[K‘[01m[Kstd::cout[m[K’ is defined in header ‘[01m[K<iostream>[m[K’; did you forget to ‘[01m[K#include <iostream>[m[K’?
[1.335s] In file included from [01m[K/home/loaf/Pinocchio_ws/src/control_pkg/include/Reversal_solution.h:7[m[K,
[1.335s]                  from [01m[K/home/loaf/Pinocchio_ws/src/control_pkg/src/math/Reversal_solution.cpp:1[m[K:
[1.335s] [01m[K/home/loaf/Pinocchio_ws/src/control_pkg/include/mathtool.h:[m[K In member function ‘[01m[Kvoid AvgCov::Measure(Eigen::Matrix<double, -1, 1>)[m[K’:
[1.335s] [01m[K/home/loaf/Pinocchio_ws/src/control_pkg/include/mathtool.h:194:22:[m[K [01;31m[Kerror: [m[K‘[01m[Kcout[m[K’ is not a member of ‘[01m[Kstd[m[K’
[1.335s]   194 |                 std::[01;31m[Kcout[m[K << "******" << _valuename << " measured count: " << _measurecount-_waitcount << "******" << std::endl;
[1.335s]       |                      [01;31m[K^~~~[m[K
[1.335s] [01m[K/home/loaf/Pinocchio_ws/src/control_pkg/include/mathtool.h:194:22:[m[K [01;36m[Knote: [m[K‘[01m[Kstd::cout[m[K’ is defined in header ‘[01m[K<iostream>[m[K’; did you forget to ‘[01m[K#include <iostream>[m[K’?
[1.335s] [01m[K/home/loaf/Pinocchio_ws/src/control_pkg/include/mathtool.h:195:22:[m[K [01;31m[Kerror: [m[K‘[01m[Kcout[m[K’ is not a member of ‘[01m[Kstd[m[K’
[1.336s]   195 |                 std::[01;31m[Kcout[m[K << _zoomfactor << " Times Average of " << _valuename << std::endl << (_zoomfactor*_exp).transpose() << std::endl;
[1.336s]       |                      [01;31m[K^~~~[m[K
[1.336s] [01m[K/home/loaf/Pinocchio_ws/src/control_pkg/include/mathtool.h:195:22:[m[K [01;36m[Knote: [m[K‘[01m[Kstd::cout[m[K’ is defined in header ‘[01m[K<iostream>[m[K’; did you forget to ‘[01m[K#include <iostream>[m[K’?
[1.354s] [01m[K/home/loaf/Pinocchio_ws/src/control_pkg/include/mathtool.h:197:26:[m[K [01;31m[Kerror: [m[K‘[01m[Kcout[m[K’ is not a member of ‘[01m[Kstd[m[K’
[1.354s]   197 |                     std::[01;31m[Kcout[m[K << _zoomfactor << " Times Covariance of " << _valuename << std::endl << _zoomfactor*_cov << std::endl;
[1.354s]       |                          [01;31m[K^~~~[m[K
[1.354s] [01m[K/home/loaf/Pinocchio_ws/src/control_pkg/include/mathtool.h:197:26:[m[K [01;36m[Knote: [m[K‘[01m[Kstd::cout[m[K’ is defined in header ‘[01m[K<iostream>[m[K’; did you forget to ‘[01m[K#include <iostream>[m[K’?
[1.382s] [01m[K/home/loaf/Pinocchio_ws/src/control_pkg/include/mathtool.h:[m[K In function ‘[01m[KT windowFunc(T, T, T, T)[m[K’:
[1.382s] [01m[K/home/loaf/Pinocchio_ws/src/control_pkg/include/mathtool.h:229:14:[m[K [01;31m[Kerror: [m[K‘[01m[Kcout[m[K’ is not a member of ‘[01m[Kstd[m[K’
[1.382s]   229 |         std::[01;31m[Kcout[m[K << "[ERROR][windowFunc] The x=" << x << ", which should between [0, xRange]" << std::endl;
[1.382s]       |              [01;31m[K^~~~[m[K
[1.382s] [01m[K/home/loaf/Pinocchio_ws/src/control_pkg/include/mathtool.h:229:14:[m[K [01;36m[Knote: [m[K‘[01m[Kstd::cout[m[K’ is defined in header ‘[01m[K<iostream>[m[K’; did you forget to ‘[01m[K#include <iostream>[m[K’?
[1.382s] [01m[K/home/loaf/Pinocchio_ws/src/control_pkg/include/mathtool.h:232:14:[m[K [01;31m[Kerror: [m[K‘[01m[Kcout[m[K’ is not a member of ‘[01m[Kstd[m[K’
[1.382s]   232 |         std::[01;31m[Kcout[m[K << "[ERROR][windowFunc] The windowRatio=" << windowRatio << ", which should between [0, 0.5]" << std::endl;
[1.382s]       |              [01;31m[K^~~~[m[K
[1.382s] [01m[K/home/loaf/Pinocchio_ws/src/control_pkg/include/mathtool.h:232:14:[m[K [01;36m[Knote: [m[K‘[01m[Kstd::cout[m[K’ is defined in header ‘[01m[K<iostream>[m[K’; did you forget to ‘[01m[K#include <iostream>[m[K’?
[1.894s] In file included from [01m[K/home/loaf/Pinocchio_ws/src/control_pkg/include/Kenimatics_normal_solution.h:6[m[K,
[1.895s]                  from [01m[K/home/loaf/Pinocchio_ws/src/control_pkg/src/math/Kenimatics_normal_solution.cpp:1[m[K:
[1.895s] [01m[K/home/loaf/Pinocchio_ws/src/control_pkg/include/mathtool.h:[m[K In function ‘[01m[Kvoid UpdateCovariance(T1&, T2, T3, double)[m[K’:
[1.895s] [01m[K/home/loaf/Pinocchio_ws/src/control_pkg/include/mathtool.h:149:14:[m[K [01;31m[Kerror: [m[K‘[01m[Kcout[m[K’ is not a member of ‘[01m[Kstd[m[K’
[1.895s]   149 |         std::[01;31m[Kcout[m[K << "The size of updateCovariance is error" << std::endl;
[1.895s]       |              [01;31m[K^~~~[m[K
[1.895s] [01m[K/home/loaf/Pinocchio_ws/src/control_pkg/include/mathtool.h:6:1:[m[K [01;36m[Knote: [m[K‘[01m[Kstd::cout[m[K’ is defined in header ‘[01m[K<iostream>[m[K’; did you forget to ‘[01m[K#include <iostream>[m[K’?
[1.895s]     5 | #include "eigen3/Eigen/Dense"
[1.895s]   +++ |+[32m[K#include <iostream>[m[K
[1.895s]     6 | 
[1.895s] [01m[K/home/loaf/Pinocchio_ws/src/control_pkg/include/mathtool.h:[m[K In function ‘[01m[Kvoid UpdateAverage(T1&, T2, double)[m[K’:
[1.895s] [01m[K/home/loaf/Pinocchio_ws/src/control_pkg/include/mathtool.h:162:14:[m[K [01;31m[Kerror: [m[K‘[01m[Kcout[m[K’ is not a member of ‘[01m[Kstd[m[K’
[1.895s]   162 |         std::[01;31m[Kcout[m[K << "The size of updateAverage is error" << std::endl;
[1.895s]       |              [01;31m[K^~~~[m[K
[1.896s] [01m[K/home/loaf/Pinocchio_ws/src/control_pkg/include/mathtool.h:162:14:[m[K [01;36m[Knote: [m[K‘[01m[Kstd::cout[m[K’ is defined in header ‘[01m[K<iostream>[m[K’; did you forget to ‘[01m[K#include <iostream>[m[K’?
[1.929s] In file included from [01m[K/home/loaf/Pinocchio_ws/src/control_pkg/include/Kenimatics_normal_solution.h:6[m[K,
[1.929s]                  from [01m[K/home/loaf/Pinocchio_ws/src/control_pkg/src/math/Kenimatics_normal_solution.cpp:1[m[K:
[1.929s] [01m[K/home/loaf/Pinocchio_ws/src/control_pkg/include/mathtool.h:[m[K In member function ‘[01m[Kvoid AvgCov::Measure(Eigen::Matrix<double, -1, 1>)[m[K’:
[1.929s] [01m[K/home/loaf/Pinocchio_ws/src/control_pkg/include/mathtool.h:194:22:[m[K [01;31m[Kerror: [m[K‘[01m[Kcout[m[K’ is not a member of ‘[01m[Kstd[m[K’
[1.929s]   194 |                 std::[01;31m[Kcout[m[K << "******" << _valuename << " measured count: " << _measurecount-_waitcount << "******" << std::endl;
[1.929s]       |                      [01;31m[K^~~~[m[K
[1.929s] [01m[K/home/loaf/Pinocchio_ws/src/control_pkg/include/mathtool.h:194:22:[m[K [01;36m[Knote: [m[K‘[01m[Kstd::cout[m[K’ is defined in header ‘[01m[K<iostream>[m[K’; did you forget to ‘[01m[K#include <iostream>[m[K’?
[1.929s] [01m[K/home/loaf/Pinocchio_ws/src/control_pkg/include/mathtool.h:195:22:[m[K [01;31m[Kerror: [m[K‘[01m[Kcout[m[K’ is not a member of ‘[01m[Kstd[m[K’
[1.929s]   195 |                 std::[01;31m[Kcout[m[K << _zoomfactor << " Times Average of " << _valuename << std::endl << (_zoomfactor*_exp).transpose() << std::endl;
[1.929s]       |                      [01;31m[K^~~~[m[K
[1.929s] [01m[K/home/loaf/Pinocchio_ws/src/control_pkg/include/mathtool.h:195:22:[m[K [01;36m[Knote: [m[K‘[01m[Kstd::cout[m[K’ is defined in header ‘[01m[K<iostream>[m[K’; did you forget to ‘[01m[K#include <iostream>[m[K’?
[1.961s] [01m[K/home/loaf/Pinocchio_ws/src/control_pkg/include/mathtool.h:197:26:[m[K [01;31m[Kerror: [m[K‘[01m[Kcout[m[K’ is not a member of ‘[01m[Kstd[m[K’
[1.961s]   197 |                     std::[01;31m[Kcout[m[K << _zoomfactor << " Times Covariance of " << _valuename << std::endl << _zoomfactor*_cov << std::endl;
[1.961s]       |                          [01;31m[K^~~~[m[K
[1.961s] [01m[K/home/loaf/Pinocchio_ws/src/control_pkg/include/mathtool.h:197:26:[m[K [01;36m[Knote: [m[K‘[01m[Kstd::cout[m[K’ is defined in header ‘[01m[K<iostream>[m[K’; did you forget to ‘[01m[K#include <iostream>[m[K’?
[2.010s] [01m[K/home/loaf/Pinocchio_ws/src/control_pkg/include/mathtool.h:[m[K In function ‘[01m[KT windowFunc(T, T, T, T)[m[K’:
[2.010s] [01m[K/home/loaf/Pinocchio_ws/src/control_pkg/include/mathtool.h:229:14:[m[K [01;31m[Kerror: [m[K‘[01m[Kcout[m[K’ is not a member of ‘[01m[Kstd[m[K’
[2.011s]   229 |         std::[01;31m[Kcout[m[K << "[ERROR][windowFunc] The x=" << x << ", which should between [0, xRange]" << std::endl;
[2.011s]       |              [01;31m[K^~~~[m[K
[2.011s] [01m[K/home/loaf/Pinocchio_ws/src/control_pkg/include/mathtool.h:229:14:[m[K [01;36m[Knote: [m[K‘[01m[Kstd::cout[m[K’ is defined in header ‘[01m[K<iostream>[m[K’; did you forget to ‘[01m[K#include <iostream>[m[K’?
[2.011s] [01m[K/home/loaf/Pinocchio_ws/src/control_pkg/include/mathtool.h:232:14:[m[K [01;31m[Kerror: [m[K‘[01m[Kcout[m[K’ is not a member of ‘[01m[Kstd[m[K’
[2.011s]   232 |         std::[01;31m[Kcout[m[K << "[ERROR][windowFunc] The windowRatio=" << windowRatio << ", which should between [0, 0.5]" << std::endl;
[2.011s]       |              [01;31m[K^~~~[m[K
[2.011s] [01m[K/home/loaf/Pinocchio_ws/src/control_pkg/include/mathtool.h:232:14:[m[K [01;36m[Knote: [m[K‘[01m[Kstd::cout[m[K’ is defined in header ‘[01m[K<iostream>[m[K’; did you forget to ‘[01m[K#include <iostream>[m[K’?
[2.329s] gmake[2]: *** [CMakeFiles/start.dir/build.make:370：CMakeFiles/start.dir/src/math/Reversal_solution.cpp.o] 错误 1
[2.329s] gmake[2]: *** 正在等待未完成的任务....
[3.428s] gmake[2]: *** [CMakeFiles/start.dir/build.make:356：CMakeFiles/start.dir/src/math/Kenimatics_normal_solution.cpp.o] 错误 1
[12.436s] gmake[1]: *** [CMakeFiles/Makefile2:137：CMakeFiles/start.dir/all] 错误 2
[12.436s] gmake: *** [Makefile:146：all] 错误 2
[12.438s] Invoked command in '/home/loaf/Pinocchio_ws/build/control_pkg' returned '2': CMAKE_PREFIX_PATH=/home/loaf/Pinocchio_ws/install/motor_control_msgs:/home/loaf/Pinocchio_ws/install/mujoco_pkg:/home/loaf/Pinocchio_ws/install/mit_controllers:/home/loaf/Pinocchio_ws/install/control_pkg:/home/loaf/Pinocchio_ws/install/descrip_pino:/opt/ros/humble LD_LIBRARY_PATH=/home/loaf/Pinocchio_ws/install/motor_control_msgs/lib:/home/loaf/Pinocchio_ws/install/mit_controllers/lib:/usr/lib/x86_64-linux-gnu/gazebo-11/plugins:/opt/ros/humble/opt/rviz_ogre_vendor/lib:/opt/ros/humble/lib/x86_64-linux-gnu:/opt/ros/humble/lib /usr/bin/cmake --build /home/loaf/Pinocchio_ws/build/control_pkg -- -j24 -l24
