-- The C compiler identification is GNU 11.4.0
-- The CXX compiler identification is GNU 11.4.0
-- Detecting C compiler ABI info
-- Detecting C compiler ABI info - done
-- Check for working C compiler: /usr/bin/cc - skipped
-- Detecting C compile features
-- Detecting C compile features - done
-- Detecting CXX compiler ABI info
-- Detecting CXX compiler ABI info - done
-- Check for working CXX compiler: /usr/bin/c++ - skipped
-- Detecting CXX compile features
-- Detecting CXX compile features - done
-- Found OpenGL: /usr/lib/x86_64-linux-gnu/libOpenGL.so   
-- Find mujoco:  , 
-- Found ament_cmake: 1.3.14 (/opt/ros/humble/share/ament_cmake/cmake)
-- Found Python3: /usr/bin/python3 (found version "3.10.12") found components: Interpreter 
-- Found std_msgs: 4.9.1 (/opt/ros/humble/share/std_msgs/cmake)
-- Found rosidl_generator_c: 3.1.8 (/opt/ros/humble/share/rosidl_generator_c/cmake)
-- Found rosidl_adapter: 3.1.8 (/opt/ros/humble/share/rosidl_adapter/cmake)
-- Found rosidl_generator_cpp: 3.1.8 (/opt/ros/humble/share/rosidl_generator_cpp/cmake)
-- Using all available rosidl_typesupport_c: rosidl_typesupport_fastrtps_c;rosidl_typesupport_introspection_c
-- Using all available rosidl_typesupport_cpp: rosidl_typesupport_fastrtps_cpp;rosidl_typesupport_introspection_cpp
-- Found sensor_msgs: 4.9.1 (/opt/ros/humble/share/sensor_msgs/cmake)
-- Found rclcpp: 16.0.19 (/opt/ros/humble/share/rclcpp/cmake)
-- Found rmw_implementation_cmake: 6.1.2 (/opt/ros/humble/share/rmw_implementation_cmake/cmake)
-- Found rmw_fastrtps_cpp: 6.2.10 (/opt/ros/humble/share/rmw_fastrtps_cpp/cmake)
-- Found OpenSSL: /usr/lib/x86_64-linux-gnu/libcrypto.so (found version "3.0.2")  
-- Found FastRTPS: /opt/ros/humble/include  
-- Using RMW implementation 'rmw_fastrtps_cpp' as default
-- Looking for pthread.h
-- Looking for pthread.h - found
-- Performing Test CMAKE_HAVE_LIBC_PTHREAD
-- Performing Test CMAKE_HAVE_LIBC_PTHREAD - Success
-- Found Threads: TRUE  
-- Configuring done
-- Generating done
-- Build files have been written to: /home/loaf/Pinocchio_ws/build/mujoco_pkg
[ 33%] [32mBuilding CXX object CMakeFiles/mj.dir/src/mj.cc.o[0m
[ 66%] [32mBuilding CXX object CMakeFiles/mj.dir/src/ioros.cpp.o[0m
[100%] [32m[1mLinking CXX executable mj[0m
/usr/bin/ld: CMakeFiles/mj.dir/src/mj.cc.o: in function `mouse_button(GLFWwindow*, int, int, int)':
mj.cc:(.text+0x87): undefined reference to `glfwGetMouseButton'
/usr/bin/ld: mj.cc:(.text+0xa4): undefined reference to `glfwGetMouseButton'
/usr/bin/ld: mj.cc:(.text+0xc1): undefined reference to `glfwGetMouseButton'
/usr/bin/ld: mj.cc:(.text+0xea): undefined reference to `glfwGetCursorPos'
/usr/bin/ld: CMakeFiles/mj.dir/src/mj.cc.o: in function `mouse_move(GLFWwindow*, double, double)':
mj.cc:(.text+0x1a1): undefined reference to `glfwGetWindowSize'
/usr/bin/ld: mj.cc:(.text+0x1b2): undefined reference to `glfwGetKey'
/usr/bin/ld: mj.cc:(.text+0x1c8): undefined reference to `glfwGetKey'
/usr/bin/ld: CMakeFiles/mj.dir/src/mj.cc.o: in function `initial()':
mj.cc:(.text+0x3e3): undefined reference to `glfwInit'
/usr/bin/ld: mj.cc:(.text+0x424): undefined reference to `glfwCreateWindow'
/usr/bin/ld: mj.cc:(.text+0x43a): undefined reference to `glfwMakeContextCurrent'
/usr/bin/ld: mj.cc:(.text+0x444): undefined reference to `glfwSwapInterval'
/usr/bin/ld: mj.cc:(.text+0x4d5): undefined reference to `glfwSetKeyCallback'
/usr/bin/ld: mj.cc:(.text+0x4ee): undefined reference to `glfwSetCursorPosCallback'
/usr/bin/ld: mj.cc:(.text+0x507): undefined reference to `glfwSetMouseButtonCallback'
/usr/bin/ld: mj.cc:(.text+0x520): undefined reference to `glfwSetScrollCallback'
/usr/bin/ld: CMakeFiles/mj.dir/src/mj.cc.o: in function `main':
mj.cc:(.text+0xbae): undefined reference to `glfwGetFramebufferSize'
/usr/bin/ld: mj.cc:(.text+0xc26): undefined reference to `glfwSwapBuffers'
/usr/bin/ld: mj.cc:(.text+0xc2b): undefined reference to `glfwPollEvents'
/usr/bin/ld: mj.cc:(.text+0xc66): undefined reference to `glfwWindowShouldClose'
collect2: error: ld returned 1 exit status
gmake[2]: *** [CMakeFiles/mj.dir/build.make:192：mj] 错误 1
gmake[1]: *** [CMakeFiles/Makefile2:137：CMakeFiles/mj.dir/all] 错误 2
gmake: *** [Makefile:146：all] 错误 2
