[0.009s] Invoking command in '/home/loaf/Pinocchio_ws/build/mujoco_pkg': CMAKE_PREFIX_PATH=${CMAKE_PREFIX_PATH}:/opt/ros/humble /usr/bin/cmake /home/loaf/Pinocchio_ws/src/mujoco_pkg -DCMAKE_INSTALL_PREFIX=/home/loaf/Pinocchio_ws/install/mujoco_pkg
[0.051s] -- The C compiler identification is GNU 11.4.0
[0.085s] -- The CXX compiler identification is GNU 11.4.0
[0.090s] -- Detecting C compiler ABI info
[0.141s] -- Detecting C compiler ABI info - done
[0.146s] -- Check for working C compiler: /usr/bin/cc - skipped
[0.146s] -- Detecting C compile features
[0.146s] -- Detecting C compile features - done
[0.148s] -- Detecting CXX compiler ABI info
[0.204s] -- Detecting CXX compiler ABI info - done
[0.211s] -- Check for working CXX compiler: /usr/bin/c++ - skipped
[0.211s] -- Detecting CXX compile features
[0.211s] -- Detecting CXX compile features - done
[0.220s] -- Found OpenGL: /usr/lib/x86_64-linux-gnu/libOpenGL.so   
[0.220s] -- Find mujoco:  , 
[0.221s] -- Found ament_cmake: 1.3.14 (/opt/ros/humble/share/ament_cmake/cmake)
[0.318s] -- Found Python3: /usr/bin/python3 (found version "3.10.12") found components: Interpreter 
[0.370s] -- Found std_msgs: 4.9.1 (/opt/ros/humble/share/std_msgs/cmake)
[0.386s] -- Found rosidl_generator_c: 3.1.8 (/opt/ros/humble/share/rosidl_generator_c/cmake)
[0.389s] -- Found rosidl_adapter: 3.1.8 (/opt/ros/humble/share/rosidl_adapter/cmake)
[0.394s] -- Found rosidl_generator_cpp: 3.1.8 (/opt/ros/humble/share/rosidl_generator_cpp/cmake)
[0.401s] -- Using all available rosidl_typesupport_c: rosidl_typesupport_fastrtps_c;rosidl_typesupport_introspection_c
[0.411s] -- Using all available rosidl_typesupport_cpp: rosidl_typesupport_fastrtps_cpp;rosidl_typesupport_introspection_cpp
[0.427s] -- Found sensor_msgs: 4.9.1 (/opt/ros/humble/share/sensor_msgs/cmake)
[0.445s] -- Found rclcpp: 16.0.19 (/opt/ros/humble/share/rclcpp/cmake)
[0.468s] -- Found rmw_implementation_cmake: 6.1.2 (/opt/ros/humble/share/rmw_implementation_cmake/cmake)
[0.470s] -- Found rmw_fastrtps_cpp: 6.2.10 (/opt/ros/humble/share/rmw_fastrtps_cpp/cmake)
[0.533s] -- Found OpenSSL: /usr/lib/x86_64-linux-gnu/libcrypto.so (found version "3.0.2")  
[0.555s] -- Found FastRTPS: /opt/ros/humble/include  
[0.582s] -- Using RMW implementation 'rmw_fastrtps_cpp' as default
[0.587s] -- Looking for pthread.h
[0.644s] -- Looking for pthread.h - found
[0.644s] -- Performing Test CMAKE_HAVE_LIBC_PTHREAD
[0.697s] -- Performing Test CMAKE_HAVE_LIBC_PTHREAD - Success
[0.698s] -- Found Threads: TRUE  
[0.763s] -- Configuring done
[0.768s] -- Generating done
[0.770s] -- Build files have been written to: /home/loaf/Pinocchio_ws/build/mujoco_pkg
[0.777s] Invoked command in '/home/loaf/Pinocchio_ws/build/mujoco_pkg' returned '0': CMAKE_PREFIX_PATH=${CMAKE_PREFIX_PATH}:/opt/ros/humble /usr/bin/cmake /home/loaf/Pinocchio_ws/src/mujoco_pkg -DCMAKE_INSTALL_PREFIX=/home/loaf/Pinocchio_ws/install/mujoco_pkg
[0.777s] Invoking command in '/home/loaf/Pinocchio_ws/build/mujoco_pkg': CMAKE_PREFIX_PATH=${CMAKE_PREFIX_PATH}:/opt/ros/humble /usr/bin/cmake --build /home/loaf/Pinocchio_ws/build/mujoco_pkg -- -j24 -l24
[0.809s] [ 33%] [32mBuilding CXX object CMakeFiles/mj.dir/src/mj.cc.o[0m
[0.810s] [ 66%] [32mBuilding CXX object CMakeFiles/mj.dir/src/ioros.cpp.o[0m
[3.104s] [100%] [32m[1mLinking CXX executable mj[0m
[3.204s] /usr/bin/ld: CMakeFiles/mj.dir/src/mj.cc.o: in function `mouse_button(GLFWwindow*, int, int, int)':
[3.204s] mj.cc:(.text+0x87): undefined reference to `glfwGetMouseButton'
[3.204s] /usr/bin/ld: mj.cc:(.text+0xa4): undefined reference to `glfwGetMouseButton'
[3.204s] /usr/bin/ld: mj.cc:(.text+0xc1): undefined reference to `glfwGetMouseButton'
[3.204s] /usr/bin/ld: mj.cc:(.text+0xea): undefined reference to `glfwGetCursorPos'
[3.204s] /usr/bin/ld: CMakeFiles/mj.dir/src/mj.cc.o: in function `mouse_move(GLFWwindow*, double, double)':
[3.204s] mj.cc:(.text+0x1a1): undefined reference to `glfwGetWindowSize'
[3.204s] /usr/bin/ld: mj.cc:(.text+0x1b2): undefined reference to `glfwGetKey'
[3.204s] /usr/bin/ld: mj.cc:(.text+0x1c8): undefined reference to `glfwGetKey'
[3.204s] /usr/bin/ld: CMakeFiles/mj.dir/src/mj.cc.o: in function `initial()':
[3.205s] mj.cc:(.text+0x3e3): undefined reference to `glfwInit'
[3.205s] /usr/bin/ld: mj.cc:(.text+0x424): undefined reference to `glfwCreateWindow'
[3.205s] /usr/bin/ld: mj.cc:(.text+0x43a): undefined reference to `glfwMakeContextCurrent'
[3.205s] /usr/bin/ld: mj.cc:(.text+0x444): undefined reference to `glfwSwapInterval'
[3.205s] /usr/bin/ld: mj.cc:(.text+0x4d5): undefined reference to `glfwSetKeyCallback'
[3.205s] /usr/bin/ld: mj.cc:(.text+0x4ee): undefined reference to `glfwSetCursorPosCallback'
[3.205s] /usr/bin/ld: mj.cc:(.text+0x507): undefined reference to `glfwSetMouseButtonCallback'
[3.205s] /usr/bin/ld: mj.cc:(.text+0x520): undefined reference to `glfwSetScrollCallback'
[3.205s] /usr/bin/ld: CMakeFiles/mj.dir/src/mj.cc.o: in function `main':
[3.205s] mj.cc:(.text+0xbae): undefined reference to `glfwGetFramebufferSize'
[3.205s] /usr/bin/ld: mj.cc:(.text+0xc26): undefined reference to `glfwSwapBuffers'
[3.205s] /usr/bin/ld: mj.cc:(.text+0xc2b): undefined reference to `glfwPollEvents'
[3.205s] /usr/bin/ld: mj.cc:(.text+0xc66): undefined reference to `glfwWindowShouldClose'
[3.213s] collect2: error: ld returned 1 exit status
[3.214s] gmake[2]: *** [CMakeFiles/mj.dir/build.make:192：mj] 错误 1
[3.215s] gmake[1]: *** [CMakeFiles/Makefile2:137：CMakeFiles/mj.dir/all] 错误 2
[3.215s] gmake: *** [Makefile:146：all] 错误 2
[3.217s] Invoked command in '/home/loaf/Pinocchio_ws/build/mujoco_pkg' returned '2': CMAKE_PREFIX_PATH=${CMAKE_PREFIX_PATH}:/opt/ros/humble /usr/bin/cmake --build /home/loaf/Pinocchio_ws/build/mujoco_pkg -- -j24 -l24
