[0.008s] Invoking command in '/home/loaf/Pinocchio_ws/build/mujoco_pkg': CMAKE_PREFIX_PATH=${CMAKE_PREFIX_PATH}:/opt/ros/humble /usr/bin/cmake /home/loaf/Pinocchio_ws/src/mujoco_pkg -DCMAKE_INSTALL_PREFIX=/home/loaf/Pinocchio_ws/install/mujoco_pkg
[0.016s] -- Find mujoco:  , 
[0.016s] -- Found ament_cmake: 1.3.14 (/opt/ros/humble/share/ament_cmake/cmake)
[0.101s] -- Found std_msgs: 4.9.1 (/opt/ros/humble/share/std_msgs/cmake)
[0.117s] -- Found rosidl_generator_c: 3.1.8 (/opt/ros/humble/share/rosidl_generator_c/cmake)
[0.118s] -- Found rosidl_adapter: 3.1.8 (/opt/ros/humble/share/rosidl_adapter/cmake)
[0.122s] -- Found rosidl_generator_cpp: 3.1.8 (/opt/ros/humble/share/rosidl_generator_cpp/cmake)
[0.128s] -- Using all available rosidl_typesupport_c: rosidl_typesupport_fastrtps_c;rosidl_typesupport_introspection_c
[0.135s] -- Using all available rosidl_typesupport_cpp: rosidl_typesupport_fastrtps_cpp;rosidl_typesupport_introspection_cpp
[0.147s] -- Found sensor_msgs: 4.9.1 (/opt/ros/humble/share/sensor_msgs/cmake)
[0.162s] -- Found rclcpp: 16.0.19 (/opt/ros/humble/share/rclcpp/cmake)
[0.176s] -- Found rmw_implementation_cmake: 6.1.2 (/opt/ros/humble/share/rmw_implementation_cmake/cmake)
[0.177s] -- Found rmw_fastrtps_cpp: 6.2.10 (/opt/ros/humble/share/rmw_fastrtps_cpp/cmake)
[0.248s] -- Using RMW implementation 'rmw_fastrtps_cpp' as default
[0.314s] -- Configuring done
[0.318s] -- Generating done
[0.320s] -- Build files have been written to: /home/loaf/Pinocchio_ws/build/mujoco_pkg
[0.326s] Invoked command in '/home/loaf/Pinocchio_ws/build/mujoco_pkg' returned '0': CMAKE_PREFIX_PATH=${CMAKE_PREFIX_PATH}:/opt/ros/humble /usr/bin/cmake /home/loaf/Pinocchio_ws/src/mujoco_pkg -DCMAKE_INSTALL_PREFIX=/home/loaf/Pinocchio_ws/install/mujoco_pkg
[0.327s] Invoking command in '/home/loaf/Pinocchio_ws/build/mujoco_pkg': CMAKE_PREFIX_PATH=${CMAKE_PREFIX_PATH}:/opt/ros/humble /usr/bin/cmake --build /home/loaf/Pinocchio_ws/build/mujoco_pkg -- -j24 -l24
[0.372s] [35m[1mConsolidate compiler generated dependencies of target mj[0m
[0.391s] [ 33%] [32mBuilding CXX object CMakeFiles/mj.dir/src/mj.cc.o[0m
[2.390s] [ 66%] [32m[1mLinking CXX executable mj[0m
[2.530s] [100%] Built target mj
[2.538s] Invoked command in '/home/loaf/Pinocchio_ws/build/mujoco_pkg' returned '0': CMAKE_PREFIX_PATH=${CMAKE_PREFIX_PATH}:/opt/ros/humble /usr/bin/cmake --build /home/loaf/Pinocchio_ws/build/mujoco_pkg -- -j24 -l24
[2.539s] Invoking command in '/home/loaf/Pinocchio_ws/build/mujoco_pkg': CMAKE_PREFIX_PATH=${CMAKE_PREFIX_PATH}:/opt/ros/humble /usr/bin/cmake --install /home/loaf/Pinocchio_ws/build/mujoco_pkg
[2.543s] -- Install configuration: "Debug"
[2.543s] -- Installing: /home/loaf/Pinocchio_ws/install/mujoco_pkg/lib/mujoco_pkg/mj
[2.546s] -- Up-to-date: /home/loaf/Pinocchio_ws/install/mujoco_pkg/share/ament_index/resource_index/package_run_dependencies/mujoco_pkg
[2.546s] -- Up-to-date: /home/loaf/Pinocchio_ws/install/mujoco_pkg/share/ament_index/resource_index/parent_prefix_path/mujoco_pkg
[2.546s] -- Up-to-date: /home/loaf/Pinocchio_ws/install/mujoco_pkg/share/mujoco_pkg/environment/ament_prefix_path.sh
[2.546s] -- Installing: /home/loaf/Pinocchio_ws/install/mujoco_pkg/share/mujoco_pkg/environment/ament_prefix_path.dsv
[2.546s] -- Up-to-date: /home/loaf/Pinocchio_ws/install/mujoco_pkg/share/mujoco_pkg/environment/path.sh
[2.546s] -- Installing: /home/loaf/Pinocchio_ws/install/mujoco_pkg/share/mujoco_pkg/environment/path.dsv
[2.546s] -- Up-to-date: /home/loaf/Pinocchio_ws/install/mujoco_pkg/share/mujoco_pkg/local_setup.bash
[2.546s] -- Up-to-date: /home/loaf/Pinocchio_ws/install/mujoco_pkg/share/mujoco_pkg/local_setup.sh
[2.546s] -- Up-to-date: /home/loaf/Pinocchio_ws/install/mujoco_pkg/share/mujoco_pkg/local_setup.zsh
[2.546s] -- Installing: /home/loaf/Pinocchio_ws/install/mujoco_pkg/share/mujoco_pkg/local_setup.dsv
[2.546s] -- Installing: /home/loaf/Pinocchio_ws/install/mujoco_pkg/share/mujoco_pkg/package.dsv
[2.546s] -- Up-to-date: /home/loaf/Pinocchio_ws/install/mujoco_pkg/share/ament_index/resource_index/packages/mujoco_pkg
[2.546s] -- Up-to-date: /home/loaf/Pinocchio_ws/install/mujoco_pkg/share/mujoco_pkg/cmake/mujoco_pkgConfig.cmake
[2.547s] -- Up-to-date: /home/loaf/Pinocchio_ws/install/mujoco_pkg/share/mujoco_pkg/cmake/mujoco_pkgConfig-version.cmake
[2.547s] -- Up-to-date: /home/loaf/Pinocchio_ws/install/mujoco_pkg/share/mujoco_pkg/package.xml
[2.548s] Invoked command in '/home/loaf/Pinocchio_ws/build/mujoco_pkg' returned '0': CMAKE_PREFIX_PATH=${CMAKE_PREFIX_PATH}:/opt/ros/humble /usr/bin/cmake --install /home/loaf/Pinocchio_ws/build/mujoco_pkg
