In file included from [01m[K/home/loaf/Pinocchio_ws/src/control_pkg/include/Imu.h:8[m[K,
                 from [01m[K/home/loaf/Pinocchio_ws/src/control_pkg/src/common/Imu.cpp:1[m[K:
[01m[K/home/loaf/Pinocchio_ws/src/control_pkg/include/mathtool.h:55:14:[m[K [01;35m[Kwarning: [m[Kinline function ‘[01m[Kvoid UpdateAvgCov(T1&, T2&, T3, double) [with T1 = Eigen::Matrix<double, -1, -1>; T2 = Eigen::Matrix<double, -1, 1>; T3 = Eigen::Matrix<double, -1, 1>][m[K’ used but never defined
   55 | inline void  [01;35m[KUpdateAvgCov[m[K(T1 &cov, T2 &exp, T3 newValue, double n);
      |              [01;35m[K^~~~~~~~~~~~[m[K
[01m[K/home/loaf/Pinocchio_ws/src/control_pkg/include/mathtool.h:44:34:[m[K [01;35m[Kwarning: [m[Kinline function ‘[01m[KEigen::Matrix<float, 3, 3> Quat2RotMat(Eigen::Matrix<float, 4, 1>)[m[K’ used but never defined
   44 | inline Eigen::Matrix<float, 3, 3>[01;35m[KQuat2RotMat[m[K(Eigen::Matrix<float, 4, 1> q);
      |                                  [01;35m[K^~~~~~~~~~~[m[K
[01m[K/home/loaf/Pinocchio_ws/src/control_pkg/include/mathtool.h:31:35:[m[K [01;35m[Kwarning: [m[Kinline function ‘[01m[KEigen::Matrix<float, 3, 1> rotMatToRPY(const Eigen::Matrix<float, 3, 3>&)[m[K’ used but never defined
   31 | inline Eigen::Matrix<float, 3, 1> [01;35m[KrotMatToRPY[m[K(const Eigen::Matrix<float, 3, 3>& R);
      |                                   [01;35m[K^~~~~~~~~~~[m[K
In file included from [01m[K/home/loaf/Pinocchio_ws/src/control_pkg/include/BalanceCtrl.h:6[m[K,
                 from [01m[K/home/loaf/Pinocchio_ws/src/control_pkg/src/common/BalanceCtrl.cpp:1[m[K:
[01m[K/home/loaf/Pinocchio_ws/src/control_pkg/include/mathtool.h:55:14:[m[K [01;35m[Kwarning: [m[Kinline function ‘[01m[Kvoid UpdateAvgCov(T1&, T2&, T3, double) [with T1 = Eigen::Matrix<double, -1, -1>; T2 = Eigen::Matrix<double, -1, 1>; T3 = Eigen::Matrix<double, -1, 1>][m[K’ used but never defined
   55 | inline void  [01;35m[KUpdateAvgCov[m[K(T1 &cov, T2 &exp, T3 newValue, double n);
      |              [01;35m[K^~~~~~~~~~~~[m[K
In file included from [01m[K/home/loaf/Pinocchio_ws/src/control_pkg/include/BalanceCtrl.h:6[m[K,
                 from [01m[K/home/loaf/Pinocchio_ws/src/control_pkg/src/common/BalanceCtrl.cpp:1[m[K:
[01m[K/home/loaf/Pinocchio_ws/src/control_pkg/include/mathtool.h:102:36:[m[K [01;35m[Kwarning: [m[Kinline function ‘[01m[KEigen::Matrix<double, 3, 4> vec12ToVec34(Eigen::Matrix<double, 12, 1>)[m[K’ used but never defined
  102 | inline Eigen::Matrix<double, 3, 4> [01;35m[Kvec12ToVec34[m[K(Eigen::Matrix<double, 12, 1> vec12);
      |                                    [01;35m[K^~~~~~~~~~~~[m[K
[01m[K/home/loaf/Pinocchio_ws/src/control_pkg/include/mathtool.h:96:36:[m[K [01;35m[Kwarning: [m[Kinline function ‘[01m[KEigen::Matrix<double, 3, 3> skew(const Eigen::Matrix<double, 3, 1>&)[m[K’ used but never defined
   96 | inline Eigen::Matrix<double, 3, 3> [01;35m[Kskew[m[K(const Eigen::Matrix<double, 3, 1>& v);
      |                                    [01;35m[K^~~~[m[K
In file included from [01m[K/home/loaf/Pinocchio_ws/src/control_pkg/include/Kenimatics_normal_solution.h:6[m[K,
                 from [01m[K/home/loaf/Pinocchio_ws/src/control_pkg/src/start.cpp:2[m[K:
[01m[K/home/loaf/Pinocchio_ws/src/control_pkg/include/mathtool.h:55:14:[m[K [01;35m[Kwarning: [m[Kinline function ‘[01m[Kvoid UpdateAvgCov(T1&, T2&, T3, double) [with T1 = Eigen::Matrix<double, -1, -1>; T2 = Eigen::Matrix<double, -1, 1>; T3 = Eigen::Matrix<double, -1, 1>][m[K’ used but never defined
   55 | inline void  [01;35m[KUpdateAvgCov[m[K(T1 &cov, T2 &exp, T3 newValue, double n);
      |              [01;35m[K^~~~~~~~~~~~[m[K
In file included from [01m[K/home/loaf/Pinocchio_ws/src/control_pkg/include/Imu.h:8[m[K,
                 from [01m[K/home/loaf/Pinocchio_ws/src/control_pkg/include/LowState.h:7[m[K,
                 from [01m[K/home/loaf/Pinocchio_ws/src/control_pkg/include/Estimator.h:4[m[K,
                 from [01m[K/home/loaf/Pinocchio_ws/src/control_pkg/include/FSM/ControlComponent.h:5[m[K,
                 from [01m[K/home/loaf/Pinocchio_ws/src/control_pkg/include/FSM/Free_State.h:4[m[K,
                 from [01m[K/home/loaf/Pinocchio_ws/src/control_pkg/src/FSM/FSMState.cpp:1[m[K:
[01m[K/home/loaf/Pinocchio_ws/src/control_pkg/include/mathtool.h:55:14:[m[K [01;35m[Kwarning: [m[Kinline function ‘[01m[Kvoid UpdateAvgCov(T1&, T2&, T3, double) [with T1 = Eigen::Matrix<double, -1, -1>; T2 = Eigen::Matrix<double, -1, 1>; T3 = Eigen::Matrix<double, -1, 1>][m[K’ used but never defined
   55 | inline void  [01;35m[KUpdateAvgCov[m[K(T1 &cov, T2 &exp, T3 newValue, double n);
      |              [01;35m[K^~~~~~~~~~~~[m[K
In file included from [01m[K/home/loaf/Pinocchio_ws/src/control_pkg/include/Imu.h:8[m[K,
                 from [01m[K/home/loaf/Pinocchio_ws/src/control_pkg/include/LowState.h:7[m[K,
                 from [01m[K/home/loaf/Pinocchio_ws/src/control_pkg/include/Estimator.h:4[m[K,
                 from [01m[K/home/loaf/Pinocchio_ws/src/control_pkg/include/FSM/ControlComponent.h:5[m[K,
                 from [01m[K/home/loaf/Pinocchio_ws/src/control_pkg/include/FSM/Stand_State.h:4[m[K,
                 from [01m[K/home/loaf/Pinocchio_ws/src/control_pkg/src/FSM/Stand_State.cpp:1[m[K:
[01m[K/home/loaf/Pinocchio_ws/src/control_pkg/include/mathtool.h:55:14:[m[K [01;35m[Kwarning: [m[Kinline function ‘[01m[Kvoid UpdateAvgCov(T1&, T2&, T3, double) [with T1 = Eigen::Matrix<double, -1, -1>; T2 = Eigen::Matrix<double, -1, 1>; T3 = Eigen::Matrix<double, -1, 1>][m[K’ used but never defined
   55 | inline void  [01;35m[KUpdateAvgCov[m[K(T1 &cov, T2 &exp, T3 newValue, double n);
      |              [01;35m[K^~~~~~~~~~~~[m[K
In file included from [01m[K/home/loaf/Pinocchio_ws/src/control_pkg/include/Imu.h:8[m[K,
                 from [01m[K/home/loaf/Pinocchio_ws/src/control_pkg/include/LowState.h:7[m[K,
                 from [01m[K/home/loaf/Pinocchio_ws/src/control_pkg/include/Estimator.h:4[m[K,
                 from [01m[K/home/loaf/Pinocchio_ws/src/control_pkg/include/FSM/ControlComponent.h:5[m[K,
                 from [01m[K/home/loaf/Pinocchio_ws/src/control_pkg/include/FSM/Stand_State.h:4[m[K,
                 from [01m[K/home/loaf/Pinocchio_ws/src/control_pkg/src/FSM/Stand_State.cpp:1[m[K:
[01m[K/home/loaf/Pinocchio_ws/src/control_pkg/include/mathtool.h:104:36:[m[K [01;35m[Kwarning: [m[Kinline function ‘[01m[KEigen::Matrix<float, 12, 1> vec34ToVec12(Eigen::Matrix<float, 3, 4>)[m[K’ used but never defined
  104 | inline Eigen::Matrix<float, 12, 1> [01;35m[Kvec34ToVec12[m[K(Eigen::Matrix<float, 3, 4> vec34);
      |                                    [01;35m[K^~~~~~~~~~~~[m[K
In file included from [01m[K/home/loaf/Pinocchio_ws/src/control_pkg/include/Imu.h:8[m[K,
                 from [01m[K/home/loaf/Pinocchio_ws/src/control_pkg/include/LowState.h:7[m[K,
                 from [01m[K/home/loaf/Pinocchio_ws/src/control_pkg/include/Estimator.h:4[m[K,
                 from [01m[K/home/loaf/Pinocchio_ws/src/control_pkg/include/FSM/ControlComponent.h:5[m[K,
                 from [01m[K/home/loaf/Pinocchio_ws/src/control_pkg/src/FSM/ControlComponent.cpp:1[m[K:
[01m[K/home/loaf/Pinocchio_ws/src/control_pkg/include/mathtool.h:55:14:[m[K [01;35m[Kwarning: [m[Kinline function ‘[01m[Kvoid UpdateAvgCov(T1&, T2&, T3, double) [with T1 = Eigen::Matrix<double, -1, -1>; T2 = Eigen::Matrix<double, -1, 1>; T3 = Eigen::Matrix<double, -1, 1>][m[K’ used but never defined
   55 | inline void  [01;35m[KUpdateAvgCov[m[K(T1 &cov, T2 &exp, T3 newValue, double n);
      |              [01;35m[K^~~~~~~~~~~~[m[K
In file included from [01m[K/home/loaf/Pinocchio_ws/src/control_pkg/include/Imu.h:8[m[K,
                 from [01m[K/home/loaf/Pinocchio_ws/src/control_pkg/include/LowState.h:7[m[K,
                 from [01m[K/home/loaf/Pinocchio_ws/src/control_pkg/include/Estimator.h:4[m[K,
                 from [01m[K/home/loaf/Pinocchio_ws/src/control_pkg/include/FSM/ControlComponent.h:5[m[K,
                 from [01m[K/home/loaf/Pinocchio_ws/src/control_pkg/include/FSM/Free_State.h:4[m[K,
                 from [01m[K/home/loaf/Pinocchio_ws/src/control_pkg/src/FSM/Free_State.cpp:2[m[K:
[01m[K/home/loaf/Pinocchio_ws/src/control_pkg/include/mathtool.h:55:14:[m[K [01;35m[Kwarning: [m[Kinline function ‘[01m[Kvoid UpdateAvgCov(T1&, T2&, T3, double) [with T1 = Eigen::Matrix<double, -1, -1>; T2 = Eigen::Matrix<double, -1, 1>; T3 = Eigen::Matrix<double, -1, 1>][m[K’ used but never defined
   55 | inline void  [01;35m[KUpdateAvgCov[m[K(T1 &cov, T2 &exp, T3 newValue, double n);
      |              [01;35m[K^~~~~~~~~~~~[m[K
In file included from [01m[K/home/loaf/Pinocchio_ws/src/control_pkg/include/Imu.h:8[m[K,
                 from [01m[K/home/loaf/Pinocchio_ws/src/control_pkg/include/LowState.h:7[m[K,
                 from [01m[K/home/loaf/Pinocchio_ws/src/control_pkg/include/Estimator.h:4[m[K,
                 from [01m[K/home/loaf/Pinocchio_ws/src/control_pkg/include/FSM/ControlComponent.h:5[m[K,
                 from [01m[K/home/loaf/Pinocchio_ws/src/control_pkg/include/FSM/FSM.h:4[m[K,
                 from [01m[K/home/loaf/Pinocchio_ws/src/control_pkg/src/FSM/FSM.cpp:1[m[K:
[01m[K/home/loaf/Pinocchio_ws/src/control_pkg/include/mathtool.h:55:14:[m[K [01;35m[Kwarning: [m[Kinline function ‘[01m[Kvoid UpdateAvgCov(T1&, T2&, T3, double) [with T1 = Eigen::Matrix<double, -1, -1>; T2 = Eigen::Matrix<double, -1, 1>; T3 = Eigen::Matrix<double, -1, 1>][m[K’ used but never defined
   55 | inline void  [01;35m[KUpdateAvgCov[m[K(T1 &cov, T2 &exp, T3 newValue, double n);
      |              [01;35m[K^~~~~~~~~~~~[m[K
In file included from [01m[K/home/loaf/Pinocchio_ws/src/control_pkg/include/Imu.h:8[m[K,
                 from [01m[K/home/loaf/Pinocchio_ws/src/control_pkg/include/LowState.h:7[m[K,
                 from [01m[K/home/loaf/Pinocchio_ws/src/control_pkg/include/Estimator.h:4[m[K,
                 from [01m[K/home/loaf/Pinocchio_ws/src/control_pkg/include/FSM/ControlComponent.h:5[m[K,
                 from [01m[K/home/loaf/Pinocchio_ws/src/control_pkg/include/Gait/FeetEndCal.h:4[m[K,
                 from [01m[K/home/loaf/Pinocchio_ws/src/control_pkg/include/Gait/GaitGenerator.h:6[m[K,
                 from [01m[K/home/loaf/Pinocchio_ws/src/control_pkg/src/Gait/GaitGenerator.cpp:1[m[K:
[01m[K/home/loaf/Pinocchio_ws/src/control_pkg/include/mathtool.h:55:14:[m[K [01;35m[Kwarning: [m[Kinline function ‘[01m[Kvoid UpdateAvgCov(T1&, T2&, T3, double) [with T1 = Eigen::Matrix<double, -1, -1>; T2 = Eigen::Matrix<double, -1, 1>; T3 = Eigen::Matrix<double, -1, 1>][m[K’ used but never defined
   55 | inline void  [01;35m[KUpdateAvgCov[m[K(T1 &cov, T2 &exp, T3 newValue, double n);
      |              [01;35m[K^~~~~~~~~~~~[m[K
In file included from [01m[K/home/loaf/Pinocchio_ws/src/control_pkg/include/Imu.h:8[m[K,
                 from [01m[K/home/loaf/Pinocchio_ws/src/control_pkg/include/LowState.h:7[m[K,
                 from [01m[K/home/loaf/Pinocchio_ws/src/control_pkg/include/Estimator.h:4[m[K,
                 from [01m[K/home/loaf/Pinocchio_ws/src/control_pkg/include/FSM/ControlComponent.h:5[m[K,
                 from [01m[K/home/loaf/Pinocchio_ws/src/control_pkg/include/FSM/Passive_State.h:4[m[K,
                 from [01m[K/home/loaf/Pinocchio_ws/src/control_pkg/src/FSM/Passive_State.cpp:1[m[K:
[01m[K/home/loaf/Pinocchio_ws/src/control_pkg/include/mathtool.h:55:14:[m[K [01;35m[Kwarning: [m[Kinline function ‘[01m[Kvoid UpdateAvgCov(T1&, T2&, T3, double) [with T1 = Eigen::Matrix<double, -1, -1>; T2 = Eigen::Matrix<double, -1, 1>; T3 = Eigen::Matrix<double, -1, 1>][m[K’ used but never defined
   55 | inline void  [01;35m[KUpdateAvgCov[m[K(T1 &cov, T2 &exp, T3 newValue, double n);
      |              [01;35m[K^~~~~~~~~~~~[m[K
In file included from [01m[K/home/loaf/Pinocchio_ws/src/control_pkg/include/Imu.h:8[m[K,
                 from [01m[K/home/loaf/Pinocchio_ws/src/control_pkg/include/LowState.h:7[m[K,
                 from [01m[K/home/loaf/Pinocchio_ws/src/control_pkg/include/Estimator.h:4[m[K,
                 from [01m[K/home/loaf/Pinocchio_ws/src/control_pkg/include/FSM/ControlComponent.h:5[m[K,
                 from [01m[K/home/loaf/Pinocchio_ws/src/control_pkg/include/FSM/Free_Stand_State.h:4[m[K,
                 from [01m[K/home/loaf/Pinocchio_ws/src/control_pkg/src/FSM/Free_Stand_State.cpp:1[m[K:
[01m[K/home/loaf/Pinocchio_ws/src/control_pkg/include/mathtool.h:55:14:[m[K [01;35m[Kwarning: [m[Kinline function ‘[01m[Kvoid UpdateAvgCov(T1&, T2&, T3, double) [with T1 = Eigen::Matrix<double, -1, -1>; T2 = Eigen::Matrix<double, -1, 1>; T3 = Eigen::Matrix<double, -1, 1>][m[K’ used but never defined
   55 | inline void  [01;35m[KUpdateAvgCov[m[K(T1 &cov, T2 &exp, T3 newValue, double n);
      |              [01;35m[K^~~~~~~~~~~~[m[K
[01m[K/home/loaf/Pinocchio_ws/src/control_pkg/include/mathtool.h:17:11:[m[K [01;35m[Kwarning: [m[Kinline function ‘[01m[KT1 invNormalize(T0, T1, T2, float, float) [with T0 = float; T1 = float; T2 = float][m[K’ used but never defined
   17 | inline T1 [01;35m[KinvNormalize[m[K(const T0 value, const T1 min, const T2 max, const float minLim = -1, const float maxLim = 1);
      |           [01;35m[K^~~~~~~~~~~~[m[K
[01m[K/home/loaf/Pinocchio_ws/src/control_pkg/include/mathtool.h:29:35:[m[K [01;35m[Kwarning: [m[Kinline function ‘[01m[KEigen::Matrix<float, 3, 3> Rpy2RotMat(const float&, const float&, const float&)[m[K’ used but never defined
   29 | inline Eigen::Matrix<float, 3, 3> [01;35m[KRpy2RotMat[m[K(const float& row, const float& pitch, const float& yaw);
      |                                   [01;35m[K^~~~~~~~~~[m[K
[01m[K/home/loaf/Pinocchio_ws/src/control_pkg/include/mathtool.h:34:35:[m[K [01;35m[Kwarning: [m[Kinline function ‘[01m[KEigen::Matrix<float, 4, 4> homoMatrix(Eigen::Matrix<float, 3, 1>, Eigen::Matrix<float, 3, 3>)[m[K’ used but never defined
   34 | inline Eigen::Matrix<float, 4, 4> [01;35m[KhomoMatrix[m[K(Eigen::Matrix<float, 3, 1> p, Eigen::Matrix<float, 3, 3> m);
      |                                   [01;35m[K^~~~~~~~~~[m[K
[01m[K/home/loaf/Pinocchio_ws/src/control_pkg/include/mathtool.h:36:35:[m[K [01;35m[Kwarning: [m[Kinline function ‘[01m[KEigen::Matrix<float, 4, 4> homoMatrixInverse(Eigen::Matrix<float, 4, 4>)[m[K’ used but never defined
   36 | inline Eigen::Matrix<float, 4, 4> [01;35m[KhomoMatrixInverse[m[K(Eigen::Matrix<float, 4, 4> homoM);
      |                                   [01;35m[K^~~~~~~~~~~~~~~~~[m[K
[01m[K/home/loaf/Pinocchio_ws/src/control_pkg/include/mathtool.h:39:35:[m[K [01;35m[Kwarning: [m[Kinline function ‘[01m[KEigen::Matrix<float, 4, 1> homoVec(Eigen::Matrix<float, 3, 1>)[m[K’ used but never defined
   39 | inline Eigen::Matrix<float, 4, 1> [01;35m[KhomoVec[m[K(Eigen::Matrix<float, 3, 1> v3);
      |                                   [01;35m[K^~~~~~~[m[K
[01m[K/home/loaf/Pinocchio_ws/src/control_pkg/include/mathtool.h:42:35:[m[K [01;35m[Kwarning: [m[Kinline function ‘[01m[KEigen::Matrix<float, 3, 1> noHomoVec(Eigen::Matrix<float, 4, 1>)[m[K’ used but never defined
   42 | inline Eigen::Matrix<float, 3, 1> [01;35m[KnoHomoVec[m[K(Eigen::Matrix<float, 4, 1> v4);
      |                                   [01;35m[K^~~~~~~~~[m[K
In file included from [01m[K/home/loaf/Pinocchio_ws/src/control_pkg/include/Imu.h:8[m[K,
                 from [01m[K/home/loaf/Pinocchio_ws/src/control_pkg/include/LowState.h:7[m[K,
                 from [01m[K/home/loaf/Pinocchio_ws/src/control_pkg/include/Estimator.h:4[m[K,
                 from [01m[K/home/loaf/Pinocchio_ws/src/control_pkg/include/FSM/ControlComponent.h:5[m[K,
                 from [01m[K/home/loaf/Pinocchio_ws/src/control_pkg/include/Gait/FeetEndCal.h:4[m[K,
                 from [01m[K/home/loaf/Pinocchio_ws/src/control_pkg/src/Gait/FeetEndCal.cpp:1[m[K:
[01m[K/home/loaf/Pinocchio_ws/src/control_pkg/include/mathtool.h:55:14:[m[K [01;35m[Kwarning: [m[Kinline function ‘[01m[Kvoid UpdateAvgCov(T1&, T2&, T3, double) [with T1 = Eigen::Matrix<double, -1, -1>; T2 = Eigen::Matrix<double, -1, 1>; T3 = Eigen::Matrix<double, -1, 1>][m[K’ used but never defined
   55 | inline void  [01;35m[KUpdateAvgCov[m[K(T1 &cov, T2 &exp, T3 newValue, double n);
      |              [01;35m[K^~~~~~~~~~~~[m[K
In file included from [01m[K/home/loaf/Pinocchio_ws/src/control_pkg/include/Imu.h:8[m[K,
                 from [01m[K/home/loaf/Pinocchio_ws/src/control_pkg/include/LowState.h:7[m[K,
                 from [01m[K/home/loaf/Pinocchio_ws/src/control_pkg/include/Estimator.h:4[m[K,
                 from [01m[K/home/loaf/Pinocchio_ws/src/control_pkg/include/FSM/ControlComponent.h:5[m[K,
                 from [01m[K/home/loaf/Pinocchio_ws/src/control_pkg/include/FSM/Balance_State.h:4[m[K,
                 from [01m[K/home/loaf/Pinocchio_ws/src/control_pkg/src/FSM/Balance_State.cpp:1[m[K:
[01m[K/home/loaf/Pinocchio_ws/src/control_pkg/include/mathtool.h:55:14:[m[K [01;35m[Kwarning: [m[Kinline function ‘[01m[Kvoid UpdateAvgCov(T1&, T2&, T3, double) [with T1 = Eigen::Matrix<double, -1, -1>; T2 = Eigen::Matrix<double, -1, 1>; T3 = Eigen::Matrix<double, -1, 1>][m[K’ used but never defined
   55 | inline void  [01;35m[KUpdateAvgCov[m[K(T1 &cov, T2 &exp, T3 newValue, double n);
      |              [01;35m[K^~~~~~~~~~~~[m[K
In file included from [01m[K/home/loaf/Pinocchio_ws/src/control_pkg/include/Imu.h:8[m[K,
                 from [01m[K/home/loaf/Pinocchio_ws/src/control_pkg/include/LowState.h:7[m[K,
                 from [01m[K/home/loaf/Pinocchio_ws/src/control_pkg/include/Estimator.h:4[m[K,
                 from [01m[K/home/loaf/Pinocchio_ws/src/control_pkg/include/FSM/ControlComponent.h:5[m[K,
                 from [01m[K/home/loaf/Pinocchio_ws/src/control_pkg/include/FSM/Balance_State.h:4[m[K,
                 from [01m[K/home/loaf/Pinocchio_ws/src/control_pkg/src/FSM/Balance_State.cpp:1[m[K:
[01m[K/home/loaf/Pinocchio_ws/src/control_pkg/include/mathtool.h:107:36:[m[K [01;35m[Kwarning: [m[Kinline function ‘[01m[KEigen::Matrix<double, 3, 1> rotMatToExp(const Eigen::Matrix<double, 3, 3>&)[m[K’ used but never defined
  107 | inline Eigen::Matrix<double, 3, 1> [01;35m[KrotMatToExp[m[K(const Eigen::Matrix<double, 3, 3>& rm);
      |                                    [01;35m[K^~~~~~~~~~~[m[K
[01m[K/home/loaf/Pinocchio_ws/src/control_pkg/include/mathtool.h:104:36:[m[K [01;35m[Kwarning: [m[Kinline function ‘[01m[KEigen::Matrix<float, 12, 1> vec34ToVec12(Eigen::Matrix<float, 3, 4>)[m[K’ used but never defined
  104 | inline Eigen::Matrix<float, 12, 1> [01;35m[Kvec34ToVec12[m[K(Eigen::Matrix<float, 3, 4> vec34);
      |                                    [01;35m[K^~~~~~~~~~~~[m[K
In file included from [01m[K/home/loaf/Pinocchio_ws/src/control_pkg/include/Imu.h:8[m[K,
                 from [01m[K/home/loaf/Pinocchio_ws/src/control_pkg/include/LowState.h:7[m[K,
                 from [01m[K/home/loaf/Pinocchio_ws/src/control_pkg/include/Estimator.h:4[m[K,
                 from [01m[K/home/loaf/Pinocchio_ws/src/control_pkg/include/FSM/ControlComponent.h:5[m[K,
                 from [01m[K/home/loaf/Pinocchio_ws/src/control_pkg/include/FSM/Trotting_State.h:4[m[K,
                 from [01m[K/home/loaf/Pinocchio_ws/src/control_pkg/src/FSM/Trotting_State.cpp:1[m[K:
[01m[K/home/loaf/Pinocchio_ws/src/control_pkg/include/mathtool.h:55:14:[m[K [01;35m[Kwarning: [m[Kinline function ‘[01m[Kvoid UpdateAvgCov(T1&, T2&, T3, double) [with T1 = Eigen::Matrix<double, -1, -1>; T2 = Eigen::Matrix<double, -1, 1>; T3 = Eigen::Matrix<double, -1, 1>][m[K’ used but never defined
   55 | inline void  [01;35m[KUpdateAvgCov[m[K(T1 &cov, T2 &exp, T3 newValue, double n);
      |              [01;35m[K^~~~~~~~~~~~[m[K
[01m[K/home/loaf/Pinocchio_ws/src/control_pkg/include/mathtool.h:24:35:[m[K [01;35m[Kwarning: [m[Kinline function ‘[01m[KEigen::Matrix<float, 3, 3> rotz(const float&)[m[K’ used but never defined
   24 | inline Eigen::Matrix<float, 3, 3> [01;35m[Krotz[m[K(const float &theta);
      |                                   [01;35m[K^~~~[m[K
In file included from [01m[K/home/loaf/Pinocchio_ws/src/control_pkg/include/Imu.h:8[m[K,
                 from [01m[K/home/loaf/Pinocchio_ws/src/control_pkg/include/LowState.h:7[m[K,
                 from [01m[K/home/loaf/Pinocchio_ws/src/control_pkg/include/Estimator.h:4[m[K,
                 from [01m[K/home/loaf/Pinocchio_ws/src/control_pkg/include/FSM/ControlComponent.h:5[m[K,
                 from [01m[K/home/loaf/Pinocchio_ws/src/control_pkg/include/FSM/Trotting_State.h:4[m[K,
                 from [01m[K/home/loaf/Pinocchio_ws/src/control_pkg/src/FSM/Trotting_State.cpp:1[m[K:
[01m[K/home/loaf/Pinocchio_ws/src/control_pkg/include/mathtool.h:102:36:[m[K [01;35m[Kwarning: [m[Kinline function ‘[01m[KEigen::Matrix<double, 3, 4> vec12ToVec34(Eigen::Matrix<double, 12, 1>)[m[K’ used but never defined
  102 | inline Eigen::Matrix<double, 3, 4> [01;35m[Kvec12ToVec34[m[K(Eigen::Matrix<double, 12, 1> vec12);
      |                                    [01;35m[K^~~~~~~~~~~~[m[K
[01m[K/home/loaf/Pinocchio_ws/src/control_pkg/include/mathtool.h:104:36:[m[K [01;35m[Kwarning: [m[Kinline function ‘[01m[KEigen::Matrix<float, 12, 1> vec34ToVec12(Eigen::Matrix<float, 3, 4>)[m[K’ used but never defined
  104 | inline Eigen::Matrix<float, 12, 1> [01;35m[Kvec34ToVec12[m[K(Eigen::Matrix<float, 3, 4> vec34);
      |                                    [01;35m[K^~~~~~~~~~~~[m[K
In file included from [01m[K/home/loaf/Pinocchio_ws/src/control_pkg/include/Imu.h:8[m[K,
                 from [01m[K/home/loaf/Pinocchio_ws/src/control_pkg/include/LowState.h:7[m[K,
                 from [01m[K/home/loaf/Pinocchio_ws/src/control_pkg/include/Estimator.h:4[m[K,
                 from [01m[K/home/loaf/Pinocchio_ws/src/control_pkg/include/FSM/ControlComponent.h:5[m[K,
                 from [01m[K/home/loaf/Pinocchio_ws/src/control_pkg/include/FSM/Trotting_State.h:4[m[K,
                 from [01m[K/home/loaf/Pinocchio_ws/src/control_pkg/src/FSM/Trotting_State.cpp:1[m[K:
[01m[K/home/loaf/Pinocchio_ws/src/control_pkg/include/mathtool.h:17:11:[m[K [01;35m[Kwarning: [m[Kinline function ‘[01m[KT1 invNormalize(T0, T1, T2, float, float) [with T0 = double; T1 = double; T2 = double][m[K’ used but never defined
   17 | inline T1 [01;35m[KinvNormalize[m[K(const T0 value, const T1 min, const T2 max, const float minLim = -1, const float maxLim = 1);
      |           [01;35m[K^~~~~~~~~~~~[m[K
In file included from [01m[K/home/loaf/Pinocchio_ws/src/control_pkg/include/Imu.h:8[m[K,
                 from [01m[K/home/loaf/Pinocchio_ws/src/control_pkg/include/LowState.h:7[m[K,
                 from [01m[K/home/loaf/Pinocchio_ws/src/control_pkg/include/Estimator.h:4[m[K,
                 from [01m[K/home/loaf/Pinocchio_ws/src/control_pkg/include/FSM/ControlComponent.h:5[m[K,
                 from [01m[K/home/loaf/Pinocchio_ws/src/control_pkg/include/FSM/Trotting_State.h:4[m[K,
                 from [01m[K/home/loaf/Pinocchio_ws/src/control_pkg/src/FSM/Trotting_State.cpp:1[m[K:
[01m[K/home/loaf/Pinocchio_ws/src/control_pkg/include/mathtool.h:109:10:[m[K [01;35m[Kwarning: [m[Kinline function ‘[01m[KT saturation(T, Eigen::Matrix<double, 2, 1>) [with T = double][m[K’ used but never defined
  109 | inline T [01;35m[Ksaturation[m[K(const T a, Eigen::Matrix<double,2,1> limits);
      |          [01;35m[K^~~~~~~~~~[m[K
In file included from [01m[K/home/loaf/Pinocchio_ws/src/control_pkg/include/Imu.h:8[m[K,
                 from [01m[K/home/loaf/Pinocchio_ws/src/control_pkg/include/LowState.h:7[m[K,
                 from [01m[K/home/loaf/Pinocchio_ws/src/control_pkg/include/IOPort/IORos.h:5[m[K,
                 from [01m[K/home/loaf/Pinocchio_ws/src/control_pkg/src/IOPort/IORos.cpp:1[m[K:
[01m[K/home/loaf/Pinocchio_ws/src/control_pkg/include/mathtool.h:55:14:[m[K [01;35m[Kwarning: [m[Kinline function ‘[01m[Kvoid UpdateAvgCov(T1&, T2&, T3, double) [with T1 = Eigen::Matrix<double, -1, -1>; T2 = Eigen::Matrix<double, -1, 1>; T3 = Eigen::Matrix<double, -1, 1>][m[K’ used but never defined
   55 | inline void  [01;35m[KUpdateAvgCov[m[K(T1 &cov, T2 &exp, T3 newValue, double n);
      |              [01;35m[K^~~~~~~~~~~~[m[K
In file included from [01m[K/home/loaf/Pinocchio_ws/src/control_pkg/include/Imu.h:8[m[K,
                 from [01m[K/home/loaf/Pinocchio_ws/src/control_pkg/include/LowState.h:7[m[K,
                 from [01m[K/home/loaf/Pinocchio_ws/src/control_pkg/include/IOPort/IORos.h:5[m[K,
                 from [01m[K/home/loaf/Pinocchio_ws/src/control_pkg/src/IOPort/IORos.cpp:1[m[K:
[01m[K/home/loaf/Pinocchio_ws/src/control_pkg/include/mathtool.h:109:10:[m[K [01;35m[Kwarning: [m[Kinline function ‘[01m[KT saturation(T, Eigen::Matrix<double, 2, 1>) [with T = float][m[K’ used but never defined
  109 | inline T [01;35m[Ksaturation[m[K(const T a, Eigen::Matrix<double,2,1> limits);
      |          [01;35m[K^~~~~~~~~~[m[K
In file included from [01m[K/home/loaf/Pinocchio_ws/src/control_pkg/include/Imu.h:8[m[K,
                 from [01m[K/home/loaf/Pinocchio_ws/src/control_pkg/include/LowState.h:7[m[K,
                 from [01m[K/home/loaf/Pinocchio_ws/src/control_pkg/include/Estimator.h:4[m[K,
                 from [01m[K/home/loaf/Pinocchio_ws/src/control_pkg/src/common/Estimator.cpp:1[m[K:
[01m[K/home/loaf/Pinocchio_ws/src/control_pkg/include/mathtool.h:55:14:[m[K [01;35m[Kwarning: [m[Kinline function ‘[01m[Kvoid UpdateAvgCov(T1&, T2&, T3, double) [with T1 = Eigen::Matrix<double, -1, -1>; T2 = Eigen::Matrix<double, -1, 1>; T3 = Eigen::Matrix<double, -1, 1>][m[K’ used but never defined
   55 | inline void  [01;35m[KUpdateAvgCov[m[K(T1 &cov, T2 &exp, T3 newValue, double n);
      |              [01;35m[K^~~~~~~~~~~~[m[K
In file included from [01m[K/home/loaf/Pinocchio_ws/src/control_pkg/include/Imu.h:8[m[K,
                 from [01m[K/home/loaf/Pinocchio_ws/src/control_pkg/include/LowState.h:7[m[K,
                 from [01m[K/home/loaf/Pinocchio_ws/src/control_pkg/include/Estimator.h:4[m[K,
                 from [01m[K/home/loaf/Pinocchio_ws/src/control_pkg/src/common/Estimator.cpp:1[m[K:
[01m[K/home/loaf/Pinocchio_ws/src/control_pkg/include/mathtool.h:100:10:[m[K [01;35m[Kwarning: [m[Kinline function ‘[01m[KT windowFunc(T, T, T, T) [with T = double][m[K’ used but never defined
  100 | inline T [01;35m[KwindowFunc[m[K(const T x, const T windowRatio, const T xRange=1.0, const T yRange=1.0);
      |          [01;35m[K^~~~~~~~~~[m[K
In file included from [01m[K/home/loaf/Pinocchio_ws/src/control_pkg/include/Imu.h:8[m[K,
                 from [01m[K/home/loaf/Pinocchio_ws/src/control_pkg/include/LowState.h:7[m[K,
                 from [01m[K/home/loaf/Pinocchio_ws/src/control_pkg/include/Estimator.h:4[m[K,
                 from [01m[K/home/loaf/Pinocchio_ws/src/control_pkg/src/common/Estimator.cpp:1[m[K:
[01m[K/home/loaf/Pinocchio_ws/src/control_pkg/include/mathtool.h:46:33:[m[K [01;35m[Kwarning: [m[Kinline function ‘[01m[KEigen::Matrix<float, 3, 1> Quat2Euler(Eigen::Matrix<float, 4, 1>)[m[K’ used but never defined
   46 | inline Eigen::Matrix<float,3,1> [01;35m[KQuat2Euler[m[K(Eigen::Matrix<float, 4, 1> q);
      |                                 [01;35m[K^~~~~~~~~~[m[K
/usr/bin/ld: CMakeFiles/start.dir/src/common/Estimator.cpp.o: in function `Angle2Radian(float)':
Estimator.cpp:(.text+0x0): multiple definition of `Angle2Radian(float)'; CMakeFiles/start.dir/src/start.cpp.o:start.cpp:(.text+0x0): first defined here
/usr/bin/ld: CMakeFiles/start.dir/src/common/Estimator.cpp.o: in function `Radian2Angle(float)':
Estimator.cpp:(.text+0x38): multiple definition of `Radian2Angle(float)'; CMakeFiles/start.dir/src/start.cpp.o:start.cpp:(.text+0x38): first defined here
/usr/bin/ld: CMakeFiles/start.dir/src/FSM/Balance_State.cpp.o: in function `Angle2Radian(float)':
Balance_State.cpp:(.text+0x0): multiple definition of `Angle2Radian(float)'; CMakeFiles/start.dir/src/start.cpp.o:start.cpp:(.text+0x0): first defined here
/usr/bin/ld: CMakeFiles/start.dir/src/FSM/Balance_State.cpp.o: in function `Radian2Angle(float)':
Balance_State.cpp:(.text+0x38): multiple definition of `Radian2Angle(float)'; CMakeFiles/start.dir/src/start.cpp.o:start.cpp:(.text+0x38): first defined here
/usr/bin/ld: CMakeFiles/start.dir/src/FSM/ControlComponent.cpp.o: in function `Angle2Radian(float)':
ControlComponent.cpp:(.text+0x0): multiple definition of `Angle2Radian(float)'; CMakeFiles/start.dir/src/start.cpp.o:start.cpp:(.text+0x0): first defined here
/usr/bin/ld: CMakeFiles/start.dir/src/FSM/ControlComponent.cpp.o: in function `Radian2Angle(float)':
ControlComponent.cpp:(.text+0x38): multiple definition of `Radian2Angle(float)'; CMakeFiles/start.dir/src/start.cpp.o:start.cpp:(.text+0x38): first defined here
/usr/bin/ld: CMakeFiles/start.dir/src/FSM/Free_Stand_State.cpp.o: in function `Angle2Radian(float)':
Free_Stand_State.cpp:(.text+0x0): multiple definition of `Angle2Radian(float)'; CMakeFiles/start.dir/src/start.cpp.o:start.cpp:(.text+0x0): first defined here
/usr/bin/ld: CMakeFiles/start.dir/src/FSM/Free_Stand_State.cpp.o: in function `Radian2Angle(float)':
Free_Stand_State.cpp:(.text+0x38): multiple definition of `Radian2Angle(float)'; CMakeFiles/start.dir/src/start.cpp.o:start.cpp:(.text+0x38): first defined here
/usr/bin/ld: CMakeFiles/start.dir/src/FSM/Free_State.cpp.o: in function `Angle2Radian(float)':
Free_State.cpp:(.text+0x0): multiple definition of `Angle2Radian(float)'; CMakeFiles/start.dir/src/start.cpp.o:start.cpp:(.text+0x0): first defined here
/usr/bin/ld: CMakeFiles/start.dir/src/FSM/Free_State.cpp.o: in function `Radian2Angle(float)':
Free_State.cpp:(.text+0x38): multiple definition of `Radian2Angle(float)'; CMakeFiles/start.dir/src/start.cpp.o:start.cpp:(.text+0x38): first defined here
/usr/bin/ld: CMakeFiles/start.dir/src/FSM/FSM.cpp.o: in function `Angle2Radian(float)':
FSM.cpp:(.text+0x0): multiple definition of `Angle2Radian(float)'; CMakeFiles/start.dir/src/start.cpp.o:start.cpp:(.text+0x0): first defined here
/usr/bin/ld: CMakeFiles/start.dir/src/FSM/FSM.cpp.o: in function `Radian2Angle(float)':
FSM.cpp:(.text+0x38): multiple definition of `Radian2Angle(float)'; CMakeFiles/start.dir/src/start.cpp.o:start.cpp:(.text+0x38): first defined here
/usr/bin/ld: CMakeFiles/start.dir/src/FSM/FSMState.cpp.o: in function `Angle2Radian(float)':
FSMState.cpp:(.text+0x0): multiple definition of `Angle2Radian(float)'; CMakeFiles/start.dir/src/start.cpp.o:start.cpp:(.text+0x0): first defined here
/usr/bin/ld: CMakeFiles/start.dir/src/FSM/FSMState.cpp.o: in function `Radian2Angle(float)':
FSMState.cpp:(.text+0x38): multiple definition of `Radian2Angle(float)'; CMakeFiles/start.dir/src/start.cpp.o:start.cpp:(.text+0x38): first defined here
/usr/bin/ld: CMakeFiles/start.dir/src/FSM/Passive_State.cpp.o: in function `Angle2Radian(float)':
Passive_State.cpp:(.text+0x0): multiple definition of `Angle2Radian(float)'; CMakeFiles/start.dir/src/start.cpp.o:start.cpp:(.text+0x0): first defined here
/usr/bin/ld: CMakeFiles/start.dir/src/FSM/Passive_State.cpp.o: in function `Radian2Angle(float)':
Passive_State.cpp:(.text+0x38): multiple definition of `Radian2Angle(float)'; CMakeFiles/start.dir/src/start.cpp.o:start.cpp:(.text+0x38): first defined here
/usr/bin/ld: CMakeFiles/start.dir/src/FSM/Stand_State.cpp.o: in function `Angle2Radian(float)':
Stand_State.cpp:(.text+0x0): multiple definition of `Angle2Radian(float)'; CMakeFiles/start.dir/src/start.cpp.o:start.cpp:(.text+0x0): first defined here
/usr/bin/ld: CMakeFiles/start.dir/src/FSM/Stand_State.cpp.o: in function `Radian2Angle(float)':
Stand_State.cpp:(.text+0x38): multiple definition of `Radian2Angle(float)'; CMakeFiles/start.dir/src/start.cpp.o:start.cpp:(.text+0x38): first defined here
/usr/bin/ld: CMakeFiles/start.dir/src/FSM/Trotting_State.cpp.o: in function `Angle2Radian(float)':
Trotting_State.cpp:(.text+0x0): multiple definition of `Angle2Radian(float)'; CMakeFiles/start.dir/src/start.cpp.o:start.cpp:(.text+0x0): first defined here
/usr/bin/ld: CMakeFiles/start.dir/src/FSM/Trotting_State.cpp.o: in function `Radian2Angle(float)':
Trotting_State.cpp:(.text+0x38): multiple definition of `Radian2Angle(float)'; CMakeFiles/start.dir/src/start.cpp.o:start.cpp:(.text+0x38): first defined here
/usr/bin/ld: CMakeFiles/start.dir/src/Gait/FeetEndCal.cpp.o: in function `Angle2Radian(float)':
FeetEndCal.cpp:(.text+0x0): multiple definition of `Angle2Radian(float)'; CMakeFiles/start.dir/src/start.cpp.o:start.cpp:(.text+0x0): first defined here
/usr/bin/ld: CMakeFiles/start.dir/src/Gait/FeetEndCal.cpp.o: in function `Radian2Angle(float)':
FeetEndCal.cpp:(.text+0x38): multiple definition of `Radian2Angle(float)'; CMakeFiles/start.dir/src/start.cpp.o:start.cpp:(.text+0x38): first defined here
/usr/bin/ld: CMakeFiles/start.dir/src/Gait/GaitGenerator.cpp.o: in function `Angle2Radian(float)':
GaitGenerator.cpp:(.text+0x0): multiple definition of `Angle2Radian(float)'; CMakeFiles/start.dir/src/start.cpp.o:start.cpp:(.text+0x0): first defined here
/usr/bin/ld: CMakeFiles/start.dir/src/Gait/GaitGenerator.cpp.o: in function `Radian2Angle(float)':
GaitGenerator.cpp:(.text+0x38): multiple definition of `Radian2Angle(float)'; CMakeFiles/start.dir/src/start.cpp.o:start.cpp:(.text+0x38): first defined here
/usr/bin/ld: CMakeFiles/start.dir/src/IOPort/IORos.cpp.o: in function `Angle2Radian(float)':
IORos.cpp:(.text+0x69): multiple definition of `Angle2Radian(float)'; CMakeFiles/start.dir/src/start.cpp.o:start.cpp:(.text+0x0): first defined here
/usr/bin/ld: CMakeFiles/start.dir/src/IOPort/IORos.cpp.o: in function `Radian2Angle(float)':
IORos.cpp:(.text+0xa1): multiple definition of `Radian2Angle(float)'; CMakeFiles/start.dir/src/start.cpp.o:start.cpp:(.text+0x38): first defined here
/usr/bin/ld: CMakeFiles/start.dir/src/common/BalanceCtrl.cpp.o: in function `BalanceCtrl::calF(Eigen::Matrix<double, 3, 1, 0, 3, 1>, Eigen::Matrix<double, 3, 1, 0, 3, 1>, Eigen::Matrix<double, 3, 3, 0, 3, 3>, Eigen::Matrix<double, 3, 4, 0, 3, 4>, Eigen::Matrix<int, 4, 1, 0, 4, 1>)':
BalanceCtrl.cpp:(.text+0x1299): undefined reference to `vec12ToVec34(Eigen::Matrix<double, 12, 1, 0, 12, 1>)'
/usr/bin/ld: CMakeFiles/start.dir/src/common/BalanceCtrl.cpp.o: in function `BalanceCtrl::calMatrixA(Eigen::Matrix<double, 3, 4, 0, 3, 4>, Eigen::Matrix<double, 3, 3, 0, 3, 3>, Eigen::Matrix<int, 4, 1, 0, 4, 1>)':
BalanceCtrl.cpp:(.text+0x1414): undefined reference to `skew(Eigen::Matrix<double, 3, 1, 0, 3, 1> const&)'
/usr/bin/ld: CMakeFiles/start.dir/src/common/Estimator.cpp.o: in function `Estimator::run()':
Estimator.cpp:(.text+0x7b50): undefined reference to `GetFeetPos2BODY(LowState&, FrameType)'
/usr/bin/ld: Estimator.cpp:(.text+0x7b95): undefined reference to `GetFeetSpeed2BODY(LowState&, FrameType)'
/usr/bin/ld: Estimator.cpp:(.text+0x7e38): undefined reference to `double windowFunc<double>(double, double, double, double)'
/usr/bin/ld: Estimator.cpp:(.text+0x82dd): undefined reference to `Quat2Euler(Eigen::Matrix<float, 4, 1, 0, 4, 1>)'
/usr/bin/ld: CMakeFiles/start.dir/src/common/Estimator.cpp.o: in function `Estimator::getFootPos(int)':
Estimator.cpp:(.text+0x8e09): undefined reference to `GetFeetPos2BODY(LowState&, int, FrameType)'
/usr/bin/ld: CMakeFiles/start.dir/src/common/Estimator.cpp.o: in function `Estimator::getFeetVel()':
Estimator.cpp:(.text+0x8fac): undefined reference to `GetFeetSpeed2BODY(LowState&, FrameType)'
/usr/bin/ld: CMakeFiles/start.dir/src/common/Imu.cpp.o: in function `Imu::GetRotMat()':
Imu.cpp:(.text+0xec): undefined reference to `Quat2RotMat(Eigen::Matrix<float, 4, 1, 0, 4, 1>)'
/usr/bin/ld: CMakeFiles/start.dir/src/common/Imu.cpp.o: in function `Imu::getYaw()':
Imu.cpp:(.text+0x4f1): undefined reference to `rotMatToRPY(Eigen::Matrix<float, 3, 3, 0, 3, 3> const&)'
/usr/bin/ld: CMakeFiles/start.dir/src/FSM/Balance_State.cpp.o: in function `Balance_State::calcTau()':
Balance_State.cpp:(.text+0xd66): undefined reference to `rotMatToExp(Eigen::Matrix<double, 3, 3, 0, 3, 3> const&)'
/usr/bin/ld: Balance_State.cpp:(.text+0xfac): undefined reference to `vec34ToVec12(Eigen::Matrix<float, 3, 4, 0, 3, 4>)'
/usr/bin/ld: CMakeFiles/start.dir/src/FSM/Free_Stand_State.cpp.o: in function `Free_Stand_State::enter()':
Free_Stand_State.cpp:(.text+0x6e6): undefined reference to `GetPos_B(unsigned char, float, float, float)'
/usr/bin/ld: Free_Stand_State.cpp:(.text+0x915): undefined reference to `GetPos_S(Eigen::Matrix<float, 3, 1, 0, 3, 1>, unsigned char, float, float, float)'
/usr/bin/ld: CMakeFiles/start.dir/src/FSM/Free_Stand_State.cpp.o: in function `Free_Stand_State::run()':
Free_Stand_State.cpp:(.text+0xb97): undefined reference to `float invNormalize<float, float, float>(float, float, float, float, float)'
/usr/bin/ld: Free_Stand_State.cpp:(.text+0xbd9): undefined reference to `float invNormalize<float, float, float>(float, float, float, float, float)'
/usr/bin/ld: Free_Stand_State.cpp:(.text+0xc1b): undefined reference to `float invNormalize<float, float, float>(float, float, float, float, float)'
/usr/bin/ld: Free_Stand_State.cpp:(.text+0xc5c): undefined reference to `float invNormalize<float, float, float>(float, float, float, float, float)'
/usr/bin/ld: CMakeFiles/start.dir/src/FSM/Free_Stand_State.cpp.o: in function `Free_Stand_State::Cal_PosinB(float, float, float, float)':
Free_Stand_State.cpp:(.text+0xdfc): undefined reference to `Rpy2RotMat(float const&, float const&, float const&)'
/usr/bin/ld: Free_Stand_State.cpp:(.text+0xe48): undefined reference to `homoMatrix(Eigen::Matrix<float, 3, 1, 0, 3, 1>, Eigen::Matrix<float, 3, 3, 0, 3, 3>)'
/usr/bin/ld: Free_Stand_State.cpp:(.text+0xe74): undefined reference to `homoMatrixInverse(Eigen::Matrix<float, 4, 4, 0, 4, 4>)'
/usr/bin/ld: Free_Stand_State.cpp:(.text+0xef6): undefined reference to `homoVec(Eigen::Matrix<float, 3, 1, 0, 3, 1>)'
/usr/bin/ld: Free_Stand_State.cpp:(.text+0xf5f): undefined reference to `noHomoVec(Eigen::Matrix<float, 4, 1, 0, 4, 1>)'
/usr/bin/ld: CMakeFiles/start.dir/src/FSM/Free_Stand_State.cpp.o: in function `Free_Stand_State::CalQ(Eigen::Matrix<float, 3, 4, 0, 3, 4>)':
Free_Stand_State.cpp:(.text+0x11bf): undefined reference to `Reversal_Solution_Update(unsigned char, float, float, float)'
/usr/bin/ld: CMakeFiles/start.dir/src/FSM/Stand_State.cpp.o: in function `Stand_State::enter()':
Stand_State.cpp:(.text+0xbf2): undefined reference to `Reversal_Solution_Update(unsigned char, float, float, float)'
/usr/bin/ld: Stand_State.cpp:(.text+0xe1d): undefined reference to `GetFeetPos2BODY(LowState&, FrameType)'
/usr/bin/ld: Stand_State.cpp:(.text+0xe65): undefined reference to `vec34ToVec12(Eigen::Matrix<float, 3, 4, 0, 3, 4>)'
/usr/bin/ld: CMakeFiles/start.dir/src/FSM/Stand_State.cpp.o: in function `Stand_State::run()':
Stand_State.cpp:(.text+0x1370): undefined reference to `CalTaus(Eigen::Matrix<float, 12, 1, 0, 12, 1>, Eigen::Matrix<float, 12, 1, 0, 12, 1>, Eigen::Matrix<float, 3, 3, 0, 3, 3>, Eigen::Matrix<float, 3, 3, 0, 3, 3>, Eigen::Matrix<float, 12, 1, 0, 12, 1>, Eigen::Matrix<float, 12, 1, 0, 12, 1>, FrameType)'
/usr/bin/ld: CMakeFiles/start.dir/src/FSM/Trotting_State.cpp.o: in function `Trotting_State::enter()':
Trotting_State.cpp:(.text+0x566): undefined reference to `rotz(float const&)'
/usr/bin/ld: CMakeFiles/start.dir/src/FSM/Trotting_State.cpp.o: in function `Trotting_State::run()':
Trotting_State.cpp:(.text+0xa8b): undefined reference to `Reversal_GetQ(Eigen::Matrix<double, 3, 4, 0, 3, 4> const&, FrameType)'
/usr/bin/ld: Trotting_State.cpp:(.text+0xaa1): undefined reference to `vec12ToVec34(Eigen::Matrix<double, 12, 1, 0, 12, 1>)'
/usr/bin/ld: Trotting_State.cpp:(.text+0xb62): undefined reference to `vec34ToVec12(Eigen::Matrix<float, 3, 4, 0, 3, 4>)'
/usr/bin/ld: CMakeFiles/start.dir/src/FSM/Trotting_State.cpp.o: in function `Trotting_State::getUserCmd()':
Trotting_State.cpp:(.text+0xe4d): undefined reference to `double invNormalize<double, double, double>(double, double, double, float, float)'
/usr/bin/ld: Trotting_State.cpp:(.text+0xeea): undefined reference to `double invNormalize<double, double, double>(double, double, double, float, float)'
/usr/bin/ld: Trotting_State.cpp:(.text+0xfc2): undefined reference to `double invNormalize<double, double, double>(double, double, double, float, float)'
/usr/bin/ld: CMakeFiles/start.dir/src/FSM/Trotting_State.cpp.o: in function `Trotting_State::calcCmd()':
Trotting_State.cpp:(.text+0x10e4): undefined reference to `double saturation<double>(double, Eigen::Matrix<double, 2, 1, 0, 2, 1>)'
/usr/bin/ld: Trotting_State.cpp:(.text+0x115f): undefined reference to `double saturation<double>(double, Eigen::Matrix<double, 2, 1, 0, 2, 1>)'
/usr/bin/ld: Trotting_State.cpp:(.text+0x11fe): undefined reference to `rotz(float const&)'
/usr/bin/ld: CMakeFiles/start.dir/src/FSM/Trotting_State.cpp.o: in function `Trotting_State::calcQQd()':
Trotting_State.cpp:(.text+0x12ce): undefined reference to `GetFeetPos2BODY(LowState&, FrameType)'
/usr/bin/ld: Trotting_State.cpp:(.text+0x1450): undefined reference to `Reversal_GetQ(Eigen::Matrix<double, 3, 4, 0, 3, 4> const&, FrameType)'
/usr/bin/ld: Trotting_State.cpp:(.text+0x1466): undefined reference to `vec12ToVec34(Eigen::Matrix<double, 12, 1, 0, 12, 1>)'
/usr/bin/ld: Trotting_State.cpp:(.text+0x14ac): undefined reference to `Reversal_GetQd(Eigen::Matrix<double, 3, 4, 0, 3, 4> const&, Eigen::Matrix<double, 3, 4, 0, 3, 4> const&, FrameType)'
/usr/bin/ld: Trotting_State.cpp:(.text+0x14c2): undefined reference to `vec12ToVec34(Eigen::Matrix<double, 12, 1, 0, 12, 1>)'
/usr/bin/ld: CMakeFiles/start.dir/src/IOPort/IORos.cpp.o: in function `IORos::SetTau(Eigen::Matrix<float, 12, 1, 0, 12, 1>, Eigen::Matrix<double, 2, 1, 0, 2, 1>)':
IORos.cpp:(.text+0x21d2): undefined reference to `float saturation<float>(float, Eigen::Matrix<double, 2, 1, 0, 2, 1>)'
collect2: error: ld returned 1 exit status
gmake[2]: *** [CMakeFiles/start.dir/build.make:519：start] 错误 1
gmake[1]: *** [CMakeFiles/Makefile2:137：CMakeFiles/start.dir/all] 错误 2
gmake: *** [Makefile:146：all] 错误 2
