[0.007s] Invoking command in '/home/loaf/Pinocchio_ws/build/control_pkg': CMAKE_PREFIX_PATH=/home/loaf/Pinocchio_ws/install/motor_control_msgs:/home/loaf/Pinocchio_ws/install/mujoco_pkg:/home/loaf/Pinocchio_ws/install/mit_controllers:/home/loaf/Pinocchio_ws/install/control_pkg:/home/loaf/Pinocchio_ws/install/descrip_pino:/opt/ros/humble LD_LIBRARY_PATH=/home/loaf/Pinocchio_ws/install/motor_control_msgs/lib:/home/loaf/Pinocchio_ws/install/mit_controllers/lib:/usr/lib/x86_64-linux-gnu/gazebo-11/plugins:/opt/ros/humble/opt/rviz_ogre_vendor/lib:/opt/ros/humble/lib/x86_64-linux-gnu:/opt/ros/humble/lib /usr/bin/cmake --build /home/loaf/Pinocchio_ws/build/control_pkg -- -j24 -l24
[0.062s] [35m[1mConsolidate compiler generated dependencies of target start[0m
[0.101s] [  9%] [32mBuilding CXX object CMakeFiles/start.dir/src/start.cpp.o[0m
[0.101s] [  9%] [32mBuilding CXX object CMakeFiles/start.dir/src/common/Imu.cpp.o[0m
[0.104s] [ 14%] [32mBuilding CXX object CMakeFiles/start.dir/src/FSM/ControlComponent.cpp.o[0m
[0.105s] [ 23%] [32mBuilding CXX object CMakeFiles/start.dir/src/common/BalanceCtrl.cpp.o[0m
[0.105s] [ 23%] [32mBuilding CXX object CMakeFiles/start.dir/src/FSM/Balance_State.cpp.o[0m
[0.105s] [ 28%] [32mBuilding CXX object CMakeFiles/start.dir/src/common/Estimator.cpp.o[0m
[0.107s] [ 33%] [32mBuilding CXX object CMakeFiles/start.dir/src/FSM/Free_State.cpp.o[0m
[0.110s] [ 38%] [32mBuilding CXX object CMakeFiles/start.dir/src/FSM/Free_Stand_State.cpp.o[0m
[0.110s] [ 42%] [32mBuilding CXX object CMakeFiles/start.dir/src/FSM/FSMState.cpp.o[0m
[0.110s] [ 47%] [32mBuilding CXX object CMakeFiles/start.dir/src/FSM/FSM.cpp.o[0m
[0.112s] [ 52%] [32mBuilding CXX object CMakeFiles/start.dir/src/FSM/Passive_State.cpp.o[0m
[0.114s] [ 57%] [32mBuilding CXX object CMakeFiles/start.dir/src/FSM/Stand_State.cpp.o[0m
[0.117s] [ 61%] [32mBuilding CXX object CMakeFiles/start.dir/src/FSM/Trotting_State.cpp.o[0m
[0.123s] [ 66%] [32mBuilding CXX object CMakeFiles/start.dir/src/Gait/GaitGenerator.cpp.o[0m
[0.124s] [ 71%] [32mBuilding CXX object CMakeFiles/start.dir/src/Gait/FeetEndCal.cpp.o[0m
[0.129s] [ 76%] [32mBuilding CXX object CMakeFiles/start.dir/src/IOPort/IORos.cpp.o[0m
[1.705s] In file included from [01m[K/home/loaf/Pinocchio_ws/src/control_pkg/include/Imu.h:8[m[K,
[1.705s]                  from [01m[K/home/loaf/Pinocchio_ws/src/control_pkg/src/common/Imu.cpp:1[m[K:
[1.705s] [01m[K/home/loaf/Pinocchio_ws/src/control_pkg/include/mathtool.h:55:14:[m[K [01;35m[Kwarning: [m[Kinline function ‘[01m[Kvoid UpdateAvgCov(T1&, T2&, T3, double) [with T1 = Eigen::Matrix<double, -1, -1>; T2 = Eigen::Matrix<double, -1, 1>; T3 = Eigen::Matrix<double, -1, 1>][m[K’ used but never defined
[1.705s]    55 | inline void  [01;35m[KUpdateAvgCov[m[K(T1 &cov, T2 &exp, T3 newValue, double n);
[1.705s]       |              [01;35m[K^~~~~~~~~~~~[m[K
[1.706s] [01m[K/home/loaf/Pinocchio_ws/src/control_pkg/include/mathtool.h:44:34:[m[K [01;35m[Kwarning: [m[Kinline function ‘[01m[KEigen::Matrix<float, 3, 3> Quat2RotMat(Eigen::Matrix<float, 4, 1>)[m[K’ used but never defined
[1.706s]    44 | inline Eigen::Matrix<float, 3, 3>[01;35m[KQuat2RotMat[m[K(Eigen::Matrix<float, 4, 1> q);
[1.706s]       |                                  [01;35m[K^~~~~~~~~~~[m[K
[1.706s] [01m[K/home/loaf/Pinocchio_ws/src/control_pkg/include/mathtool.h:31:35:[m[K [01;35m[Kwarning: [m[Kinline function ‘[01m[KEigen::Matrix<float, 3, 1> rotMatToRPY(const Eigen::Matrix<float, 3, 3>&)[m[K’ used but never defined
[1.706s]    31 | inline Eigen::Matrix<float, 3, 1> [01;35m[KrotMatToRPY[m[K(const Eigen::Matrix<float, 3, 3>& R);
[1.706s]       |                                   [01;35m[K^~~~~~~~~~~[m[K
[2.520s] In file included from [01m[K/home/loaf/Pinocchio_ws/src/control_pkg/include/BalanceCtrl.h:6[m[K,
[2.520s]                  from [01m[K/home/loaf/Pinocchio_ws/src/control_pkg/src/common/BalanceCtrl.cpp:1[m[K:
[2.520s] [01m[K/home/loaf/Pinocchio_ws/src/control_pkg/include/mathtool.h:55:14:[m[K [01;35m[Kwarning: [m[Kinline function ‘[01m[Kvoid UpdateAvgCov(T1&, T2&, T3, double) [with T1 = Eigen::Matrix<double, -1, -1>; T2 = Eigen::Matrix<double, -1, 1>; T3 = Eigen::Matrix<double, -1, 1>][m[K’ used but never defined
[2.520s]    55 | inline void  [01;35m[KUpdateAvgCov[m[K(T1 &cov, T2 &exp, T3 newValue, double n);
[2.520s]       |              [01;35m[K^~~~~~~~~~~~[m[K
[2.520s] In file included from [01m[K/home/loaf/Pinocchio_ws/src/control_pkg/include/BalanceCtrl.h:6[m[K,
[2.520s]                  from [01m[K/home/loaf/Pinocchio_ws/src/control_pkg/src/common/BalanceCtrl.cpp:1[m[K:
[2.520s] [01m[K/home/loaf/Pinocchio_ws/src/control_pkg/include/mathtool.h:102:36:[m[K [01;35m[Kwarning: [m[Kinline function ‘[01m[KEigen::Matrix<double, 3, 4> vec12ToVec34(Eigen::Matrix<double, 12, 1>)[m[K’ used but never defined
[2.520s]   102 | inline Eigen::Matrix<double, 3, 4> [01;35m[Kvec12ToVec34[m[K(Eigen::Matrix<double, 12, 1> vec12);
[2.520s]       |                                    [01;35m[K^~~~~~~~~~~~[m[K
[2.520s] [01m[K/home/loaf/Pinocchio_ws/src/control_pkg/include/mathtool.h:96:36:[m[K [01;35m[Kwarning: [m[Kinline function ‘[01m[KEigen::Matrix<double, 3, 3> skew(const Eigen::Matrix<double, 3, 1>&)[m[K’ used but never defined
[2.520s]    96 | inline Eigen::Matrix<double, 3, 3> [01;35m[Kskew[m[K(const Eigen::Matrix<double, 3, 1>& v);
[2.521s]       |                                    [01;35m[K^~~~[m[K
[3.059s] In file included from [01m[K/home/loaf/Pinocchio_ws/src/control_pkg/include/Kenimatics_normal_solution.h:6[m[K,
[3.059s]                  from [01m[K/home/loaf/Pinocchio_ws/src/control_pkg/src/start.cpp:2[m[K:
[3.059s] [01m[K/home/loaf/Pinocchio_ws/src/control_pkg/include/mathtool.h:55:14:[m[K [01;35m[Kwarning: [m[Kinline function ‘[01m[Kvoid UpdateAvgCov(T1&, T2&, T3, double) [with T1 = Eigen::Matrix<double, -1, -1>; T2 = Eigen::Matrix<double, -1, 1>; T3 = Eigen::Matrix<double, -1, 1>][m[K’ used but never defined
[3.059s]    55 | inline void  [01;35m[KUpdateAvgCov[m[K(T1 &cov, T2 &exp, T3 newValue, double n);
[3.059s]       |              [01;35m[K^~~~~~~~~~~~[m[K
[3.196s] In file included from [01m[K/home/loaf/Pinocchio_ws/src/control_pkg/include/Imu.h:8[m[K,
[3.196s]                  from [01m[K/home/loaf/Pinocchio_ws/src/control_pkg/include/LowState.h:7[m[K,
[3.196s]                  from [01m[K/home/loaf/Pinocchio_ws/src/control_pkg/include/Estimator.h:4[m[K,
[3.197s]                  from [01m[K/home/loaf/Pinocchio_ws/src/control_pkg/include/FSM/ControlComponent.h:5[m[K,
[3.197s]                  from [01m[K/home/loaf/Pinocchio_ws/src/control_pkg/include/FSM/Free_State.h:4[m[K,
[3.197s]                  from [01m[K/home/loaf/Pinocchio_ws/src/control_pkg/src/FSM/FSMState.cpp:1[m[K:
[3.197s] [01m[K/home/loaf/Pinocchio_ws/src/control_pkg/include/mathtool.h:55:14:[m[K [01;35m[Kwarning: [m[Kinline function ‘[01m[Kvoid UpdateAvgCov(T1&, T2&, T3, double) [with T1 = Eigen::Matrix<double, -1, -1>; T2 = Eigen::Matrix<double, -1, 1>; T3 = Eigen::Matrix<double, -1, 1>][m[K’ used but never defined
[3.197s]    55 | inline void  [01;35m[KUpdateAvgCov[m[K(T1 &cov, T2 &exp, T3 newValue, double n);
[3.197s]       |              [01;35m[K^~~~~~~~~~~~[m[K
[3.299s] In file included from [01m[K/home/loaf/Pinocchio_ws/src/control_pkg/include/Imu.h:8[m[K,
[3.299s]                  from [01m[K/home/loaf/Pinocchio_ws/src/control_pkg/include/LowState.h:7[m[K,
[3.299s]                  from [01m[K/home/loaf/Pinocchio_ws/src/control_pkg/include/Estimator.h:4[m[K,
[3.299s]                  from [01m[K/home/loaf/Pinocchio_ws/src/control_pkg/include/FSM/ControlComponent.h:5[m[K,
[3.299s]                  from [01m[K/home/loaf/Pinocchio_ws/src/control_pkg/include/FSM/Stand_State.h:4[m[K,
[3.299s]                  from [01m[K/home/loaf/Pinocchio_ws/src/control_pkg/src/FSM/Stand_State.cpp:1[m[K:
[3.299s] [01m[K/home/loaf/Pinocchio_ws/src/control_pkg/include/mathtool.h:55:14:[m[K [01;35m[Kwarning: [m[Kinline function ‘[01m[Kvoid UpdateAvgCov(T1&, T2&, T3, double) [with T1 = Eigen::Matrix<double, -1, -1>; T2 = Eigen::Matrix<double, -1, 1>; T3 = Eigen::Matrix<double, -1, 1>][m[K’ used but never defined
[3.299s]    55 | inline void  [01;35m[KUpdateAvgCov[m[K(T1 &cov, T2 &exp, T3 newValue, double n);
[3.299s]       |              [01;35m[K^~~~~~~~~~~~[m[K
[3.299s] In file included from [01m[K/home/loaf/Pinocchio_ws/src/control_pkg/include/Imu.h:8[m[K,
[3.299s]                  from [01m[K/home/loaf/Pinocchio_ws/src/control_pkg/include/LowState.h:7[m[K,
[3.299s]                  from [01m[K/home/loaf/Pinocchio_ws/src/control_pkg/include/Estimator.h:4[m[K,
[3.300s]                  from [01m[K/home/loaf/Pinocchio_ws/src/control_pkg/include/FSM/ControlComponent.h:5[m[K,
[3.300s]                  from [01m[K/home/loaf/Pinocchio_ws/src/control_pkg/include/FSM/Stand_State.h:4[m[K,
[3.300s]                  from [01m[K/home/loaf/Pinocchio_ws/src/control_pkg/src/FSM/Stand_State.cpp:1[m[K:
[3.300s] [01m[K/home/loaf/Pinocchio_ws/src/control_pkg/include/mathtool.h:104:36:[m[K [01;35m[Kwarning: [m[Kinline function ‘[01m[KEigen::Matrix<float, 12, 1> vec34ToVec12(Eigen::Matrix<float, 3, 4>)[m[K’ used but never defined
[3.300s]   104 | inline Eigen::Matrix<float, 12, 1> [01;35m[Kvec34ToVec12[m[K(Eigen::Matrix<float, 3, 4> vec34);
[3.300s]       |                                    [01;35m[K^~~~~~~~~~~~[m[K
[3.505s] In file included from [01m[K/home/loaf/Pinocchio_ws/src/control_pkg/include/Imu.h:8[m[K,
[3.505s]                  from [01m[K/home/loaf/Pinocchio_ws/src/control_pkg/include/LowState.h:7[m[K,
[3.505s]                  from [01m[K/home/loaf/Pinocchio_ws/src/control_pkg/include/Estimator.h:4[m[K,
[3.506s]                  from [01m[K/home/loaf/Pinocchio_ws/src/control_pkg/include/FSM/ControlComponent.h:5[m[K,
[3.506s]                  from [01m[K/home/loaf/Pinocchio_ws/src/control_pkg/src/FSM/ControlComponent.cpp:1[m[K:
[3.506s] [01m[K/home/loaf/Pinocchio_ws/src/control_pkg/include/mathtool.h:55:14:[m[K [01;35m[Kwarning: [m[Kinline function ‘[01m[Kvoid UpdateAvgCov(T1&, T2&, T3, double) [with T1 = Eigen::Matrix<double, -1, -1>; T2 = Eigen::Matrix<double, -1, 1>; T3 = Eigen::Matrix<double, -1, 1>][m[K’ used but never defined
[3.506s]    55 | inline void  [01;35m[KUpdateAvgCov[m[K(T1 &cov, T2 &exp, T3 newValue, double n);
[3.506s]       |              [01;35m[K^~~~~~~~~~~~[m[K
[3.700s] In file included from [01m[K/home/loaf/Pinocchio_ws/src/control_pkg/include/Imu.h:8[m[K,
[3.700s]                  from [01m[K/home/loaf/Pinocchio_ws/src/control_pkg/include/LowState.h:7[m[K,
[3.700s]                  from [01m[K/home/loaf/Pinocchio_ws/src/control_pkg/include/Estimator.h:4[m[K,
[3.700s]                  from [01m[K/home/loaf/Pinocchio_ws/src/control_pkg/include/FSM/ControlComponent.h:5[m[K,
[3.700s]                  from [01m[K/home/loaf/Pinocchio_ws/src/control_pkg/include/FSM/Free_State.h:4[m[K,
[3.700s]                  from [01m[K/home/loaf/Pinocchio_ws/src/control_pkg/src/FSM/Free_State.cpp:2[m[K:
[3.700s] [01m[K/home/loaf/Pinocchio_ws/src/control_pkg/include/mathtool.h:55:14:[m[K [01;35m[Kwarning: [m[Kinline function ‘[01m[Kvoid UpdateAvgCov(T1&, T2&, T3, double) [with T1 = Eigen::Matrix<double, -1, -1>; T2 = Eigen::Matrix<double, -1, 1>; T3 = Eigen::Matrix<double, -1, 1>][m[K’ used but never defined
[3.700s]    55 | inline void  [01;35m[KUpdateAvgCov[m[K(T1 &cov, T2 &exp, T3 newValue, double n);
[3.700s]       |              [01;35m[K^~~~~~~~~~~~[m[K
[3.825s] In file included from [01m[K/home/loaf/Pinocchio_ws/src/control_pkg/include/Imu.h:8[m[K,
[3.825s]                  from [01m[K/home/loaf/Pinocchio_ws/src/control_pkg/include/LowState.h:7[m[K,
[3.825s]                  from [01m[K/home/loaf/Pinocchio_ws/src/control_pkg/include/Estimator.h:4[m[K,
[3.825s]                  from [01m[K/home/loaf/Pinocchio_ws/src/control_pkg/include/FSM/ControlComponent.h:5[m[K,
[3.825s]                  from [01m[K/home/loaf/Pinocchio_ws/src/control_pkg/include/FSM/FSM.h:4[m[K,
[3.825s]                  from [01m[K/home/loaf/Pinocchio_ws/src/control_pkg/src/FSM/FSM.cpp:1[m[K:
[3.826s] [01m[K/home/loaf/Pinocchio_ws/src/control_pkg/include/mathtool.h:55:14:[m[K [01;35m[Kwarning: [m[Kinline function ‘[01m[Kvoid UpdateAvgCov(T1&, T2&, T3, double) [with T1 = Eigen::Matrix<double, -1, -1>; T2 = Eigen::Matrix<double, -1, 1>; T3 = Eigen::Matrix<double, -1, 1>][m[K’ used but never defined
[3.826s]    55 | inline void  [01;35m[KUpdateAvgCov[m[K(T1 &cov, T2 &exp, T3 newValue, double n);
[3.826s]       |              [01;35m[K^~~~~~~~~~~~[m[K
[3.920s] In file included from [01m[K/home/loaf/Pinocchio_ws/src/control_pkg/include/Imu.h:8[m[K,
[3.920s]                  from [01m[K/home/loaf/Pinocchio_ws/src/control_pkg/include/LowState.h:7[m[K,
[3.920s]                  from [01m[K/home/loaf/Pinocchio_ws/src/control_pkg/include/Estimator.h:4[m[K,
[3.920s]                  from [01m[K/home/loaf/Pinocchio_ws/src/control_pkg/include/FSM/ControlComponent.h:5[m[K,
[3.920s]                  from [01m[K/home/loaf/Pinocchio_ws/src/control_pkg/include/Gait/FeetEndCal.h:4[m[K,
[3.920s]                  from [01m[K/home/loaf/Pinocchio_ws/src/control_pkg/include/Gait/GaitGenerator.h:6[m[K,
[3.920s]                  from [01m[K/home/loaf/Pinocchio_ws/src/control_pkg/src/Gait/GaitGenerator.cpp:1[m[K:
[3.920s] [01m[K/home/loaf/Pinocchio_ws/src/control_pkg/include/mathtool.h:55:14:[m[K [01;35m[Kwarning: [m[Kinline function ‘[01m[Kvoid UpdateAvgCov(T1&, T2&, T3, double) [with T1 = Eigen::Matrix<double, -1, -1>; T2 = Eigen::Matrix<double, -1, 1>; T3 = Eigen::Matrix<double, -1, 1>][m[K’ used but never defined
[3.920s]    55 | inline void  [01;35m[KUpdateAvgCov[m[K(T1 &cov, T2 &exp, T3 newValue, double n);
[3.921s]       |              [01;35m[K^~~~~~~~~~~~[m[K
[4.528s] In file included from [01m[K/home/loaf/Pinocchio_ws/src/control_pkg/include/Imu.h:8[m[K,
[4.528s]                  from [01m[K/home/loaf/Pinocchio_ws/src/control_pkg/include/LowState.h:7[m[K,
[4.528s]                  from [01m[K/home/loaf/Pinocchio_ws/src/control_pkg/include/Estimator.h:4[m[K,
[4.528s]                  from [01m[K/home/loaf/Pinocchio_ws/src/control_pkg/include/FSM/ControlComponent.h:5[m[K,
[4.528s]                  from [01m[K/home/loaf/Pinocchio_ws/src/control_pkg/include/FSM/Passive_State.h:4[m[K,
[4.528s]                  from [01m[K/home/loaf/Pinocchio_ws/src/control_pkg/src/FSM/Passive_State.cpp:1[m[K:
[4.528s] [01m[K/home/loaf/Pinocchio_ws/src/control_pkg/include/mathtool.h:55:14:[m[K [01;35m[Kwarning: [m[Kinline function ‘[01m[Kvoid UpdateAvgCov(T1&, T2&, T3, double) [with T1 = Eigen::Matrix<double, -1, -1>; T2 = Eigen::Matrix<double, -1, 1>; T3 = Eigen::Matrix<double, -1, 1>][m[K’ used but never defined
[4.528s]    55 | inline void  [01;35m[KUpdateAvgCov[m[K(T1 &cov, T2 &exp, T3 newValue, double n);
[4.528s]       |              [01;35m[K^~~~~~~~~~~~[m[K
[4.708s] In file included from [01m[K/home/loaf/Pinocchio_ws/src/control_pkg/include/Imu.h:8[m[K,
[4.708s]                  from [01m[K/home/loaf/Pinocchio_ws/src/control_pkg/include/LowState.h:7[m[K,
[4.708s]                  from [01m[K/home/loaf/Pinocchio_ws/src/control_pkg/include/Estimator.h:4[m[K,
[4.708s]                  from [01m[K/home/loaf/Pinocchio_ws/src/control_pkg/include/FSM/ControlComponent.h:5[m[K,
[4.708s]                  from [01m[K/home/loaf/Pinocchio_ws/src/control_pkg/include/FSM/Free_Stand_State.h:4[m[K,
[4.708s]                  from [01m[K/home/loaf/Pinocchio_ws/src/control_pkg/src/FSM/Free_Stand_State.cpp:1[m[K:
[4.708s] [01m[K/home/loaf/Pinocchio_ws/src/control_pkg/include/mathtool.h:55:14:[m[K [01;35m[Kwarning: [m[Kinline function ‘[01m[Kvoid UpdateAvgCov(T1&, T2&, T3, double) [with T1 = Eigen::Matrix<double, -1, -1>; T2 = Eigen::Matrix<double, -1, 1>; T3 = Eigen::Matrix<double, -1, 1>][m[K’ used but never defined
[4.708s]    55 | inline void  [01;35m[KUpdateAvgCov[m[K(T1 &cov, T2 &exp, T3 newValue, double n);
[4.708s]       |              [01;35m[K^~~~~~~~~~~~[m[K
[4.708s] [01m[K/home/loaf/Pinocchio_ws/src/control_pkg/include/mathtool.h:17:11:[m[K [01;35m[Kwarning: [m[Kinline function ‘[01m[KT1 invNormalize(T0, T1, T2, float, float) [with T0 = float; T1 = float; T2 = float][m[K’ used but never defined
[4.708s]    17 | inline T1 [01;35m[KinvNormalize[m[K(const T0 value, const T1 min, const T2 max, const float minLim = -1, const float maxLim = 1);
[4.708s]       |           [01;35m[K^~~~~~~~~~~~[m[K
[4.709s] [01m[K/home/loaf/Pinocchio_ws/src/control_pkg/include/mathtool.h:29:35:[m[K [01;35m[Kwarning: [m[Kinline function ‘[01m[KEigen::Matrix<float, 3, 3> Rpy2RotMat(const float&, const float&, const float&)[m[K’ used but never defined
[4.709s]    29 | inline Eigen::Matrix<float, 3, 3> [01;35m[KRpy2RotMat[m[K(const float& row, const float& pitch, const float& yaw);
[4.709s]       |                                   [01;35m[K^~~~~~~~~~[m[K
[4.709s] [01m[K/home/loaf/Pinocchio_ws/src/control_pkg/include/mathtool.h:34:35:[m[K [01;35m[Kwarning: [m[Kinline function ‘[01m[KEigen::Matrix<float, 4, 4> homoMatrix(Eigen::Matrix<float, 3, 1>, Eigen::Matrix<float, 3, 3>)[m[K’ used but never defined
[4.709s]    34 | inline Eigen::Matrix<float, 4, 4> [01;35m[KhomoMatrix[m[K(Eigen::Matrix<float, 3, 1> p, Eigen::Matrix<float, 3, 3> m);
[4.709s]       |                                   [01;35m[K^~~~~~~~~~[m[K
[4.709s] [01m[K/home/loaf/Pinocchio_ws/src/control_pkg/include/mathtool.h:36:35:[m[K [01;35m[Kwarning: [m[Kinline function ‘[01m[KEigen::Matrix<float, 4, 4> homoMatrixInverse(Eigen::Matrix<float, 4, 4>)[m[K’ used but never defined
[4.709s]    36 | inline Eigen::Matrix<float, 4, 4> [01;35m[KhomoMatrixInverse[m[K(Eigen::Matrix<float, 4, 4> homoM);
[4.709s]       |                                   [01;35m[K^~~~~~~~~~~~~~~~~[m[K
[4.709s] [01m[K/home/loaf/Pinocchio_ws/src/control_pkg/include/mathtool.h:39:35:[m[K [01;35m[Kwarning: [m[Kinline function ‘[01m[KEigen::Matrix<float, 4, 1> homoVec(Eigen::Matrix<float, 3, 1>)[m[K’ used but never defined
[4.709s]    39 | inline Eigen::Matrix<float, 4, 1> [01;35m[KhomoVec[m[K(Eigen::Matrix<float, 3, 1> v3);
[4.709s]       |                                   [01;35m[K^~~~~~~[m[K
[4.709s] [01m[K/home/loaf/Pinocchio_ws/src/control_pkg/include/mathtool.h:42:35:[m[K [01;35m[Kwarning: [m[Kinline function ‘[01m[KEigen::Matrix<float, 3, 1> noHomoVec(Eigen::Matrix<float, 4, 1>)[m[K’ used but never defined
[4.709s]    42 | inline Eigen::Matrix<float, 3, 1> [01;35m[KnoHomoVec[m[K(Eigen::Matrix<float, 4, 1> v4);
[4.709s]       |                                   [01;35m[K^~~~~~~~~[m[K
[4.869s] In file included from [01m[K/home/loaf/Pinocchio_ws/src/control_pkg/include/Imu.h:8[m[K,
[4.869s]                  from [01m[K/home/loaf/Pinocchio_ws/src/control_pkg/include/LowState.h:7[m[K,
[4.869s]                  from [01m[K/home/loaf/Pinocchio_ws/src/control_pkg/include/Estimator.h:4[m[K,
[4.869s]                  from [01m[K/home/loaf/Pinocchio_ws/src/control_pkg/include/FSM/ControlComponent.h:5[m[K,
[4.869s]                  from [01m[K/home/loaf/Pinocchio_ws/src/control_pkg/include/Gait/FeetEndCal.h:4[m[K,
[4.869s]                  from [01m[K/home/loaf/Pinocchio_ws/src/control_pkg/src/Gait/FeetEndCal.cpp:1[m[K:
[4.869s] [01m[K/home/loaf/Pinocchio_ws/src/control_pkg/include/mathtool.h:55:14:[m[K [01;35m[Kwarning: [m[Kinline function ‘[01m[Kvoid UpdateAvgCov(T1&, T2&, T3, double) [with T1 = Eigen::Matrix<double, -1, -1>; T2 = Eigen::Matrix<double, -1, 1>; T3 = Eigen::Matrix<double, -1, 1>][m[K’ used but never defined
[4.869s]    55 | inline void  [01;35m[KUpdateAvgCov[m[K(T1 &cov, T2 &exp, T3 newValue, double n);
[4.869s]       |              [01;35m[K^~~~~~~~~~~~[m[K
[4.886s] In file included from [01m[K/home/loaf/Pinocchio_ws/src/control_pkg/include/Imu.h:8[m[K,
[4.886s]                  from [01m[K/home/loaf/Pinocchio_ws/src/control_pkg/include/LowState.h:7[m[K,
[4.886s]                  from [01m[K/home/loaf/Pinocchio_ws/src/control_pkg/include/Estimator.h:4[m[K,
[4.886s]                  from [01m[K/home/loaf/Pinocchio_ws/src/control_pkg/include/FSM/ControlComponent.h:5[m[K,
[4.886s]                  from [01m[K/home/loaf/Pinocchio_ws/src/control_pkg/include/FSM/Balance_State.h:4[m[K,
[4.886s]                  from [01m[K/home/loaf/Pinocchio_ws/src/control_pkg/src/FSM/Balance_State.cpp:1[m[K:
[4.886s] [01m[K/home/loaf/Pinocchio_ws/src/control_pkg/include/mathtool.h:55:14:[m[K [01;35m[Kwarning: [m[Kinline function ‘[01m[Kvoid UpdateAvgCov(T1&, T2&, T3, double) [with T1 = Eigen::Matrix<double, -1, -1>; T2 = Eigen::Matrix<double, -1, 1>; T3 = Eigen::Matrix<double, -1, 1>][m[K’ used but never defined
[4.886s]    55 | inline void  [01;35m[KUpdateAvgCov[m[K(T1 &cov, T2 &exp, T3 newValue, double n);
[4.886s]       |              [01;35m[K^~~~~~~~~~~~[m[K
[4.886s] In file included from [01m[K/home/loaf/Pinocchio_ws/src/control_pkg/include/Imu.h:8[m[K,
[4.886s]                  from [01m[K/home/loaf/Pinocchio_ws/src/control_pkg/include/LowState.h:7[m[K,
[4.886s]                  from [01m[K/home/loaf/Pinocchio_ws/src/control_pkg/include/Estimator.h:4[m[K,
[4.886s]                  from [01m[K/home/loaf/Pinocchio_ws/src/control_pkg/include/FSM/ControlComponent.h:5[m[K,
[4.886s]                  from [01m[K/home/loaf/Pinocchio_ws/src/control_pkg/include/FSM/Balance_State.h:4[m[K,
[4.886s]                  from [01m[K/home/loaf/Pinocchio_ws/src/control_pkg/src/FSM/Balance_State.cpp:1[m[K:
[4.886s] [01m[K/home/loaf/Pinocchio_ws/src/control_pkg/include/mathtool.h:107:36:[m[K [01;35m[Kwarning: [m[Kinline function ‘[01m[KEigen::Matrix<double, 3, 1> rotMatToExp(const Eigen::Matrix<double, 3, 3>&)[m[K’ used but never defined
[4.886s]   107 | inline Eigen::Matrix<double, 3, 1> [01;35m[KrotMatToExp[m[K(const Eigen::Matrix<double, 3, 3>& rm);
[4.886s]       |                                    [01;35m[K^~~~~~~~~~~[m[K
[4.886s] [01m[K/home/loaf/Pinocchio_ws/src/control_pkg/include/mathtool.h:104:36:[m[K [01;35m[Kwarning: [m[Kinline function ‘[01m[KEigen::Matrix<float, 12, 1> vec34ToVec12(Eigen::Matrix<float, 3, 4>)[m[K’ used but never defined
[4.886s]   104 | inline Eigen::Matrix<float, 12, 1> [01;35m[Kvec34ToVec12[m[K(Eigen::Matrix<float, 3, 4> vec34);
[4.886s]       |                                    [01;35m[K^~~~~~~~~~~~[m[K
[5.112s] In file included from [01m[K/home/loaf/Pinocchio_ws/src/control_pkg/include/Imu.h:8[m[K,
[5.112s]                  from [01m[K/home/loaf/Pinocchio_ws/src/control_pkg/include/LowState.h:7[m[K,
[5.112s]                  from [01m[K/home/loaf/Pinocchio_ws/src/control_pkg/include/Estimator.h:4[m[K,
[5.113s]                  from [01m[K/home/loaf/Pinocchio_ws/src/control_pkg/include/FSM/ControlComponent.h:5[m[K,
[5.113s]                  from [01m[K/home/loaf/Pinocchio_ws/src/control_pkg/include/FSM/Trotting_State.h:4[m[K,
[5.113s]                  from [01m[K/home/loaf/Pinocchio_ws/src/control_pkg/src/FSM/Trotting_State.cpp:1[m[K:
[5.113s] [01m[K/home/loaf/Pinocchio_ws/src/control_pkg/include/mathtool.h:55:14:[m[K [01;35m[Kwarning: [m[Kinline function ‘[01m[Kvoid UpdateAvgCov(T1&, T2&, T3, double) [with T1 = Eigen::Matrix<double, -1, -1>; T2 = Eigen::Matrix<double, -1, 1>; T3 = Eigen::Matrix<double, -1, 1>][m[K’ used but never defined
[5.113s]    55 | inline void  [01;35m[KUpdateAvgCov[m[K(T1 &cov, T2 &exp, T3 newValue, double n);
[5.113s]       |              [01;35m[K^~~~~~~~~~~~[m[K
[5.113s] [01m[K/home/loaf/Pinocchio_ws/src/control_pkg/include/mathtool.h:24:35:[m[K [01;35m[Kwarning: [m[Kinline function ‘[01m[KEigen::Matrix<float, 3, 3> rotz(const float&)[m[K’ used but never defined
[5.113s]    24 | inline Eigen::Matrix<float, 3, 3> [01;35m[Krotz[m[K(const float &theta);
[5.113s]       |                                   [01;35m[K^~~~[m[K
[5.113s] In file included from [01m[K/home/loaf/Pinocchio_ws/src/control_pkg/include/Imu.h:8[m[K,
[5.113s]                  from [01m[K/home/loaf/Pinocchio_ws/src/control_pkg/include/LowState.h:7[m[K,
[5.113s]                  from [01m[K/home/loaf/Pinocchio_ws/src/control_pkg/include/Estimator.h:4[m[K,
[5.113s]                  from [01m[K/home/loaf/Pinocchio_ws/src/control_pkg/include/FSM/ControlComponent.h:5[m[K,
[5.113s]                  from [01m[K/home/loaf/Pinocchio_ws/src/control_pkg/include/FSM/Trotting_State.h:4[m[K,
[5.113s]                  from [01m[K/home/loaf/Pinocchio_ws/src/control_pkg/src/FSM/Trotting_State.cpp:1[m[K:
[5.113s] [01m[K/home/loaf/Pinocchio_ws/src/control_pkg/include/mathtool.h:102:36:[m[K [01;35m[Kwarning: [m[Kinline function ‘[01m[KEigen::Matrix<double, 3, 4> vec12ToVec34(Eigen::Matrix<double, 12, 1>)[m[K’ used but never defined
[5.113s]   102 | inline Eigen::Matrix<double, 3, 4> [01;35m[Kvec12ToVec34[m[K(Eigen::Matrix<double, 12, 1> vec12);
[5.113s]       |                                    [01;35m[K^~~~~~~~~~~~[m[K
[5.113s] [01m[K/home/loaf/Pinocchio_ws/src/control_pkg/include/mathtool.h:104:36:[m[K [01;35m[Kwarning: [m[Kinline function ‘[01m[KEigen::Matrix<float, 12, 1> vec34ToVec12(Eigen::Matrix<float, 3, 4>)[m[K’ used but never defined
[5.113s]   104 | inline Eigen::Matrix<float, 12, 1> [01;35m[Kvec34ToVec12[m[K(Eigen::Matrix<float, 3, 4> vec34);
[5.113s]       |                                    [01;35m[K^~~~~~~~~~~~[m[K
[5.113s] In file included from [01m[K/home/loaf/Pinocchio_ws/src/control_pkg/include/Imu.h:8[m[K,
[5.113s]                  from [01m[K/home/loaf/Pinocchio_ws/src/control_pkg/include/LowState.h:7[m[K,
[5.113s]                  from [01m[K/home/loaf/Pinocchio_ws/src/control_pkg/include/Estimator.h:4[m[K,
[5.113s]                  from [01m[K/home/loaf/Pinocchio_ws/src/control_pkg/include/FSM/ControlComponent.h:5[m[K,
[5.113s]                  from [01m[K/home/loaf/Pinocchio_ws/src/control_pkg/include/FSM/Trotting_State.h:4[m[K,
[5.113s]                  from [01m[K/home/loaf/Pinocchio_ws/src/control_pkg/src/FSM/Trotting_State.cpp:1[m[K:
[5.113s] [01m[K/home/loaf/Pinocchio_ws/src/control_pkg/include/mathtool.h:17:11:[m[K [01;35m[Kwarning: [m[Kinline function ‘[01m[KT1 invNormalize(T0, T1, T2, float, float) [with T0 = double; T1 = double; T2 = double][m[K’ used but never defined
[5.113s]    17 | inline T1 [01;35m[KinvNormalize[m[K(const T0 value, const T1 min, const T2 max, const float minLim = -1, const float maxLim = 1);
[5.113s]       |           [01;35m[K^~~~~~~~~~~~[m[K
[5.113s] In file included from [01m[K/home/loaf/Pinocchio_ws/src/control_pkg/include/Imu.h:8[m[K,
[5.114s]                  from [01m[K/home/loaf/Pinocchio_ws/src/control_pkg/include/LowState.h:7[m[K,
[5.114s]                  from [01m[K/home/loaf/Pinocchio_ws/src/control_pkg/include/Estimator.h:4[m[K,
[5.114s]                  from [01m[K/home/loaf/Pinocchio_ws/src/control_pkg/include/FSM/ControlComponent.h:5[m[K,
[5.114s]                  from [01m[K/home/loaf/Pinocchio_ws/src/control_pkg/include/FSM/Trotting_State.h:4[m[K,
[5.114s]                  from [01m[K/home/loaf/Pinocchio_ws/src/control_pkg/src/FSM/Trotting_State.cpp:1[m[K:
[5.114s] [01m[K/home/loaf/Pinocchio_ws/src/control_pkg/include/mathtool.h:109:10:[m[K [01;35m[Kwarning: [m[Kinline function ‘[01m[KT saturation(T, Eigen::Matrix<double, 2, 1>) [with T = double][m[K’ used but never defined
[5.114s]   109 | inline T [01;35m[Ksaturation[m[K(const T a, Eigen::Matrix<double,2,1> limits);
[5.114s]       |          [01;35m[K^~~~~~~~~~[m[K
[5.651s] In file included from [01m[K/home/loaf/Pinocchio_ws/src/control_pkg/include/Imu.h:8[m[K,
[5.651s]                  from [01m[K/home/loaf/Pinocchio_ws/src/control_pkg/include/LowState.h:7[m[K,
[5.651s]                  from [01m[K/home/loaf/Pinocchio_ws/src/control_pkg/include/IOPort/IORos.h:5[m[K,
[5.651s]                  from [01m[K/home/loaf/Pinocchio_ws/src/control_pkg/src/IOPort/IORos.cpp:1[m[K:
[5.651s] [01m[K/home/loaf/Pinocchio_ws/src/control_pkg/include/mathtool.h:55:14:[m[K [01;35m[Kwarning: [m[Kinline function ‘[01m[Kvoid UpdateAvgCov(T1&, T2&, T3, double) [with T1 = Eigen::Matrix<double, -1, -1>; T2 = Eigen::Matrix<double, -1, 1>; T3 = Eigen::Matrix<double, -1, 1>][m[K’ used but never defined
[5.652s]    55 | inline void  [01;35m[KUpdateAvgCov[m[K(T1 &cov, T2 &exp, T3 newValue, double n);
[5.652s]       |              [01;35m[K^~~~~~~~~~~~[m[K
[5.652s] In file included from [01m[K/home/loaf/Pinocchio_ws/src/control_pkg/include/Imu.h:8[m[K,
[5.652s]                  from [01m[K/home/loaf/Pinocchio_ws/src/control_pkg/include/LowState.h:7[m[K,
[5.652s]                  from [01m[K/home/loaf/Pinocchio_ws/src/control_pkg/include/IOPort/IORos.h:5[m[K,
[5.652s]                  from [01m[K/home/loaf/Pinocchio_ws/src/control_pkg/src/IOPort/IORos.cpp:1[m[K:
[5.652s] [01m[K/home/loaf/Pinocchio_ws/src/control_pkg/include/mathtool.h:109:10:[m[K [01;35m[Kwarning: [m[Kinline function ‘[01m[KT saturation(T, Eigen::Matrix<double, 2, 1>) [with T = float][m[K’ used but never defined
[5.652s]   109 | inline T [01;35m[Ksaturation[m[K(const T a, Eigen::Matrix<double,2,1> limits);
[5.652s]       |          [01;35m[K^~~~~~~~~~[m[K
[6.938s] In file included from [01m[K/home/loaf/Pinocchio_ws/src/control_pkg/include/Imu.h:8[m[K,
[6.938s]                  from [01m[K/home/loaf/Pinocchio_ws/src/control_pkg/include/LowState.h:7[m[K,
[6.938s]                  from [01m[K/home/loaf/Pinocchio_ws/src/control_pkg/include/Estimator.h:4[m[K,
[6.938s]                  from [01m[K/home/loaf/Pinocchio_ws/src/control_pkg/src/common/Estimator.cpp:1[m[K:
[6.938s] [01m[K/home/loaf/Pinocchio_ws/src/control_pkg/include/mathtool.h:55:14:[m[K [01;35m[Kwarning: [m[Kinline function ‘[01m[Kvoid UpdateAvgCov(T1&, T2&, T3, double) [with T1 = Eigen::Matrix<double, -1, -1>; T2 = Eigen::Matrix<double, -1, 1>; T3 = Eigen::Matrix<double, -1, 1>][m[K’ used but never defined
[6.938s]    55 | inline void  [01;35m[KUpdateAvgCov[m[K(T1 &cov, T2 &exp, T3 newValue, double n);
[6.938s]       |              [01;35m[K^~~~~~~~~~~~[m[K
[6.938s] In file included from [01m[K/home/loaf/Pinocchio_ws/src/control_pkg/include/Imu.h:8[m[K,
[6.938s]                  from [01m[K/home/loaf/Pinocchio_ws/src/control_pkg/include/LowState.h:7[m[K,
[6.938s]                  from [01m[K/home/loaf/Pinocchio_ws/src/control_pkg/include/Estimator.h:4[m[K,
[6.938s]                  from [01m[K/home/loaf/Pinocchio_ws/src/control_pkg/src/common/Estimator.cpp:1[m[K:
[6.938s] [01m[K/home/loaf/Pinocchio_ws/src/control_pkg/include/mathtool.h:100:10:[m[K [01;35m[Kwarning: [m[Kinline function ‘[01m[KT windowFunc(T, T, T, T) [with T = double][m[K’ used but never defined
[6.938s]   100 | inline T [01;35m[KwindowFunc[m[K(const T x, const T windowRatio, const T xRange=1.0, const T yRange=1.0);
[6.938s]       |          [01;35m[K^~~~~~~~~~[m[K
[6.938s] In file included from [01m[K/home/loaf/Pinocchio_ws/src/control_pkg/include/Imu.h:8[m[K,
[6.938s]                  from [01m[K/home/loaf/Pinocchio_ws/src/control_pkg/include/LowState.h:7[m[K,
[6.938s]                  from [01m[K/home/loaf/Pinocchio_ws/src/control_pkg/include/Estimator.h:4[m[K,
[6.938s]                  from [01m[K/home/loaf/Pinocchio_ws/src/control_pkg/src/common/Estimator.cpp:1[m[K:
[6.938s] [01m[K/home/loaf/Pinocchio_ws/src/control_pkg/include/mathtool.h:46:33:[m[K [01;35m[Kwarning: [m[Kinline function ‘[01m[KEigen::Matrix<float, 3, 1> Quat2Euler(Eigen::Matrix<float, 4, 1>)[m[K’ used but never defined
[6.938s]    46 | inline Eigen::Matrix<float,3,1> [01;35m[KQuat2Euler[m[K(Eigen::Matrix<float, 4, 1> q);
[6.938s]       |                                 [01;35m[K^~~~~~~~~~[m[K
[10.335s] [ 80%] [32m[1mLinking CXX executable start[0m
[10.419s] /usr/bin/ld: CMakeFiles/start.dir/src/common/Estimator.cpp.o: in function `Angle2Radian(float)':
[10.419s] Estimator.cpp:(.text+0x0): multiple definition of `Angle2Radian(float)'; CMakeFiles/start.dir/src/start.cpp.o:start.cpp:(.text+0x0): first defined here
[10.420s] /usr/bin/ld: CMakeFiles/start.dir/src/common/Estimator.cpp.o: in function `Radian2Angle(float)':
[10.420s] Estimator.cpp:(.text+0x38): multiple definition of `Radian2Angle(float)'; CMakeFiles/start.dir/src/start.cpp.o:start.cpp:(.text+0x38): first defined here
[10.428s] /usr/bin/ld: CMakeFiles/start.dir/src/FSM/Balance_State.cpp.o: in function `Angle2Radian(float)':
[10.428s] Balance_State.cpp:(.text+0x0): multiple definition of `Angle2Radian(float)'; CMakeFiles/start.dir/src/start.cpp.o:start.cpp:(.text+0x0): first defined here
[10.428s] /usr/bin/ld: CMakeFiles/start.dir/src/FSM/Balance_State.cpp.o: in function `Radian2Angle(float)':
[10.428s] Balance_State.cpp:(.text+0x38): multiple definition of `Radian2Angle(float)'; CMakeFiles/start.dir/src/start.cpp.o:start.cpp:(.text+0x38): first defined here
[10.429s] /usr/bin/ld: CMakeFiles/start.dir/src/FSM/ControlComponent.cpp.o: in function `Angle2Radian(float)':
[10.429s] ControlComponent.cpp:(.text+0x0): multiple definition of `Angle2Radian(float)'; CMakeFiles/start.dir/src/start.cpp.o:start.cpp:(.text+0x0): first defined here
[10.429s] /usr/bin/ld: CMakeFiles/start.dir/src/FSM/ControlComponent.cpp.o: in function `Radian2Angle(float)':
[10.429s] ControlComponent.cpp:(.text+0x38): multiple definition of `Radian2Angle(float)'; CMakeFiles/start.dir/src/start.cpp.o:start.cpp:(.text+0x38): first defined here
[10.430s] /usr/bin/ld: CMakeFiles/start.dir/src/FSM/Free_Stand_State.cpp.o: in function `Angle2Radian(float)':
[10.430s] Free_Stand_State.cpp:(.text+0x0): multiple definition of `Angle2Radian(float)'; CMakeFiles/start.dir/src/start.cpp.o:start.cpp:(.text+0x0): first defined here
[10.430s] /usr/bin/ld: CMakeFiles/start.dir/src/FSM/Free_Stand_State.cpp.o: in function `Radian2Angle(float)':
[10.430s] Free_Stand_State.cpp:(.text+0x38): multiple definition of `Radian2Angle(float)'; CMakeFiles/start.dir/src/start.cpp.o:start.cpp:(.text+0x38): first defined here
[10.430s] /usr/bin/ld: CMakeFiles/start.dir/src/FSM/Free_State.cpp.o: in function `Angle2Radian(float)':
[10.430s] Free_State.cpp:(.text+0x0): multiple definition of `Angle2Radian(float)'; CMakeFiles/start.dir/src/start.cpp.o:start.cpp:(.text+0x0): first defined here
[10.430s] /usr/bin/ld: CMakeFiles/start.dir/src/FSM/Free_State.cpp.o: in function `Radian2Angle(float)':
[10.430s] Free_State.cpp:(.text+0x38): multiple definition of `Radian2Angle(float)'; CMakeFiles/start.dir/src/start.cpp.o:start.cpp:(.text+0x38): first defined here
[10.430s] /usr/bin/ld: CMakeFiles/start.dir/src/FSM/FSM.cpp.o: in function `Angle2Radian(float)':
[10.430s] FSM.cpp:(.text+0x0): multiple definition of `Angle2Radian(float)'; CMakeFiles/start.dir/src/start.cpp.o:start.cpp:(.text+0x0): first defined here
[10.430s] /usr/bin/ld: CMakeFiles/start.dir/src/FSM/FSM.cpp.o: in function `Radian2Angle(float)':
[10.430s] FSM.cpp:(.text+0x38): multiple definition of `Radian2Angle(float)'; CMakeFiles/start.dir/src/start.cpp.o:start.cpp:(.text+0x38): first defined here
[10.430s] /usr/bin/ld: CMakeFiles/start.dir/src/FSM/FSMState.cpp.o: in function `Angle2Radian(float)':
[10.430s] FSMState.cpp:(.text+0x0): multiple definition of `Angle2Radian(float)'; CMakeFiles/start.dir/src/start.cpp.o:start.cpp:(.text+0x0): first defined here
[10.430s] /usr/bin/ld: CMakeFiles/start.dir/src/FSM/FSMState.cpp.o: in function `Radian2Angle(float)':
[10.430s] FSMState.cpp:(.text+0x38): multiple definition of `Radian2Angle(float)'; CMakeFiles/start.dir/src/start.cpp.o:start.cpp:(.text+0x38): first defined here
[10.430s] /usr/bin/ld: CMakeFiles/start.dir/src/FSM/Passive_State.cpp.o: in function `Angle2Radian(float)':
[10.430s] Passive_State.cpp:(.text+0x0): multiple definition of `Angle2Radian(float)'; CMakeFiles/start.dir/src/start.cpp.o:start.cpp:(.text+0x0): first defined here
[10.430s] /usr/bin/ld: CMakeFiles/start.dir/src/FSM/Passive_State.cpp.o: in function `Radian2Angle(float)':
[10.430s] Passive_State.cpp:(.text+0x38): multiple definition of `Radian2Angle(float)'; CMakeFiles/start.dir/src/start.cpp.o:start.cpp:(.text+0x38): first defined here
[10.431s] /usr/bin/ld: CMakeFiles/start.dir/src/FSM/Stand_State.cpp.o: in function `Angle2Radian(float)':
[10.431s] Stand_State.cpp:(.text+0x0): multiple definition of `Angle2Radian(float)'; CMakeFiles/start.dir/src/start.cpp.o:start.cpp:(.text+0x0): first defined here
[10.431s] /usr/bin/ld: CMakeFiles/start.dir/src/FSM/Stand_State.cpp.o: in function `Radian2Angle(float)':
[10.431s] Stand_State.cpp:(.text+0x38): multiple definition of `Radian2Angle(float)'; CMakeFiles/start.dir/src/start.cpp.o:start.cpp:(.text+0x38): first defined here
[10.433s] /usr/bin/ld: CMakeFiles/start.dir/src/FSM/Trotting_State.cpp.o: in function `Angle2Radian(float)':
[10.433s] Trotting_State.cpp:(.text+0x0): multiple definition of `Angle2Radian(float)'; CMakeFiles/start.dir/src/start.cpp.o:start.cpp:(.text+0x0): first defined here
[10.433s] /usr/bin/ld: CMakeFiles/start.dir/src/FSM/Trotting_State.cpp.o: in function `Radian2Angle(float)':
[10.433s] Trotting_State.cpp:(.text+0x38): multiple definition of `Radian2Angle(float)'; CMakeFiles/start.dir/src/start.cpp.o:start.cpp:(.text+0x38): first defined here
[10.434s] /usr/bin/ld: CMakeFiles/start.dir/src/Gait/FeetEndCal.cpp.o: in function `Angle2Radian(float)':
[10.434s] FeetEndCal.cpp:(.text+0x0): multiple definition of `Angle2Radian(float)'; CMakeFiles/start.dir/src/start.cpp.o:start.cpp:(.text+0x0): first defined here
[10.434s] /usr/bin/ld: CMakeFiles/start.dir/src/Gait/FeetEndCal.cpp.o: in function `Radian2Angle(float)':
[10.434s] FeetEndCal.cpp:(.text+0x38): multiple definition of `Radian2Angle(float)'; CMakeFiles/start.dir/src/start.cpp.o:start.cpp:(.text+0x38): first defined here
[10.434s] /usr/bin/ld: CMakeFiles/start.dir/src/Gait/GaitGenerator.cpp.o: in function `Angle2Radian(float)':
[10.434s] GaitGenerator.cpp:(.text+0x0): multiple definition of `Angle2Radian(float)'; CMakeFiles/start.dir/src/start.cpp.o:start.cpp:(.text+0x0): first defined here
[10.434s] /usr/bin/ld: CMakeFiles/start.dir/src/Gait/GaitGenerator.cpp.o: in function `Radian2Angle(float)':
[10.434s] GaitGenerator.cpp:(.text+0x38): multiple definition of `Radian2Angle(float)'; CMakeFiles/start.dir/src/start.cpp.o:start.cpp:(.text+0x38): first defined here
[10.464s] /usr/bin/ld: CMakeFiles/start.dir/src/IOPort/IORos.cpp.o: in function `Angle2Radian(float)':
[10.464s] IORos.cpp:(.text+0x69): multiple definition of `Angle2Radian(float)'; CMakeFiles/start.dir/src/start.cpp.o:start.cpp:(.text+0x0): first defined here
[10.464s] /usr/bin/ld: CMakeFiles/start.dir/src/IOPort/IORos.cpp.o: in function `Radian2Angle(float)':
[10.465s] IORos.cpp:(.text+0xa1): multiple definition of `Radian2Angle(float)'; CMakeFiles/start.dir/src/start.cpp.o:start.cpp:(.text+0x38): first defined here
[11.129s] /usr/bin/ld: CMakeFiles/start.dir/src/common/BalanceCtrl.cpp.o: in function `BalanceCtrl::calF(Eigen::Matrix<double, 3, 1, 0, 3, 1>, Eigen::Matrix<double, 3, 1, 0, 3, 1>, Eigen::Matrix<double, 3, 3, 0, 3, 3>, Eigen::Matrix<double, 3, 4, 0, 3, 4>, Eigen::Matrix<int, 4, 1, 0, 4, 1>)':
[11.129s] BalanceCtrl.cpp:(.text+0x1299): undefined reference to `vec12ToVec34(Eigen::Matrix<double, 12, 1, 0, 12, 1>)'
[11.129s] /usr/bin/ld: CMakeFiles/start.dir/src/common/BalanceCtrl.cpp.o: in function `BalanceCtrl::calMatrixA(Eigen::Matrix<double, 3, 4, 0, 3, 4>, Eigen::Matrix<double, 3, 3, 0, 3, 3>, Eigen::Matrix<int, 4, 1, 0, 4, 1>)':
[11.129s] BalanceCtrl.cpp:(.text+0x1414): undefined reference to `skew(Eigen::Matrix<double, 3, 1, 0, 3, 1> const&)'
[11.135s] /usr/bin/ld: CMakeFiles/start.dir/src/common/Estimator.cpp.o: in function `Estimator::run()':
[11.135s] Estimator.cpp:(.text+0x7b50): undefined reference to `GetFeetPos2BODY(LowState&, FrameType)'
[11.135s] /usr/bin/ld: Estimator.cpp:(.text+0x7b95): undefined reference to `GetFeetSpeed2BODY(LowState&, FrameType)'
[11.135s] /usr/bin/ld: Estimator.cpp:(.text+0x7e38): undefined reference to `double windowFunc<double>(double, double, double, double)'
[11.135s] /usr/bin/ld: Estimator.cpp:(.text+0x82dd): undefined reference to `Quat2Euler(Eigen::Matrix<float, 4, 1, 0, 4, 1>)'
[11.135s] /usr/bin/ld: CMakeFiles/start.dir/src/common/Estimator.cpp.o: in function `Estimator::getFootPos(int)':
[11.135s] Estimator.cpp:(.text+0x8e09): undefined reference to `GetFeetPos2BODY(LowState&, int, FrameType)'
[11.136s] /usr/bin/ld: CMakeFiles/start.dir/src/common/Estimator.cpp.o: in function `Estimator::getFeetVel()':
[11.136s] Estimator.cpp:(.text+0x8fac): undefined reference to `GetFeetSpeed2BODY(LowState&, FrameType)'
[11.148s] /usr/bin/ld: CMakeFiles/start.dir/src/common/Imu.cpp.o: in function `Imu::GetRotMat()':
[11.148s] Imu.cpp:(.text+0xec): undefined reference to `Quat2RotMat(Eigen::Matrix<float, 4, 1, 0, 4, 1>)'
[11.148s] /usr/bin/ld: CMakeFiles/start.dir/src/common/Imu.cpp.o: in function `Imu::getYaw()':
[11.148s] Imu.cpp:(.text+0x4f1): undefined reference to `rotMatToRPY(Eigen::Matrix<float, 3, 3, 0, 3, 3> const&)'
[11.149s] /usr/bin/ld: CMakeFiles/start.dir/src/FSM/Balance_State.cpp.o: in function `Balance_State::calcTau()':
[11.149s] Balance_State.cpp:(.text+0xd66): undefined reference to `rotMatToExp(Eigen::Matrix<double, 3, 3, 0, 3, 3> const&)'
[11.149s] /usr/bin/ld: Balance_State.cpp:(.text+0xfac): undefined reference to `vec34ToVec12(Eigen::Matrix<float, 3, 4, 0, 3, 4>)'
[11.150s] /usr/bin/ld: CMakeFiles/start.dir/src/FSM/Free_Stand_State.cpp.o: in function `Free_Stand_State::enter()':
[11.150s] Free_Stand_State.cpp:(.text+0x6e6): undefined reference to `GetPos_B(unsigned char, float, float, float)'
[11.150s] /usr/bin/ld: Free_Stand_State.cpp:(.text+0x915): undefined reference to `GetPos_S(Eigen::Matrix<float, 3, 1, 0, 3, 1>, unsigned char, float, float, float)'
[11.150s] /usr/bin/ld: CMakeFiles/start.dir/src/FSM/Free_Stand_State.cpp.o: in function `Free_Stand_State::run()':
[11.150s] Free_Stand_State.cpp:(.text+0xb97): undefined reference to `float invNormalize<float, float, float>(float, float, float, float, float)'
[11.150s] /usr/bin/ld: Free_Stand_State.cpp:(.text+0xbd9): undefined reference to `float invNormalize<float, float, float>(float, float, float, float, float)'
[11.150s] /usr/bin/ld: Free_Stand_State.cpp:(.text+0xc1b): undefined reference to `float invNormalize<float, float, float>(float, float, float, float, float)'
[11.150s] /usr/bin/ld: Free_Stand_State.cpp:(.text+0xc5c): undefined reference to `float invNormalize<float, float, float>(float, float, float, float, float)'
[11.150s] /usr/bin/ld: CMakeFiles/start.dir/src/FSM/Free_Stand_State.cpp.o: in function `Free_Stand_State::Cal_PosinB(float, float, float, float)':
[11.150s] Free_Stand_State.cpp:(.text+0xdfc): undefined reference to `Rpy2RotMat(float const&, float const&, float const&)'
[11.150s] /usr/bin/ld: Free_Stand_State.cpp:(.text+0xe48): undefined reference to `homoMatrix(Eigen::Matrix<float, 3, 1, 0, 3, 1>, Eigen::Matrix<float, 3, 3, 0, 3, 3>)'
[11.150s] /usr/bin/ld: Free_Stand_State.cpp:(.text+0xe74): undefined reference to `homoMatrixInverse(Eigen::Matrix<float, 4, 4, 0, 4, 4>)'
[11.150s] /usr/bin/ld: Free_Stand_State.cpp:(.text+0xef6): undefined reference to `homoVec(Eigen::Matrix<float, 3, 1, 0, 3, 1>)'
[11.150s] /usr/bin/ld: Free_Stand_State.cpp:(.text+0xf5f): undefined reference to `noHomoVec(Eigen::Matrix<float, 4, 1, 0, 4, 1>)'
[11.150s] /usr/bin/ld: CMakeFiles/start.dir/src/FSM/Free_Stand_State.cpp.o: in function `Free_Stand_State::CalQ(Eigen::Matrix<float, 3, 4, 0, 3, 4>)':
[11.150s] Free_Stand_State.cpp:(.text+0x11bf): undefined reference to `Reversal_Solution_Update(unsigned char, float, float, float)'
[11.150s] /usr/bin/ld: CMakeFiles/start.dir/src/FSM/Stand_State.cpp.o: in function `Stand_State::enter()':
[11.150s] Stand_State.cpp:(.text+0xbf2): undefined reference to `Reversal_Solution_Update(unsigned char, float, float, float)'
[11.150s] /usr/bin/ld: Stand_State.cpp:(.text+0xe1d): undefined reference to `GetFeetPos2BODY(LowState&, FrameType)'
[11.150s] /usr/bin/ld: Stand_State.cpp:(.text+0xe65): undefined reference to `vec34ToVec12(Eigen::Matrix<float, 3, 4, 0, 3, 4>)'
[11.150s] /usr/bin/ld: CMakeFiles/start.dir/src/FSM/Stand_State.cpp.o: in function `Stand_State::run()':
[11.150s] Stand_State.cpp:(.text+0x1370): undefined reference to `CalTaus(Eigen::Matrix<float, 12, 1, 0, 12, 1>, Eigen::Matrix<float, 12, 1, 0, 12, 1>, Eigen::Matrix<float, 3, 3, 0, 3, 3>, Eigen::Matrix<float, 3, 3, 0, 3, 3>, Eigen::Matrix<float, 12, 1, 0, 12, 1>, Eigen::Matrix<float, 12, 1, 0, 12, 1>, FrameType)'
[11.151s] /usr/bin/ld: CMakeFiles/start.dir/src/FSM/Trotting_State.cpp.o: in function `Trotting_State::enter()':
[11.151s] Trotting_State.cpp:(.text+0x566): undefined reference to `rotz(float const&)'
[11.151s] /usr/bin/ld: CMakeFiles/start.dir/src/FSM/Trotting_State.cpp.o: in function `Trotting_State::run()':
[11.151s] Trotting_State.cpp:(.text+0xa8b): undefined reference to `Reversal_GetQ(Eigen::Matrix<double, 3, 4, 0, 3, 4> const&, FrameType)'
[11.151s] /usr/bin/ld: Trotting_State.cpp:(.text+0xaa1): undefined reference to `vec12ToVec34(Eigen::Matrix<double, 12, 1, 0, 12, 1>)'
[11.151s] /usr/bin/ld: Trotting_State.cpp:(.text+0xb62): undefined reference to `vec34ToVec12(Eigen::Matrix<float, 3, 4, 0, 3, 4>)'
[11.151s] /usr/bin/ld: CMakeFiles/start.dir/src/FSM/Trotting_State.cpp.o: in function `Trotting_State::getUserCmd()':
[11.151s] Trotting_State.cpp:(.text+0xe4d): undefined reference to `double invNormalize<double, double, double>(double, double, double, float, float)'
[11.151s] /usr/bin/ld: Trotting_State.cpp:(.text+0xeea): undefined reference to `double invNormalize<double, double, double>(double, double, double, float, float)'
[11.151s] /usr/bin/ld: Trotting_State.cpp:(.text+0xfc2): undefined reference to `double invNormalize<double, double, double>(double, double, double, float, float)'
[11.151s] /usr/bin/ld: CMakeFiles/start.dir/src/FSM/Trotting_State.cpp.o: in function `Trotting_State::calcCmd()':
[11.151s] Trotting_State.cpp:(.text+0x10e4): undefined reference to `double saturation<double>(double, Eigen::Matrix<double, 2, 1, 0, 2, 1>)'
[11.151s] /usr/bin/ld: Trotting_State.cpp:(.text+0x115f): undefined reference to `double saturation<double>(double, Eigen::Matrix<double, 2, 1, 0, 2, 1>)'
[11.151s] /usr/bin/ld: Trotting_State.cpp:(.text+0x11fe): undefined reference to `rotz(float const&)'
[11.151s] /usr/bin/ld: CMakeFiles/start.dir/src/FSM/Trotting_State.cpp.o: in function `Trotting_State::calcQQd()':
[11.151s] Trotting_State.cpp:(.text+0x12ce): undefined reference to `GetFeetPos2BODY(LowState&, FrameType)'
[11.151s] /usr/bin/ld: Trotting_State.cpp:(.text+0x1450): undefined reference to `Reversal_GetQ(Eigen::Matrix<double, 3, 4, 0, 3, 4> const&, FrameType)'
[11.151s] /usr/bin/ld: Trotting_State.cpp:(.text+0x1466): undefined reference to `vec12ToVec34(Eigen::Matrix<double, 12, 1, 0, 12, 1>)'
[11.152s] /usr/bin/ld: Trotting_State.cpp:(.text+0x14ac): undefined reference to `Reversal_GetQd(Eigen::Matrix<double, 3, 4, 0, 3, 4> const&, Eigen::Matrix<double, 3, 4, 0, 3, 4> const&, FrameType)'
[11.152s] /usr/bin/ld: Trotting_State.cpp:(.text+0x14c2): undefined reference to `vec12ToVec34(Eigen::Matrix<double, 12, 1, 0, 12, 1>)'
[11.154s] /usr/bin/ld: CMakeFiles/start.dir/src/IOPort/IORos.cpp.o: in function `IORos::SetTau(Eigen::Matrix<float, 12, 1, 0, 12, 1>, Eigen::Matrix<double, 2, 1, 0, 2, 1>)':
[11.154s] IORos.cpp:(.text+0x21d2): undefined reference to `float saturation<float>(float, Eigen::Matrix<double, 2, 1, 0, 2, 1>)'
[11.209s] collect2: error: ld returned 1 exit status
[11.210s] gmake[2]: *** [CMakeFiles/start.dir/build.make:519：start] 错误 1
[11.211s] gmake[1]: *** [CMakeFiles/Makefile2:137：CMakeFiles/start.dir/all] 错误 2
[11.211s] gmake: *** [Makefile:146：all] 错误 2
[11.213s] Invoked command in '/home/loaf/Pinocchio_ws/build/control_pkg' returned '2': CMAKE_PREFIX_PATH=/home/loaf/Pinocchio_ws/install/motor_control_msgs:/home/loaf/Pinocchio_ws/install/mujoco_pkg:/home/loaf/Pinocchio_ws/install/mit_controllers:/home/loaf/Pinocchio_ws/install/control_pkg:/home/loaf/Pinocchio_ws/install/descrip_pino:/opt/ros/humble LD_LIBRARY_PATH=/home/loaf/Pinocchio_ws/install/motor_control_msgs/lib:/home/loaf/Pinocchio_ws/install/mit_controllers/lib:/usr/lib/x86_64-linux-gnu/gazebo-11/plugins:/opt/ros/humble/opt/rviz_ogre_vendor/lib:/opt/ros/humble/lib/x86_64-linux-gnu:/opt/ros/humble/lib /usr/bin/cmake --build /home/loaf/Pinocchio_ws/build/control_pkg -- -j24 -l24
