[ 50%] [32mBuilding CXX object CMakeFiles/mit_controllers.dir/src/mit_controllers.cpp.o[0m
[100%] [32m[1mLinking CXX shared library libmit_controllers.so[0m
[100%] Built target mit_controllers
-- Install configuration: ""
-- Up-to-date: /home/loaf/Pinocchio_ws/install/mit_controllers/share/mit_controllers/mit_controller_plugin.xml
-- Installing: /home/loaf/Pinocchio_ws/install/mit_controllers/lib/libmit_controllers.so
-- Set runtime path of "/home/loaf/Pinocchio_ws/install/mit_controllers/lib/libmit_controllers.so" to ""
-- Up-to-date: /home/loaf/Pinocchio_ws/install/mit_controllers/include/include
-- Up-to-date: /home/loaf/Pinocchio_ws/install/mit_controllers/include/include/mit_controllers.hpp
-- Up-to-date: /home/loaf/Pinocchio_ws/install/mit_controllers/share/mit_controllers/environment/library_path.sh
-- Up-to-date: /home/loaf/Pinocchio_ws/install/mit_controllers/share/mit_controllers/environment/library_path.dsv
-- Up-to-date: /home/loaf/Pinocchio_ws/install/mit_controllers/share/ament_index/resource_index/package_run_dependencies/mit_controllers
-- Up-to-date: /home/loaf/Pinocchio_ws/install/mit_controllers/share/ament_index/resource_index/parent_prefix_path/mit_controllers
-- Up-to-date: /home/loaf/Pinocchio_ws/install/mit_controllers/share/mit_controllers/environment/ament_prefix_path.sh
-- Up-to-date: /home/loaf/Pinocchio_ws/install/mit_controllers/share/mit_controllers/environment/ament_prefix_path.dsv
-- Up-to-date: /home/loaf/Pinocchio_ws/install/mit_controllers/share/mit_controllers/environment/path.sh
-- Up-to-date: /home/loaf/Pinocchio_ws/install/mit_controllers/share/mit_controllers/environment/path.dsv
-- Up-to-date: /home/loaf/Pinocchio_ws/install/mit_controllers/share/mit_controllers/local_setup.bash
-- Up-to-date: /home/loaf/Pinocchio_ws/install/mit_controllers/share/mit_controllers/local_setup.sh
-- Up-to-date: /home/loaf/Pinocchio_ws/install/mit_controllers/share/mit_controllers/local_setup.zsh
-- Up-to-date: /home/loaf/Pinocchio_ws/install/mit_controllers/share/mit_controllers/local_setup.dsv
-- Installing: /home/loaf/Pinocchio_ws/install/mit_controllers/share/mit_controllers/package.dsv
-- Up-to-date: /home/loaf/Pinocchio_ws/install/mit_controllers/share/ament_index/resource_index/packages/mit_controllers
-- Up-to-date: /home/loaf/Pinocchio_ws/install/mit_controllers/share/ament_index/resource_index/controller_interface__pluginlib__plugin/mit_controllers
-- Up-to-date: /home/loaf/Pinocchio_ws/install/mit_controllers/share/mit_controllers/cmake/ament_cmake_export_libraries-extras.cmake
-- Up-to-date: /home/loaf/Pinocchio_ws/install/mit_controllers/share/mit_controllers/cmake/ament_cmake_export_dependencies-extras.cmake
-- Up-to-date: /home/loaf/Pinocchio_ws/install/mit_controllers/share/mit_controllers/cmake/mit_controllersConfig.cmake
-- Up-to-date: /home/loaf/Pinocchio_ws/install/mit_controllers/share/mit_controllers/cmake/mit_controllersConfig-version.cmake
-- Up-to-date: /home/loaf/Pinocchio_ws/install/mit_controllers/share/mit_controllers/package.xml
