-- Found ament_cmake: 1.3.14 (/opt/ros/humble/share/ament_cmake/cmake)
-- Found rclcpp: 16.0.19 (/opt/ros/humble/share/rclcpp/cmake)
-- Found rosidl_generator_c: 3.1.8 (/opt/ros/humble/share/rosidl_generator_c/cmake)
-- Found rosidl_adapter: 3.1.8 (/opt/ros/humble/share/rosidl_adapter/cmake)
-- Found rosidl_generator_cpp: 3.1.8 (/opt/ros/humble/share/rosidl_generator_cpp/cmake)
-- Using all available rosidl_typesupport_c: rosidl_typesupport_fastrtps_c;rosidl_typesupport_introspection_c
-- Using all available rosidl_typesupport_cpp: rosidl_typesupport_fastrtps_cpp;rosidl_typesupport_introspection_cpp
-- Found rmw_implementation_cmake: 6.1.2 (/opt/ros/humble/share/rmw_implementation_cmake/cmake)
-- Found rmw_fastrtps_cpp: 6.2.10 (/opt/ros/humble/share/rmw_fastrtps_cpp/cmake)
-- Using RMW implementation 'rmw_fastrtps_cpp' as default
-- Found trajectory_msgs: 4.9.1 (/opt/ros/humble/share/trajectory_msgs/cmake)
-- Found control_msgs: 4.8.0 (/opt/ros/humble/share/control_msgs/cmake)
-- Found motor_control_msgs: 0.0.0 (/home/loaf/Pinocchio_ws/install/motor_control_msgs/share/motor_control_msgs/cmake)
-- Configuring done
-- Generating done
-- Build files have been written to: /home/loaf/Pinocchio_ws/build/control_pkg
[35m[1mConsolidate compiler generated dependencies of target start[0m
[  4%] [32mBuilding CXX object CMakeFiles/start.dir/src/FSM/Balance_State.cpp.o[0m
[ 14%] [32mBuilding CXX object CMakeFiles/start.dir/src/common/Robot.cpp.o[0m
[ 14%] [32mBuilding CXX object CMakeFiles/start.dir/src/common/LowPassFilter.cpp.o[0m
[ 19%] [32mBuilding CXX object CMakeFiles/start.dir/src/FSM/ControlComponent.cpp.o[0m
[ 23%] [32mBuilding CXX object CMakeFiles/start.dir/src/FSM/Free_State.cpp.o[0m
[ 33%] [32mBuilding CXX object CMakeFiles/start.dir/src/start.cpp.o[0m
[ 33%] [32mBuilding CXX object CMakeFiles/start.dir/src/FSM/FSMState.cpp.o[0m
[ 38%] [32mBuilding CXX object CMakeFiles/start.dir/src/common/BalanceCtrl.cpp.o[0m
[ 47%] [32mBuilding CXX object CMakeFiles/start.dir/src/common/Imu.cpp.o[0m
[ 47%] [32mBuilding CXX object CMakeFiles/start.dir/src/common/Estimator.cpp.o[0m
[ 52%] [32mBuilding CXX object CMakeFiles/start.dir/src/FSM/Passive_State.cpp.o[0m
[ 57%] [32mBuilding CXX object CMakeFiles/start.dir/src/FSM/Stand_State.cpp.o[0m
[ 61%] [32mBuilding CXX object CMakeFiles/start.dir/src/FSM/Trotting_State.cpp.o[0m
[ 66%] [32mBuilding CXX object CMakeFiles/start.dir/src/FSM/Free_Stand_State.cpp.o[0m
[ 71%] [32mBuilding CXX object CMakeFiles/start.dir/src/Gait/WaveGenerator.cpp.o[0m
[ 76%] [32mBuilding CXX object CMakeFiles/start.dir/src/Gait/GaitGenerator.cpp.o[0m
[ 80%] [32mBuilding CXX object CMakeFiles/start.dir/src/IOPort/IORos.cpp.o[0m
[ 85%] [32mBuilding CXX object CMakeFiles/start.dir/src/FSM/UserCmd.cpp.o[0m
[ 90%] [32mBuilding CXX object CMakeFiles/start.dir/src/FSM/FSM.cpp.o[0m
[ 95%] [32mBuilding CXX object CMakeFiles/start.dir/src/Gait/FeetEndCal.cpp.o[0m
