-- Install configuration: ""
-- Up-to-date: /home/loaf/Pinocchio_ws/install/descrip_pino/share/descrip_pino/urdf
-- Up-to-date: /home/loaf/Pinocchio_ws/install/descrip_pino/share/descrip_pino/urdf/Pino_model.xml
-- Up-to-date: /home/loaf/Pinocchio_ws/install/descrip_pino/share/descrip_pino/urdf/total.urdf.xacro
-- Up-to-date: /home/loaf/Pinocchio_ws/install/descrip_pino/share/descrip_pino/urdf/meshes.zip
-- Up-to-date: /home/loaf/Pinocchio_ws/install/descrip_pino/share/descrip_pino/urdf/Pino.urdf
-- Up-to-date: /home/loaf/Pinocchio_ws/install/descrip_pino/share/descrip_pino/urdf/meshes
-- Up-to-date: /home/loaf/Pinocchio_ws/install/descrip_pino/share/descrip_pino/urdf/meshes/fr_thigh_Link.stl
-- Up-to-date: /home/loaf/Pinocchio_ws/install/descrip_pino/share/descrip_pino/urdf/meshes/fl_thigh_Link.stl
-- Up-to-date: /home/loaf/Pinocchio_ws/install/descrip_pino/share/descrip_pino/urdf/meshes/bl_thigh_Link.stl
-- Up-to-date: /home/loaf/Pinocchio_ws/install/descrip_pino/share/descrip_pino/urdf/meshes/br_hip_Link.stl
-- Up-to-date: /home/loaf/Pinocchio_ws/install/descrip_pino/share/descrip_pino/urdf/meshes/fr_knee_Link.stl
-- Up-to-date: /home/loaf/Pinocchio_ws/install/descrip_pino/share/descrip_pino/urdf/meshes/fr_hip_Link.stl
-- Up-to-date: /home/loaf/Pinocchio_ws/install/descrip_pino/share/descrip_pino/urdf/meshes/base_link.stl
-- Up-to-date: /home/loaf/Pinocchio_ws/install/descrip_pino/share/descrip_pino/urdf/meshes/bl_knee_Link.stl
-- Up-to-date: /home/loaf/Pinocchio_ws/install/descrip_pino/share/descrip_pino/urdf/meshes/fl_hip_Link.stl
-- Up-to-date: /home/loaf/Pinocchio_ws/install/descrip_pino/share/descrip_pino/urdf/meshes/fl_knee_Link.stl
-- Up-to-date: /home/loaf/Pinocchio_ws/install/descrip_pino/share/descrip_pino/urdf/meshes/br_thigh_Link.stl
-- Up-to-date: /home/loaf/Pinocchio_ws/install/descrip_pino/share/descrip_pino/urdf/meshes/bl_hip_Link.stl
-- Up-to-date: /home/loaf/Pinocchio_ws/install/descrip_pino/share/descrip_pino/urdf/meshes/br_knee_Link.stl
-- Up-to-date: /home/loaf/Pinocchio_ws/install/descrip_pino/share/descrip_pino/launch
-- Up-to-date: /home/loaf/Pinocchio_ws/install/descrip_pino/share/descrip_pino/launch/description.launch.py
-- Up-to-date: /home/loaf/Pinocchio_ws/install/descrip_pino/share/descrip_pino/config
-- Up-to-date: /home/loaf/Pinocchio_ws/install/descrip_pino/share/descrip_pino/config/rviz.rviz
-- Up-to-date: /home/loaf/Pinocchio_ws/install/descrip_pino/share/ament_index/resource_index/package_run_dependencies/descrip_pino
-- Up-to-date: /home/loaf/Pinocchio_ws/install/descrip_pino/share/ament_index/resource_index/parent_prefix_path/descrip_pino
-- Up-to-date: /home/loaf/Pinocchio_ws/install/descrip_pino/share/descrip_pino/environment/ament_prefix_path.sh
-- Up-to-date: /home/loaf/Pinocchio_ws/install/descrip_pino/share/descrip_pino/environment/ament_prefix_path.dsv
-- Up-to-date: /home/loaf/Pinocchio_ws/install/descrip_pino/share/descrip_pino/environment/path.sh
-- Up-to-date: /home/loaf/Pinocchio_ws/install/descrip_pino/share/descrip_pino/environment/path.dsv
-- Up-to-date: /home/loaf/Pinocchio_ws/install/descrip_pino/share/descrip_pino/local_setup.bash
-- Up-to-date: /home/loaf/Pinocchio_ws/install/descrip_pino/share/descrip_pino/local_setup.sh
-- Up-to-date: /home/loaf/Pinocchio_ws/install/descrip_pino/share/descrip_pino/local_setup.zsh
-- Up-to-date: /home/loaf/Pinocchio_ws/install/descrip_pino/share/descrip_pino/local_setup.dsv
-- Installing: /home/loaf/Pinocchio_ws/install/descrip_pino/share/descrip_pino/package.dsv
-- Up-to-date: /home/loaf/Pinocchio_ws/install/descrip_pino/share/ament_index/resource_index/packages/descrip_pino
-- Up-to-date: /home/loaf/Pinocchio_ws/install/descrip_pino/share/descrip_pino/cmake/descrip_pinoConfig.cmake
-- Up-to-date: /home/loaf/Pinocchio_ws/install/descrip_pino/share/descrip_pino/cmake/descrip_pinoConfig-version.cmake
-- Up-to-date: /home/loaf/Pinocchio_ws/install/descrip_pino/share/descrip_pino/package.xml
