[0.006s] Invoking command in '/home/loaf/Pinocchio_ws/build/descrip_pino': CMAKE_PREFIX_PATH=/opt/ros/humble /usr/bin/cmake /home/loaf/Pinocchio_ws/src/descrip_pino -DCMAKE_INSTALL_PREFIX=/home/loaf/Pinocchio_ws/install/descrip_pino
[0.137s] -- The C compiler identification is GNU 11.4.0
[0.259s] -- The CXX compiler identification is GNU 11.4.0
[0.267s] -- Detecting C compiler ABI info
[0.340s] -- Detecting C compiler ABI info - done
[0.346s] -- Check for working C compiler: /usr/bin/cc - skipped
[0.346s] -- Detecting C compile features
[0.347s] -- Detecting C compile features - done
[0.348s] -- Detecting CXX compiler ABI info
[0.425s] -- Detecting CXX compiler ABI info - done
[0.429s] -- Check for working CXX compiler: /usr/bin/c++ - skipped
[0.430s] -- Detecting CXX compile features
[0.430s] -- Detecting CXX compile features - done
[0.436s] -- Found ament_cmake: 1.3.13 (/opt/ros/humble/share/ament_cmake/cmake)
[0.551s] -- Found Python3: /usr/bin/python3 (found version "3.10.12") found components: Interpreter 
[0.657s] -- Configuring done
[0.659s] -- Generating done
[0.659s] -- Build files have been written to: /home/loaf/Pinocchio_ws/build/descrip_pino
[0.662s] Invoked command in '/home/loaf/Pinocchio_ws/build/descrip_pino' returned '0': CMAKE_PREFIX_PATH=/opt/ros/humble /usr/bin/cmake /home/loaf/Pinocchio_ws/src/descrip_pino -DCMAKE_INSTALL_PREFIX=/home/loaf/Pinocchio_ws/install/descrip_pino
[0.664s] Invoking command in '/home/loaf/Pinocchio_ws/build/descrip_pino': CMAKE_PREFIX_PATH=/opt/ros/humble /usr/bin/cmake --build /home/loaf/Pinocchio_ws/build/descrip_pino -- -j24 -l24
[0.689s] Invoked command in '/home/loaf/Pinocchio_ws/build/descrip_pino' returned '0': CMAKE_PREFIX_PATH=/opt/ros/humble /usr/bin/cmake --build /home/loaf/Pinocchio_ws/build/descrip_pino -- -j24 -l24
[0.698s] Invoking command in '/home/loaf/Pinocchio_ws/build/descrip_pino': CMAKE_PREFIX_PATH=/opt/ros/humble /usr/bin/cmake --install /home/loaf/Pinocchio_ws/build/descrip_pino
[0.706s] -- Install configuration: ""
[0.707s] -- Installing: /home/loaf/Pinocchio_ws/install/descrip_pino/share/descrip_pino/urdf
[0.707s] -- Installing: /home/loaf/Pinocchio_ws/install/descrip_pino/share/descrip_pino/urdf/total.urdf.xacro
[0.707s] -- Installing: /home/loaf/Pinocchio_ws/install/descrip_pino/share/descrip_pino/urdf/Pino.urdf
[0.707s] -- Installing: /home/loaf/Pinocchio_ws/install/descrip_pino/share/descrip_pino/urdf/meshes
[0.707s] -- Installing: /home/loaf/Pinocchio_ws/install/descrip_pino/share/descrip_pino/urdf/meshes/bl_thigh_Link.STL
[0.708s] -- Installing: /home/loaf/Pinocchio_ws/install/descrip_pino/share/descrip_pino/urdf/meshes/fr_thigh_Link.STL
[0.709s] -- Installing: /home/loaf/Pinocchio_ws/install/descrip_pino/share/descrip_pino/urdf/meshes/fl_thigh_Link.STL
[0.712s] -- Installing: /home/loaf/Pinocchio_ws/install/descrip_pino/share/descrip_pino/urdf/meshes/fr_hip_Link.STL
[0.714s] -- Installing: /home/loaf/Pinocchio_ws/install/descrip_pino/share/descrip_pino/urdf/meshes/fl_hip_Link.STL
[0.718s] -- Installing: /home/loaf/Pinocchio_ws/install/descrip_pino/share/descrip_pino/urdf/meshes/bl_hip_Link.STL
[0.722s] -- Installing: /home/loaf/Pinocchio_ws/install/descrip_pino/share/descrip_pino/urdf/meshes/br_thigh_Link.STL
[0.724s] -- Installing: /home/loaf/Pinocchio_ws/install/descrip_pino/share/descrip_pino/urdf/meshes/fl_knee_Link.STL
[0.728s] -- Installing: /home/loaf/Pinocchio_ws/install/descrip_pino/share/descrip_pino/urdf/meshes/br_hip_Link.STL
[0.732s] -- Installing: /home/loaf/Pinocchio_ws/install/descrip_pino/share/descrip_pino/urdf/meshes/bl_knee_Link.STL
[0.737s] -- Installing: /home/loaf/Pinocchio_ws/install/descrip_pino/share/descrip_pino/urdf/meshes/base_link.STL
[0.753s] -- Installing: /home/loaf/Pinocchio_ws/install/descrip_pino/share/descrip_pino/urdf/meshes/fr_knee_Link.STL
[0.757s] -- Installing: /home/loaf/Pinocchio_ws/install/descrip_pino/share/descrip_pino/urdf/meshes/br_knee_Link.STL
[0.761s] -- Installing: /home/loaf/Pinocchio_ws/install/descrip_pino/share/descrip_pino/launch
[0.761s] -- Installing: /home/loaf/Pinocchio_ws/install/descrip_pino/share/descrip_pino/launch/description.launch.py
[0.761s] -- Installing: /home/loaf/Pinocchio_ws/install/descrip_pino/share/descrip_pino/config
[0.761s] -- Installing: /home/loaf/Pinocchio_ws/install/descrip_pino/share/descrip_pino/config/rviz.rviz
[0.761s] -- Installing: /home/loaf/Pinocchio_ws/install/descrip_pino/share/ament_index/resource_index/package_run_dependencies/descrip_pino
[0.762s] -- Installing: /home/loaf/Pinocchio_ws/install/descrip_pino/share/ament_index/resource_index/parent_prefix_path/descrip_pino
[0.762s] -- Installing: /home/loaf/Pinocchio_ws/install/descrip_pino/share/descrip_pino/environment/ament_prefix_path.sh
[0.762s] -- Installing: /home/loaf/Pinocchio_ws/install/descrip_pino/share/descrip_pino/environment/ament_prefix_path.dsv
[0.762s] -- Installing: /home/loaf/Pinocchio_ws/install/descrip_pino/share/descrip_pino/environment/path.sh
[0.762s] -- Installing: /home/loaf/Pinocchio_ws/install/descrip_pino/share/descrip_pino/environment/path.dsv
[0.762s] -- Installing: /home/loaf/Pinocchio_ws/install/descrip_pino/share/descrip_pino/local_setup.bash
[0.762s] -- Installing: /home/loaf/Pinocchio_ws/install/descrip_pino/share/descrip_pino/local_setup.sh
[0.762s] -- Installing: /home/loaf/Pinocchio_ws/install/descrip_pino/share/descrip_pino/local_setup.zsh
[0.762s] -- Installing: /home/loaf/Pinocchio_ws/install/descrip_pino/share/descrip_pino/local_setup.dsv
[0.762s] -- Installing: /home/loaf/Pinocchio_ws/install/descrip_pino/share/descrip_pino/package.dsv
[0.762s] -- Installing: /home/loaf/Pinocchio_ws/install/descrip_pino/share/ament_index/resource_index/packages/descrip_pino
[0.762s] -- Installing: /home/loaf/Pinocchio_ws/install/descrip_pino/share/descrip_pino/cmake/descrip_pinoConfig.cmake
[0.762s] -- Installing: /home/loaf/Pinocchio_ws/install/descrip_pino/share/descrip_pino/cmake/descrip_pinoConfig-version.cmake
[0.762s] -- Installing: /home/loaf/Pinocchio_ws/install/descrip_pino/share/descrip_pino/package.xml
[0.764s] Invoked command in '/home/loaf/Pinocchio_ws/build/descrip_pino' returned '0': CMAKE_PREFIX_PATH=/opt/ros/humble /usr/bin/cmake --install /home/loaf/Pinocchio_ws/build/descrip_pino
