[0.010s] Invoking command in '/home/loaf/Pinocchio_ws/build/descrip_pino': CMAKE_PREFIX_PATH=${CMAKE_PREFIX_PATH}:/opt/ros/humble /usr/bin/cmake --build /home/loaf/Pinocchio_ws/build/descrip_pino -- -j24 -l24
[0.039s] Invoked command in '/home/loaf/Pinocchio_ws/build/descrip_pino' returned '0': CMAKE_PREFIX_PATH=${CMAKE_PREFIX_PATH}:/opt/ros/humble /usr/bin/cmake --build /home/loaf/Pinocchio_ws/build/descrip_pino -- -j24 -l24
[0.054s] Invoking command in '/home/loaf/Pinocchio_ws/build/descrip_pino': CMAKE_PREFIX_PATH=${CMAKE_PREFIX_PATH}:/opt/ros/humble /usr/bin/cmake --install /home/loaf/Pinocchio_ws/build/descrip_pino
[0.067s] -- Install configuration: ""
[0.067s] -- Up-to-date: /home/loaf/Pinocchio_ws/install/descrip_pino/share/descrip_pino/urdf
[0.068s] -- Up-to-date: /home/loaf/Pinocchio_ws/install/descrip_pino/share/descrip_pino/urdf/Pinotest.urdf
[0.068s] -- Up-to-date: /home/loaf/Pinocchio_ws/install/descrip_pino/share/descrip_pino/urdf/Pino_model.xml
[0.068s] -- Up-to-date: /home/loaf/Pinocchio_ws/install/descrip_pino/share/descrip_pino/urdf/total.urdf.xacro
[0.068s] -- Up-to-date: /home/loaf/Pinocchio_ws/install/descrip_pino/share/descrip_pino/urdf/meshes.zip
[0.068s] -- Up-to-date: /home/loaf/Pinocchio_ws/install/descrip_pino/share/descrip_pino/urdf/Pino.urdf
[0.069s] -- Up-to-date: /home/loaf/Pinocchio_ws/install/descrip_pino/share/descrip_pino/urdf/meshes
[0.069s] -- Up-to-date: /home/loaf/Pinocchio_ws/install/descrip_pino/share/descrip_pino/urdf/meshes/fr_thigh_Link.stl
[0.069s] -- Up-to-date: /home/loaf/Pinocchio_ws/install/descrip_pino/share/descrip_pino/urdf/meshes/fl_thigh_Link.stl
[0.069s] -- Up-to-date: /home/loaf/Pinocchio_ws/install/descrip_pino/share/descrip_pino/urdf/meshes/bl_thigh_Link.stl
[0.069s] -- Up-to-date: /home/loaf/Pinocchio_ws/install/descrip_pino/share/descrip_pino/urdf/meshes/br_hip_Link.stl
[0.069s] -- Up-to-date: /home/loaf/Pinocchio_ws/install/descrip_pino/share/descrip_pino/urdf/meshes/fr_knee_Link.stl
[0.070s] -- Up-to-date: /home/loaf/Pinocchio_ws/install/descrip_pino/share/descrip_pino/urdf/meshes/fr_hip_Link.stl
[0.070s] -- Up-to-date: /home/loaf/Pinocchio_ws/install/descrip_pino/share/descrip_pino/urdf/meshes/base_link.stl
[0.070s] -- Up-to-date: /home/loaf/Pinocchio_ws/install/descrip_pino/share/descrip_pino/urdf/meshes/bl_knee_Link.stl
[0.070s] -- Up-to-date: /home/loaf/Pinocchio_ws/install/descrip_pino/share/descrip_pino/urdf/meshes/fl_hip_Link.stl
[0.071s] -- Up-to-date: /home/loaf/Pinocchio_ws/install/descrip_pino/share/descrip_pino/urdf/meshes/fl_knee_Link.stl
[0.071s] -- Up-to-date: /home/loaf/Pinocchio_ws/install/descrip_pino/share/descrip_pino/urdf/meshes/br_thigh_Link.stl
[0.071s] -- Up-to-date: /home/loaf/Pinocchio_ws/install/descrip_pino/share/descrip_pino/urdf/meshes/bl_hip_Link.stl
[0.071s] -- Up-to-date: /home/loaf/Pinocchio_ws/install/descrip_pino/share/descrip_pino/urdf/meshes/br_knee_Link.stl
[0.071s] -- Up-to-date: /home/loaf/Pinocchio_ws/install/descrip_pino/share/descrip_pino/launch
[0.071s] -- Up-to-date: /home/loaf/Pinocchio_ws/install/descrip_pino/share/descrip_pino/launch/description.launch.py
[0.071s] -- Up-to-date: /home/loaf/Pinocchio_ws/install/descrip_pino/share/descrip_pino/config
[0.072s] -- Up-to-date: /home/loaf/Pinocchio_ws/install/descrip_pino/share/descrip_pino/config/rviz.rviz
[0.072s] -- Up-to-date: /home/loaf/Pinocchio_ws/install/descrip_pino/share/ament_index/resource_index/package_run_dependencies/descrip_pino
[0.072s] -- Up-to-date: /home/loaf/Pinocchio_ws/install/descrip_pino/share/ament_index/resource_index/parent_prefix_path/descrip_pino
[0.072s] -- Up-to-date: /home/loaf/Pinocchio_ws/install/descrip_pino/share/descrip_pino/environment/ament_prefix_path.sh
[0.072s] -- Up-to-date: /home/loaf/Pinocchio_ws/install/descrip_pino/share/descrip_pino/environment/ament_prefix_path.dsv
[0.072s] -- Up-to-date: /home/loaf/Pinocchio_ws/install/descrip_pino/share/descrip_pino/environment/path.sh
[0.072s] -- Up-to-date: /home/loaf/Pinocchio_ws/install/descrip_pino/share/descrip_pino/environment/path.dsv
[0.072s] -- Up-to-date: /home/loaf/Pinocchio_ws/install/descrip_pino/share/descrip_pino/local_setup.bash
[0.072s] -- Up-to-date: /home/loaf/Pinocchio_ws/install/descrip_pino/share/descrip_pino/local_setup.sh
[0.072s] -- Up-to-date: /home/loaf/Pinocchio_ws/install/descrip_pino/share/descrip_pino/local_setup.zsh
[0.072s] -- Up-to-date: /home/loaf/Pinocchio_ws/install/descrip_pino/share/descrip_pino/local_setup.dsv
[0.073s] -- Installing: /home/loaf/Pinocchio_ws/install/descrip_pino/share/descrip_pino/package.dsv
[0.073s] -- Up-to-date: /home/loaf/Pinocchio_ws/install/descrip_pino/share/ament_index/resource_index/packages/descrip_pino
[0.073s] -- Up-to-date: /home/loaf/Pinocchio_ws/install/descrip_pino/share/descrip_pino/cmake/descrip_pinoConfig.cmake
[0.073s] -- Up-to-date: /home/loaf/Pinocchio_ws/install/descrip_pino/share/descrip_pino/cmake/descrip_pinoConfig-version.cmake
[0.073s] -- Up-to-date: /home/loaf/Pinocchio_ws/install/descrip_pino/share/descrip_pino/package.xml
[0.076s] Invoked command in '/home/loaf/Pinocchio_ws/build/descrip_pino' returned '0': CMAKE_PREFIX_PATH=${CMAKE_PREFIX_PATH}:/opt/ros/humble /usr/bin/cmake --install /home/loaf/Pinocchio_ws/build/descrip_pino
