In file included from [01m[K/usr/local/include/QuadProg++/QuadProg++.hh:65[m[K,
                 from [01m[K/home/loaf/Pinocchio_ws/src/control_pkg/include/BalanceCtrl.h:5[m[K,
                 from [01m[K/home/loaf/Pinocchio_ws/src/control_pkg/include/FSM/ControlComponent.h:6[m[K,
                 from [01m[K/home/loaf/Pinocchio_ws/src/control_pkg/include/FSM/Free_Stand_State.h:4[m[K,
                 from [01m[K/home/loaf/Pinocchio_ws/src/control_pkg/src/FSM/Free_Stand_State.cpp:1[m[K:
[01m[K/home/loaf/Pinocchio_ws/src/control_pkg/include/Reversal_solution.h:[m[K In function ‘[01m[KVec3 calcQd(int, Vec3, Vec3, FrameType)[m[K’:
[01m[K/home/loaf/Pinocchio_ws/src/control_pkg/include/Reversal_solution.h:183:44:[m[K [01;31m[Kerror: [m[K‘[01m[Kstruct Eigen::Matrix<double, 3, 3>[m[K’ has no member named ‘[01m[Klu_inverse[m[K’; did you mean ‘[01m[Kinverse[m[K’?
  183 |     return calcJaco(legid,q.cast<float>()).[01;31m[Kinverse[m[K() * vEe;
      |                                            [01;31m[K^~~~~~~[m[K
In file included from [01m[K/usr/local/include/QuadProg++/QuadProg++.hh:65[m[K,
                 from [01m[K/home/loaf/Pinocchio_ws/src/control_pkg/include/BalanceCtrl.h:5[m[K,
                 from [01m[K/home/loaf/Pinocchio_ws/src/control_pkg/include/FSM/ControlComponent.h:6[m[K,
                 from [01m[K/home/loaf/Pinocchio_ws/src/control_pkg/include/FSM/Trotting_State.h:4[m[K,
                 from [01m[K/home/loaf/Pinocchio_ws/src/control_pkg/src/FSM/Trotting_State.cpp:1[m[K:
[01m[K/home/loaf/Pinocchio_ws/src/control_pkg/include/Reversal_solution.h:[m[K In function ‘[01m[KVec3 calcQd(int, Vec3, Vec3, FrameType)[m[K’:
[01m[K/home/loaf/Pinocchio_ws/src/control_pkg/include/Reversal_solution.h:183:44:[m[K [01;31m[Kerror: [m[K‘[01m[Kstruct Eigen::Matrix<double, 3, 3>[m[K’ has no member named ‘[01m[Klu_inverse[m[K’; did you mean ‘[01m[Kinverse[m[K’?
  183 |     return calcJaco(legid,q.cast<float>()).[01;31m[Kinverse[m[K() * vEe;
      |                                            [01;31m[K^~~~~~~[m[K
In file included from [01m[K/usr/local/include/QuadProg++/QuadProg++.hh:65[m[K,
                 from [01m[K/home/loaf/Pinocchio_ws/src/control_pkg/include/BalanceCtrl.h:5[m[K,
                 from [01m[K/home/loaf/Pinocchio_ws/src/control_pkg/include/FSM/ControlComponent.h:6[m[K,
                 from [01m[K/home/loaf/Pinocchio_ws/src/control_pkg/include/FSM/FSM.h:4[m[K,
                 from [01m[K/home/loaf/Pinocchio_ws/src/control_pkg/src/FSM/FSM.cpp:1[m[K:
[01m[K/home/loaf/Pinocchio_ws/src/control_pkg/include/Reversal_solution.h:[m[K In function ‘[01m[KVec3 calcQd(int, Vec3, Vec3, FrameType)[m[K’:
[01m[K/home/loaf/Pinocchio_ws/src/control_pkg/include/Reversal_solution.h:183:44:[m[K [01;31m[Kerror: [m[K‘[01m[Kstruct Eigen::Matrix<double, 3, 3>[m[K’ has no member named ‘[01m[Klu_inverse[m[K’; did you mean ‘[01m[Kinverse[m[K’?
  183 |     return calcJaco(legid,q.cast<float>()).[01;31m[Kinverse[m[K() * vEe;
      |                                            [01;31m[K^~~~~~~[m[K
In file included from [01m[K/usr/local/include/QuadProg++/QuadProg++.hh:65[m[K,
                 from [01m[K/home/loaf/Pinocchio_ws/src/control_pkg/include/BalanceCtrl.h:5[m[K,
                 from [01m[K/home/loaf/Pinocchio_ws/src/control_pkg/include/FSM/ControlComponent.h:6[m[K,
                 from [01m[K/home/loaf/Pinocchio_ws/src/control_pkg/include/FSM/Stand_State.h:4[m[K,
                 from [01m[K/home/loaf/Pinocchio_ws/src/control_pkg/src/FSM/Stand_State.cpp:1[m[K:
[01m[K/home/loaf/Pinocchio_ws/src/control_pkg/include/Reversal_solution.h:[m[K In function ‘[01m[KVec3 calcQd(int, Vec3, Vec3, FrameType)[m[K’:
[01m[K/home/loaf/Pinocchio_ws/src/control_pkg/include/Reversal_solution.h:183:44:[m[K [01;31m[Kerror: [m[K‘[01m[Kstruct Eigen::Matrix<double, 3, 3>[m[K’ has no member named ‘[01m[Klu_inverse[m[K’; did you mean ‘[01m[Kinverse[m[K’?
  183 |     return calcJaco(legid,q.cast<float>()).[01;31m[Kinverse[m[K() * vEe;
      |                                            [01;31m[K^~~~~~~[m[K
gmake[2]: *** [CMakeFiles/start.dir/build.make:216：CMakeFiles/start.dir/src/FSM/FSM.cpp.o] 错误 1
gmake[2]: *** 正在等待未完成的任务....
gmake[2]: *** [CMakeFiles/start.dir/build.make:188：CMakeFiles/start.dir/src/FSM/Free_Stand_State.cpp.o] 错误 1
gmake[2]: *** [CMakeFiles/start.dir/build.make:258：CMakeFiles/start.dir/src/FSM/Stand_State.cpp.o] 错误 1
gmake[2]: *** [CMakeFiles/start.dir/build.make:272：CMakeFiles/start.dir/src/FSM/Trotting_State.cpp.o] 错误 1
gmake[1]: *** [CMakeFiles/Makefile2:137：CMakeFiles/start.dir/all] 错误 2
gmake: *** [Makefile:146：all] 错误 2
