[0.011s] Invoking command in '/home/loaf/Pinocchio_ws/build/control_pkg': CMAKE_PREFIX_PATH=/home/loaf/Pinocchio_ws/install/motor_control_msgs:/home/loaf/Pinocchio_ws/install/mujoco_pkg:/home/loaf/Pinocchio_ws/install/mit_controllers:/home/loaf/Pinocchio_ws/install/control_pkg:/home/loaf/Pinocchio_ws/install/descrip_pino:/opt/ros/humble LD_LIBRARY_PATH=/home/loaf/Pinocchio_ws/install/motor_control_msgs/lib:/home/loaf/Pinocchio_ws/install/mit_controllers/lib:/usr/lib/x86_64-linux-gnu/gazebo-11/plugins:/opt/ros/humble/opt/rviz_ogre_vendor/lib:/opt/ros/humble/lib/x86_64-linux-gnu:/opt/ros/humble/lib /usr/bin/cmake --build /home/loaf/Pinocchio_ws/build/control_pkg -- -j24 -l24
[0.054s] [35m[1mConsolidate compiler generated dependencies of target start[0m
[0.095s] [  4%] [32mBuilding CXX object CMakeFiles/start.dir/src/common/LowPassFilter.cpp.o[0m
[0.095s] [  9%] [32mBuilding CXX object CMakeFiles/start.dir/src/FSM/Free_Stand_State.cpp.o[0m
[0.096s] [ 14%] [32mBuilding CXX object CMakeFiles/start.dir/src/FSM/Stand_State.cpp.o[0m
[0.098s] [ 19%] [32mBuilding CXX object CMakeFiles/start.dir/src/FSM/FSM.cpp.o[0m
[0.100s] [ 23%] [32mBuilding CXX object CMakeFiles/start.dir/src/FSM/Trotting_State.cpp.o[0m
[0.100s] [ 28%] [32mBuilding CXX object CMakeFiles/start.dir/src/FSM/UserCmd.cpp.o[0m
[2.500s] In file included from [01m[K/usr/local/include/QuadProg++/QuadProg++.hh:65[m[K,
[2.500s]                  from [01m[K/home/loaf/Pinocchio_ws/src/control_pkg/include/BalanceCtrl.h:5[m[K,
[2.500s]                  from [01m[K/home/loaf/Pinocchio_ws/src/control_pkg/include/FSM/ControlComponent.h:6[m[K,
[2.500s]                  from [01m[K/home/loaf/Pinocchio_ws/src/control_pkg/include/FSM/Free_Stand_State.h:4[m[K,
[2.500s]                  from [01m[K/home/loaf/Pinocchio_ws/src/control_pkg/src/FSM/Free_Stand_State.cpp:1[m[K:
[2.500s] [01m[K/home/loaf/Pinocchio_ws/src/control_pkg/include/Reversal_solution.h:[m[K In function ‘[01m[KVec3 calcQd(int, Vec3, Vec3, FrameType)[m[K’:
[2.500s] [01m[K/home/loaf/Pinocchio_ws/src/control_pkg/include/Reversal_solution.h:183:44:[m[K [01;31m[Kerror: [m[K‘[01m[Kstruct Eigen::Matrix<double, 3, 3>[m[K’ has no member named ‘[01m[Klu_inverse[m[K’; did you mean ‘[01m[Kinverse[m[K’?
[2.500s]   183 |     return calcJaco(legid,q.cast<float>()).[01;31m[Kinverse[m[K() * vEe;
[2.500s]       |                                            [01;31m[K^~~~~~~[m[K
[2.501s] In file included from [01m[K/usr/local/include/QuadProg++/QuadProg++.hh:65[m[K,
[2.501s]                  from [01m[K/home/loaf/Pinocchio_ws/src/control_pkg/include/BalanceCtrl.h:5[m[K,
[2.501s]                  from [01m[K/home/loaf/Pinocchio_ws/src/control_pkg/include/FSM/ControlComponent.h:6[m[K,
[2.501s]                  from [01m[K/home/loaf/Pinocchio_ws/src/control_pkg/include/FSM/Trotting_State.h:4[m[K,
[2.501s]                  from [01m[K/home/loaf/Pinocchio_ws/src/control_pkg/src/FSM/Trotting_State.cpp:1[m[K:
[2.501s] [01m[K/home/loaf/Pinocchio_ws/src/control_pkg/include/Reversal_solution.h:[m[K In function ‘[01m[KVec3 calcQd(int, Vec3, Vec3, FrameType)[m[K’:
[2.501s] [01m[K/home/loaf/Pinocchio_ws/src/control_pkg/include/Reversal_solution.h:183:44:[m[K [01;31m[Kerror: [m[K‘[01m[Kstruct Eigen::Matrix<double, 3, 3>[m[K’ has no member named ‘[01m[Klu_inverse[m[K’; did you mean ‘[01m[Kinverse[m[K’?
[2.501s]   183 |     return calcJaco(legid,q.cast<float>()).[01;31m[Kinverse[m[K() * vEe;
[2.501s]       |                                            [01;31m[K^~~~~~~[m[K
[2.504s] In file included from [01m[K/usr/local/include/QuadProg++/QuadProg++.hh:65[m[K,
[2.504s]                  from [01m[K/home/loaf/Pinocchio_ws/src/control_pkg/include/BalanceCtrl.h:5[m[K,
[2.504s]                  from [01m[K/home/loaf/Pinocchio_ws/src/control_pkg/include/FSM/ControlComponent.h:6[m[K,
[2.504s]                  from [01m[K/home/loaf/Pinocchio_ws/src/control_pkg/include/FSM/FSM.h:4[m[K,
[2.504s]                  from [01m[K/home/loaf/Pinocchio_ws/src/control_pkg/src/FSM/FSM.cpp:1[m[K:
[2.504s] [01m[K/home/loaf/Pinocchio_ws/src/control_pkg/include/Reversal_solution.h:[m[K In function ‘[01m[KVec3 calcQd(int, Vec3, Vec3, FrameType)[m[K’:
[2.504s] [01m[K/home/loaf/Pinocchio_ws/src/control_pkg/include/Reversal_solution.h:183:44:[m[K [01;31m[Kerror: [m[K‘[01m[Kstruct Eigen::Matrix<double, 3, 3>[m[K’ has no member named ‘[01m[Klu_inverse[m[K’; did you mean ‘[01m[Kinverse[m[K’?
[2.504s]   183 |     return calcJaco(legid,q.cast<float>()).[01;31m[Kinverse[m[K() * vEe;
[2.504s]       |                                            [01;31m[K^~~~~~~[m[K
[2.519s] In file included from [01m[K/usr/local/include/QuadProg++/QuadProg++.hh:65[m[K,
[2.519s]                  from [01m[K/home/loaf/Pinocchio_ws/src/control_pkg/include/BalanceCtrl.h:5[m[K,
[2.519s]                  from [01m[K/home/loaf/Pinocchio_ws/src/control_pkg/include/FSM/ControlComponent.h:6[m[K,
[2.519s]                  from [01m[K/home/loaf/Pinocchio_ws/src/control_pkg/include/FSM/Stand_State.h:4[m[K,
[2.519s]                  from [01m[K/home/loaf/Pinocchio_ws/src/control_pkg/src/FSM/Stand_State.cpp:1[m[K:
[2.519s] [01m[K/home/loaf/Pinocchio_ws/src/control_pkg/include/Reversal_solution.h:[m[K In function ‘[01m[KVec3 calcQd(int, Vec3, Vec3, FrameType)[m[K’:
[2.519s] [01m[K/home/loaf/Pinocchio_ws/src/control_pkg/include/Reversal_solution.h:183:44:[m[K [01;31m[Kerror: [m[K‘[01m[Kstruct Eigen::Matrix<double, 3, 3>[m[K’ has no member named ‘[01m[Klu_inverse[m[K’; did you mean ‘[01m[Kinverse[m[K’?
[2.519s]   183 |     return calcJaco(legid,q.cast<float>()).[01;31m[Kinverse[m[K() * vEe;
[2.519s]       |                                            [01;31m[K^~~~~~~[m[K
[3.494s] gmake[2]: *** [CMakeFiles/start.dir/build.make:216：CMakeFiles/start.dir/src/FSM/FSM.cpp.o] 错误 1
[3.494s] gmake[2]: *** 正在等待未完成的任务....
[3.548s] gmake[2]: *** [CMakeFiles/start.dir/build.make:188：CMakeFiles/start.dir/src/FSM/Free_Stand_State.cpp.o] 错误 1
[3.565s] gmake[2]: *** [CMakeFiles/start.dir/build.make:258：CMakeFiles/start.dir/src/FSM/Stand_State.cpp.o] 错误 1
[3.585s] gmake[2]: *** [CMakeFiles/start.dir/build.make:272：CMakeFiles/start.dir/src/FSM/Trotting_State.cpp.o] 错误 1
[3.585s] gmake[1]: *** [CMakeFiles/Makefile2:137：CMakeFiles/start.dir/all] 错误 2
[3.586s] gmake: *** [Makefile:146：all] 错误 2
[3.589s] Invoked command in '/home/loaf/Pinocchio_ws/build/control_pkg' returned '2': CMAKE_PREFIX_PATH=/home/loaf/Pinocchio_ws/install/motor_control_msgs:/home/loaf/Pinocchio_ws/install/mujoco_pkg:/home/loaf/Pinocchio_ws/install/mit_controllers:/home/loaf/Pinocchio_ws/install/control_pkg:/home/loaf/Pinocchio_ws/install/descrip_pino:/opt/ros/humble LD_LIBRARY_PATH=/home/loaf/Pinocchio_ws/install/motor_control_msgs/lib:/home/loaf/Pinocchio_ws/install/mit_controllers/lib:/usr/lib/x86_64-linux-gnu/gazebo-11/plugins:/opt/ros/humble/opt/rviz_ogre_vendor/lib:/opt/ros/humble/lib/x86_64-linux-gnu:/opt/ros/humble/lib /usr/bin/cmake --build /home/loaf/Pinocchio_ws/build/control_pkg -- -j24 -l24
