[35m[1mConsolidate compiler generated dependencies of target start[0m
[  8%] [32mBuilding CXX object CMakeFiles/start.dir/src/FSM/Balance_State.cpp.o[0m
[  8%] [32mBuilding CXX object CMakeFiles/start.dir/src/common/BalanceCtrl.cpp.o[0m
[ 13%] [32m[1mLinking CXX executable start[0m
[100%] Built target start
-- Install configuration: ""
-- Up-to-date: /home/loaf/Pinocchio_ws/install/control_pkg/share/control_pkg/launch
-- Up-to-date: /home/loaf/Pinocchio_ws/install/control_pkg/share/control_pkg/launch/mujoco_bringup.launch.py
-- Up-to-date: /home/loaf/Pinocchio_ws/install/control_pkg/share/control_pkg/launch/bringup.launch.py
-- Up-to-date: /home/loaf/Pinocchio_ws/install/control_pkg/share/control_pkg/controller_config
-- Up-to-date: /home/loaf/Pinocchio_ws/install/control_pkg/share/control_pkg/controller_config/mujoco_ros2_control_plugins.yaml
-- Up-to-date: /home/loaf/Pinocchio_ws/install/control_pkg/share/control_pkg/controller_config/config.yaml
-- Up-to-date: /home/loaf/Pinocchio_ws/install/control_pkg/share/control_pkg/controller_config/pid_config.yaml
-- Up-to-date: /home/loaf/Pinocchio_ws/install/control_pkg/share/control_pkg/ros2_control_config
-- Up-to-date: /home/loaf/Pinocchio_ws/install/control_pkg/share/control_pkg/ros2_control_config/control.ros2_control.xacro
-- Up-to-date: /home/loaf/Pinocchio_ws/install/control_pkg/share/control_pkg/rviz_config
-- Up-to-date: /home/loaf/Pinocchio_ws/install/control_pkg/share/control_pkg/rviz_config/rviz.rviz
-- Installing: /home/loaf/Pinocchio_ws/install/control_pkg/lib/control_pkg/start
-- Set runtime path of "/home/loaf/Pinocchio_ws/install/control_pkg/lib/control_pkg/start" to ""
-- Up-to-date: /home/loaf/Pinocchio_ws/install/control_pkg/share/ament_index/resource_index/package_run_dependencies/control_pkg
-- Up-to-date: /home/loaf/Pinocchio_ws/install/control_pkg/share/ament_index/resource_index/parent_prefix_path/control_pkg
-- Up-to-date: /home/loaf/Pinocchio_ws/install/control_pkg/share/control_pkg/environment/ament_prefix_path.sh
-- Up-to-date: /home/loaf/Pinocchio_ws/install/control_pkg/share/control_pkg/environment/ament_prefix_path.dsv
-- Up-to-date: /home/loaf/Pinocchio_ws/install/control_pkg/share/control_pkg/environment/path.sh
-- Up-to-date: /home/loaf/Pinocchio_ws/install/control_pkg/share/control_pkg/environment/path.dsv
-- Up-to-date: /home/loaf/Pinocchio_ws/install/control_pkg/share/control_pkg/local_setup.bash
-- Up-to-date: /home/loaf/Pinocchio_ws/install/control_pkg/share/control_pkg/local_setup.sh
-- Up-to-date: /home/loaf/Pinocchio_ws/install/control_pkg/share/control_pkg/local_setup.zsh
-- Up-to-date: /home/loaf/Pinocchio_ws/install/control_pkg/share/control_pkg/local_setup.dsv
-- Installing: /home/loaf/Pinocchio_ws/install/control_pkg/share/control_pkg/package.dsv
-- Up-to-date: /home/loaf/Pinocchio_ws/install/control_pkg/share/ament_index/resource_index/packages/control_pkg
-- Up-to-date: /home/loaf/Pinocchio_ws/install/control_pkg/share/control_pkg/cmake/control_pkgConfig.cmake
-- Up-to-date: /home/loaf/Pinocchio_ws/install/control_pkg/share/control_pkg/cmake/control_pkgConfig-version.cmake
-- Up-to-date: /home/loaf/Pinocchio_ws/install/control_pkg/share/control_pkg/package.xml
